INFO:__main__:Get urls from stories
  0%|          | 0/30 [00:00<?, ?it/s]  3%|▎         | 1/30 [00:00<00:16,  1.80it/s] 10%|█         | 3/30 [00:00<00:11,  2.40it/s] 13%|█▎        | 4/30 [00:01<00:10,  2.40it/s] 17%|█▋        | 5/30 [00:01<00:08,  2.79it/s] 23%|██▎       | 7/30 [00:02<00:09,  2.41it/s] 30%|███       | 9/30 [00:02<00:06,  3.07it/s] 33%|███▎      | 10/30 [00:03<00:07,  2.50it/s] 40%|████      | 12/30 [00:03<00:05,  3.22it/s] 43%|████▎     | 13/30 [00:03<00:04,  3.73it/s] 47%|████▋     | 14/30 [00:03<00:03,  4.37it/s] 50%|█████     | 15/30 [00:04<00:04,  3.08it/s] 53%|█████▎    | 16/30 [00:04<00:04,  3.43it/s] 57%|█████▋    | 17/30 [00:05<00:07,  1.73it/s] 60%|██████    | 18/30 [00:06<00:06,  1.94it/s] 67%|██████▋   | 20/30 [00:06<00:04,  2.49it/s] 70%|███████   | 21/30 [00:06<00:03,  2.77it/s] 77%|███████▋  | 23/30 [00:06<00:02,  3.45it/s] 80%|████████  | 24/30 [00:07<00:01,  3.19it/s] 87%|████████▋ | 26/30 [00:07<00:01,  3.54it/s] 90%|█████████ | 27/30 [00:10<00:02,  1.13it/s] 97%|█████████▋| 29/30 [00:10<00:00,  1.54it/s]100%|██████████| 30/30 [00:10<00:00,  1.54it/s]
  0%|          | 0/194 [00:00<?, ?it/s]INFO:__main__:Requesting https://stressgrid.com/blog/100k_cps_with_elixir/
INFO:__main__:Getting metadata for https://stressgrid.com/blog/100k_cps_with_elixir/
  1%|          | 1/194 [00:00<00:37,  5.18it/s]INFO:__main__:Requesting https://gitlab.com/stressgrid/stressgrid
INFO:__main__:Getting metadata for https://gitlab.com/stressgrid/stressgrid
  1%|          | 2/194 [00:01<01:26,  2.23it/s]INFO:__main__:Requesting https://stressgrid.com/blog/benchmarking_go_vs_node_vs_elixir/
INFO:__main__:Getting metadata for https://stressgrid.com/blog/benchmarking_go_vs_node_vs_elixir/
  2%|▏         | 3/194 [00:01<01:12,  2.63it/s]INFO:__main__:Requesting https://code.google.com/archive/p/coev/
INFO:__main__:Getting metadata for https://code.google.com/archive/p/coev/
  2%|▏         | 4/194 [00:01<01:00,  3.16it/s]INFO:__main__:Requesting https://www.ageofascent.com/2019/02/04/asp-net-core-saturating-10gbe-at-7-million-requests-per-second/
INFO:__main__:Getting metadata for https://www.ageofascent.com/2019/02/04/asp-net-core-saturating-10gbe-at-7-million-requests-per-second/
  3%|▎         | 5/194 [00:02<01:13,  2.56it/s]INFO:__main__:Requesting https://github.com/mawww/kakoune
INFO:__main__:Getting metadata for https://github.com/mawww/kakoune
  3%|▎         | 6/194 [00:03<01:51,  1.69it/s]INFO:__main__:Requesting https://coral.withgoogle.com/
INFO:__main__:Getting metadata for https://coral.withgoogle.com
  4%|▎         | 7/194 [00:03<01:32,  2.02it/s]INFO:__main__:Requesting https://coral.withgoogle.com/products/accelerator/
INFO:__main__:Getting metadata for https://coral.withgoogle.com/products/accelerator/
  4%|▍         | 8/194 [00:03<01:17,  2.39it/s]INFO:__main__:Requesting https://coral.withgoogle.com/legal/
INFO:__main__:Getting metadata for https://coral.withgoogle.com/legal/
  5%|▍         | 9/194 [00:04<01:08,  2.69it/s]INFO:__main__:Requesting https://about.bnef.com/blog/behind-scenes-take-lithium-ion-battery-prices/?sf99535078=1
INFO:__main__:Getting metadata for https://about.bnef.com/blog/behind-scenes-take-lithium-ion-battery-prices/?sf99535078=1
  5%|▌         | 10/194 [00:04<00:59,  3.09it/s]INFO:__main__:Requesting https://twitter.com/elonmusk/status/1006968985760366592
INFO:__main__:Getting metadata for https://twitter.com/elonmusk/status/1006968985760366592
  6%|▌         | 11/194 [00:05<01:42,  1.78it/s]INFO:__main__:Requesting https://blog.benroux.me/common-mistakes-when-hiring-software-engineers/
INFO:__main__:Getting metadata for https://blog.benroux.me/common-mistakes-when-hiring-software-engineers/
  6%|▌         | 12/194 [00:06<02:05,  1.45it/s]INFO:__main__:Requesting https://github.com/google/lisp-koans
INFO:__main__:Getting metadata for https://github.com/google/lisp-koans
  7%|▋         | 13/194 [00:07<02:13,  1.36it/s]INFO:__main__:Requesting https://google.github.io/styleguide/lispguide.xml
INFO:__main__:Getting metadata for https://google.github.io/styleguide/lispguide.xml
  7%|▋         | 14/194 [00:10<04:22,  1.46s/it]INFO:__main__:Requesting https://lists.debian.org/debian-devel/2019/03/msg00017.html
INFO:__main__:Getting metadata for https://lists.debian.org/debian-devel/2019/03/msg00017.html
  8%|▊         | 15/194 [00:12<05:07,  1.72s/it]INFO:__main__:Requesting https://reproducible-builds.org/
INFO:__main__:Getting metadata for https://reproducible-builds.org
  8%|▊         | 16/194 [00:15<06:03,  2.04s/it]INFO:__main__:Requesting https://buildinfo.debian.net/
ERROR:__main__:Could not reach https://buildinfo.debian.net/
Traceback (most recent call last):
  File "/home/travis/virtualenv/python3.6.3/lib/python3.6/site-packages/urllib3/connectionpool.py", line 384, in _make_request
    six.raise_from(e, None)
  File "<string>", line 2, in raise_from
  File "/home/travis/virtualenv/python3.6.3/lib/python3.6/site-packages/urllib3/connectionpool.py", line 380, in _make_request
    httplib_response = conn.getresponse()
  File "/opt/python/3.6.3/lib/python3.6/http/client.py", line 1331, in getresponse
    response.begin()
  File "/opt/python/3.6.3/lib/python3.6/http/client.py", line 297, in begin
    version, status, reason = self._read_status()
  File "/opt/python/3.6.3/lib/python3.6/http/client.py", line 258, in _read_status
    line = str(self.fp.readline(_MAXLINE + 1), "iso-8859-1")
  File "/opt/python/3.6.3/lib/python3.6/socket.py", line 586, in readinto
    return self._sock.recv_into(b)
  File "/opt/python/3.6.3/lib/python3.6/ssl.py", line 1009, in recv_into
    return self.read(nbytes, buffer)
  File "/opt/python/3.6.3/lib/python3.6/ssl.py", line 871, in read
    return self._sslobj.read(len, buffer)
  File "/opt/python/3.6.3/lib/python3.6/ssl.py", line 631, in read
    v = self._sslobj.read(len, buffer)
socket.timeout: The read operation timed out

During handling of the above exception, another exception occurred:

Traceback (most recent call last):
  File "/home/travis/virtualenv/python3.6.3/lib/python3.6/site-packages/requests/adapters.py", line 449, in send
    timeout=timeout
  File "/home/travis/virtualenv/python3.6.3/lib/python3.6/site-packages/urllib3/connectionpool.py", line 638, in urlopen
    _stacktrace=sys.exc_info()[2])
  File "/home/travis/virtualenv/python3.6.3/lib/python3.6/site-packages/urllib3/util/retry.py", line 367, in increment
    raise six.reraise(type(error), error, _stacktrace)
  File "/home/travis/virtualenv/python3.6.3/lib/python3.6/site-packages/urllib3/packages/six.py", line 686, in reraise
    raise value
  File "/home/travis/virtualenv/python3.6.3/lib/python3.6/site-packages/urllib3/connectionpool.py", line 600, in urlopen
    chunked=chunked)
  File "/home/travis/virtualenv/python3.6.3/lib/python3.6/site-packages/urllib3/connectionpool.py", line 386, in _make_request
    self._raise_timeout(err=e, url=url, timeout_value=read_timeout)
  File "/home/travis/virtualenv/python3.6.3/lib/python3.6/site-packages/urllib3/connectionpool.py", line 306, in _raise_timeout
    raise ReadTimeoutError(self, url, "Read timed out. (read timeout=%s)" % timeout_value)
urllib3.exceptions.ReadTimeoutError: HTTPSConnectionPool(host='buildinfo.debian.net', port=443): Read timed out. (read timeout=6)

During handling of the above exception, another exception occurred:

Traceback (most recent call last):
  File "../_scripts/crawler/crawler.py", line 210, in metafy_url
    response = requests.get(url, timeout=6, headers={'User-Agent': 'Mozilla/5.0'})
  File "/home/travis/virtualenv/python3.6.3/lib/python3.6/site-packages/requests/api.py", line 75, in get
    return request('get', url, params=params, **kwargs)
  File "/home/travis/virtualenv/python3.6.3/lib/python3.6/site-packages/requests/api.py", line 60, in request
    return session.request(method=method, url=url, **kwargs)
  File "/home/travis/virtualenv/python3.6.3/lib/python3.6/site-packages/requests/sessions.py", line 533, in request
    resp = self.send(prep, **send_kwargs)
  File "/home/travis/virtualenv/python3.6.3/lib/python3.6/site-packages/requests/sessions.py", line 646, in send
    r = adapter.send(request, **kwargs)
  File "/home/travis/virtualenv/python3.6.3/lib/python3.6/site-packages/requests/adapters.py", line 529, in send
    raise ReadTimeout(e, request=request)
requests.exceptions.ReadTimeout: HTTPSConnectionPool(host='buildinfo.debian.net', port=443): Read timed out. (read timeout=6)
  9%|▉         | 17/194 [00:21<09:50,  3.33s/it]INFO:__main__:Requesting https://gitian.org/
INFO:__main__:Getting metadata for https://gitian.org
  9%|▉         | 18/194 [00:22<07:23,  2.52s/it]INFO:__main__:Requesting https://bugs.debian.org/cgi-bin/bugreport.cgi?bug=786909
INFO:__main__:Getting metadata for https://bugs.debian.org/cgi-bin/bugreport.cgi?bug=786909
 10%|▉         | 19/194 [00:27<09:51,  3.38s/it]INFO:__main__:Requesting https://packages.debian.org/sid/dgit
INFO:__main__:Getting metadata for https://packages.debian.org/sid/dgit
 10%|█         | 20/194 [00:31<09:59,  3.45s/it]INFO:__main__:Requesting https://try.diffoscope.org/
INFO:__main__:Getting metadata for https://try.diffoscope.org
 11%|█         | 21/194 [00:33<09:03,  3.14s/it]INFO:__main__:Requesting https://issues.apache.org/jira/browse/MNG-6276
INFO:__main__:Getting metadata for https://issues.apache.org/jira/browse/MNG-6276
 11%|█▏        | 22/194 [00:35<08:02,  2.80s/it]INFO:__main__:Requesting https://ssl.engineering.nyu.edu/blog/2019-01-18-in-toto-paris
INFO:__main__:Getting metadata for https://ssl.engineering.nyu.edu/blog/2019-01-18-in-toto-paris
 12%|█▏        | 23/194 [00:36<06:31,  2.29s/it]INFO:__main__:Requesting https://salsa.debian.org/reproducible-builds/debian-rebuilder-setup
INFO:__main__:Getting metadata for https://salsa.debian.org/reproducible-builds/debian-rebuilder-setup
 12%|█▏        | 24/194 [00:42<09:29,  3.35s/it]INFO:__main__:Requesting https://github.com/in-toto/apt-transport-in-toto
INFO:__main__:Getting metadata for https://github.com/in-toto/apt-transport-in-toto
 13%|█▎        | 25/194 [00:43<07:24,  2.63s/it]INFO:__main__:Requesting https://reproducible-builds.org/docs/sharing-certifications/
INFO:__main__:Getting metadata for https://reproducible-builds.org/docs/sharing-certifications/
 13%|█▎        | 26/194 [00:46<07:19,  2.62s/it]INFO:__main__:Requesting https://verification.f-droid.org
INFO:__main__:Getting metadata for https://verification.f-droid.org
 14%|█▍        | 27/194 [01:48<57:10, 20.54s/it]INFO:__main__:Requesting https://tests.reproducible-builds.org/archlinux/archlinux.html
INFO:__main__:Getting metadata for https://tests.reproducible-builds.org/archlinux/archlinux.html
 14%|█▍        | 28/194 [01:51<42:02, 15.20s/it]INFO:__main__:Requesting https://blog.netbsd.org/tnf/entry/netbsd_fully_reproducible_builds
INFO:__main__:Getting metadata for https://blog.netbsd.org/tnf/entry/netbsd_fully_reproducible_builds
 15%|█▍        | 29/194 [01:53<30:50, 11.21s/it]INFO:__main__:Requesting https://tests.reproducible-builds.org/netbsd/netbsd.html
INFO:__main__:Getting metadata for https://tests.reproducible-builds.org/netbsd/netbsd.html
 15%|█▌        | 30/194 [01:55<23:32,  8.61s/it]INFO:__main__:Requesting https://tests.reproducible-builds.org/debian/reproducible.html
INFO:__main__:Getting metadata for https://tests.reproducible-builds.org/debian/reproducible.html
 16%|█▌        | 31/194 [01:58<18:32,  6.83s/it]INFO:__main__:Requesting https://github.com/NixOS/nixpkgs/issues/9731
INFO:__main__:Getting metadata for https://github.com/NixOS/nixpkgs/issues/9731
 16%|█▋        | 32/194 [02:00<14:16,  5.29s/it]INFO:__main__:Requesting https://r13y.com/
INFO:__main__:Getting metadata for https://r13y.com
 17%|█▋        | 33/194 [02:01<11:14,  4.19s/it]INFO:__main__:Requesting https://en.wikipedia.org/wiki/Race_condition
INFO:__main__:Getting metadata for https://en.wikipedia.org/wiki/Race_condition
 18%|█▊        | 34/194 [02:02<08:40,  3.26s/it]INFO:__main__:Requesting https://wiki.debian.org/ReproducibleBuilds/Howto#Identified_problems.2C_and_possible_solutions
INFO:__main__:Getting metadata for https://wiki.debian.org/ReproducibleBuilds/Howto#Identified_problems.2C_and_possible_solutions
 18%|█▊        | 35/194 [02:07<09:30,  3.59s/it]INFO:__main__:Requesting https://reproducible-builds.org/docs/
INFO:__main__:Getting metadata for https://reproducible-builds.org/docs/
 19%|█▊        | 36/194 [02:09<08:39,  3.29s/it]INFO:__main__:Requesting https://reproducible-builds.org/docs/recording/
INFO:__main__:Getting metadata for https://reproducible-builds.org/docs/recording/
 19%|█▉        | 37/194 [02:13<08:35,  3.28s/it]INFO:__main__:Requesting https://en.wikipedia.org/wiki/Reproducible_builds
INFO:__main__:Getting metadata for https://en.wikipedia.org/wiki/Reproducible_builds
 20%|█▉        | 38/194 [02:13<06:36,  2.54s/it]INFO:__main__:Requesting https://wiki.debian.org/ReproducibleBuilds
INFO:__main__:Getting metadata for https://wiki.debian.org/ReproducibleBuilds
 20%|██        | 39/194 [02:16<06:51,  2.65s/it]INFO:__main__:Requesting https://www.win.tue.nl/~aeb/linux/hh/thompson/trust.html
INFO:__main__:Getting metadata for https://www.win.tue.nl/~aeb/linux/hh/thompson/trust.html
 21%|██        | 40/194 [02:19<06:36,  2.57s/it]INFO:__main__:Requesting https://mux.com/jobs/
INFO:__main__:Getting metadata for https://mux.com/jobs/
 21%|██        | 41/194 [02:19<05:00,  1.97s/it]INFO:__main__:Requesting https://eng.uber.com/introducing-kraken/
INFO:__main__:Getting metadata for https://eng.uber.com/introducing-kraken/
 22%|██▏       | 42/194 [02:19<03:35,  1.42s/it]INFO:__main__:Requesting https://chihaya.io
INFO:__main__:Getting metadata for https://github.com/chihaya
 22%|██▏       | 43/194 [02:20<03:04,  1.22s/it]INFO:__main__:Requesting https://github.com/lg/murder
INFO:__main__:Getting metadata for https://github.com/lg/murder
 23%|██▎       | 44/194 [02:21<02:57,  1.18s/it]INFO:__main__:Requesting https://www.google.com/search?q=kraken+docs
INFO:__main__:Getting metadata for https://www.google.com/search?q=kraken+docs
 23%|██▎       | 45/194 [02:23<03:33,  1.43s/it]INFO:__main__:Requesting http://krakenjs.com/
INFO:__main__:Getting metadata for http://krakenjs.com
 24%|██▎       | 46/194 [02:24<02:37,  1.07s/it]INFO:__main__:Requesting https://www.gitkraken.com/
INFO:__main__:Getting metadata for https://www.gitkraken.com
 24%|██▍       | 47/194 [02:24<02:04,  1.18it/s]INFO:__main__:Requesting https://kraken.io/
INFO:__main__:Getting metadata for https://kraken.io
 25%|██▍       | 48/194 [02:25<02:13,  1.09it/s]INFO:__main__:Requesting https://jepsen.io/analyses/faunadb-2.5.4
INFO:__main__:Getting metadata for https://jepsen.io/analyses/faunadb-2.5.4
 25%|██▌       | 49/194 [02:26<02:20,  1.03it/s]INFO:__main__:Requesting https://fauna.com/blog/faunadbs-official-jepsen-results
INFO:__main__:Getting metadata for https://fauna.com/blog/faunadbs-official-jepsen-results
 26%|██▌       | 50/194 [02:27<02:01,  1.18it/s]INFO:__main__:Requesting https://fauna.com/blog/consistency-without-clocks-faunadb-transaction-protocol
INFO:__main__:Getting metadata for https://fauna.com/blog/consistency-without-clocks-faunadb-transaction-protocol
 26%|██▋       | 51/194 [02:27<01:49,  1.31it/s]INFO:__main__:Requesting https://publicslack.com/slacks/fauna-community/invites/new
INFO:__main__:Getting metadata for https://publicslack.com/slacks/fauna-community/invites/new
 27%|██▋       | 52/194 [02:30<03:10,  1.34s/it]INFO:__main__:Requesting http://dbmsmusings.blogspot.com/2019/01/its-time-to-move-on-from-two-phase.html
INFO:__main__:Getting metadata for http://dbmsmusings.blogspot.com/2019/01/its-time-to-move-on-from-two-phase.html
 27%|██▋       | 53/194 [02:30<02:21,  1.00s/it]INFO:__main__:Requesting https://www.voltdb.com/product/data-architecture/no-wait-design/
INFO:__main__:Getting metadata for https://www.voltdb.com/product/data-architecture/no-wait-design/
 28%|██▊       | 54/194 [02:32<02:41,  1.15s/it]INFO:__main__:Requesting https://www.nytimes.com/2019/03/05/health/measles-vaccine-autism.html
INFO:__main__:Getting metadata for https://www.nytimes.com/2019/03/05/health/measles-vaccine-autism.html
 28%|██▊       | 55/194 [02:32<02:03,  1.13it/s]INFO:__main__:Requesting https://www.oregonlive.com/opinion/2019/02/readers-respond-measles-bill-doesnt-honor-oregons-values.html
INFO:__main__:Getting metadata for https://www.oregonlive.com/opinion/2019/02/readers-respond-measles-bill-doesnt-honor-oregons-values.html
 29%|██▉       | 56/194 [02:32<01:42,  1.35it/s]INFO:__main__:Requesting https://introtcs.org
INFO:__main__:Getting metadata for https://introtcs.org/public/index.html
 29%|██▉       | 57/194 [02:33<01:30,  1.52it/s]INFO:__main__:Requesting https://en.wikipedia.org/wiki/Introduction_to_the_Theory_of_Computation
INFO:__main__:Getting metadata for https://en.wikipedia.org/wiki/Introduction_to_the_Theory_of_Computation
 30%|██▉       | 58/194 [02:33<01:32,  1.46it/s]INFO:__main__:Requesting https://ocw.mit.edu/courses/electrical-engineering-and-computer-science/
INFO:__main__:Getting metadata for https://ocw.mit.edu/courses/electrical-engineering-and-computer-science/
 30%|███       | 59/194 [02:35<02:16,  1.01s/it]INFO:__main__:Requesting https://m.youtube.com/playlist?list=PLm3J0oaFux3aafQm568blS9blxtA_EWQv
INFO:__main__:Getting metadata for https://www.youtube.com/playlist?list=PLm3J0oaFux3aafQm568blS9blxtA_EWQv&app=desktop
 31%|███       | 60/194 [02:36<02:10,  1.03it/s]INFO:__main__:Requesting http://pandoc.org/
INFO:__main__:Getting metadata for http://pandoc.org
 31%|███▏      | 61/194 [02:37<01:53,  1.17it/s]INFO:__main__:Requesting http://scorreia.com/software/panflute/
INFO:__main__:Getting metadata for http://scorreia.com/software/panflute/
 32%|███▏      | 62/194 [02:38<01:54,  1.16it/s]INFO:__main__:Requesting https://www.gitbook.com/
INFO:__main__:Getting metadata for https://www.gitbook.com
 32%|███▏      | 63/194 [02:38<01:47,  1.22it/s]INFO:__main__:Requesting https://bookdown.org/
INFO:__main__:Getting metadata for https://bookdown.org/home/
 33%|███▎      | 64/194 [02:39<01:40,  1.29it/s]INFO:__main__:Requesting https://www.cbc.ca/news/technology/semi-identical-twins-1.5036783
INFO:__main__:Getting metadata for https://www.cbc.ca/news/technology/semi-identical-twins-1.5036783
 34%|███▎      | 65/194 [02:39<01:18,  1.65it/s]INFO:__main__:Requesting https://www.theguardian.com/science/2019/feb/27/scientists-stunned-discovery-semi-identical-twins
INFO:__main__:Getting metadata for https://www.theguardian.com/science/2019/feb/27/scientists-stunned-discovery-semi-identical-twins
 34%|███▍      | 66/194 [02:40<01:08,  1.87it/s]INFO:__main__:Requesting http://www.isna.org/faq/frequency
INFO:__main__:Getting metadata for http://www.isna.org/faq/frequency
 35%|███▍      | 67/194 [02:43<03:05,  1.46s/it]INFO:__main__:Requesting https://segment.com/blog/the-growth-stacks-of-2019/
INFO:__main__:Getting metadata for https://segment.com/blog/the-growth-stacks-of-2019/
 35%|███▌      | 68/194 [02:44<02:41,  1.28s/it]INFO:__main__:Requesting https://www.candu.ai
INFO:__main__:Getting metadata for https://www.candu.ai
 36%|███▌      | 69/194 [02:45<02:31,  1.22s/it]INFO:__main__:Requesting https://seaborn.pydata.org/
INFO:__main__:Getting metadata for https://seaborn.pydata.org
 36%|███▌      | 70/194 [02:46<02:04,  1.01s/it]INFO:__main__:Requesting https://pedestrianobservations.com/2019/03/03/why-american-costs-are-so-high-work-in-progress/
ERROR:__main__:Could not reach https://pedestrianobservations.com/2019/03/03/why-american-costs-are-so-high-work-in-progress/
Traceback (most recent call last):
  File "/home/travis/virtualenv/python3.6.3/lib/python3.6/site-packages/urllib3/connectionpool.py", line 600, in urlopen
    chunked=chunked)
  File "/home/travis/virtualenv/python3.6.3/lib/python3.6/site-packages/urllib3/connectionpool.py", line 384, in _make_request
    six.raise_from(e, None)
  File "<string>", line 2, in raise_from
  File "/home/travis/virtualenv/python3.6.3/lib/python3.6/site-packages/urllib3/connectionpool.py", line 380, in _make_request
    httplib_response = conn.getresponse()
  File "/opt/python/3.6.3/lib/python3.6/http/client.py", line 1331, in getresponse
    response.begin()
  File "/opt/python/3.6.3/lib/python3.6/http/client.py", line 297, in begin
    version, status, reason = self._read_status()
  File "/opt/python/3.6.3/lib/python3.6/http/client.py", line 266, in _read_status
    raise RemoteDisconnected("Remote end closed connection without"
http.client.RemoteDisconnected: Remote end closed connection without response

During handling of the above exception, another exception occurred:

Traceback (most recent call last):
  File "/home/travis/virtualenv/python3.6.3/lib/python3.6/site-packages/requests/adapters.py", line 449, in send
    timeout=timeout
  File "/home/travis/virtualenv/python3.6.3/lib/python3.6/site-packages/urllib3/connectionpool.py", line 638, in urlopen
    _stacktrace=sys.exc_info()[2])
  File "/home/travis/virtualenv/python3.6.3/lib/python3.6/site-packages/urllib3/util/retry.py", line 367, in increment
    raise six.reraise(type(error), error, _stacktrace)
  File "/home/travis/virtualenv/python3.6.3/lib/python3.6/site-packages/urllib3/packages/six.py", line 685, in reraise
    raise value.with_traceback(tb)
  File "/home/travis/virtualenv/python3.6.3/lib/python3.6/site-packages/urllib3/connectionpool.py", line 600, in urlopen
    chunked=chunked)
  File "/home/travis/virtualenv/python3.6.3/lib/python3.6/site-packages/urllib3/connectionpool.py", line 384, in _make_request
    six.raise_from(e, None)
  File "<string>", line 2, in raise_from
  File "/home/travis/virtualenv/python3.6.3/lib/python3.6/site-packages/urllib3/connectionpool.py", line 380, in _make_request
    httplib_response = conn.getresponse()
  File "/opt/python/3.6.3/lib/python3.6/http/client.py", line 1331, in getresponse
    response.begin()
  File "/opt/python/3.6.3/lib/python3.6/http/client.py", line 297, in begin
    version, status, reason = self._read_status()
  File "/opt/python/3.6.3/lib/python3.6/http/client.py", line 266, in _read_status
    raise RemoteDisconnected("Remote end closed connection without"
urllib3.exceptions.ProtocolError: ('Connection aborted.', RemoteDisconnected('Remote end closed connection without response',))

During handling of the above exception, another exception occurred:

Traceback (most recent call last):
  File "../_scripts/crawler/crawler.py", line 210, in metafy_url
    response = requests.get(url, timeout=6, headers={'User-Agent': 'Mozilla/5.0'})
  File "/home/travis/virtualenv/python3.6.3/lib/python3.6/site-packages/requests/api.py", line 75, in get
    return request('get', url, params=params, **kwargs)
  File "/home/travis/virtualenv/python3.6.3/lib/python3.6/site-packages/requests/api.py", line 60, in request
    return session.request(method=method, url=url, **kwargs)
  File "/home/travis/virtualenv/python3.6.3/lib/python3.6/site-packages/requests/sessions.py", line 533, in request
    resp = self.send(prep, **send_kwargs)
  File "/home/travis/virtualenv/python3.6.3/lib/python3.6/site-packages/requests/sessions.py", line 646, in send
    r = adapter.send(request, **kwargs)
  File "/home/travis/virtualenv/python3.6.3/lib/python3.6/site-packages/requests/adapters.py", line 498, in send
    raise ConnectionError(err, request=request)
requests.exceptions.ConnectionError: ('Connection aborted.', RemoteDisconnected('Remote end closed connection without response',))
 37%|███▋      | 71/194 [02:46<01:31,  1.34it/s]INFO:__main__:Requesting https://www.nytimes.com/2017/12/28/nyregion/new-york-subway-construction-costs.html
INFO:__main__:Getting metadata for https://www.nytimes.com/2017/12/28/nyregion/new-york-subway-construction-costs.html
 37%|███▋      | 72/194 [02:46<01:13,  1.67it/s]INFO:__main__:Requesting https://pedestrianobservations.com/2019/01/08/meme-weeding-unions-and-construction-costs/
ERROR:__main__:Could not reach https://pedestrianobservations.com/2019/01/08/meme-weeding-unions-and-construction-costs/
Traceback (most recent call last):
  File "/home/travis/virtualenv/python3.6.3/lib/python3.6/site-packages/urllib3/connectionpool.py", line 600, in urlopen
    chunked=chunked)
  File "/home/travis/virtualenv/python3.6.3/lib/python3.6/site-packages/urllib3/connectionpool.py", line 384, in _make_request
    six.raise_from(e, None)
  File "<string>", line 2, in raise_from
  File "/home/travis/virtualenv/python3.6.3/lib/python3.6/site-packages/urllib3/connectionpool.py", line 380, in _make_request
    httplib_response = conn.getresponse()
  File "/opt/python/3.6.3/lib/python3.6/http/client.py", line 1331, in getresponse
    response.begin()
  File "/opt/python/3.6.3/lib/python3.6/http/client.py", line 297, in begin
    version, status, reason = self._read_status()
  File "/opt/python/3.6.3/lib/python3.6/http/client.py", line 266, in _read_status
    raise RemoteDisconnected("Remote end closed connection without"
http.client.RemoteDisconnected: Remote end closed connection without response

During handling of the above exception, another exception occurred:

Traceback (most recent call last):
  File "/home/travis/virtualenv/python3.6.3/lib/python3.6/site-packages/requests/adapters.py", line 449, in send
    timeout=timeout
  File "/home/travis/virtualenv/python3.6.3/lib/python3.6/site-packages/urllib3/connectionpool.py", line 638, in urlopen
    _stacktrace=sys.exc_info()[2])
  File "/home/travis/virtualenv/python3.6.3/lib/python3.6/site-packages/urllib3/util/retry.py", line 367, in increment
    raise six.reraise(type(error), error, _stacktrace)
  File "/home/travis/virtualenv/python3.6.3/lib/python3.6/site-packages/urllib3/packages/six.py", line 685, in reraise
    raise value.with_traceback(tb)
  File "/home/travis/virtualenv/python3.6.3/lib/python3.6/site-packages/urllib3/connectionpool.py", line 600, in urlopen
    chunked=chunked)
  File "/home/travis/virtualenv/python3.6.3/lib/python3.6/site-packages/urllib3/connectionpool.py", line 384, in _make_request
    six.raise_from(e, None)
  File "<string>", line 2, in raise_from
  File "/home/travis/virtualenv/python3.6.3/lib/python3.6/site-packages/urllib3/connectionpool.py", line 380, in _make_request
    httplib_response = conn.getresponse()
  File "/opt/python/3.6.3/lib/python3.6/http/client.py", line 1331, in getresponse
    response.begin()
  File "/opt/python/3.6.3/lib/python3.6/http/client.py", line 297, in begin
    version, status, reason = self._read_status()
  File "/opt/python/3.6.3/lib/python3.6/http/client.py", line 266, in _read_status
    raise RemoteDisconnected("Remote end closed connection without"
urllib3.exceptions.ProtocolError: ('Connection aborted.', RemoteDisconnected('Remote end closed connection without response',))

During handling of the above exception, another exception occurred:

Traceback (most recent call last):
  File "../_scripts/crawler/crawler.py", line 210, in metafy_url
    response = requests.get(url, timeout=6, headers={'User-Agent': 'Mozilla/5.0'})
  File "/home/travis/virtualenv/python3.6.3/lib/python3.6/site-packages/requests/api.py", line 75, in get
    return request('get', url, params=params, **kwargs)
  File "/home/travis/virtualenv/python3.6.3/lib/python3.6/site-packages/requests/api.py", line 60, in request
    return session.request(method=method, url=url, **kwargs)
  File "/home/travis/virtualenv/python3.6.3/lib/python3.6/site-packages/requests/sessions.py", line 533, in request
    resp = self.send(prep, **send_kwargs)
  File "/home/travis/virtualenv/python3.6.3/lib/python3.6/site-packages/requests/sessions.py", line 646, in send
    r = adapter.send(request, **kwargs)
  File "/home/travis/virtualenv/python3.6.3/lib/python3.6/site-packages/requests/adapters.py", line 498, in send
    raise ConnectionError(err, request=request)
requests.exceptions.ConnectionError: ('Connection aborted.', RemoteDisconnected('Remote end closed connection without response',))
 38%|███▊      | 73/194 [02:46<00:55,  2.20it/s]INFO:__main__:Requesting https://www.crainsnewyork.com/article/20160515/REAL_ESTATE/160519910/dan-mooney-s-skypicker-crane-could-save-millions-in-construction-costs-here-s-why-it-s-gathering-dust-in-a-war
INFO:__main__:Getting metadata for https://www.crainsnewyork.com/article/20160515/REAL_ESTATE/160519910/dan-mooney-s-skypicker-crane-could-save-millions-in-construction-costs-here-s-why-it-s-gathering-dust-in-a-war
 38%|███▊      | 74/194 [02:47<00:55,  2.17it/s]INFO:__main__:Requesting https://www.buildzoom.com/blog/whats-up-with-construction-costs
INFO:__main__:Getting metadata for https://www.buildzoom.com/blog/whats-up-with-construction-costs
 39%|███▊      | 75/194 [02:53<04:19,  2.18s/it]INFO:__main__:Requesting https://getstream.io/
INFO:__main__:Getting metadata for https://getstream.io
 39%|███▉      | 76/194 [02:53<03:22,  1.71s/it]INFO:__main__:Requesting https://user-images.githubusercontent.com/1707078/53836663-67e70f00-3f45-11e9-980d-3805eb8d8861.png
INFO:__main__:Getting metadata for https://user-images.githubusercontent.com/1707078/53836663-67e70f00-3f45-11e9-980d-3805eb8d8861.png
 40%|███▉      | 77/194 [02:55<03:14,  1.67s/it]INFO:__main__:Requesting https://tonic.ai
INFO:__main__:Getting metadata for https://tonic.ai
 40%|████      | 78/194 [02:56<03:08,  1.62s/it]INFO:__main__:Requesting https://tonic.ai/product
INFO:__main__:Getting metadata for https://tonic.ai/product/
 41%|████      | 79/194 [02:59<03:24,  1.77s/it]INFO:__main__:Requesting https://getdockup.com/pricing
INFO:__main__:Getting metadata for https://getdockup.com/pricing
 41%|████      | 80/194 [03:00<02:53,  1.52s/it]INFO:__main__:Requesting https://www.ycombinator.com/companies/?batch=w2019
INFO:__main__:Getting metadata for https://www.ycombinator.com/companies/?batch=w2019
 42%|████▏     | 81/194 [03:01<02:40,  1.42s/it]INFO:__main__:Requesting https://informeddelivery.usps.com/box/pages/intro/start.action
INFO:__main__:Getting metadata for https://informeddelivery.usps.com/box/pages/intro/start.action
 42%|████▏     | 82/194 [03:02<02:22,  1.27s/it]INFO:__main__:Requesting https://www.amazon.com/dp/B0745432KW/
INFO:__main__:Getting metadata for https://www.amazon.com/dp/B0745432KW/
 43%|████▎     | 83/194 [03:04<03:06,  1.68s/it]INFO:__main__:Requesting https://dmachoice.thedma.org/
INFO:__main__:Getting metadata for https://dmachoice.thedma.org
 43%|████▎     | 84/194 [03:05<02:37,  1.43s/it]INFO:__main__:Requesting https://www.insidesources.com/outbox-vs-usps-how-the-post-office-killed-digital-mail/
INFO:__main__:Getting metadata for https://www.insidesources.com/outbox-vs-usps-how-the-post-office-killed-digital-mail/
 44%|████▍     | 85/194 [03:06<02:14,  1.23s/it]INFO:__main__:Requesting http://web.archive.org/web/20140712084627/http://blog.outboxmail.com/post/74086768959/outbox-is-shutting-down-a-note-of-gratitude
INFO:__main__:Getting metadata for http://web.archive.org/web/20140712084627/http://blog.outboxmail.com/post/74086768959/outbox-is-shutting-down-a-note-of-gratitude
 44%|████▍     | 86/194 [03:07<02:04,  1.15s/it]INFO:__main__:Requesting https://www.earthclassmail.com/
INFO:__main__:Getting metadata for https://www.earthclassmail.com
 45%|████▍     | 87/194 [03:08<02:18,  1.30s/it]INFO:__main__:Requesting https://krebsonsecurity.com/2018/11/u-s-secret-service-warns-id-thieves-are-abusing-uspss-mail-scanning-service/
INFO:__main__:Getting metadata for https://krebsonsecurity.com/2018/11/u-s-secret-service-warns-id-thieves-are-abusing-uspss-mail-scanning-service/
 45%|████▌     | 88/194 [03:12<03:18,  1.87s/it]INFO:__main__:Requesting https://krebsonsecurity.com/tag/informed-delivery/
INFO:__main__:Getting metadata for https://krebsonsecurity.com/tag/informed-delivery/
 46%|████▌     | 89/194 [03:14<03:33,  2.03s/it]INFO:__main__:Requesting https://en.wikipedia.org/wiki/Mail_Isolation_Control_and_Tracking
INFO:__main__:Getting metadata for https://en.wikipedia.org/wiki/Mail_Isolation_Control_and_Tracking
 46%|████▋     | 90/194 [03:15<02:49,  1.63s/it]INFO:__main__:Requesting https://www.nytimes.com/2013/07/04/us/monitoring-of-snail-mail.html
INFO:__main__:Getting metadata for https://www.nytimes.com/2013/07/04/us/monitoring-of-snail-mail.html
 47%|████▋     | 91/194 [03:15<02:04,  1.21s/it]INFO:__main__:Requesting https://en.m.wikipedia.org/wiki/Mail_Isolation_Control_and_Tracking
INFO:__main__:Getting metadata for https://en.m.wikipedia.org/wiki/Mail_Isolation_Control_and_Tracking
 47%|████▋     | 92/194 [03:16<01:48,  1.06s/it]INFO:__main__:Requesting https://www.rstreet.org/2014/11/19/yes-the-government-can-open-your-mail-without-a-warrant/
INFO:__main__:Getting metadata for https://www.rstreet.org/2014/11/19/yes-the-government-can-open-your-mail-without-a-warrant/
 48%|████▊     | 93/194 [03:16<01:28,  1.14it/s]INFO:__main__:Requesting https://www.latimes.com/business/technology/la-fi-tn-simcity-inspired-urban-planners-20190305-story.html
INFO:__main__:Getting metadata for https://www.latimes.com/business/technology/la-fi-tn-simcity-inspired-urban-planners-20190305-story.html
 48%|████▊     | 94/194 [03:17<01:11,  1.40it/s]INFO:__main__:Requesting https://logicmag.io/06-model-metropolis/
INFO:__main__:Getting metadata for https://logicmag.io/06-model-metropolis/
 49%|████▉     | 95/194 [03:17<01:04,  1.53it/s]INFO:__main__:Requesting https://placesjournal.org/article/a-city-is-not-a-computer/
INFO:__main__:Getting metadata for https://placesjournal.org/article/a-city-is-not-a-computer/
 49%|████▉     | 96/194 [03:19<01:53,  1.15s/it]INFO:__main__:Requesting https://www.ted.com/talks/geoffrey_west_the_surprising_math_of_cities_and_corporations
INFO:__main__:Getting metadata for https://www.ted.com/talks/geoffrey_west_the_surprising_math_of_cities_and_corporations
 50%|█████     | 97/194 [03:20<01:34,  1.02it/s]INFO:__main__:Requesting https://www.youtube.com/watch?v=7c5pSCgbZ84
INFO:__main__:Getting metadata for https://www.youtube.com/watch?v=7c5pSCgbZ84
 51%|█████     | 98/194 [03:21<01:32,  1.04it/s]INFO:__main__:Requesting https://www.citylab.com/transportation/2012/04/invention-jaywalking/1837/
INFO:__main__:Getting metadata for https://www.citylab.com/transportation/2012/04/invention-jaywalking/1837/
 51%|█████     | 99/194 [03:21<01:19,  1.20it/s]INFO:__main__:Requesting https://en.wikipedia.org/wiki/General_Motors_streetcar_conspiracy
INFO:__main__:Getting metadata for https://en.wikipedia.org/wiki/General_Motors_streetcar_conspiracy
 52%|█████▏    | 100/194 [03:23<01:38,  1.04s/it]INFO:__main__:Requesting https://humantransit.org/2013/05/how-sim-city-greenwashes-parking.html
INFO:__main__:Getting metadata for https://humantransit.org/2013/05/how-sim-city-greenwashes-parking.html
 52%|█████▏    | 101/194 [03:24<01:26,  1.08it/s]INFO:__main__:Requesting https://www.youtube.com/watch?v=z75lu0wKbX8
INFO:__main__:Getting metadata for https://www.youtube.com/watch?v=z75lu0wKbX8
 53%|█████▎    | 102/194 [03:24<01:23,  1.11it/s]INFO:__main__:Requesting https://www.reddit.com/r/CitiesSkylines/comments/axhrg7/streets_of_coru%C3%B1a_a_nova/
INFO:__main__:Getting metadata for https://www.reddit.com/r/CitiesSkylines/comments/axhrg7/streets_of_coru%C3%B1a_a_nova/
 53%|█████▎    | 103/194 [03:25<01:25,  1.06it/s]INFO:__main__:Requesting https://imgur.com/a/GY7Tn
INFO:__main__:Getting metadata for https://imgur.com/a/GY7Tn
 54%|█████▎    | 104/194 [03:26<01:12,  1.25it/s]INFO:__main__:Requesting http://i.imgur.com/YbrJG2h.jpg
INFO:__main__:Getting metadata for http://i.imgur.com/YbrJG2h.jpg
 54%|█████▍    | 105/194 [03:33<03:55,  2.65s/it]INFO:__main__:Requesting https://www.youtube.com/watch?v=LUQaCoxybW8
INFO:__main__:Getting metadata for https://www.youtube.com/watch?v=LUQaCoxybW8
 55%|█████▍    | 106/194 [03:34<03:11,  2.18s/it]INFO:__main__:Requesting https://www.simutrans.com/en/
INFO:__main__:Getting metadata for https://www.simutrans.com/en/
 55%|█████▌    | 107/194 [03:35<02:26,  1.69s/it]INFO:__main__:Requesting https://githubengineering.com/vulcanizer-a-library-for-elasticsearch/
INFO:__main__:Getting metadata for https://githubengineering.com/vulcanizer-a-library-for-elasticsearch/
 56%|█████▌    | 108/194 [03:35<01:48,  1.27s/it]INFO:__main__:Requesting https://github.com/github/vulcanizer
INFO:__main__:Getting metadata for https://github.com/github/vulcanizer
 56%|█████▌    | 109/194 [03:36<01:40,  1.19s/it]INFO:__main__:Requesting https://roadsandkingdoms.com/2019/japanese-love-hotels-toko-sekiguchi/
INFO:__main__:Getting metadata for https://roadsandkingdoms.com/2019/japanese-love-hotels-toko-sekiguchi/
 57%|█████▋    | 110/194 [03:36<01:23,  1.01it/s]INFO:__main__:Requesting https://en.wikipedia.org/wiki/Motel#South_America
INFO:__main__:Getting metadata for https://en.wikipedia.org/wiki/Motel#South_America
 57%|█████▋    | 111/194 [03:38<01:33,  1.13s/it]INFO:__main__:Requesting https://emojipedia.org/love-hotel/
INFO:__main__:Getting metadata for https://emojipedia.org/love-hotel/
 58%|█████▊    | 112/194 [03:38<01:15,  1.09it/s]INFO:__main__:Requesting https://ja.wikipedia.org/wiki/SoftBank%E7%B5%B5%E6%96%87%E5%AD%97
INFO:__main__:Getting metadata for https://ja.wikipedia.org/wiki/SoftBank%E7%B5%B5%E6%96%87%E5%AD%97
 58%|█████▊    | 113/194 [03:40<01:24,  1.04s/it]INFO:__main__:Requesting http://www.wdwradio.com/2005/02/wdw-history-101-how-to-buy-27000-acres-of-land-and-no-one-noticeq/
INFO:__main__:Getting metadata for http://www.wdwradio.com/2005/02/wdw-history-101-how-to-buy-27000-acres-of-land-and-no-one-noticeq/
 59%|█████▉    | 114/194 [03:40<01:08,  1.17it/s]INFO:__main__:Requesting https://pomodoro-80211.firebaseapp.com/
INFO:__main__:Getting metadata for https://pomodoro-80211.firebaseapp.com
 59%|█████▉    | 115/194 [03:40<00:54,  1.45it/s]INFO:__main__:Requesting http://calnewport.com
INFO:__main__:Getting metadata for http://calnewport.com
 60%|█████▉    | 116/194 [03:47<03:12,  2.47s/it]INFO:__main__:Requesting https://github.com/apas/pomodoro
INFO:__main__:Getting metadata for https://github.com/apas/pomodoro
 60%|██████    | 117/194 [03:48<02:30,  1.96s/it]INFO:__main__:Requesting https://github.com/PolymerElements/app-layout/tree/master/app-drawer
INFO:__main__:Getting metadata for https://github.com/PolymerElements/app-layout/tree/master/app-drawer
 61%|██████    | 118/194 [03:48<02:02,  1.61s/it]INFO:__main__:Requesting https://github.com/samueljun/tomato-clock
INFO:__main__:Getting metadata for https://github.com/samueljun/tomato-clock
 61%|██████▏   | 119/194 [03:49<01:43,  1.38s/it]INFO:__main__:Requesting https://seabed2030.gebco.net/
INFO:__main__:Getting metadata for https://seabed2030.gebco.net
 62%|██████▏   | 120/194 [03:50<01:34,  1.27s/it]INFO:__main__:Requesting https://blog.scrapinghub.com/spidermon-scrapy-spider-monitoring
INFO:__main__:Getting metadata for https://blog.scrapinghub.com/spidermon-scrapy-spider-monitoring
 62%|██████▏   | 121/194 [03:51<01:11,  1.02it/s]INFO:__main__:Requesting https://github.com/serpapi/test-knowledge-graph-desktop/tree/master/spec
INFO:__main__:Getting metadata for https://github.com/serpapi/test-knowledge-graph-desktop/tree/master/spec
 63%|██████▎   | 122/194 [03:51<01:04,  1.12it/s]INFO:__main__:Requesting https://travis-ci.org/serpapi/test-knowledge-graph-desktop
INFO:__main__:Getting metadata for https://travis-ci.org/serpapi/test-knowledge-graph-desktop
 63%|██████▎   | 123/194 [03:52<01:00,  1.17it/s]INFO:__main__:Requesting https://github.com/serpapi/test-organic-results-desktop/tree/master/spec
INFO:__main__:Getting metadata for https://github.com/serpapi/test-organic-results-desktop/tree/master/spec
 64%|██████▍   | 124/194 [03:53<00:56,  1.23it/s]INFO:__main__:Requesting https://travis-ci.org/serpapi/test-organic-results-desktop
INFO:__main__:Getting metadata for https://travis-ci.org/serpapi/test-organic-results-desktop
 64%|██████▍   | 125/194 [03:54<00:55,  1.25it/s]INFO:__main__:Requesting https://github.com/serpapi/test-news-results-desktop/blob/master/spec/news_results_trump_spec.rb
INFO:__main__:Getting metadata for https://github.com/serpapi/test-news-results-desktop/blob/master/spec/news_results_trump_spec.rb
 65%|██████▍   | 126/194 [03:54<00:52,  1.30it/s]INFO:__main__:Requesting https://travis-ci.org/serpapi/test-news-results-desktop
INFO:__main__:Getting metadata for https://travis-ci.org/serpapi/test-news-results-desktop
 65%|██████▌   | 127/194 [03:55<00:50,  1.32it/s]INFO:__main__:Requesting https://www.reddit.com/r/webdev/comments/8a2zx9/weve_just_launch_serpapi_a_google_search_results/?st=jsw38bhf&sh=550f8e7c
INFO:__main__:Getting metadata for https://www.reddit.com/r/webdev/comments/8a2zx9/weve_just_launch_serpapi_a_google_search_results/?st=jsw38bhf&sh=550f8e7c
 66%|██████▌   | 128/194 [03:56<00:53,  1.23it/s]INFO:__main__:Requesting https://www.wsj.com/articles/google-rival-yelp-claims-search-giant-broke-promise-made-to-regulators-1505167498
INFO:__main__:Getting metadata for https://www.wsj.com/articles/google-rival-yelp-claims-search-giant-broke-promise-made-to-regulators-1505167498
 66%|██████▋   | 129/194 [03:57<00:55,  1.16it/s]INFO:__main__:Requesting https://en.wikipedia.org/wiki/Lambda_cube
INFO:__main__:Getting metadata for https://en.wikipedia.org/wiki/Lambda_cube
 67%|██████▋   | 130/194 [03:58<01:04,  1.02s/it]INFO:__main__:Requesting https://en.wikipedia.org/wiki/Pure_type_system
INFO:__main__:Getting metadata for https://en.wikipedia.org/wiki/Pure_type_system
 68%|██████▊   | 131/194 [03:59<00:55,  1.13it/s]INFO:__main__:Requesting https://www.info.ucl.ac.be/~pvr/book.html
INFO:__main__:Getting metadata for https://www.info.ucl.ac.be/~pvr/book.html
 68%|██████▊   | 132/194 [04:02<01:36,  1.56s/it]INFO:__main__:Requesting https://www.cis.upenn.edu/~bcpierce/tapl/
INFO:__main__:Getting metadata for https://www.cis.upenn.edu/~bcpierce/tapl/
 69%|██████▊   | 133/194 [04:03<01:33,  1.53s/it]INFO:__main__:Requesting http://wiki.c2.com/?ClosuresAndObjectsAreEquivalent
INFO:__main__:Getting metadata for http://wiki.c2.com/?ClosuresAndObjectsAreEquivalent
 69%|██████▉   | 134/194 [04:04<01:08,  1.15s/it]INFO:__main__:Requesting https://en.m.wikipedia.org/wiki/Mathematical_object
INFO:__main__:Getting metadata for https://en.m.wikipedia.org/wiki/Mathematical_object
 70%|██████▉   | 135/194 [04:04<00:59,  1.02s/it]INFO:__main__:Requesting https://commons.wikimedia.org/wiki/File:Commutative_diagram_of_harmonic_wave_properties.svg
INFO:__main__:Getting metadata for https://commons.wikimedia.org/wiki/File:Commutative_diagram_of_harmonic_wave_properties.svg
 70%|███████   | 136/194 [04:05<00:58,  1.01s/it]INFO:__main__:Requesting https://en.wikipedia.org/w/index.php?title=Time_Cube&oldid=885383984
INFO:__main__:Getting metadata for https://en.wikipedia.org/w/index.php?title=Time_Cube&oldid=885383984
 71%|███████   | 137/194 [04:07<01:10,  1.23s/it]INFO:__main__:Requesting https://ti.mecu.be/
INFO:__main__:Getting metadata for https://ti.mecu.be
 71%|███████   | 138/194 [04:13<02:20,  2.51s/it]INFO:__main__:Requesting https://www.youtube.com/watch?v=H7lWCqbgQnU
INFO:__main__:Getting metadata for https://www.youtube.com/watch?v=H7lWCqbgQnU
 72%|███████▏  | 139/194 [04:13<01:50,  2.02s/it]INFO:__main__:Requesting http://esr.ibiblio.org/?p=8254
INFO:__main__:Getting metadata for http://esr.ibiblio.org/?p=8254
 72%|███████▏  | 140/194 [04:15<01:45,  1.95s/it]INFO:__main__:Requesting https://gist.github.com/munificent/b1bcd969063da3e6c298be070a22b604
INFO:__main__:Getting metadata for https://gist.github.com/munificent/b1bcd969063da3e6c298be070a22b604
 73%|███████▎  | 141/194 [04:16<01:27,  1.65s/it]INFO:__main__:Requesting http://gameprogrammingpatterns.com/
INFO:__main__:Getting metadata for http://gameprogrammingpatterns.com
 73%|███████▎  | 142/194 [04:17<01:13,  1.41s/it]INFO:__main__:Requesting http://www.craftinginterpreters.com/
INFO:__main__:Getting metadata for http://www.craftinginterpreters.com
 74%|███████▎  | 143/194 [04:18<01:02,  1.24s/it]INFO:__main__:Requesting https://gist.github.com/munificent/b1bcd969063da3e6c298be070a22b604#gistcomment-2854606
INFO:__main__:Getting metadata for https://gist.github.com/munificent/b1bcd969063da3e6c298be070a22b604#gistcomment-2854606
 74%|███████▍  | 144/194 [04:19<00:56,  1.14s/it]INFO:__main__:Requesting https://jsfiddle.net/dfu7ws69/
INFO:__main__:Getting metadata for https://jsfiddle.net/dfu7ws69/
 75%|███████▍  | 145/194 [04:20<01:00,  1.24s/it]INFO:__main__:Requesting https://gist.github.com/airstrike/66e0152e75c3a81fd1496bfbf590105a
INFO:__main__:Getting metadata for https://gist.github.com/airstrike/66e0152e75c3a81fd1496bfbf590105a
 75%|███████▌  | 146/194 [04:21<00:49,  1.04s/it]INFO:__main__:Requesting https://gitlab.com/snippets/1832264
INFO:__main__:Getting metadata for https://gitlab.com/snippets/1832264
 76%|███████▌  | 147/194 [04:21<00:41,  1.12it/s]INFO:__main__:Requesting https://gist.github.com/munificent/ce8f7a9e6b09938ca8d2d43fa62f9864
INFO:__main__:Getting metadata for https://gist.github.com/munificent/ce8f7a9e6b09938ca8d2d43fa62f9864
 76%|███████▋  | 148/194 [04:22<00:36,  1.25it/s]INFO:__main__:Requesting https://gist.github.com/femto113/28f69626acddc70a002ecead0b311da4
INFO:__main__:Getting metadata for https://gist.github.com/femto113/28f69626acddc70a002ecead0b311da4
 77%|███████▋  | 149/194 [04:23<00:32,  1.36it/s]INFO:__main__:Requesting https://gist.github.com/ctsrc/fef3006e1d728bb7271cff0656eb0280#file-dungeon-c
INFO:__main__:Getting metadata for https://gist.github.com/ctsrc/fef3006e1d728bb7271cff0656eb0280#file-dungeon-c
 77%|███████▋  | 150/194 [04:23<00:31,  1.41it/s]INFO:__main__:Requesting http://angband.oook.cz/stuff/manual.txt
INFO:__main__:Getting metadata for http://angband.oook.cz/stuff/manual.txt
 78%|███████▊  | 151/194 [04:28<01:25,  1.99s/it]INFO:__main__:Requesting https://gist.github.com/ctsrc/fef3006e1d728bb7271cff0656eb0280/14375eb385e48947999bb370dbcd514f0041ee4c
INFO:__main__:Getting metadata for https://gist.github.com/ctsrc/fef3006e1d728bb7271cff0656eb0280/14375eb385e48947999bb370dbcd514f0041ee4c
 78%|███████▊  | 152/194 [04:29<01:04,  1.55s/it]INFO:__main__:Requesting https://gist.github.com/ctsrc/fef3006e1d728bb7271cff0656eb0280
INFO:__main__:Getting metadata for https://gist.github.com/ctsrc/fef3006e1d728bb7271cff0656eb0280
 79%|███████▉  | 153/194 [04:29<00:52,  1.28s/it]INFO:__main__:Requesting https://gist.github.com/ctsrc/fef3006e1d728bb7271cff0656eb0280/3088bc0b79eae9ac29190e7dde012e3097cd1e16#file-dungeon-c-L177
INFO:__main__:Getting metadata for https://gist.github.com/ctsrc/fef3006e1d728bb7271cff0656eb0280/3088bc0b79eae9ac29190e7dde012e3097cd1e16#file-dungeon-c-L177
 79%|███████▉  | 154/194 [04:30<00:43,  1.09s/it]INFO:__main__:Requesting https://gist.github.com/munificent/b1bcd969063da3e6c298be070a22b604#gistcomment-2854636
INFO:__main__:Getting metadata for https://gist.github.com/munificent/b1bcd969063da3e6c298be070a22b604#gistcomment-2854636
 80%|███████▉  | 155/194 [04:31<00:45,  1.18s/it]INFO:__main__:Requesting https://en.wikipedia.org/wiki/Reservoir_sampling#Algorithm_R
INFO:__main__:Getting metadata for https://en.wikipedia.org/wiki/Reservoir_sampling#Algorithm_R
 80%|████████  | 156/194 [04:33<00:45,  1.20s/it]INFO:__main__:Requesting https://10print.org/
INFO:__main__:Getting metadata for https://10print.org
 81%|████████  | 157/194 [04:33<00:34,  1.07it/s]INFO:__main__:Requesting https://www.a1k0n.net/2011/07/20/donut-math.html
INFO:__main__:Getting metadata for https://www.a1k0n.net/2011/07/20/donut-math.html
 81%|████████▏ | 158/194 [04:33<00:26,  1.37it/s]INFO:__main__:Requesting http://tromp.github.io/pearls.html#maze
INFO:__main__:Getting metadata for http://tromp.github.io/pearls.html#maze
 82%|████████▏ | 159/194 [04:33<00:20,  1.74it/s]INFO:__main__:Requesting http://ioccc.org
INFO:__main__:Getting metadata for http://ioccc.org
 82%|████████▏ | 160/194 [04:34<00:20,  1.66it/s]INFO:__main__:Requesting https://github.com/anekix/dungeon-generator
INFO:__main__:Getting metadata for https://github.com/anekix/dungeon-generator
 83%|████████▎ | 161/194 [04:36<00:31,  1.05it/s]INFO:__main__:Requesting https://twitter.com/munificentbob/status/1101903466111283200
INFO:__main__:Getting metadata for https://twitter.com/munificentbob/status/1101903466111283200
 84%|████████▎ | 162/194 [04:37<00:31,  1.01it/s]INFO:__main__:Requesting https://imgur.com/a/p1QQosK
INFO:__main__:Getting metadata for https://imgur.com/a/p1QQosK
 84%|████████▍ | 163/194 [04:37<00:25,  1.20it/s]INFO:__main__:Requesting https://www.latimes.com/business/lazarus/la-fi-lazarus-glasses-lenscrafters-luxottica-monopoly-20190305-story.html
INFO:__main__:Getting metadata for https://www.latimes.com/business/lazarus/la-fi-lazarus-glasses-lenscrafters-luxottica-monopoly-20190305-story.html
 85%|████████▍ | 164/194 [04:38<00:21,  1.42it/s]INFO:__main__:Requesting https://www.contractortalk.com/f16/avg-man-hours-build-1800sf-home-12127/
INFO:__main__:Getting metadata for https://www.contractortalk.com/f16/avg-man-hours-build-1800sf-home-12127/
 85%|████████▌ | 165/194 [04:38<00:16,  1.72it/s]INFO:__main__:Requesting https://diy.stackexchange.com/questions/77299/how-many-man-hours-to-build-a-small-house
INFO:__main__:Getting metadata for https://diy.stackexchange.com/questions/77299/how-many-man-hours-to-build-a-small-house
 86%|████████▌ | 166/194 [04:39<00:16,  1.74it/s]INFO:__main__:Requesting https://en.wikipedia.org/wiki/Normal_good
INFO:__main__:Getting metadata for https://en.wikipedia.org/wiki/Normal_good
 86%|████████▌ | 167/194 [04:39<00:16,  1.66it/s]INFO:__main__:Requesting https://en.wikipedia.org/wiki/Real_estate_economics
INFO:__main__:Getting metadata for https://en.wikipedia.org/wiki/Real_estate_economics
 87%|████████▋ | 168/194 [04:40<00:18,  1.39it/s]INFO:__main__:Requesting https://fred.stlouisfed.org/series/HOUST
INFO:__main__:Getting metadata for https://fred.stlouisfed.org/series/HOUST
 87%|████████▋ | 169/194 [04:41<00:16,  1.50it/s]INFO:__main__:Requesting https://en.wikipedia.org/wiki/Parable_of_the_broken_window
INFO:__main__:Getting metadata for https://en.wikipedia.org/wiki/Parable_of_the_broken_window
 88%|████████▊ | 170/194 [04:42<00:16,  1.41it/s]INFO:__main__:Requesting http://www.luxottica.com/en/record-2017-net-profits-and-free-cash-flow-over-one-billion-euro
INFO:__main__:Getting metadata for http://www.luxottica.com/en/record-2017-net-profits-and-free-cash-flow-over-one-billion-euro
 88%|████████▊ | 171/194 [04:42<00:16,  1.37it/s]INFO:__main__:Requesting https://www.businessinsider.com/esop-essilor-employee-shareholders-2018-11
INFO:__main__:Getting metadata for https://www.businessinsider.com/esop-essilor-employee-shareholders-2018-11
 89%|████████▊ | 172/194 [04:43<00:12,  1.73it/s]INFO:__main__:Requesting https://www.healio.com/optometry/business-of-optometry/news/online/%7B90272186-5173-4cc1-88c2-e0396e357ccf%7D/warby-parker-announces-refraction-app
INFO:__main__:Getting metadata for https://www.healio.com/optometry/business-of-optometry/news/online/%7B90272186-5173-4cc1-88c2-e0396e357ccf%7D/warby-parker-announces-refraction-app
 89%|████████▉ | 173/194 [04:44<00:14,  1.46it/s]INFO:__main__:Requesting https://eyenetra.com/
INFO:__main__:Getting metadata for https://eyenetra.com
 90%|████████▉ | 174/194 [04:44<00:11,  1.79it/s]INFO:__main__:Requesting https://en.wikipedia.org/wiki/Luxottica
INFO:__main__:Getting metadata for https://en.wikipedia.org/wiki/Luxottica
 90%|█████████ | 175/194 [04:45<00:14,  1.33it/s]INFO:__main__:Requesting https://youtu.be/VxPLGPO2q3E?t=749
INFO:__main__:Getting metadata for https://www.youtube.com/watch?v=VxPLGPO2q3E&feature=youtu.be&t=749
 91%|█████████ | 176/194 [04:46<00:14,  1.27it/s]INFO:__main__:Requesting https://www.jins.com/us/
INFO:__main__:Getting metadata for https://www.jins.com/us/
 91%|█████████ | 177/194 [04:47<00:14,  1.18it/s]INFO:__main__:Requesting https://lionsclubs.org/en/resources-for-members/resource-center/eyeglass-recycling-centers
INFO:__main__:Getting metadata for https://lionsclubs.org/en/resources-for-members/resource-center/eyeglass-recycling-centers
 92%|█████████▏| 178/194 [04:47<00:11,  1.42it/s]INFO:__main__:Requesting https://en.wikipedia.org/wiki/Autorefractor
INFO:__main__:Getting metadata for https://en.wikipedia.org/wiki/Autorefractor
 92%|█████████▏| 179/194 [04:48<00:10,  1.49it/s]INFO:__main__:Requesting https://www.zennioptical.com/b/rimless-glasses
INFO:__main__:Getting metadata for https://www.zennioptical.com/b/rimless-glasses
 93%|█████████▎| 180/194 [04:51<00:20,  1.49s/it]INFO:__main__:Requesting https://customerservice.costco.com/app/answers/detail/a_id/8290/~/do-i-need-a-membership-to-purchase-glasses-or-contacts%3F
INFO:__main__:Getting metadata for https://customerservice.costco.com/app/answers/detail/a_id/8290/~/do-i-need-a-membership-to-purchase-glasses-or-contacts%3F
 93%|█████████▎| 181/194 [04:54<00:23,  1.82s/it]INFO:__main__:Requesting https://www.zenhub.com/blog/zenhub-reporting-suite-github-insights
INFO:__main__:Getting metadata for https://www.zenhub.com/blog/zenhub-reporting-suite-github-insights/
 94%|█████████▍| 182/194 [04:54<00:17,  1.42s/it]INFO:__main__:Requesting https://blog.openai.com/neural-mmo/
INFO:__main__:Getting metadata for https://blog.openai.com/neural-mmo/
 94%|█████████▍| 183/194 [04:55<00:12,  1.12s/it]INFO:__main__:Requesting https://github.com/Microsoft/malmo#getting-started
INFO:__main__:Getting metadata for https://github.com/Microsoft/malmo#getting-started
 95%|█████████▍| 184/194 [04:56<00:11,  1.12s/it]INFO:__main__:Requesting https://www.microsoft.com/en-us/research/project/project-malmo/
INFO:__main__:Getting metadata for https://www.microsoft.com/en-us/research/project/project-malmo/
 95%|█████████▌| 185/194 [04:56<00:07,  1.15it/s]INFO:__main__:Requesting https://nicepage.com/doc/article/20348/web-design-3-0-when-your-web-design-really-matters
INFO:__main__:Getting metadata for https://nicepage.com/doc/article/20348/web-design-3-0-when-your-web-design-really-matters
 96%|█████████▌| 186/194 [05:00<00:14,  1.86s/it]INFO:__main__:Requesting https://lawsofux.com/jakobs-law
INFO:__main__:Getting metadata for https://lawsofux.com/jakobs-law
 96%|█████████▋| 187/194 [05:01<00:09,  1.38s/it]INFO:__main__:Requesting https://nicepage.com/templates
INFO:__main__:Getting metadata for https://nicepage.com/templates
 97%|█████████▋| 188/194 [05:02<00:08,  1.48s/it]INFO:__main__:Requesting https://nicepage.com/Content/BundledScripts/main-libs.js
INFO:__main__:Getting metadata for https://nicepage.com/Content/BundledScripts/main-libs.js
 97%|█████████▋| 189/194 [05:37<00:57, 11.58s/it]INFO:__main__:Requesting https://nicepage.com/Content/BundledScripts/main-libs.css
INFO:__main__:Getting metadata for https://nicepage.com/Content/BundledScripts/main-libs.css
 98%|█████████▊| 190/194 [05:41<00:36,  9.25s/it]INFO:__main__:Requesting https://www.webpagetest.org/result/190305_4Y_ff1823195f2beddbf357583bcfe13ceb/
INFO:__main__:Getting metadata for https://www.webpagetest.org/result/190305_4Y_ff1823195f2beddbf357583bcfe13ceb/
 98%|█████████▊| 191/194 [05:42<00:20,  6.71s/it]INFO:__main__:Requesting https://www.digitaltrends.com/mobile/att-5ge-is-not-5g-and-they-know-it/
INFO:__main__:Getting metadata for https://www.digitaltrends.com/mobile/att-5ge-is-not-5g-and-they-know-it/
 99%|█████████▉| 192/194 [05:43<00:09,  4.90s/it]INFO:__main__:Requesting http://mentalfloss.com/article/53792/17-ancient-abandoned-websites-still-work
INFO:__main__:Getting metadata for http://mentalfloss.com/article/53792/17-ancient-abandoned-websites-still-work
 99%|█████████▉| 193/194 [05:43<00:03,  3.54s/it]INFO:__main__:Requesting https://imgur.com/a/wjcnuXh
INFO:__main__:Getting metadata for https://imgur.com/a/wjcnuXh
100%|██████████| 194/194 [05:44<00:00,  2.61s/it]
