INFO:__main__:Get urls from stories
  0%|          | 0/30 [00:00<?, ?it/s]  7%|▋         | 2/30 [00:02<00:38,  1.38s/it] 10%|█         | 3/30 [00:03<00:28,  1.05s/it] 13%|█▎        | 4/30 [00:03<00:19,  1.31it/s] 17%|█▋        | 5/30 [00:04<00:20,  1.24it/s] 20%|██        | 6/30 [00:04<00:15,  1.57it/s] 27%|██▋       | 8/30 [00:05<00:12,  1.80it/s] 30%|███       | 9/30 [00:05<00:11,  1.85it/s] 33%|███▎      | 10/30 [00:05<00:08,  2.31it/s] 37%|███▋      | 11/30 [00:05<00:07,  2.57it/s] 43%|████▎     | 13/30 [00:06<00:04,  3.43it/s] 47%|████▋     | 14/30 [00:06<00:04,  3.28it/s] 50%|█████     | 15/30 [00:06<00:03,  3.77it/s] 57%|█████▋    | 17/30 [00:06<00:03,  4.27it/s] 60%|██████    | 18/30 [00:07<00:04,  2.62it/s] 63%|██████▎   | 19/30 [00:08<00:07,  1.51it/s] 67%|██████▋   | 20/30 [00:09<00:05,  1.93it/s] 70%|███████   | 21/30 [00:09<00:05,  1.64it/s] 73%|███████▎  | 22/30 [00:10<00:05,  1.51it/s] 77%|███████▋  | 23/30 [00:11<00:04,  1.59it/s] 83%|████████▎ | 25/30 [00:11<00:02,  2.04it/s] 87%|████████▋ | 26/30 [00:12<00:02,  1.48it/s] 93%|█████████▎| 28/30 [00:12<00:00,  2.03it/s] 97%|█████████▋| 29/30 [00:13<00:00,  1.86it/s]100%|██████████| 30/30 [00:14<00:00,  1.52it/s]
  0%|          | 0/234 [00:00<?, ?it/s]INFO:__main__:Requesting https://web-in-security.blogspot.com/2019/02/how-to-spoof-pdf-signatures.html
INFO:__main__:Getting metadata for https://web-in-security.blogspot.com/2019/02/how-to-spoof-pdf-signatures.html
  0%|          | 1/234 [00:00<01:28,  2.64it/s]INFO:__main__:Requesting https://www.nsa.gov/ghidra
INFO:__main__:Getting metadata for https://www.nsa.gov/resources/everyone/ghidra/
  1%|          | 2/234 [00:01<01:54,  2.03it/s]INFO:__main__:Requesting https://docs.binary.ninja/about/license/index.html
INFO:__main__:Getting metadata for https://docs.binary.ninja/about/license/index.html
  1%|▏         | 3/234 [00:01<02:00,  1.92it/s]INFO:__main__:Requesting https://www.hex-rays.com/cgi-bin/quote.cgi
INFO:__main__:Getting metadata for https://www.hex-rays.com/cgi-bin/quote.cgi
  2%|▏         | 4/234 [00:05<06:18,  1.65s/it]INFO:__main__:Requesting https://github.com/IDArlingTeam/IDArling/
INFO:__main__:Getting metadata for https://github.com/IDArlingTeam/IDArling/
  2%|▏         | 5/234 [00:06<05:21,  1.40s/it]INFO:__main__:Requesting https://github.com/BinaryAnalysisPlatform/bap
INFO:__main__:Getting metadata for https://github.com/BinaryAnalysisPlatform/bap
  3%|▎         | 6/234 [00:08<05:45,  1.52s/it]INFO:__main__:Requesting https://www.pnfsoftware.com
INFO:__main__:Getting metadata for https://www.pnfsoftware.com
  3%|▎         | 7/234 [00:10<05:44,  1.52s/it]INFO:__main__:Requesting https://github.com/radare/radare2
INFO:__main__:Getting metadata for https://github.com/radare/radare2
  3%|▎         | 8/234 [00:11<05:30,  1.46s/it]INFO:__main__:Requesting https://github.com/radareorg/cutter
INFO:__main__:Getting metadata for https://github.com/radareorg/cutter
  4%|▍         | 9/234 [00:12<04:56,  1.32s/it]INFO:__main__:Requesting https://github.com/radareorg/radeco
INFO:__main__:Getting metadata for https://github.com/radareorg/radeco
  4%|▍         | 10/234 [00:13<04:27,  1.19s/it]INFO:__main__:Requesting https://news.ycombinator.com/newsguidelines.html
INFO:__main__:Getting metadata for https://news.ycombinator.com/newsguidelines.html
  5%|▍         | 11/234 [00:14<04:21,  1.17s/it]INFO:__main__:Requesting https://github.com/NationalSecurityAgency/ghidra/issues/6
INFO:__main__:Getting metadata for https://github.com/NationalSecurityAgency/ghidra/issues/6
  5%|▌         | 12/234 [00:16<05:03,  1.37s/it]INFO:__main__:Requesting https://ghidra-sre.org/
INFO:__main__:Getting metadata for https://ghidra-sre.org
  6%|▌         | 13/234 [00:16<03:57,  1.08s/it]INFO:__main__:Requesting https://github.com/NationalSecurityAgency/ghidra
INFO:__main__:Getting metadata for https://github.com/NationalSecurityAgency/ghidra
  6%|▌         | 14/234 [00:17<03:49,  1.04s/it]INFO:__main__:Requesting https://github.com/NationalSecurityAgency/ghidra/
INFO:__main__:Getting metadata for https://github.com/NationalSecurityAgency/ghidra/
  6%|▋         | 15/234 [00:18<03:38,  1.00it/s]INFO:__main__:Requesting https://github.com/NationalSecurityAgency/ghidra/blob/master/NOTICE
INFO:__main__:Getting metadata for https://github.com/NationalSecurityAgency/ghidra/blob/master/NOTICE
  7%|▋         | 16/234 [00:19<03:24,  1.06it/s]INFO:__main__:Requesting https://github.com/NationalSecurityAgency/ghidra/blob/master/INTENT.md
INFO:__main__:Getting metadata for https://github.com/NationalSecurityAgency/ghidra/blob/master/INTENT.md
  7%|▋         | 17/234 [00:20<03:17,  1.10it/s]INFO:__main__:Requesting https://www.hex-rays.com/products/ida/support/download_freeware.shtml
INFO:__main__:Getting metadata for https://www.hex-rays.com/products/ida/support/download_freeware.shtml
  8%|▊         | 18/234 [00:20<03:03,  1.18it/s]INFO:__main__:Requesting https://github.com/redhawksdr
INFO:__main__:Getting metadata for https://github.com/redhawksdr
  8%|▊         | 19/234 [00:21<03:14,  1.10it/s]INFO:__main__:Requesting https://ghidra-sre.org/GhidraGettingStartedVideo/GhidraGettingStartedVideo_player.html?embedIFrameId=embeddedSmartPlayerInstance&theme=dusk
INFO:__main__:Getting metadata for https://ghidra-sre.org/GhidraGettingStartedVideo/GhidraGettingStartedVideo_player.html?embedIFrameId=embeddedSmartPlayerInstance&theme=dusk
  9%|▊         | 20/234 [00:22<02:37,  1.36it/s]INFO:__main__:Requesting https://github.com/avast-tl/retdec
INFO:__main__:Getting metadata for https://github.com/avast-tl/retdec
  9%|▉         | 21/234 [00:23<03:06,  1.14it/s]INFO:__main__:Requesting https://binary.ninja/purchase/
INFO:__main__:Getting metadata for https://binary.ninja/purchase/
  9%|▉         | 22/234 [00:23<02:34,  1.37it/s]INFO:__main__:Requesting https://github.com/SELinuxProject
INFO:__main__:Getting metadata for https://github.com/SELinuxProject
 10%|▉         | 23/234 [00:24<02:26,  1.44it/s]INFO:__main__:Requesting https://github.com/nationalsecurityagency
INFO:__main__:Getting metadata for https://github.com/nationalsecurityagency
 10%|█         | 24/234 [00:25<02:33,  1.37it/s]INFO:__main__:Requesting https://twitter.com/hackerfantastic/status/1103087869063704576
INFO:__main__:Getting metadata for https://twitter.com/hackerfantastic/status/1103087869063704576
 11%|█         | 25/234 [00:26<02:51,  1.22it/s]INFO:__main__:Requesting https://wikileaks.org/ciav7p1/cms/page_51183656.html
INFO:__main__:Getting metadata for https://wikileaks.org/ciav7p1/cms/page_51183656.html
 11%|█         | 26/234 [00:29<05:08,  1.48s/it]INFO:__main__:Requesting https://coincircle.com/l/50VVxbObg3
INFO:__main__:Getting metadata for https://coincircle.com/earn?r_id=836cf082-a068-4579-8242-b454ba3bb8ab&source=earn&channel=POST_TO_POST_TO_HACKER_NEWS&beta=coincircle123
 12%|█▏        | 27/234 [00:29<04:09,  1.21s/it]INFO:__main__:Requesting https://twitter.com/hackerfantastic/status/1103087869063704576?s=21
INFO:__main__:Getting metadata for https://twitter.com/hackerfantastic/status/1103087869063704576?s=21
 12%|█▏        | 28/234 [00:30<03:55,  1.14s/it]INFO:__main__:Requesting https://ghidrace.github.io/
INFO:__main__:Getting metadata for https://ghidrace.github.io
 12%|█▏        | 29/234 [00:31<02:54,  1.17it/s]INFO:__main__:Requesting https://github.com/withzombies?tab=following
INFO:__main__:Getting metadata for https://github.com/withzombies?tab=following
 13%|█▎        | 30/234 [00:32<02:59,  1.14it/s]INFO:__main__:Requesting https://artsexperiments.withgoogle.com/nasasvisualuniverse
INFO:__main__:Getting metadata for https://artsexperiments.withgoogle.com/nasasvisualuniverse
INFO:__main__:Requesting https://blog.acolyer.org/2019/03/06/keeping-calm-when-distributed-consistency-is-easy/
ERROR:__main__:Could not reach https://blog.acolyer.org/2019/03/06/keeping-calm-when-distributed-consistency-is-easy/
Traceback (most recent call last):
  File "/home/travis/virtualenv/python3.6.3/lib/python3.6/site-packages/urllib3/connectionpool.py", line 600, in urlopen
    chunked=chunked)
  File "/home/travis/virtualenv/python3.6.3/lib/python3.6/site-packages/urllib3/connectionpool.py", line 384, in _make_request
    six.raise_from(e, None)
  File "<string>", line 2, in raise_from
  File "/home/travis/virtualenv/python3.6.3/lib/python3.6/site-packages/urllib3/connectionpool.py", line 380, in _make_request
    httplib_response = conn.getresponse()
  File "/opt/python/3.6.3/lib/python3.6/http/client.py", line 1331, in getresponse
    response.begin()
  File "/opt/python/3.6.3/lib/python3.6/http/client.py", line 297, in begin
    version, status, reason = self._read_status()
  File "/opt/python/3.6.3/lib/python3.6/http/client.py", line 266, in _read_status
    raise RemoteDisconnected("Remote end closed connection without"
http.client.RemoteDisconnected: Remote end closed connection without response

During handling of the above exception, another exception occurred:

Traceback (most recent call last):
  File "/home/travis/virtualenv/python3.6.3/lib/python3.6/site-packages/requests/adapters.py", line 449, in send
    timeout=timeout
  File "/home/travis/virtualenv/python3.6.3/lib/python3.6/site-packages/urllib3/connectionpool.py", line 638, in urlopen
    _stacktrace=sys.exc_info()[2])
  File "/home/travis/virtualenv/python3.6.3/lib/python3.6/site-packages/urllib3/util/retry.py", line 367, in increment
    raise six.reraise(type(error), error, _stacktrace)
  File "/home/travis/virtualenv/python3.6.3/lib/python3.6/site-packages/urllib3/packages/six.py", line 685, in reraise
    raise value.with_traceback(tb)
  File "/home/travis/virtualenv/python3.6.3/lib/python3.6/site-packages/urllib3/connectionpool.py", line 600, in urlopen
    chunked=chunked)
  File "/home/travis/virtualenv/python3.6.3/lib/python3.6/site-packages/urllib3/connectionpool.py", line 384, in _make_request
    six.raise_from(e, None)
  File "<string>", line 2, in raise_from
  File "/home/travis/virtualenv/python3.6.3/lib/python3.6/site-packages/urllib3/connectionpool.py", line 380, in _make_request
    httplib_response = conn.getresponse()
  File "/opt/python/3.6.3/lib/python3.6/http/client.py", line 1331, in getresponse
    response.begin()
  File "/opt/python/3.6.3/lib/python3.6/http/client.py", line 297, in begin
    version, status, reason = self._read_status()
  File "/opt/python/3.6.3/lib/python3.6/http/client.py", line 266, in _read_status
    raise RemoteDisconnected("Remote end closed connection without"
urllib3.exceptions.ProtocolError: ('Connection aborted.', RemoteDisconnected('Remote end closed connection without response',))

During handling of the above exception, another exception occurred:

Traceback (most recent call last):
  File "../_scripts/crawler/crawler.py", line 210, in metafy_url
    response = requests.get(url, timeout=6, headers={'User-Agent': 'Mozilla/5.0'})
  File "/home/travis/virtualenv/python3.6.3/lib/python3.6/site-packages/requests/api.py", line 75, in get
    return request('get', url, params=params, **kwargs)
  File "/home/travis/virtualenv/python3.6.3/lib/python3.6/site-packages/requests/api.py", line 60, in request
    return session.request(method=method, url=url, **kwargs)
  File "/home/travis/virtualenv/python3.6.3/lib/python3.6/site-packages/requests/sessions.py", line 533, in request
    resp = self.send(prep, **send_kwargs)
  File "/home/travis/virtualenv/python3.6.3/lib/python3.6/site-packages/requests/sessions.py", line 646, in send
    r = adapter.send(request, **kwargs)
  File "/home/travis/virtualenv/python3.6.3/lib/python3.6/site-packages/requests/adapters.py", line 498, in send
    raise ConnectionError(err, request=request)
requests.exceptions.ConnectionError: ('Connection aborted.', RemoteDisconnected('Remote end closed connection without response',))
 14%|█▎        | 32/234 [00:32<02:11,  1.53it/s]INFO:__main__:Requesting https://vadosware.io/post/paxosmon-gotta-concensus-them-all
INFO:__main__:Getting metadata for https://vadosware.io/post/paxosmon-gotta-concensus-them-all/
 14%|█▍        | 33/234 [00:34<03:19,  1.01it/s]INFO:__main__:Requesting https://www.researchgate.net/publication/320371248_Pure_Operation-Based_Replicated_Data_Types
 15%|█▍        | 34/234 [00:34<02:37,  1.27it/s]INFO:__main__:Requesting https://www.washingtonpost.com/health/2019/02/28/weekend-catch-up-sleep-is-lie/
ERROR:__main__:Could not reach https://www.washingtonpost.com/health/2019/02/28/weekend-catch-up-sleep-is-lie/
Traceback (most recent call last):
  File "/home/travis/virtualenv/python3.6.3/lib/python3.6/site-packages/urllib3/connectionpool.py", line 384, in _make_request
    six.raise_from(e, None)
  File "<string>", line 2, in raise_from
  File "/home/travis/virtualenv/python3.6.3/lib/python3.6/site-packages/urllib3/connectionpool.py", line 380, in _make_request
    httplib_response = conn.getresponse()
  File "/opt/python/3.6.3/lib/python3.6/http/client.py", line 1331, in getresponse
    response.begin()
  File "/opt/python/3.6.3/lib/python3.6/http/client.py", line 297, in begin
    version, status, reason = self._read_status()
  File "/opt/python/3.6.3/lib/python3.6/http/client.py", line 258, in _read_status
    line = str(self.fp.readline(_MAXLINE + 1), "iso-8859-1")
  File "/opt/python/3.6.3/lib/python3.6/socket.py", line 586, in readinto
    return self._sock.recv_into(b)
  File "/opt/python/3.6.3/lib/python3.6/ssl.py", line 1009, in recv_into
    return self.read(nbytes, buffer)
  File "/opt/python/3.6.3/lib/python3.6/ssl.py", line 871, in read
    return self._sslobj.read(len, buffer)
  File "/opt/python/3.6.3/lib/python3.6/ssl.py", line 631, in read
    v = self._sslobj.read(len, buffer)
socket.timeout: The read operation timed out

During handling of the above exception, another exception occurred:

Traceback (most recent call last):
  File "/home/travis/virtualenv/python3.6.3/lib/python3.6/site-packages/requests/adapters.py", line 449, in send
    timeout=timeout
  File "/home/travis/virtualenv/python3.6.3/lib/python3.6/site-packages/urllib3/connectionpool.py", line 638, in urlopen
    _stacktrace=sys.exc_info()[2])
  File "/home/travis/virtualenv/python3.6.3/lib/python3.6/site-packages/urllib3/util/retry.py", line 367, in increment
    raise six.reraise(type(error), error, _stacktrace)
  File "/home/travis/virtualenv/python3.6.3/lib/python3.6/site-packages/urllib3/packages/six.py", line 686, in reraise
    raise value
  File "/home/travis/virtualenv/python3.6.3/lib/python3.6/site-packages/urllib3/connectionpool.py", line 600, in urlopen
    chunked=chunked)
  File "/home/travis/virtualenv/python3.6.3/lib/python3.6/site-packages/urllib3/connectionpool.py", line 386, in _make_request
    self._raise_timeout(err=e, url=url, timeout_value=read_timeout)
  File "/home/travis/virtualenv/python3.6.3/lib/python3.6/site-packages/urllib3/connectionpool.py", line 306, in _raise_timeout
    raise ReadTimeoutError(self, url, "Read timed out. (read timeout=%s)" % timeout_value)
urllib3.exceptions.ReadTimeoutError: HTTPSConnectionPool(host='www.washingtonpost.com', port=443): Read timed out. (read timeout=6)

During handling of the above exception, another exception occurred:

Traceback (most recent call last):
  File "../_scripts/crawler/crawler.py", line 210, in metafy_url
    response = requests.get(url, timeout=6, headers={'User-Agent': 'Mozilla/5.0'})
  File "/home/travis/virtualenv/python3.6.3/lib/python3.6/site-packages/requests/api.py", line 75, in get
    return request('get', url, params=params, **kwargs)
  File "/home/travis/virtualenv/python3.6.3/lib/python3.6/site-packages/requests/api.py", line 60, in request
    return session.request(method=method, url=url, **kwargs)
  File "/home/travis/virtualenv/python3.6.3/lib/python3.6/site-packages/requests/sessions.py", line 533, in request
    resp = self.send(prep, **send_kwargs)
  File "/home/travis/virtualenv/python3.6.3/lib/python3.6/site-packages/requests/sessions.py", line 646, in send
    r = adapter.send(request, **kwargs)
  File "/home/travis/virtualenv/python3.6.3/lib/python3.6/site-packages/requests/adapters.py", line 529, in send
    raise ReadTimeout(e, request=request)
requests.exceptions.ReadTimeout: HTTPSConnectionPool(host='www.washingtonpost.com', port=443): Read timed out. (read timeout=6)
 15%|█▍        | 35/234 [00:40<07:53,  2.38s/it]INFO:__main__:Requesting https://www.huffingtonpost.com/entry/7-scary-ways-sleep-deprivation-affects-teen-physical-and-mental-health_us_55a7bd07e4b04740a3df0fb3
INFO:__main__:Getting metadata for https://www.huffingtonpost.com/entry/7-scary-ways-sleep-deprivation-affects-teen-physical-and-mental-health_us_55a7bd07e4b04740a3df0fb3
 15%|█▌        | 36/234 [00:40<05:45,  1.75s/it]INFO:__main__:Requesting https://www.huffpost.com/entry/teen-sleep-crimes-adults_n_58b70880e4b019d36d0fec64
INFO:__main__:Getting metadata for https://www.huffpost.com/entry/teen-sleep-crimes-adults_n_58b70880e4b019d36d0fec64
ERROR:__main__:Could not get metadata for https://www.huffpost.com/entry/teen-sleep-crimes-adults_n_58b70880e4b019d36d0fec64
Traceback (most recent call last):
  File "/home/travis/virtualenv/python3.6.3/lib/python3.6/site-packages/urllib3/response.py", line 324, in _decode
    data = self._decoder.decompress(data)
  File "/home/travis/virtualenv/python3.6.3/lib/python3.6/site-packages/urllib3/response.py", line 77, in decompress
    ret += self._obj.decompress(data)
zlib.error: Error -3 while decompressing data: incorrect header check

During handling of the above exception, another exception occurred:

Traceback (most recent call last):
  File "/home/travis/virtualenv/python3.6.3/lib/python3.6/site-packages/requests/models.py", line 750, in generate
    for chunk in self.raw.stream(chunk_size, decode_content=True):
  File "/home/travis/virtualenv/python3.6.3/lib/python3.6/site-packages/urllib3/response.py", line 494, in stream
    data = self.read(amt=amt, decode_content=decode_content)
  File "/home/travis/virtualenv/python3.6.3/lib/python3.6/site-packages/urllib3/response.py", line 466, in read
    data = self._decode(data, decode_content, flush_decoder)
  File "/home/travis/virtualenv/python3.6.3/lib/python3.6/site-packages/urllib3/response.py", line 329, in _decode
    "failed to decode it." % content_encoding, e)
urllib3.exceptions.DecodeError: ('Received response with content-encoding: gzip, but failed to decode it.', error('Error -3 while decompressing data: incorrect header check',))

During handling of the above exception, another exception occurred:

Traceback (most recent call last):
  File "../_scripts/crawler/crawler.py", line 93, in _get_site_title_and_description
    title, description, _ = web_preview(url, content=content)
  File "/home/travis/virtualenv/python3.6.3/lib/python3.6/site-packages/webpreview/previews.py", line 190, in web_preview
    og = OpenGraph(url, ['og:title', 'og:description', 'og:image'], timeout=timeout, headers=headers, content=content)
  File "/home/travis/virtualenv/python3.6.3/lib/python3.6/site-packages/webpreview/previews.py", line 165, in __init__
    super(OpenGraph, self).__init__(*args, **kwargs)
  File "/home/travis/virtualenv/python3.6.3/lib/python3.6/site-packages/webpreview/previews.py", line 131, in __init__
    super(SocialPreviewBase, self).__init__(*args, **kwargs)
  File "/home/travis/virtualenv/python3.6.3/lib/python3.6/site-packages/webpreview/previews.py", line 34, in __init__
    res = requests.get(url, timeout=timeout, headers=headers)
  File "/home/travis/virtualenv/python3.6.3/lib/python3.6/site-packages/requests/api.py", line 75, in get
    return request('get', url, params=params, **kwargs)
  File "/home/travis/virtualenv/python3.6.3/lib/python3.6/site-packages/requests/api.py", line 60, in request
    return session.request(method=method, url=url, **kwargs)
  File "/home/travis/virtualenv/python3.6.3/lib/python3.6/site-packages/requests/sessions.py", line 533, in request
    resp = self.send(prep, **send_kwargs)
  File "/home/travis/virtualenv/python3.6.3/lib/python3.6/site-packages/requests/sessions.py", line 686, in send
    r.content
  File "/home/travis/virtualenv/python3.6.3/lib/python3.6/site-packages/requests/models.py", line 828, in content
    self._content = b''.join(self.iter_content(CONTENT_CHUNK_SIZE)) or b''
  File "/home/travis/virtualenv/python3.6.3/lib/python3.6/site-packages/requests/models.py", line 755, in generate
    raise ContentDecodingError(e)
requests.exceptions.ContentDecodingError: ('Received response with content-encoding: gzip, but failed to decode it.', error('Error -3 while decompressing data: incorrect header check',))
 16%|█▌        | 37/234 [00:41<04:18,  1.31s/it]INFO:__main__:Requesting https://en.wikipedia.org/wiki/Replication_crisis
INFO:__main__:Getting metadata for https://en.wikipedia.org/wiki/Replication_crisis
 16%|█▌        | 38/234 [00:42<04:30,  1.38s/it]INFO:__main__:Requesting https://www.sciencealert.com/replication-results-reproducibility-crisis-science-nature-journals
INFO:__main__:Getting metadata for https://www.sciencealert.com/replication-results-reproducibility-crisis-science-nature-journals
 17%|█▋        | 39/234 [00:43<03:43,  1.15s/it]INFO:__main__:Requesting https://onlinelibrary.wiley.com/doi/full/10.1111/jsr.12712
INFO:__main__:Getting metadata for https://onlinelibrary.wiley.com/doi/full/10.1111/jsr.12712
 17%|█▋        | 40/234 [00:55<14:40,  4.54s/it]INFO:__main__:Requesting https://www.goodreads.com/book/show/34466963
INFO:__main__:Getting metadata for https://www.goodreads.com/book/show/34466963-why-we-sleep
 18%|█▊        | 41/234 [00:56<11:23,  3.54s/it]INFO:__main__:Requesting https://onlinelibrary.wiley.com/doi/pdf/10.1111/jsr.12712
INFO:__main__:Getting metadata for https://onlinelibrary.wiley.com/doi/pdf/10.1111/jsr.12712
 18%|█▊        | 42/234 [01:05<16:08,  5.05s/it]INFO:__main__:Requesting https://www.ncbi.nlm.nih.gov/pmc/articles/PMC5639921/#!po=7.85124
INFO:__main__:Getting metadata for https://www.ncbi.nlm.nih.gov/pmc/articles/PMC5639921/#!po=7.85124
 18%|█▊        | 43/234 [01:06<12:21,  3.88s/it]INFO:__main__:Requesting https://www.goodreads.com/book/show/34466963-why-we-sleep
INFO:__main__:Getting metadata for https://www.goodreads.com/book/show/34466963-why-we-sleep
 19%|█▉        | 44/234 [01:07<09:23,  2.96s/it]INFO:__main__:Requesting https://www.aumilight.com/
INFO:__main__:Getting metadata for https://www.aumilight.com
 19%|█▉        | 45/234 [01:07<06:52,  2.18s/it]INFO:__main__:Requesting https://shop.hatchbaby.com/pages/rest
INFO:__main__:Getting metadata for https://shop.hatchbaby.com/pages/rest
 20%|█▉        | 46/234 [01:08<05:08,  1.64s/it]INFO:__main__:Requesting https://www.keenglow.com/
INFO:__main__:Getting metadata for https://www.keenglow.com
 20%|██        | 47/234 [01:08<03:58,  1.27s/it]INFO:__main__:Requesting https://archive.fo/0ruX4
ERROR:__main__:Could not reach https://archive.fo/0ruX4
Traceback (most recent call last):
  File "/home/travis/virtualenv/python3.6.3/lib/python3.6/site-packages/urllib3/response.py", line 360, in _error_catcher
    yield
  File "/home/travis/virtualenv/python3.6.3/lib/python3.6/site-packages/urllib3/response.py", line 442, in read
    data = self._fp.read(amt)
  File "/opt/python/3.6.3/lib/python3.6/http/client.py", line 449, in read
    n = self.readinto(b)
  File "/opt/python/3.6.3/lib/python3.6/http/client.py", line 493, in readinto
    n = self.fp.readinto(b)
  File "/opt/python/3.6.3/lib/python3.6/socket.py", line 586, in readinto
    return self._sock.recv_into(b)
  File "/opt/python/3.6.3/lib/python3.6/ssl.py", line 1009, in recv_into
    return self.read(nbytes, buffer)
  File "/opt/python/3.6.3/lib/python3.6/ssl.py", line 871, in read
    return self._sslobj.read(len, buffer)
  File "/opt/python/3.6.3/lib/python3.6/ssl.py", line 631, in read
    v = self._sslobj.read(len, buffer)
socket.timeout: The read operation timed out

During handling of the above exception, another exception occurred:

Traceback (most recent call last):
  File "/home/travis/virtualenv/python3.6.3/lib/python3.6/site-packages/requests/models.py", line 750, in generate
    for chunk in self.raw.stream(chunk_size, decode_content=True):
  File "/home/travis/virtualenv/python3.6.3/lib/python3.6/site-packages/urllib3/response.py", line 494, in stream
    data = self.read(amt=amt, decode_content=decode_content)
  File "/home/travis/virtualenv/python3.6.3/lib/python3.6/site-packages/urllib3/response.py", line 459, in read
    raise IncompleteRead(self._fp_bytes_read, self.length_remaining)
  File "/opt/python/3.6.3/lib/python3.6/contextlib.py", line 99, in __exit__
    self.gen.throw(type, value, traceback)
  File "/home/travis/virtualenv/python3.6.3/lib/python3.6/site-packages/urllib3/response.py", line 365, in _error_catcher
    raise ReadTimeoutError(self._pool, None, 'Read timed out.')
urllib3.exceptions.ReadTimeoutError: HTTPSConnectionPool(host='archive.fo', port=443): Read timed out.

During handling of the above exception, another exception occurred:

Traceback (most recent call last):
  File "../_scripts/crawler/crawler.py", line 210, in metafy_url
    response = requests.get(url, timeout=6, headers={'User-Agent': 'Mozilla/5.0'})
  File "/home/travis/virtualenv/python3.6.3/lib/python3.6/site-packages/requests/api.py", line 75, in get
    return request('get', url, params=params, **kwargs)
  File "/home/travis/virtualenv/python3.6.3/lib/python3.6/site-packages/requests/api.py", line 60, in request
    return session.request(method=method, url=url, **kwargs)
  File "/home/travis/virtualenv/python3.6.3/lib/python3.6/site-packages/requests/sessions.py", line 533, in request
    resp = self.send(prep, **send_kwargs)
  File "/home/travis/virtualenv/python3.6.3/lib/python3.6/site-packages/requests/sessions.py", line 686, in send
    r.content
  File "/home/travis/virtualenv/python3.6.3/lib/python3.6/site-packages/requests/models.py", line 828, in content
    self._content = b''.join(self.iter_content(CONTENT_CHUNK_SIZE)) or b''
  File "/home/travis/virtualenv/python3.6.3/lib/python3.6/site-packages/requests/models.py", line 757, in generate
    raise ConnectionError(e)
requests.exceptions.ConnectionError: HTTPSConnectionPool(host='archive.fo', port=443): Read timed out.
 21%|██        | 48/234 [01:15<09:08,  2.95s/it]INFO:__main__:Requesting https://www.cell.com/current-biology/fulltext/S0960-9822(19)30098-3
INFO:__main__:Getting metadata for https://www.cell.com/current-biology/fulltext/S0960-9822(19)30098-3
 21%|██        | 49/234 [01:20<11:12,  3.63s/it]INFO:__main__:Requesting https://www.nationalgeographic.com/culture/2019/03/maya-ritual-balamku-cave-stuns-archaeologists/
INFO:__main__:Getting metadata for https://www.nationalgeographic.com/culture/2019/03/maya-ritual-balamku-cave-stuns-archaeologists/
 21%|██▏       | 50/234 [01:20<08:02,  2.62s/it]INFO:__main__:Requesting https://en.wikipedia.org/wiki/Chaac
INFO:__main__:Getting metadata for https://en.wikipedia.org/wiki/Chaac
 22%|██▏       | 51/234 [01:21<06:32,  2.15s/it]INFO:__main__:Requesting https://en.wikipedia.org/wiki/Tl%C4%81loc
INFO:__main__:Getting metadata for https://en.wikipedia.org/wiki/Tl%C4%81loc
 22%|██▏       | 52/234 [01:23<05:45,  1.90s/it]INFO:__main__:Requesting https://imgur.com/EHrwHs3.jpg
INFO:__main__:Getting metadata for https://i.imgur.com/EHrwHs3.jpg
 23%|██▎       | 53/234 [01:48<27:16,  9.04s/it]INFO:__main__:Requesting https://www.youtube.com/watch?v=FAY-t32vyds
INFO:__main__:Getting metadata for https://www.youtube.com/watch?v=FAY-t32vyds
 23%|██▎       | 54/234 [01:50<19:56,  6.65s/it]INFO:__main__:Requesting https://i.imgur.com/BkmpH9v.jpg
INFO:__main__:Getting metadata for https://i.imgur.com/BkmpH9v.jpg
 24%|██▎       | 55/234 [01:56<19:24,  6.51s/it]INFO:__main__:Requesting https://en.wikipedia.org/wiki/Maya_codices
INFO:__main__:Getting metadata for https://en.wikipedia.org/wiki/Maya_codices
 24%|██▍       | 56/234 [01:57<14:34,  4.92s/it]INFO:__main__:Requesting https://www.bostonglobe.com/metro/2019/03/04/the-backyard-mechanic-who-taking-tesla/Sv1l8q2sxpQvTFMp13VFwM/story.html
INFO:__main__:Getting metadata for https://www.bostonglobe.com/metro/2019/03/04/the-backyard-mechanic-who-taking-tesla/Sv1l8q2sxpQvTFMp13VFwM/story.html
 24%|██▍       | 57/234 [01:57<10:19,  3.50s/it]INFO:__main__:Requesting https://www.youtube.com/channel/UCfV0_wbjG8KJADuZT2ct4SA
INFO:__main__:Getting metadata for https://www.youtube.com/channel/UCfV0_wbjG8KJADuZT2ct4SA
 25%|██▍       | 58/234 [02:00<09:31,  3.25s/it]INFO:__main__:Requesting https://youtu.be/NuAMczraBIM
INFO:__main__:Getting metadata for https://www.youtube.com/watch?v=NuAMczraBIM&feature=youtu.be
 25%|██▌       | 59/234 [02:01<07:28,  2.56s/it]INFO:__main__:Requesting https://www.occrp.org/en/troikalaundromat/
INFO:__main__:Getting metadata for https://www.occrp.org/en/troikalaundromat/
 26%|██▌       | 60/234 [02:02<06:13,  2.15s/it]INFO:__main__:Requesting https://www.occrp.org/en/troikalaundromat/vast-offshore-network-moved-billions-with-help-from-major-russian-bank
INFO:__main__:Getting metadata for https://www.occrp.org/en/troikalaundromat/vast-offshore-network-moved-billions-with-help-from-major-russian-bank
 26%|██▌       | 61/234 [02:03<05:16,  1.83s/it]INFO:__main__:Requesting https://www.scribd.com/document/122217408/USAID-DAI-Contract
INFO:__main__:Getting metadata for https://www.scribd.com/document/122217408/USAID-DAI-Contract
 26%|██▋       | 62/234 [02:04<04:12,  1.47s/it]INFO:__main__:Requesting https://en.wikipedia.org/wiki/Economy_of_Russia
INFO:__main__:Getting metadata for https://en.wikipedia.org/wiki/Economy_of_Russia
 27%|██▋       | 63/234 [02:07<05:31,  1.94s/it]INFO:__main__:Requesting https://en.m.wikipedia.org/wiki/Tax_avoidance
INFO:__main__:Getting metadata for https://en.m.wikipedia.org/wiki/Tax_avoidance
 27%|██▋       | 64/234 [02:08<04:56,  1.74s/it]INFO:__main__:Requesting https://en.m.wikipedia.org/wiki/Corruption_in_Greece
INFO:__main__:Getting metadata for https://en.m.wikipedia.org/wiki/Corruption_in_Greece
 28%|██▊       | 65/234 [02:09<04:25,  1.57s/it]INFO:__main__:Requesting https://www.businessinsider.com/r-special-report-in-pentagon-deal-with-russians-big-profit-for-tiny-florida-firm-2014-11
INFO:__main__:Getting metadata for https://www.businessinsider.com/r-special-report-in-pentagon-deal-with-russians-big-profit-for-tiny-florida-firm-2014-11
 28%|██▊       | 66/234 [02:09<03:17,  1.17s/it]INFO:__main__:Requesting https://data.london.gov.uk/dataset/uk-house-price-index
INFO:__main__:Getting metadata for https://data.london.gov.uk/dataset/uk-house-price-index
 29%|██▊       | 67/234 [02:13<05:19,  1.91s/it]INFO:__main__:Requesting https://data.occrp.org
INFO:__main__:Getting metadata for https://data.occrp.org
 29%|██▉       | 68/234 [02:14<04:28,  1.62s/it]INFO:__main__:Requesting https://www.occrp.org/en/troikalaundromat/about-the-data
INFO:__main__:Getting metadata for https://www.occrp.org/en/troikalaundromat/about-the-data
 29%|██▉       | 69/234 [02:15<03:51,  1.40s/it]INFO:__main__:Requesting https://www.occrp.org/en/responsible-disclosure
INFO:__main__:Getting metadata for https://www.occrp.org/en/responsible-disclosure
 30%|██▉       | 70/234 [02:16<03:26,  1.26s/it]INFO:__main__:Requesting http://investor.bankofamerica.com/phoenix.zhtml?c=71595&p=irol-antimoneylaundering
INFO:__main__:Getting metadata for http://investor.bankofamerica.com/phoenix.zhtml?c=71595&p=irol-antimoneylaundering
 30%|███       | 71/234 [02:16<02:34,  1.06it/s]INFO:__main__:Requesting https://www.bbc.com/news/science-environment-39482342
INFO:__main__:Getting metadata for https://www.bbc.com/news/science-environment-39482342
 31%|███       | 72/234 [02:16<02:03,  1.31it/s]INFO:__main__:Requesting https://www.reddit.com/r/askscience/comments/6tzy80/graphene_can_do_just_about_anything_except_leave/
INFO:__main__:Getting metadata for https://www.reddit.com/r/askscience/comments/6tzy80/graphene_can_do_just_about_anything_except_leave/
 31%|███       | 73/234 [02:18<02:29,  1.08it/s]INFO:__main__:Requesting https://arstechnica.com/science/2011/08/desalinization-is-this-as-good-as-it-gets/
INFO:__main__:Getting metadata for https://arstechnica.com/science/2011/08/desalinization-is-this-as-good-as-it-gets/
 32%|███▏      | 74/234 [02:18<01:56,  1.37it/s]INFO:__main__:Requesting http://science.sciencemag.org/content/333/6043/712
INFO:__main__:Getting metadata for http://science.sciencemag.org/content/333/6043/712
 32%|███▏      | 75/234 [02:20<03:05,  1.17s/it]INFO:__main__:Requesting https://www.mercurynews.com/2014/05/29/nations-largest-ocean-desalination-plant-goes-up-near-san-diego-future-of-the-california-coast/
INFO:__main__:Getting metadata for https://www.mercurynews.com/2014/05/29/nations-largest-ocean-desalination-plant-goes-up-near-san-diego-future-of-the-california-coast/
 32%|███▏      | 76/234 [02:21<02:57,  1.13s/it]INFO:__main__:Requesting https://www.npr.org/sections/money/2011/10/27/141766341/the-price-of-electricity-in-your-state
INFO:__main__:Getting metadata for https://www.npr.org/sections/money/2011/10/27/141766341/the-price-of-electricity-in-your-state
 33%|███▎      | 77/234 [02:21<02:19,  1.13it/s]INFO:__main__:Requesting https://www.bloomberg.com/news/articles/2019-01-08/saudi-thirst-for-water-is-seen-creating-a-toxic-brine-problem
INFO:__main__:Getting metadata for https://www.bloomberg.com/tosv2.html?vid=&uuid=44814e10-4010-11e9-9892-77bc71a5d21d&url=L25ld3MvYXJ0aWNsZXMvMjAxOS0wMS0wOC9zYXVkaS10aGlyc3QtZm9yLXdhdGVyLWlzLXNlZW4tY3JlYXRpbmctYS10b3hpYy1icmluZS1wcm9ibGVt
 33%|███▎      | 78/234 [02:22<02:03,  1.26it/s]INFO:__main__:Requesting https://www.aljazeera.com/news/2016/06/israel-water-tool-dominate-palestinians-160619062531348.html
INFO:__main__:Getting metadata for https://www.aljazeera.com/news/2016/06/israel-water-tool-dominate-palestinians-160619062531348.html
 34%|███▍      | 79/234 [02:22<01:42,  1.52it/s]INFO:__main__:Requesting https://water.usgs.gov/edu/qa-home-percapita.html
INFO:__main__:Getting metadata for https://water.usgs.gov/edu/qa-home-percapita.html
 34%|███▍      | 80/234 [02:24<02:49,  1.10s/it]INFO:__main__:Requesting https://www.youtube.com/watch?v=qZ5ut_4zKug
INFO:__main__:Getting metadata for https://www.youtube.com/watch?v=qZ5ut_4zKug
 35%|███▍      | 81/234 [02:26<02:48,  1.10s/it]INFO:__main__:Requesting https://shipilev.net/jvm/anatomy-quarks/23-compressed-references/
INFO:__main__:Getting metadata for https://shipilev.net/jvm/anatomy-quarks/23-compressed-references/
 35%|███▌      | 82/234 [02:29<04:21,  1.72s/it]INFO:__main__:Requesting https://en.wikipedia.org/wiki/Succinct_data_structure
INFO:__main__:Getting metadata for https://en.wikipedia.org/wiki/Succinct_data_structure
 35%|███▌      | 83/234 [02:30<04:00,  1.59s/it]INFO:__main__:Requesting https://en.wikipedia.org/wiki/Compressed_data_structure
INFO:__main__:Getting metadata for https://en.wikipedia.org/wiki/Compressed_data_structure
 36%|███▌      | 84/234 [02:31<03:19,  1.33s/it]INFO:__main__:Requesting https://github.com/rust-lang/rust/pull/45225
INFO:__main__:Getting metadata for https://github.com/rust-lang/rust/pull/45225
 36%|███▋      | 85/234 [02:36<06:31,  2.63s/it]INFO:__main__:Requesting https://letoverlambda.com/
INFO:__main__:Getting metadata for https://letoverlambda.com
 37%|███▋      | 86/234 [02:37<05:08,  2.09s/it]INFO:__main__:Requesting http://www.greghendershott.com/fear-of-macros/fear-of-macros.jpg
INFO:__main__:Getting metadata for http://www.greghendershott.com/fear-of-macros/fear-of-macros.jpg
 37%|███▋      | 87/234 [02:38<04:09,  1.70s/it]INFO:__main__:Requesting https://letoverlambda.com/index.cl/guest/chap6.html
INFO:__main__:Getting metadata for https://letoverlambda.com/index.cl/guest/chap6.html
 38%|███▊      | 88/234 [02:39<03:53,  1.60s/it]INFO:__main__:Requesting https://github.com/thephoeron/let-over-lambda
INFO:__main__:Getting metadata for https://github.com/thephoeron/let-over-lambda
 38%|███▊      | 89/234 [02:41<03:36,  1.49s/it]INFO:__main__:Requesting http://www.paulgraham.com/onlisptext.html
INFO:__main__:Getting metadata for http://www.paulgraham.com/onlisptext.html
 38%|███▊      | 90/234 [02:41<02:52,  1.20s/it]INFO:__main__:Requesting http://stevelosh.com/blog/2018/08/a-road-to-common-lisp/
INFO:__main__:Getting metadata for http://stevelosh.com/blog/2018/08/a-road-to-common-lisp/
 39%|███▉      | 91/234 [02:42<02:33,  1.08s/it]INFO:__main__:Requesting https://github.com/xgdsmileboy/SimFix
INFO:__main__:Getting metadata for https://github.com/xgdsmileboy/SimFix
 39%|███▉      | 92/234 [02:43<02:28,  1.04s/it]INFO:__main__:Requesting https://www.theringer.com/tech/2019/3/5/18249733/happiest-day-internet-history-ranking
INFO:__main__:Getting metadata for https://www.theringer.com/tech/2019/3/5/18249733/happiest-day-internet-history-ranking
 40%|███▉      | 93/234 [02:43<01:53,  1.24it/s]INFO:__main__:Requesting https://journals.plos.org/plosone/article?id=10.1371/journal.pone.0026752
INFO:__main__:Getting metadata for https://journals.plos.org/plosone/article?id=10.1371/journal.pone.0026752
 40%|████      | 94/234 [02:47<04:02,  1.73s/it]INFO:__main__:Requesting https://en.m.wikipedia.org/wiki/2016_United_States_presidential_election
INFO:__main__:Getting metadata for https://en.m.wikipedia.org/wiki/2016_United_States_presidential_election
 41%|████      | 95/234 [02:54<07:33,  3.26s/it]INFO:__main__:Requesting http://blog.unicode.org/2019/03/announcing-unicode-standard-version-120.html
INFO:__main__:Getting metadata for http://blog.unicode.org/2019/03/announcing-unicode-standard-version-120.html
 41%|████      | 96/234 [02:54<05:35,  2.43s/it]INFO:__main__:Requesting http://baldi.me/blog/emoji-in-sql
INFO:__main__:Getting metadata for http://baldi.me/blog/emoji-in-sql
 41%|████▏     | 97/234 [02:55<04:14,  1.86s/it]INFO:__main__:Requesting http://www.unicode.org/emoji/charts/emoji-released.html
INFO:__main__:Getting metadata for http://www.unicode.org/emoji/charts/emoji-released.html
 42%|████▏     | 98/234 [02:59<05:37,  2.48s/it]INFO:__main__:Requesting https://loveeevee.github.io/Dots-Converter/retro.html
INFO:__main__:Getting metadata for https://loveeevee.github.io/Dots-Converter/retro.html
 42%|████▏     | 99/234 [02:59<04:10,  1.85s/it]INFO:__main__:Requesting https://numenta.com/blog/2019/01/16/the-thousand-brains-theory-of-intelligence/
INFO:__main__:Getting metadata for https://numenta.com/blog/2019/01/16/the-thousand-brains-theory-of-intelligence/
 43%|████▎     | 100/234 [03:00<03:18,  1.48s/it]INFO:__main__:Requesting https://discourse.numenta.org/
INFO:__main__:Getting metadata for https://discourse.numenta.org
 43%|████▎     | 101/234 [03:01<02:46,  1.25s/it]INFO:__main__:Requesting https://en.wikipedia.org/wiki/Random_forest
INFO:__main__:Getting metadata for https://en.wikipedia.org/wiki/Random_forest
 44%|████▎     | 102/234 [03:03<03:26,  1.56s/it]INFO:__main__:Requesting https://www.tesorio.com/careers/
INFO:__main__:Getting metadata for https://www.tesorio.com/careers/
 44%|████▍     | 103/234 [03:03<02:41,  1.23s/it]INFO:__main__:Requesting https://utcc.utoronto.ca/~cks/space/blog/unix/ShellPipelineIndeterminate
INFO:__main__:Getting metadata for https://utcc.utoronto.ca/~cks/space/blog/unix/ShellPipelineIndeterminate
 44%|████▍     | 104/234 [03:05<02:50,  1.31s/it]INFO:__main__:Requesting https://linux.die.net/man/1/sponge
INFO:__main__:Getting metadata for https://linux.die.net/man/1/sponge
 45%|████▍     | 105/234 [03:06<02:51,  1.33s/it]INFO:__main__:Requesting https://askubuntu.com/questions/481906/what-does-tty-stand-for/482244#482244
INFO:__main__:Getting metadata for https://askubuntu.com/questions/481906/what-does-tty-stand-for/482244#482244
 45%|████▌     | 106/234 [03:07<02:18,  1.09s/it]INFO:__main__:Requesting https://www.python.org/dev/peps/pep-0584/
INFO:__main__:Getting metadata for https://www.python.org/dev/peps/pep-0584/
 46%|████▌     | 107/234 [03:07<01:44,  1.21it/s]INFO:__main__:Requesting https://en.wikipedia.org/wiki/Liskov_substitution_principle
INFO:__main__:Getting metadata for https://en.wikipedia.org/wiki/Liskov_substitution_principle
 46%|████▌     | 108/234 [03:08<01:43,  1.21it/s]INFO:__main__:Requesting https://doc.rust-lang.org/stable/src/std/collections/hash/set.rs.html#111-113
INFO:__main__:Getting metadata for https://doc.rust-lang.org/stable/src/std/collections/hash/set.rs.html#111-113
 47%|████▋     | 109/234 [03:11<03:10,  1.52s/it]INFO:__main__:Requesting https://docs.scala-lang.org/overviews/collections/maps.html
INFO:__main__:Getting metadata for https://docs.scala-lang.org/overviews/collections/maps.html
 47%|████▋     | 110/234 [03:14<04:08,  2.01s/it]INFO:__main__:Requesting https://bugs.python.org/issue36144#msg336848
INFO:__main__:Getting metadata for https://bugs.python.org/issue36144#msg336848
 47%|████▋     | 111/234 [03:18<05:07,  2.50s/it]INFO:__main__:Requesting https://www.dw.com/en/european-parliament-set-to-end-eu-wide-daylight-savings/a-47775317
INFO:__main__:Getting metadata for https://www.dw.com/en/european-parliament-set-to-end-eu-wide-daylight-savings/a-47775317
 48%|████▊     | 112/234 [03:19<04:20,  2.13s/it]INFO:__main__:Requesting http://www.legislation.gov.uk/uksi/2002/262/article/2/made
INFO:__main__:Getting metadata for http://www.legislation.gov.uk/uksi/2002/262/article/2/made
 48%|████▊     | 113/234 [03:20<03:36,  1.79s/it]INFO:__main__:Requesting https://infiniteundo.com/post/25509354022/more-falsehoods-programmers-believe-about-time
INFO:__main__:Getting metadata for https://infiniteundo.com/post/25509354022/more-falsehoods-programmers-believe-about-time
 49%|████▊     | 114/234 [03:21<02:54,  1.46s/it]INFO:__main__:Requesting http://creativedeletion.com/2015/01/28/falsehoods-programmers-date-time-zones.html
INFO:__main__:Getting metadata for http://www.creativedeletion.com/2015/01/28/falsehoods-programmers-date-time-zones.html
 49%|████▉     | 115/234 [03:21<02:14,  1.13s/it]INFO:__main__:Requesting http://www.webexhibits.org/daylightsaving/usc.html
INFO:__main__:Getting metadata for http://www.webexhibits.org/daylightsaving/usc.html
 50%|████▉     | 116/234 [03:22<02:05,  1.06s/it]INFO:__main__:Requesting https://en.wikipedia.org/wiki/Daylight_saving_time_in_the_United_States#1966%E2%80%931972:_Federal_standard_established
INFO:__main__:Getting metadata for https://en.wikipedia.org/wiki/Daylight_saving_time_in_the_United_States#1966%E2%80%931972:_Federal_standard_established
 50%|█████     | 117/234 [03:23<02:09,  1.11s/it]INFO:__main__:Requesting https://www.dw.com/en/eu-citizens-feel-times-up-for-changing-clocks/a-45263664
INFO:__main__:Getting metadata for https://www.dw.com/en/eu-citizens-feel-times-up-for-changing-clocks/a-45263664
 50%|█████     | 118/234 [03:24<02:08,  1.11s/it]INFO:__main__:Requesting https://eur-lex.europa.eu/legal-content/EN/TXT/?uri=CELEX:52018SC0406
INFO:__main__:Getting metadata for https://eur-lex.europa.eu/legal-content/EN/TXT/?uri=CELEX:52018SC0406
 51%|█████     | 119/234 [03:29<04:09,  2.17s/it]INFO:__main__:Requesting https://qz.com/1375622/eu-citizens-voted-to-abolish-daylight-saving-time-in-a-landslide/
INFO:__main__:Getting metadata for https://qz.com/1375622/eu-citizens-voted-to-abolish-daylight-saving-time-in-a-landslide/
 51%|█████▏    | 120/234 [03:29<02:58,  1.57s/it]INFO:__main__:Requesting https://en.wikipedia.org/wiki/Apportionment_in_the_European_Parliament
INFO:__main__:Getting metadata for https://en.wikipedia.org/wiki/Apportionment_in_the_European_Parliament
 52%|█████▏    | 121/234 [03:31<03:18,  1.76s/it]INFO:__main__:Requesting https://en.wikipedia.org/wiki/Degressive_proportionality
INFO:__main__:Getting metadata for https://en.wikipedia.org/wiki/Degressive_proportionality
 52%|█████▏    | 122/234 [03:32<02:42,  1.45s/it]INFO:__main__:Requesting https://en.wikipedia.org/wiki/Daylight_saving_time#History
INFO:__main__:Getting metadata for https://en.wikipedia.org/wiki/Daylight_saving_time#History
 53%|█████▎    | 123/234 [03:34<03:09,  1.70s/it]INFO:__main__:Requesting https://www.timeanddate.com/sun/usa/san-francisco
INFO:__main__:Getting metadata for https://www.timeanddate.com/sun/usa/san-francisco
 53%|█████▎    | 124/234 [04:16<24:56, 13.61s/it]INFO:__main__:Requesting https://www.timeanddate.com/sun/sweden/stockholm
INFO:__main__:Getting metadata for https://www.timeanddate.com/sun/sweden/stockholm
 53%|█████▎    | 125/234 [04:37<28:50, 15.87s/it]INFO:__main__:Requesting https://www.timeanddate.com/sun/usa/honolulu
INFO:__main__:Getting metadata for https://www.timeanddate.com/sun/usa/honolulu
 54%|█████▍    | 126/234 [05:18<42:18, 23.51s/it]INFO:__main__:Requesting https://www.timeanddate.com/sun/norway/narvik
INFO:__main__:Getting metadata for https://www.timeanddate.com/sun/norway/narvik
 54%|█████▍    | 127/234 [05:39<40:40, 22.81s/it]INFO:__main__:Requesting https://qntm.org/abolish
INFO:__main__:Getting metadata for https://qntm.org/abolish
 55%|█████▍    | 128/234 [05:41<29:14, 16.55s/it]INFO:__main__:Requesting https://en.wikipedia.org/wiki/Swatch_Internet_Time
INFO:__main__:Getting metadata for https://en.wikipedia.org/wiki/Swatch_Internet_Time
 55%|█████▌    | 129/234 [05:42<20:41, 11.82s/it]INFO:__main__:Requesting https://europa.eu/european-union/about-eu/institutions-bodies/european-parliament_en
INFO:__main__:Getting metadata for https://europa.eu/european-union/about-eu/institutions-bodies/european-parliament_en
 56%|█████▌    | 130/234 [05:44<15:10,  8.76s/it]INFO:__main__:Requesting https://youtu.be/84aWtseb2-4?t=230
INFO:__main__:Getting metadata for https://www.youtube.com/watch?v=84aWtseb2-4&feature=youtu.be&t=230
 56%|█████▌    | 131/234 [05:45<10:58,  6.40s/it]INFO:__main__:Requesting https://www.nrc.nl/nieuws/2018/12/19/meeste-nederlanders-willen-hele-jaar-wintertijd-a3126390
INFO:__main__:Getting metadata for https://www.nrc.nl/nieuws/2018/12/19/meeste-nederlanders-willen-hele-jaar-wintertijd-a3126390
 56%|█████▋    | 132/234 [05:46<08:19,  4.90s/it]INFO:__main__:Requesting https://en.wikipedia.org/wiki/Northern_Cyprus
INFO:__main__:Getting metadata for https://en.wikipedia.org/wiki/Northern_Cyprus
 57%|█████▋    | 133/234 [05:49<07:14,  4.30s/it]INFO:__main__:Requesting https://briefingsforbrexit.com/
INFO:__main__:Getting metadata for https://briefingsforbrexit.com
 57%|█████▋    | 134/234 [05:52<06:35,  3.95s/it]INFO:__main__:Requesting https://www.ibtimes.co.uk/tony-benn-dead-five-questions-power-other-memorable-quotes-1440277
INFO:__main__:Getting metadata for https://www.ibtimes.co.uk/tony-benn-dead-five-questions-power-other-memorable-quotes-1440277
 58%|█████▊    | 135/234 [05:52<04:45,  2.89s/it]INFO:__main__:Requesting https://arxiv.org/abs/1903.00982
INFO:__main__:Getting metadata for https://arxiv.org/abs/1903.00982
 58%|█████▊    | 136/234 [05:54<04:00,  2.45s/it]INFO:__main__:Requesting https://www.rust-lang.org/governance
INFO:__main__:Getting metadata for https://www.rust-lang.org/governance
 59%|█████▊    | 137/234 [05:55<03:08,  1.94s/it]INFO:__main__:Requesting https://doc.rust-lang.org/nightly/error-index.html#E0261
INFO:__main__:Getting metadata for https://doc.rust-lang.org/nightly/error-index.html#E0261
 59%|█████▉    | 138/234 [06:02<05:44,  3.59s/it]INFO:__main__:Requesting https://runtimeverification.com/blog/k-framework-an-overview/
INFO:__main__:Getting metadata for https://runtimeverification.com/blog/k-framework-an-overview/
 59%|█████▉    | 139/234 [06:04<05:04,  3.20s/it]INFO:__main__:Requesting https://boren.blog/2017/01/26/autistic-burnout-the-cost-of-coping-and-passing/
ERROR:__main__:Could not reach https://boren.blog/2017/01/26/autistic-burnout-the-cost-of-coping-and-passing/
Traceback (most recent call last):
  File "/home/travis/virtualenv/python3.6.3/lib/python3.6/site-packages/urllib3/connectionpool.py", line 600, in urlopen
    chunked=chunked)
  File "/home/travis/virtualenv/python3.6.3/lib/python3.6/site-packages/urllib3/connectionpool.py", line 384, in _make_request
    six.raise_from(e, None)
  File "<string>", line 2, in raise_from
  File "/home/travis/virtualenv/python3.6.3/lib/python3.6/site-packages/urllib3/connectionpool.py", line 380, in _make_request
    httplib_response = conn.getresponse()
  File "/opt/python/3.6.3/lib/python3.6/http/client.py", line 1331, in getresponse
    response.begin()
  File "/opt/python/3.6.3/lib/python3.6/http/client.py", line 297, in begin
    version, status, reason = self._read_status()
  File "/opt/python/3.6.3/lib/python3.6/http/client.py", line 266, in _read_status
    raise RemoteDisconnected("Remote end closed connection without"
http.client.RemoteDisconnected: Remote end closed connection without response

During handling of the above exception, another exception occurred:

Traceback (most recent call last):
  File "/home/travis/virtualenv/python3.6.3/lib/python3.6/site-packages/requests/adapters.py", line 449, in send
    timeout=timeout
  File "/home/travis/virtualenv/python3.6.3/lib/python3.6/site-packages/urllib3/connectionpool.py", line 638, in urlopen
    _stacktrace=sys.exc_info()[2])
  File "/home/travis/virtualenv/python3.6.3/lib/python3.6/site-packages/urllib3/util/retry.py", line 367, in increment
    raise six.reraise(type(error), error, _stacktrace)
  File "/home/travis/virtualenv/python3.6.3/lib/python3.6/site-packages/urllib3/packages/six.py", line 685, in reraise
    raise value.with_traceback(tb)
  File "/home/travis/virtualenv/python3.6.3/lib/python3.6/site-packages/urllib3/connectionpool.py", line 600, in urlopen
    chunked=chunked)
  File "/home/travis/virtualenv/python3.6.3/lib/python3.6/site-packages/urllib3/connectionpool.py", line 384, in _make_request
    six.raise_from(e, None)
  File "<string>", line 2, in raise_from
  File "/home/travis/virtualenv/python3.6.3/lib/python3.6/site-packages/urllib3/connectionpool.py", line 380, in _make_request
    httplib_response = conn.getresponse()
  File "/opt/python/3.6.3/lib/python3.6/http/client.py", line 1331, in getresponse
    response.begin()
  File "/opt/python/3.6.3/lib/python3.6/http/client.py", line 297, in begin
    version, status, reason = self._read_status()
  File "/opt/python/3.6.3/lib/python3.6/http/client.py", line 266, in _read_status
    raise RemoteDisconnected("Remote end closed connection without"
urllib3.exceptions.ProtocolError: ('Connection aborted.', RemoteDisconnected('Remote end closed connection without response',))

During handling of the above exception, another exception occurred:

Traceback (most recent call last):
  File "../_scripts/crawler/crawler.py", line 210, in metafy_url
    response = requests.get(url, timeout=6, headers={'User-Agent': 'Mozilla/5.0'})
  File "/home/travis/virtualenv/python3.6.3/lib/python3.6/site-packages/requests/api.py", line 75, in get
    return request('get', url, params=params, **kwargs)
  File "/home/travis/virtualenv/python3.6.3/lib/python3.6/site-packages/requests/api.py", line 60, in request
    return session.request(method=method, url=url, **kwargs)
  File "/home/travis/virtualenv/python3.6.3/lib/python3.6/site-packages/requests/sessions.py", line 533, in request
    resp = self.send(prep, **send_kwargs)
  File "/home/travis/virtualenv/python3.6.3/lib/python3.6/site-packages/requests/sessions.py", line 646, in send
    r = adapter.send(request, **kwargs)
  File "/home/travis/virtualenv/python3.6.3/lib/python3.6/site-packages/requests/adapters.py", line 498, in send
    raise ConnectionError(err, request=request)
requests.exceptions.ConnectionError: ('Connection aborted.', RemoteDisconnected('Remote end closed connection without response',))
 60%|█████▉    | 140/234 [06:04<03:34,  2.29s/it]INFO:__main__:Requesting https://boingboing.net/2013/01/05/pedagogyofthedepressed.html
INFO:__main__:Getting metadata for https://boingboing.net/2013/01/05/pedagogyofthedepressed.html
 60%|██████    | 141/234 [06:05<02:33,  1.65s/it]INFO:__main__:Requesting https://psychology-tools.com/test/autism-spectrum-quotient
INFO:__main__:Getting metadata for https://psychology-tools.com/test/autism-spectrum-quotient
 61%|██████    | 142/234 [06:05<01:56,  1.27s/it]INFO:__main__:Requesting https://www.davidsongifted.org/Search-Database/entry/A10900
INFO:__main__:Getting metadata for https://www.davidsongifted.org/Search-Database/entry/A10900
 61%|██████    | 143/234 [06:09<03:23,  2.24s/it]INFO:__main__:Requesting https://en.wikipedia.org/wiki/Factitious_disorder_imposed_on_self
INFO:__main__:Getting metadata for https://en.wikipedia.org/wiki/Factitious_disorder_imposed_on_self
 62%|██████▏   | 144/234 [06:11<02:53,  1.93s/it]INFO:__main__:Requesting https://www.amazon.com/Masks-Mirrors-Generation-Chameleon-Personality/dp/0275973255/
INFO:__main__:Getting metadata for https://www.amazon.com/Masks-Mirrors-Generation-Chameleon-Personality/dp/0275973255/
 62%|██████▏   | 145/234 [06:13<02:57,  1.99s/it]INFO:__main__:Requesting https://www.nytimes.com/2019/03/05/health/depression-treatment-ketamine-fda.html
INFO:__main__:Getting metadata for https://www.nytimes.com/2019/03/05/health/depression-treatment-ketamine-fda.html
 62%|██████▏   | 146/234 [06:13<02:11,  1.50s/it]INFO:__main__:Requesting https://en.wikipedia.org/wiki/Drug_harmfulness#/media/File:Development_of_a_rational_scale_to_assess_the_harm_of_drugs_of_potential_misuse_(physical_harm_and_dependence,_NA_free_means).svg
INFO:__main__:Getting metadata for https://en.wikipedia.org/wiki/Drug_harmfulness#/media/File:Development_of_a_rational_scale_to_assess_the_harm_of_drugs_of_potential_misuse_(physical_harm_and_dependence,_NA_free_means).svg
 63%|██████▎   | 147/234 [06:14<01:59,  1.37s/it]INFO:__main__:Requesting https://www.amazon.com/dp/B07D1NNGM6/
INFO:__main__:Getting metadata for https://www.amazon.com/dp/B07D1NNGM6/
 63%|██████▎   | 148/234 [06:17<02:25,  1.69s/it]INFO:__main__:Requesting https://erowid.org/chemicals/ketamine/ketamine_dose.shtml#oral
INFO:__main__:Getting metadata for https://erowid.org/chemicals/ketamine/ketamine_dose.shtml#oral
 64%|██████▎   | 149/234 [06:18<02:22,  1.67s/it]INFO:__main__:Requesting https://www.drugs.com/price-guide/ketamine
INFO:__main__:Getting metadata for https://www.drugs.com/price-guide/ketamine
 64%|██████▍   | 150/234 [06:19<01:52,  1.34s/it]INFO:__main__:Requesting https://www.nuffieldtrust.org.uk/resource/rationing-in-the-nhs
INFO:__main__:Getting metadata for https://www.nuffieldtrust.org.uk/resource/rationing-in-the-nhs
 65%|██████▍   | 151/234 [06:23<02:48,  2.03s/it]INFO:__main__:Requesting https://www.nhs.uk/using-the-nhs/nhs-services/visiting-or-moving-to-england/visitors-from-outside-the-european-economic-area-eea/
INFO:__main__:Getting metadata for https://www.nhs.uk/using-the-nhs/nhs-services/visiting-or-moving-to-england/visitors-from-outside-the-european-economic-area-eea/
 65%|██████▍   | 152/234 [06:25<02:51,  2.09s/it]INFO:__main__:Requesting https://en.wikipedia.org/wiki/List_of_largest_selling_pharmaceutical_products
INFO:__main__:Getting metadata for https://en.wikipedia.org/wiki/List_of_largest_selling_pharmaceutical_products
 65%|██████▌   | 153/234 [06:26<02:31,  1.87s/it]INFO:__main__:Requesting https://www.gao.gov/mobile/products/GAO-18-40
INFO:__main__:Getting metadata for https://www.gao.gov/mobile/products/GAO-18-40
 66%|██████▌   | 154/234 [06:27<01:54,  1.43s/it]INFO:__main__:Requesting https://www.nytimes.com/2014/11/19/upshot/calculating-the-real-costs-of-developing-a-new-drug.html
INFO:__main__:Getting metadata for https://www.nytimes.com/2014/11/19/upshot/calculating-the-real-costs-of-developing-a-new-drug.html
 66%|██████▌   | 155/234 [06:27<01:23,  1.06s/it]INFO:__main__:Requesting https://www.whitecase.com/publications/alert/supreme-court-says-america-invents-act-did-not-alter-sale-bar
INFO:__main__:Getting metadata for https://www.whitecase.com/publications/alert/supreme-court-says-america-invents-act-did-not-alter-sale-bar
 67%|██████▋   | 156/234 [06:27<01:12,  1.08it/s]INFO:__main__:Requesting https://www.uspto.gov/web/offices/pac/mpep/index.html
INFO:__main__:Getting metadata for https://www.uspto.gov/web/offices/pac/mpep/index.html
 67%|██████▋   | 157/234 [06:30<01:49,  1.42s/it]INFO:__main__:Requesting https://www.ncbi.nlm.nih.gov/pmc/articles/PMC4910398/
INFO:__main__:Getting metadata for https://www.ncbi.nlm.nih.gov/pmc/articles/PMC4910398/
 68%|██████▊   | 158/234 [06:31<01:45,  1.39s/it]INFO:__main__:Requesting https://clinicaltrials.gov/ct2/results?cond=&term=Esketamine+Janssen+&cntry=&state=&city=&dist=&Search=Search
INFO:__main__:Getting metadata for https://clinicaltrials.gov/ct2/results?cond=&term=Esketamine+Janssen+&cntry=&state=&city=&dist=&Search=Search
 68%|██████▊   | 159/234 [06:33<01:44,  1.39s/it]INFO:__main__:Requesting https://www.drugs.com/history/spravato.html
INFO:__main__:Getting metadata for https://www.drugs.com/history/spravato.html
 68%|██████▊   | 160/234 [06:33<01:16,  1.04s/it]INFO:__main__:Requesting https://www.drugs.com/alpha/sp.html
INFO:__main__:Getting metadata for https://www.drugs.com/alpha/sp.html
 69%|██████▉   | 161/234 [06:33<01:02,  1.16it/s]INFO:__main__:Requesting https://twitter.com/melaynalokosky/status/1103114497084940289
INFO:__main__:Getting metadata for https://twitter.com/melaynalokosky/status/1103114497084940289
 69%|██████▉   | 162/234 [06:34<00:57,  1.25it/s]INFO:__main__:Requesting https://koekeishiya.github.io/chunkwm
INFO:__main__:Getting metadata for https://koekeishiya.github.io/chunkwm/
 70%|██████▉   | 163/234 [06:34<00:47,  1.50it/s]INFO:__main__:Requesting https://github.com/koekeishiya/chunkwm/issues/576
INFO:__main__:Getting metadata for https://github.com/koekeishiya/chunkwm/issues/576
 70%|███████   | 164/234 [06:36<01:02,  1.12it/s]INFO:__main__:Requesting https://koekeishiya.github.io/chunkwm/screens.html
INFO:__main__:Getting metadata for https://koekeishiya.github.io/chunkwm/screens.html
 71%|███████   | 165/234 [06:36<00:49,  1.38it/s]INFO:__main__:Requesting https://ianyh.com/amethyst/
INFO:__main__:Getting metadata for https://ianyh.com/amethyst/
 71%|███████   | 166/234 [06:37<00:47,  1.42it/s]INFO:__main__:Requesting https://www.spectacleapp.com/
INFO:__main__:Getting metadata for https://www.spectacleapp.com
 71%|███████▏  | 167/234 [06:37<00:42,  1.56it/s]INFO:__main__:Requesting http://www.irradiatedsoftware.com/cinch/
INFO:__main__:Getting metadata for http://www.irradiatedsoftware.com/cinch/
 72%|███████▏  | 168/234 [06:38<00:40,  1.63it/s]INFO:__main__:Requesting http://hammerspoon.org
INFO:__main__:Getting metadata for http://www.hammerspoon.org
 72%|███████▏  | 169/234 [06:38<00:36,  1.78it/s]INFO:__main__:Requesting https://github.com/szymonkaliski/hhtwm
INFO:__main__:Getting metadata for https://github.com/szymonkaliski/hhtwm
 73%|███████▎  | 170/234 [06:39<00:48,  1.33it/s]INFO:__main__:Requesting http://magnet.crowdcafe.com/
INFO:__main__:Getting metadata for http://magnet.crowdcafe.com
 73%|███████▎  | 171/234 [06:40<00:43,  1.43it/s]INFO:__main__:Requesting https://github.com/prabirshrestha/dwm-win32
INFO:__main__:Getting metadata for https://github.com/prabirshrestha/dwm-win32
 74%|███████▎  | 172/234 [06:41<00:45,  1.37it/s]INFO:__main__:Requesting http://www.brain-dump.org/projects/dwm-win32/
INFO:__main__:Getting metadata for http://www.brain-dump.org/projects/dwm-win32/
 74%|███████▍  | 173/234 [06:43<01:08,  1.12s/it]INFO:__main__:Requesting https://github.com/kasper/phoenix
INFO:__main__:Getting metadata for https://github.com/kasper/phoenix
 74%|███████▍  | 174/234 [06:44<01:04,  1.07s/it]INFO:__main__:Requesting https://www.telegraph.co.uk/culture/art/10561090/Akhenaten-mad-bad-or-brilliant.html
INFO:__main__:Getting metadata for https://www.telegraph.co.uk/culture/art/10561090/Akhenaten-mad-bad-or-brilliant.html
 75%|███████▍  | 175/234 [06:44<00:52,  1.12it/s]INFO:__main__:Requesting https://www.amazon.com/1177-B-C-Civilization-Collapsed-Turning/dp/0691168385
INFO:__main__:Getting metadata for https://www.amazon.com/1177-B-C-Civilization-Collapsed-Turning/dp/0691168385
 75%|███████▌  | 176/234 [06:47<01:25,  1.47s/it]INFO:__main__:Requesting https://www.eno.org/whats-on/akhnaten/
INFO:__main__:Getting metadata for https://www.eno.org/whats-on/akhnaten/
 76%|███████▌  | 177/234 [06:50<01:45,  1.85s/it]INFO:__main__:Requesting https://www.youtube.com/watch?v=jEYPaZeLhLg
INFO:__main__:Getting metadata for https://www.youtube.com/watch?v=jEYPaZeLhLg
 76%|███████▌  | 178/234 [06:51<01:29,  1.60s/it]INFO:__main__:Requesting https://physics.aps.org/articles/v12/23
INFO:__main__:Getting metadata for https://physics.aps.org/articles/v12/23
 76%|███████▋  | 179/234 [06:52<01:25,  1.55s/it]INFO:__main__:Requesting https://www.pnas.org/content/110/31/12549
INFO:__main__:Getting metadata for https://www.pnas.org/content/110/31/12549
 77%|███████▋  | 180/234 [06:56<01:59,  2.21s/it]INFO:__main__:Requesting https://en.wikipedia.org/wiki/Sound
INFO:__main__:Getting metadata for https://en.wikipedia.org/wiki/Sound
 77%|███████▋  | 181/234 [06:57<01:44,  1.98s/it]INFO:__main__:Requesting https://en.wikipedia.org/wiki/Longitudinal_wave
INFO:__main__:Getting metadata for https://en.wikipedia.org/wiki/Longitudinal_wave
 78%|███████▊  | 182/234 [06:58<01:28,  1.71s/it]INFO:__main__:Requesting https://en.wikipedia.org/wiki/Photoelectric_effect
INFO:__main__:Getting metadata for https://en.wikipedia.org/wiki/Photoelectric_effect
 78%|███████▊  | 183/234 [07:00<01:28,  1.74s/it]INFO:__main__:Requesting https://en.wikipedia.org/wiki/Baryon_acoustic_oscillations
INFO:__main__:Getting metadata for https://en.wikipedia.org/wiki/Baryon_acoustic_oscillations
 79%|███████▊  | 184/234 [07:02<01:22,  1.65s/it]INFO:__main__:Requesting https://www.ligo.org/science/GW-Inspiral.php
INFO:__main__:Getting metadata for https://www.ligo.org/science/GW-Inspiral.php
 79%|███████▉  | 185/234 [07:03<01:15,  1.54s/it]INFO:__main__:Requesting https://theconversation.com/explainer-why-you-can-hear-gravitational-waves-when-things-collide-in-the-universe-92356
INFO:__main__:Getting metadata for https://theconversation.com/explainer-why-you-can-hear-gravitational-waves-when-things-collide-in-the-universe-92356
 79%|███████▉  | 186/234 [07:04<01:01,  1.29s/it]INFO:__main__:Requesting https://en.wikipedia.org/wiki/Photoacoustic_spectroscopy
INFO:__main__:Getting metadata for https://en.wikipedia.org/wiki/Photoacoustic_spectroscopy
 80%|███████▉  | 187/234 [07:05<00:53,  1.14s/it]INFO:__main__:Requesting https://www.youtube.com/watch?v=eUzB0L0mSCI
INFO:__main__:Getting metadata for https://www.youtube.com/watch?v=eUzB0L0mSCI
 80%|████████  | 188/234 [07:06<00:50,  1.10s/it]INFO:__main__:Requesting http://abedavis.com
INFO:__main__:Getting metadata for http://abedavis.com
 81%|████████  | 189/234 [07:06<00:47,  1.06s/it]INFO:__main__:Requesting https://en.wikipedia.org/wiki/List_of_quasiparticles
INFO:__main__:Getting metadata for https://en.wikipedia.org/wiki/List_of_quasiparticles
 81%|████████  | 190/234 [07:07<00:45,  1.04s/it]INFO:__main__:Requesting https://www.reuters.com/article/us-usa-internet/democrats-to-push-to-reinstate-repealed-net-neutrality-rules-idUSKCN1QL1W0/
INFO:__main__:Getting metadata for https://www.reuters.com/article/us-usa-internet/democrats-to-push-to-reinstate-repealed-net-neutrality-rules-idUSKCN1QL1W0/
 82%|████████▏ | 191/234 [07:08<00:39,  1.08it/s]INFO:__main__:Requesting https://www.huffingtonpost.com/entry/net-neutrality-in-2017-what-you-should-know_us_599debf0e4b06d67e334fa94
INFO:__main__:Getting metadata for https://www.huffingtonpost.com/entry/net-neutrality-in-2017-what-you-should-know_us_599debf0e4b06d67e334fa94
 82%|████████▏ | 192/234 [07:09<00:32,  1.28it/s]INFO:__main__:Requesting https://www.recode.net/2018/12/12/18134899/internet-broafband-faster-ookla
INFO:__main__:Getting metadata for https://www.recode.net/2018/12/12/18134899/internet-broafband-faster-ookla
 82%|████████▏ | 193/234 [07:09<00:28,  1.42it/s]INFO:__main__:Requesting https://en.wikipedia.org/wiki/Monopoly
INFO:__main__:Getting metadata for https://en.wikipedia.org/wiki/Monopoly
 83%|████████▎ | 194/234 [07:11<00:41,  1.04s/it]INFO:__main__:Requesting https://www.snopes.com/fact-check/pelosi-healthcare-pass-the-bill-to-see-what-is-in-it/
INFO:__main__:Getting metadata for https://www.snopes.com/fact-check/pelosi-healthcare-pass-the-bill-to-see-what-is-in-it/
 83%|████████▎ | 195/234 [07:12<00:40,  1.03s/it]INFO:__main__:Requesting https://www.realclearpolitics.com/fact_check_review/
INFO:__main__:Getting metadata for https://www.realclearpolitics.com/fact_check_review/
 84%|████████▍ | 196/234 [07:12<00:31,  1.21it/s]INFO:__main__:Requesting https://en.wikipedia.org/wiki/Read_the_Bills_Act
INFO:__main__:Getting metadata for https://en.wikipedia.org/wiki/Read_the_Bills_Act
 84%|████████▍ | 197/234 [07:13<00:29,  1.25it/s]INFO:__main__:Requesting https://www.congress.gov/bill/111th-congress/house-bill/3590/all-actions
INFO:__main__:Getting metadata for https://www.congress.gov/bill/111th-congress/house-bill/3590/all-actions
 85%|████████▍ | 198/234 [07:14<00:29,  1.23it/s]INFO:__main__:Requesting https://www.congress.gov/bill/111th-congress/house-bill/4872/actions
INFO:__main__:Getting metadata for https://www.congress.gov/bill/111th-congress/house-bill/4872/actions
 85%|████████▌ | 199/234 [07:15<00:28,  1.25it/s]INFO:__main__:Requesting https://reddit.com/r/KeepOurNetFree/comments/7ej1nd/fcc_unveils_its_plan_to_repeal_net_neutrality/dq5hlwd/
INFO:__main__:Getting metadata for https://www.reddit.com/r/KeepOurNetFree/comments/7ej1nd/fcc_unveils_its_plan_to_repeal_net_neutrality/dq5hlwd/
 85%|████████▌ | 200/234 [07:16<00:35,  1.05s/it]INFO:__main__:Requesting https://stratechery.com/2017/pro-neutrality-anti-title-ii/
INFO:__main__:Getting metadata for https://stratechery.com/2017/pro-neutrality-anti-title-ii/
 86%|████████▌ | 201/234 [07:16<00:26,  1.25it/s]INFO:__main__:Requesting https://patents.google.com/patent/US20180376299A1
INFO:__main__:Getting metadata for https://patents.google.com/patent/US20180376299A1
 86%|████████▋ | 202/234 [07:18<00:29,  1.10it/s]INFO:__main__:Requesting http://bytecollector.com/hp_01.htm
INFO:__main__:Getting metadata for http://bytecollector.com/hp_01.htm
 87%|████████▋ | 203/234 [07:18<00:24,  1.29it/s]INFO:__main__:Requesting https://www.youtube.com/watch?v=gGQrsSEaZkI
INFO:__main__:Getting metadata for https://www.youtube.com/watch?v=gGQrsSEaZkI
 87%|████████▋ | 204/234 [07:19<00:24,  1.22it/s]INFO:__main__:Requesting https://www.americanradiohistory.com/Byte_Magazine.htm
INFO:__main__:Getting metadata for https://www.americanradiohistory.com/Byte_Magazine.htm
 88%|████████▊ | 205/234 [07:21<00:34,  1.20s/it]INFO:__main__:Requesting https://archive.org/details/byte-magazine
INFO:__main__:Getting metadata for https://archive.org/details/byte-magazine
 88%|████████▊ | 206/234 [07:25<00:54,  1.95s/it]INFO:__main__:Requesting https://www.americanradiohistory.com/Popular-Electronics-Guide.htm
INFO:__main__:Getting metadata for https://www.americanradiohistory.com/Popular-Electronics-Guide.htm
 88%|████████▊ | 207/234 [07:28<01:02,  2.33s/it]INFO:__main__:Requesting https://archive.org/details/creativecomputing
INFO:__main__:Getting metadata for https://archive.org/details/creativecomputing
 89%|████████▉ | 208/234 [07:31<01:08,  2.64s/it]INFO:__main__:Requesting https://lwn.net/SubscriberLink/780556/9033277f8328f060/
INFO:__main__:Getting metadata for https://lwn.net/SubscriberLink/780556/9033277f8328f060/
 89%|████████▉ | 209/234 [07:32<00:51,  2.07s/it]INFO:__main__:Requesting https://lwn.net/op/FAQ.lwn#slinks
INFO:__main__:Getting metadata for https://lwn.net/op/FAQ.lwn#slinks
 90%|████████▉ | 210/234 [07:33<00:40,  1.69s/it]INFO:__main__:Requesting https://streamlabs.com/
INFO:__main__:Getting metadata for https://streamlabs.com
 90%|█████████ | 211/234 [07:33<00:28,  1.24s/it]INFO:__main__:Requesting https://venturebeat.com/2018/10/07/how-streamlabs-is-helping-livestreamers-monetize-their-audience-via-tips/
INFO:__main__:Getting metadata for https://venturebeat.com/2018/10/07/how-streamlabs-is-helping-livestreamers-monetize-their-audience-via-tips/
 91%|█████████ | 212/234 [07:34<00:24,  1.09s/it]INFO:__main__:Requesting https://www.sharetribe.com/academy/how-to-design-your-marketplaces-transaction-flow/
INFO:__main__:Getting metadata for https://www.sharetribe.com/academy/how-to-design-your-marketplaces-transaction-flow/
 91%|█████████ | 213/234 [07:34<00:17,  1.22it/s]INFO:__main__:Requesting https://geoffkratz.wordpress.com/2017/12/10/is-patreon-about-regulations/
ERROR:__main__:Could not reach https://geoffkratz.wordpress.com/2017/12/10/is-patreon-about-regulations/
Traceback (most recent call last):
  File "/home/travis/virtualenv/python3.6.3/lib/python3.6/site-packages/urllib3/connectionpool.py", line 600, in urlopen
    chunked=chunked)
  File "/home/travis/virtualenv/python3.6.3/lib/python3.6/site-packages/urllib3/connectionpool.py", line 384, in _make_request
    six.raise_from(e, None)
  File "<string>", line 2, in raise_from
  File "/home/travis/virtualenv/python3.6.3/lib/python3.6/site-packages/urllib3/connectionpool.py", line 380, in _make_request
    httplib_response = conn.getresponse()
  File "/opt/python/3.6.3/lib/python3.6/http/client.py", line 1331, in getresponse
    response.begin()
  File "/opt/python/3.6.3/lib/python3.6/http/client.py", line 297, in begin
    version, status, reason = self._read_status()
  File "/opt/python/3.6.3/lib/python3.6/http/client.py", line 266, in _read_status
    raise RemoteDisconnected("Remote end closed connection without"
http.client.RemoteDisconnected: Remote end closed connection without response

During handling of the above exception, another exception occurred:

Traceback (most recent call last):
  File "/home/travis/virtualenv/python3.6.3/lib/python3.6/site-packages/requests/adapters.py", line 449, in send
    timeout=timeout
  File "/home/travis/virtualenv/python3.6.3/lib/python3.6/site-packages/urllib3/connectionpool.py", line 638, in urlopen
    _stacktrace=sys.exc_info()[2])
  File "/home/travis/virtualenv/python3.6.3/lib/python3.6/site-packages/urllib3/util/retry.py", line 367, in increment
    raise six.reraise(type(error), error, _stacktrace)
  File "/home/travis/virtualenv/python3.6.3/lib/python3.6/site-packages/urllib3/packages/six.py", line 685, in reraise
    raise value.with_traceback(tb)
  File "/home/travis/virtualenv/python3.6.3/lib/python3.6/site-packages/urllib3/connectionpool.py", line 600, in urlopen
    chunked=chunked)
  File "/home/travis/virtualenv/python3.6.3/lib/python3.6/site-packages/urllib3/connectionpool.py", line 384, in _make_request
    six.raise_from(e, None)
  File "<string>", line 2, in raise_from
  File "/home/travis/virtualenv/python3.6.3/lib/python3.6/site-packages/urllib3/connectionpool.py", line 380, in _make_request
    httplib_response = conn.getresponse()
  File "/opt/python/3.6.3/lib/python3.6/http/client.py", line 1331, in getresponse
    response.begin()
  File "/opt/python/3.6.3/lib/python3.6/http/client.py", line 297, in begin
    version, status, reason = self._read_status()
  File "/opt/python/3.6.3/lib/python3.6/http/client.py", line 266, in _read_status
    raise RemoteDisconnected("Remote end closed connection without"
urllib3.exceptions.ProtocolError: ('Connection aborted.', RemoteDisconnected('Remote end closed connection without response',))

During handling of the above exception, another exception occurred:

Traceback (most recent call last):
  File "../_scripts/crawler/crawler.py", line 210, in metafy_url
    response = requests.get(url, timeout=6, headers={'User-Agent': 'Mozilla/5.0'})
  File "/home/travis/virtualenv/python3.6.3/lib/python3.6/site-packages/requests/api.py", line 75, in get
    return request('get', url, params=params, **kwargs)
  File "/home/travis/virtualenv/python3.6.3/lib/python3.6/site-packages/requests/api.py", line 60, in request
    return session.request(method=method, url=url, **kwargs)
  File "/home/travis/virtualenv/python3.6.3/lib/python3.6/site-packages/requests/sessions.py", line 533, in request
    resp = self.send(prep, **send_kwargs)
  File "/home/travis/virtualenv/python3.6.3/lib/python3.6/site-packages/requests/sessions.py", line 646, in send
    r = adapter.send(request, **kwargs)
  File "/home/travis/virtualenv/python3.6.3/lib/python3.6/site-packages/requests/adapters.py", line 498, in send
    raise ConnectionError(err, request=request)
requests.exceptions.ConnectionError: ('Connection aborted.', RemoteDisconnected('Remote end closed connection without response',))
 91%|█████████▏| 214/234 [07:34<00:12,  1.62it/s]INFO:__main__:Requesting https://stripe.com/connect
INFO:__main__:Getting metadata for https://stripe.com/connect
 92%|█████████▏| 215/234 [07:35<00:15,  1.26it/s]INFO:__main__:Requesting https://paymentscompliance.com/us-money-transmitters
INFO:__main__:Getting metadata for https://paymentscompliance.com/us-money-transmitters
 92%|█████████▏| 216/234 [07:39<00:27,  1.50s/it]INFO:__main__:Requesting https://liberapay.com/
INFO:__main__:Getting metadata for https://liberapay.com
 93%|█████████▎| 217/234 [07:40<00:24,  1.44s/it]INFO:__main__:Requesting https://techcrunch.com/video/patreon-the-idea/
ERROR:__main__:Could not reach https://techcrunch.com/video/patreon-the-idea/
Traceback (most recent call last):
  File "/home/travis/virtualenv/python3.6.3/lib/python3.6/site-packages/urllib3/connectionpool.py", line 600, in urlopen
    chunked=chunked)
  File "/home/travis/virtualenv/python3.6.3/lib/python3.6/site-packages/urllib3/connectionpool.py", line 384, in _make_request
    six.raise_from(e, None)
  File "<string>", line 2, in raise_from
  File "/home/travis/virtualenv/python3.6.3/lib/python3.6/site-packages/urllib3/connectionpool.py", line 380, in _make_request
    httplib_response = conn.getresponse()
  File "/opt/python/3.6.3/lib/python3.6/http/client.py", line 1331, in getresponse
    response.begin()
  File "/opt/python/3.6.3/lib/python3.6/http/client.py", line 297, in begin
    version, status, reason = self._read_status()
  File "/opt/python/3.6.3/lib/python3.6/http/client.py", line 266, in _read_status
    raise RemoteDisconnected("Remote end closed connection without"
http.client.RemoteDisconnected: Remote end closed connection without response

During handling of the above exception, another exception occurred:

Traceback (most recent call last):
  File "/home/travis/virtualenv/python3.6.3/lib/python3.6/site-packages/requests/adapters.py", line 449, in send
    timeout=timeout
  File "/home/travis/virtualenv/python3.6.3/lib/python3.6/site-packages/urllib3/connectionpool.py", line 638, in urlopen
    _stacktrace=sys.exc_info()[2])
  File "/home/travis/virtualenv/python3.6.3/lib/python3.6/site-packages/urllib3/util/retry.py", line 367, in increment
    raise six.reraise(type(error), error, _stacktrace)
  File "/home/travis/virtualenv/python3.6.3/lib/python3.6/site-packages/urllib3/packages/six.py", line 685, in reraise
    raise value.with_traceback(tb)
  File "/home/travis/virtualenv/python3.6.3/lib/python3.6/site-packages/urllib3/connectionpool.py", line 600, in urlopen
    chunked=chunked)
  File "/home/travis/virtualenv/python3.6.3/lib/python3.6/site-packages/urllib3/connectionpool.py", line 384, in _make_request
    six.raise_from(e, None)
  File "<string>", line 2, in raise_from
  File "/home/travis/virtualenv/python3.6.3/lib/python3.6/site-packages/urllib3/connectionpool.py", line 380, in _make_request
    httplib_response = conn.getresponse()
  File "/opt/python/3.6.3/lib/python3.6/http/client.py", line 1331, in getresponse
    response.begin()
  File "/opt/python/3.6.3/lib/python3.6/http/client.py", line 297, in begin
    version, status, reason = self._read_status()
  File "/opt/python/3.6.3/lib/python3.6/http/client.py", line 266, in _read_status
    raise RemoteDisconnected("Remote end closed connection without"
urllib3.exceptions.ProtocolError: ('Connection aborted.', RemoteDisconnected('Remote end closed connection without response',))

During handling of the above exception, another exception occurred:

Traceback (most recent call last):
  File "../_scripts/crawler/crawler.py", line 210, in metafy_url
    response = requests.get(url, timeout=6, headers={'User-Agent': 'Mozilla/5.0'})
  File "/home/travis/virtualenv/python3.6.3/lib/python3.6/site-packages/requests/api.py", line 75, in get
    return request('get', url, params=params, **kwargs)
  File "/home/travis/virtualenv/python3.6.3/lib/python3.6/site-packages/requests/api.py", line 60, in request
    return session.request(method=method, url=url, **kwargs)
  File "/home/travis/virtualenv/python3.6.3/lib/python3.6/site-packages/requests/sessions.py", line 533, in request
    resp = self.send(prep, **send_kwargs)
  File "/home/travis/virtualenv/python3.6.3/lib/python3.6/site-packages/requests/sessions.py", line 646, in send
    r = adapter.send(request, **kwargs)
  File "/home/travis/virtualenv/python3.6.3/lib/python3.6/site-packages/requests/adapters.py", line 498, in send
    raise ConnectionError(err, request=request)
requests.exceptions.ConnectionError: ('Connection aborted.', RemoteDisconnected('Remote end closed connection without response',))
 93%|█████████▎| 218/234 [07:40<00:16,  1.05s/it]INFO:__main__:Requesting https://stressgrid.com/blog/100k_cps_with_elixir/
INFO:__main__:Getting metadata for https://stressgrid.com/blog/100k_cps_with_elixir/
 94%|█████████▎| 219/234 [07:40<00:12,  1.21it/s]INFO:__main__:Requesting https://github.com/noizu/SimplePool/
INFO:__main__:Getting metadata for https://github.com/noizu/SimplePool/
 94%|█████████▍| 220/234 [07:41<00:12,  1.16it/s]INFO:__main__:Requesting https://gitlab.com/stressgrid/stressgrid
INFO:__main__:Getting metadata for https://gitlab.com/stressgrid/stressgrid
 94%|█████████▍| 221/234 [07:42<00:12,  1.08it/s]INFO:__main__:Requesting https://github.com/MatthewSteel/carpool
INFO:__main__:Getting metadata for https://github.com/MatthewSteel/carpool
 95%|█████████▍| 222/234 [07:43<00:10,  1.09it/s]INFO:__main__:Requesting https://github.com/facebook/dataloader/blob/master/README.md
INFO:__main__:Getting metadata for https://github.com/facebook/dataloader/blob/master/README.md
 95%|█████████▌| 223/234 [07:44<00:09,  1.13it/s]INFO:__main__:Requesting http://highscalability.com/blog/2013/5/13/the-secret-to-10-million-concurrent-connections-the-kernel-i.html
INFO:__main__:Getting metadata for http://highscalability.com/blog/2013/5/13/the-secret-to-10-million-concurrent-connections-the-kernel-i.html
 96%|█████████▌| 224/234 [07:45<00:09,  1.11it/s]INFO:__main__:Requesting https://mrotaru.wordpress.com/2015/05/20/how-migratorydata-solved-the-c10m-problem-10-million-concurrent-connections-on-a-single-commodity-server/
ERROR:__main__:Could not reach https://mrotaru.wordpress.com/2015/05/20/how-migratorydata-solved-the-c10m-problem-10-million-concurrent-connections-on-a-single-commodity-server/
Traceback (most recent call last):
  File "/home/travis/virtualenv/python3.6.3/lib/python3.6/site-packages/urllib3/connectionpool.py", line 600, in urlopen
    chunked=chunked)
  File "/home/travis/virtualenv/python3.6.3/lib/python3.6/site-packages/urllib3/connectionpool.py", line 384, in _make_request
    six.raise_from(e, None)
  File "<string>", line 2, in raise_from
  File "/home/travis/virtualenv/python3.6.3/lib/python3.6/site-packages/urllib3/connectionpool.py", line 380, in _make_request
    httplib_response = conn.getresponse()
  File "/opt/python/3.6.3/lib/python3.6/http/client.py", line 1331, in getresponse
    response.begin()
  File "/opt/python/3.6.3/lib/python3.6/http/client.py", line 297, in begin
    version, status, reason = self._read_status()
  File "/opt/python/3.6.3/lib/python3.6/http/client.py", line 266, in _read_status
    raise RemoteDisconnected("Remote end closed connection without"
http.client.RemoteDisconnected: Remote end closed connection without response

During handling of the above exception, another exception occurred:

Traceback (most recent call last):
  File "/home/travis/virtualenv/python3.6.3/lib/python3.6/site-packages/requests/adapters.py", line 449, in send
    timeout=timeout
  File "/home/travis/virtualenv/python3.6.3/lib/python3.6/site-packages/urllib3/connectionpool.py", line 638, in urlopen
    _stacktrace=sys.exc_info()[2])
  File "/home/travis/virtualenv/python3.6.3/lib/python3.6/site-packages/urllib3/util/retry.py", line 367, in increment
    raise six.reraise(type(error), error, _stacktrace)
  File "/home/travis/virtualenv/python3.6.3/lib/python3.6/site-packages/urllib3/packages/six.py", line 685, in reraise
    raise value.with_traceback(tb)
  File "/home/travis/virtualenv/python3.6.3/lib/python3.6/site-packages/urllib3/connectionpool.py", line 600, in urlopen
    chunked=chunked)
  File "/home/travis/virtualenv/python3.6.3/lib/python3.6/site-packages/urllib3/connectionpool.py", line 384, in _make_request
    six.raise_from(e, None)
  File "<string>", line 2, in raise_from
  File "/home/travis/virtualenv/python3.6.3/lib/python3.6/site-packages/urllib3/connectionpool.py", line 380, in _make_request
    httplib_response = conn.getresponse()
  File "/opt/python/3.6.3/lib/python3.6/http/client.py", line 1331, in getresponse
    response.begin()
  File "/opt/python/3.6.3/lib/python3.6/http/client.py", line 297, in begin
    version, status, reason = self._read_status()
  File "/opt/python/3.6.3/lib/python3.6/http/client.py", line 266, in _read_status
    raise RemoteDisconnected("Remote end closed connection without"
urllib3.exceptions.ProtocolError: ('Connection aborted.', RemoteDisconnected('Remote end closed connection without response',))

During handling of the above exception, another exception occurred:

Traceback (most recent call last):
  File "../_scripts/crawler/crawler.py", line 210, in metafy_url
    response = requests.get(url, timeout=6, headers={'User-Agent': 'Mozilla/5.0'})
  File "/home/travis/virtualenv/python3.6.3/lib/python3.6/site-packages/requests/api.py", line 75, in get
    return request('get', url, params=params, **kwargs)
  File "/home/travis/virtualenv/python3.6.3/lib/python3.6/site-packages/requests/api.py", line 60, in request
    return session.request(method=method, url=url, **kwargs)
  File "/home/travis/virtualenv/python3.6.3/lib/python3.6/site-packages/requests/sessions.py", line 533, in request
    resp = self.send(prep, **send_kwargs)
  File "/home/travis/virtualenv/python3.6.3/lib/python3.6/site-packages/requests/sessions.py", line 646, in send
    r = adapter.send(request, **kwargs)
  File "/home/travis/virtualenv/python3.6.3/lib/python3.6/site-packages/requests/adapters.py", line 498, in send
    raise ConnectionError(err, request=request)
requests.exceptions.ConnectionError: ('Connection aborted.', RemoteDisconnected('Remote end closed connection without response',))
 96%|█████████▌| 225/234 [07:45<00:06,  1.49it/s]INFO:__main__:Requesting https://github.com/processone/ejabberd
INFO:__main__:Getting metadata for https://github.com/processone/ejabberd
 97%|█████████▋| 226/234 [07:46<00:06,  1.31it/s]INFO:__main__:Requesting https://xmpp.org/uses/gaming.html
INFO:__main__:Getting metadata for https://xmpp.org/uses/gaming.html
 97%|█████████▋| 227/234 [07:47<00:04,  1.42it/s]INFO:__main__:Requesting https://dockyard.com/blog/2018/07/18/all-for-reliability-reflections-on-the-erlang-thesis
INFO:__main__:Getting metadata for https://dockyard.com/blog/2018/07/18/all-for-reliability-reflections-on-the-erlang-thesis
 97%|█████████▋| 228/234 [07:48<00:04,  1.31it/s]INFO:__main__:Requesting https://www.theerlangelist.com/article/reducing_maximum_latency
INFO:__main__:Getting metadata for https://www.theerlangelist.com/article/reducing_maximum_latency
 98%|█████████▊| 229/234 [07:48<00:03,  1.25it/s]INFO:__main__:Requesting https://benchmarksgame-team.pages.debian.net/benchmarksgame/faster/erlang.html
INFO:__main__:Getting metadata for https://benchmarksgame-team.pages.debian.net/benchmarksgame/faster/erlang.html
 98%|█████████▊| 230/234 [07:50<00:03,  1.01it/s]INFO:__main__:Requesting https://benchmarksgame-team.pages.debian.net/benchmarksgame/faster/go.html
INFO:__main__:Getting metadata for https://benchmarksgame-team.pages.debian.net/benchmarksgame/faster/go.html
 99%|█████████▊| 231/234 [07:52<00:03,  1.20s/it]INFO:__main__:Requesting https://stressgrid.com/blog/benchmarking_go_vs_node_vs_elixir/
INFO:__main__:Getting metadata for https://stressgrid.com/blog/benchmarking_go_vs_node_vs_elixir/
 99%|█████████▉| 232/234 [07:52<00:01,  1.12it/s]INFO:__main__:Requesting https://www.ageofascent.com/2019/02/04/asp-net-core-saturating-10gbe-at-7-million-requests-per-second/
INFO:__main__:Getting metadata for https://www.ageofascent.com/2019/02/04/asp-net-core-saturating-10gbe-at-7-million-requests-per-second/
100%|█████████▉| 233/234 [07:52<00:00,  1.23it/s]INFO:__main__:Requesting https://code.google.com/archive/p/coev/
INFO:__main__:Getting metadata for https://code.google.com/archive/p/coev/
100%|██████████| 234/234 [07:53<00:00,  1.61it/s]
