INFO:__main__:Get urls from stories
  0%|          | 0/30 [00:00<?, ?it/s]  7%|▋         | 2/30 [00:00<00:02, 13.41it/s] 10%|█         | 3/30 [00:00<00:02, 11.42it/s] 13%|█▎        | 4/30 [00:00<00:03,  6.65it/s] 17%|█▋        | 5/30 [00:00<00:03,  6.83it/s] 20%|██        | 6/30 [00:01<00:08,  2.94it/s] 27%|██▋       | 8/30 [00:02<00:09,  2.44it/s] 33%|███▎      | 10/30 [00:03<00:08,  2.39it/s] 37%|███▋      | 11/30 [00:03<00:07,  2.49it/s] 40%|████      | 12/30 [00:04<00:08,  2.23it/s] 43%|████▎     | 13/30 [00:04<00:07,  2.16it/s] 47%|████▋     | 14/30 [00:05<00:05,  2.82it/s] 50%|█████     | 15/30 [00:05<00:06,  2.39it/s] 53%|█████▎    | 16/30 [00:06<00:05,  2.33it/s] 60%|██████    | 18/30 [00:06<00:03,  3.02it/s] 63%|██████▎   | 19/30 [00:06<00:03,  3.24it/s] 67%|██████▋   | 20/30 [00:06<00:03,  2.90it/s] 73%|███████▎  | 22/30 [00:07<00:02,  3.86it/s] 77%|███████▋  | 23/30 [00:07<00:01,  4.40it/s] 80%|████████  | 24/30 [00:08<00:02,  2.31it/s] 83%|████████▎ | 25/30 [00:08<00:01,  2.86it/s] 87%|████████▋ | 26/30 [00:08<00:01,  2.53it/s] 90%|█████████ | 27/30 [00:09<00:01,  2.53it/s] 97%|█████████▋| 29/30 [00:09<00:00,  3.39it/s]100%|██████████| 30/30 [00:09<00:00,  3.21it/s]
  0%|          | 0/235 [00:00<?, ?it/s]INFO:__main__:Requesting https://blog.the-pans.com/amazon-aurora/
INFO:__main__:Getting metadata for https://blog.the-pans.com/amazon-aurora/
  0%|          | 1/235 [00:00<02:50,  1.38it/s]INFO:__main__:Requesting https://aws.amazon.com/blogs/database/amazon-rds-under-the-hood-multi-az/
INFO:__main__:Getting metadata for https://aws.amazon.com/blogs/database/amazon-rds-under-the-hood-multi-az/
  1%|          | 2/235 [00:01<02:31,  1.53it/s]INFO:__main__:Requesting https://github.com/wasmerio/wasmer
INFO:__main__:Getting metadata for https://github.com/wasmerio/wasmer
  1%|▏         | 3/235 [00:02<02:55,  1.32it/s]INFO:__main__:Requesting https://github.com/AssemblyScript/assemblyscript
INFO:__main__:Getting metadata for https://github.com/AssemblyScript/assemblyscript
  2%|▏         | 4/235 [00:03<03:53,  1.01s/it]INFO:__main__:Requesting https://github.com/Mckinsey666/bullet
INFO:__main__:Getting metadata for https://github.com/Mckinsey666/bullet
  2%|▏         | 5/235 [00:04<03:36,  1.06it/s]INFO:__main__:Requesting http://www.unixcl.com/2009/12/linux-dialog-utility-short-tutorial.html
INFO:__main__:Getting metadata for http://www.unixcl.com/2009/12/linux-dialog-utility-short-tutorial.html
  3%|▎         | 6/235 [00:05<04:04,  1.07s/it]INFO:__main__:Requesting http://pythondialog.sourceforge.net/doc/
INFO:__main__:Getting metadata for http://pythondialog.sourceforge.net/doc/
  3%|▎         | 7/235 [00:06<03:40,  1.03it/s]INFO:__main__:Requesting https://github.com/larsyencken/questioner/
INFO:__main__:Getting metadata for https://github.com/larsyencken/questioner/
  3%|▎         | 8/235 [00:07<03:31,  1.07it/s]INFO:__main__:Requesting https://crazyoscarchang.github.io/2019/02/16/seven-myths-in-machine-learning-research/
INFO:__main__:Getting metadata for https://crazyoscarchang.github.io/2019/02/16/seven-myths-in-machine-learning-research/
  4%|▍         | 9/235 [00:07<02:55,  1.29it/s]INFO:__main__:Requesting https://blog.evjang.com/2019/02/bagnet.html
INFO:__main__:Getting metadata for https://blog.evjang.com/2019/02/bagnet.html
  4%|▍         | 10/235 [00:08<02:27,  1.52it/s]INFO:__main__:Requesting https://www.technologyreview.com/s/538111/why-and-how-baidu-cheated-an-artificial-intelligence-test/
INFO:__main__:Getting metadata for https://www.technologyreview.com/s/538111/why-and-how-baidu-cheated-an-artificial-intelligence-test/
  5%|▍         | 11/235 [00:08<02:26,  1.52it/s]INFO:__main__:Requesting http://hunch.net/?p=22
INFO:__main__:Getting metadata for http://hunch.net/?p=22
  5%|▌         | 12/235 [00:14<07:52,  2.12s/it]INFO:__main__:Requesting https://www.theguardian.com/technology/2013/aug/07/google-chrome-password-security-flaw
INFO:__main__:Getting metadata for https://www.theguardian.com/technology/2013/aug/07/google-chrome-password-security-flaw
  6%|▌         | 13/235 [00:14<05:59,  1.62s/it]INFO:__main__:Requesting https://arxiv.org/pdf/1711.02114.pdf);
INFO:__main__:Getting metadata for https://arxiv.org/pdf/1711.02114.pdf)
  6%|▌         | 14/235 [00:43<35:13,  9.56s/it]INFO:__main__:Requesting https://math.stackexchange.com/questions/412423/what-are-the-differences-between-a-matrix-and-a-tensor
INFO:__main__:Getting metadata for https://math.stackexchange.com/questions/412423/what-are-the-differences-between-a-matrix-and-a-tensor
  6%|▋         | 15/235 [00:43<25:15,  6.89s/it]INFO:__main__:Requesting https://entomologytoday.org/2019/02/21/inside-look-how-varroa-mite-diet-discovered/
ERROR:__main__:Could not reach https://entomologytoday.org/2019/02/21/inside-look-how-varroa-mite-diet-discovered/
Traceback (most recent call last):
  File "/home/travis/virtualenv/python3.6.3/lib/python3.6/site-packages/urllib3/connectionpool.py", line 600, in urlopen
    chunked=chunked)
  File "/home/travis/virtualenv/python3.6.3/lib/python3.6/site-packages/urllib3/connectionpool.py", line 384, in _make_request
    six.raise_from(e, None)
  File "<string>", line 2, in raise_from
  File "/home/travis/virtualenv/python3.6.3/lib/python3.6/site-packages/urllib3/connectionpool.py", line 380, in _make_request
    httplib_response = conn.getresponse()
  File "/opt/python/3.6.3/lib/python3.6/http/client.py", line 1331, in getresponse
    response.begin()
  File "/opt/python/3.6.3/lib/python3.6/http/client.py", line 297, in begin
    version, status, reason = self._read_status()
  File "/opt/python/3.6.3/lib/python3.6/http/client.py", line 266, in _read_status
    raise RemoteDisconnected("Remote end closed connection without"
http.client.RemoteDisconnected: Remote end closed connection without response

During handling of the above exception, another exception occurred:

Traceback (most recent call last):
  File "/home/travis/virtualenv/python3.6.3/lib/python3.6/site-packages/requests/adapters.py", line 449, in send
    timeout=timeout
  File "/home/travis/virtualenv/python3.6.3/lib/python3.6/site-packages/urllib3/connectionpool.py", line 638, in urlopen
    _stacktrace=sys.exc_info()[2])
  File "/home/travis/virtualenv/python3.6.3/lib/python3.6/site-packages/urllib3/util/retry.py", line 367, in increment
    raise six.reraise(type(error), error, _stacktrace)
  File "/home/travis/virtualenv/python3.6.3/lib/python3.6/site-packages/urllib3/packages/six.py", line 685, in reraise
    raise value.with_traceback(tb)
  File "/home/travis/virtualenv/python3.6.3/lib/python3.6/site-packages/urllib3/connectionpool.py", line 600, in urlopen
    chunked=chunked)
  File "/home/travis/virtualenv/python3.6.3/lib/python3.6/site-packages/urllib3/connectionpool.py", line 384, in _make_request
    six.raise_from(e, None)
  File "<string>", line 2, in raise_from
  File "/home/travis/virtualenv/python3.6.3/lib/python3.6/site-packages/urllib3/connectionpool.py", line 380, in _make_request
    httplib_response = conn.getresponse()
  File "/opt/python/3.6.3/lib/python3.6/http/client.py", line 1331, in getresponse
    response.begin()
  File "/opt/python/3.6.3/lib/python3.6/http/client.py", line 297, in begin
    version, status, reason = self._read_status()
  File "/opt/python/3.6.3/lib/python3.6/http/client.py", line 266, in _read_status
    raise RemoteDisconnected("Remote end closed connection without"
urllib3.exceptions.ProtocolError: ('Connection aborted.', RemoteDisconnected('Remote end closed connection without response',))

During handling of the above exception, another exception occurred:

Traceback (most recent call last):
  File "../_scripts/crawler/crawler.py", line 209, in metafy_url
    response = requests.get(url, timeout=6, headers={'User-Agent': 'Mozilla/5.0'})
  File "/home/travis/virtualenv/python3.6.3/lib/python3.6/site-packages/requests/api.py", line 75, in get
    return request('get', url, params=params, **kwargs)
  File "/home/travis/virtualenv/python3.6.3/lib/python3.6/site-packages/requests/api.py", line 60, in request
    return session.request(method=method, url=url, **kwargs)
  File "/home/travis/virtualenv/python3.6.3/lib/python3.6/site-packages/requests/sessions.py", line 533, in request
    resp = self.send(prep, **send_kwargs)
  File "/home/travis/virtualenv/python3.6.3/lib/python3.6/site-packages/requests/sessions.py", line 646, in send
    r = adapter.send(request, **kwargs)
  File "/home/travis/virtualenv/python3.6.3/lib/python3.6/site-packages/requests/adapters.py", line 498, in send
    raise ConnectionError(err, request=request)
requests.exceptions.ConnectionError: ('Connection aborted.', RemoteDisconnected('Remote end closed connection without response',))
  7%|▋         | 16/235 [00:43<17:46,  4.87s/it]INFO:__main__:Requesting http://scientificbeekeeping.com
INFO:__main__:Getting metadata for http://scientificbeekeeping.com
  7%|▋         | 17/235 [00:50<19:19,  5.32s/it]INFO:__main__:Requesting https://www.nzbees.net/forums/topic/10061-oxalic-and-glycerine/?page=103
INFO:__main__:Getting metadata for https://www.nzbees.net/forums/topic/10061-oxalic-and-glycerine/?page=103
  8%|▊         | 18/235 [00:52<16:03,  4.44s/it]INFO:__main__:Requesting https://github.com/smacke/subsync
INFO:__main__:Getting metadata for https://github.com/smacke/subsync
  8%|▊         | 19/235 [00:53<12:08,  3.37s/it]INFO:__main__:Requesting https://en.wikipedia.org/wiki/Convolution
INFO:__main__:Getting metadata for https://en.wikipedia.org/wiki/Convolution
  9%|▊         | 20/235 [00:55<10:57,  3.06s/it]INFO:__main__:Requesting https://en.wikipedia.org/wiki/Convolution_theorem
INFO:__main__:Getting metadata for https://en.wikipedia.org/wiki/Convolution_theorem
  9%|▉         | 21/235 [00:57<09:36,  2.69s/it]INFO:__main__:Requesting https://github.com/SubtitleEdit/subtitleedit
INFO:__main__:Getting metadata for https://github.com/SubtitleEdit/subtitleedit
  9%|▉         | 22/235 [00:58<07:40,  2.16s/it]INFO:__main__:Requesting https://github.com/AlbertoSabater/subtitle-synchronization
INFO:__main__:Getting metadata for https://github.com/AlbertoSabater/subtitle-synchronization
 10%|▉         | 23/235 [00:59<06:18,  1.78s/it]INFO:__main__:Requesting https://journals.plos.org/ploscompbiol/article?id=10.1371/journal.pcbi.1005944
INFO:__main__:Getting metadata for https://journals.plos.org/ploscompbiol/article?id=10.1371/journal.pcbi.1005944
 10%|█         | 24/235 [01:01<06:20,  1.80s/it]INFO:__main__:Requesting https://gist.github.com/jgthms/7dfc20db3478a938069a0191c4e30843
INFO:__main__:Getting metadata for https://gist.github.com/jgthms/7dfc20db3478a938069a0191c4e30843
 11%|█         | 25/235 [01:01<04:59,  1.43s/it]INFO:__main__:Requesting https://www.descript.com/
INFO:__main__:Getting metadata for https://www.descript.com
 11%|█         | 26/235 [01:02<03:51,  1.11s/it]INFO:__main__:Requesting https://gist.github.com/chanux/2042676
INFO:__main__:Getting metadata for https://gist.github.com/chanux/2042676
 11%|█▏        | 27/235 [01:03<03:42,  1.07s/it]INFO:__main__:Requesting https://github.com/pettarin/forced-alignment-tools/blob/master/README.md
INFO:__main__:Getting metadata for https://github.com/pettarin/forced-alignment-tools/blob/master/README.md
 12%|█▏        | 28/235 [01:03<03:15,  1.06it/s]INFO:__main__:Requesting https://www.reuters.com/article/us-space-spacex-boeing/nasa-clears-spacex-test-flight-to-space-station-idUSKCN1QB2OT
INFO:__main__:Getting metadata for https://www.reuters.com/article/us-space-spacex-boeing/nasa-clears-spacex-test-flight-to-space-station-idUSKCN1QB2OT
 12%|█▏        | 29/235 [01:04<02:32,  1.35it/s]INFO:__main__:Requesting https://www.nasaspaceflight.com/2019/02/spacex-gains-frr-green-light-dm-1-iss/
INFO:__main__:Getting metadata for https://www.nasaspaceflight.com/2019/02/spacex-gains-frr-green-light-dm-1-iss/
 13%|█▎        | 30/235 [01:06<03:57,  1.16s/it]INFO:__main__:Requesting https://www.talospace.com/2019/02/the-last-power1-on-mars-is-dead.html
INFO:__main__:Getting metadata for https://www.talospace.com/2019/02/the-last-power1-on-mars-is-dead.html
 13%|█▎        | 31/235 [01:06<02:59,  1.13it/s]INFO:__main__:Requesting https://en.wikipedia.org/wiki/Intergalactic_Computer_Network
INFO:__main__:Getting metadata for https://en.wikipedia.org/wiki/Intergalactic_Computer_Network
 14%|█▎        | 32/235 [01:07<02:51,  1.18it/s]INFO:__main__:Requesting https://en.wikipedia.org/wiki/CCSDS_File_Delivery_Protocol
INFO:__main__:Getting metadata for https://en.wikipedia.org/wiki/CCSDS_File_Delivery_Protocol
 14%|█▍        | 33/235 [01:07<02:41,  1.25it/s]INFO:__main__:Requesting https://en.wikipedia.org/wiki/Rumi_calendar#/media/File:1911_Ottoman_Calendar.jpg
INFO:__main__:Getting metadata for https://en.wikipedia.org/wiki/Rumi_calendar#/media/File:1911_Ottoman_Calendar.jpg
 14%|█▍        | 34/235 [01:09<02:59,  1.12it/s]INFO:__main__:Requesting https://en.wikipedia.org/wiki/Royal_Observatory,_Greenwich#Observatory_museum
INFO:__main__:Getting metadata for https://en.wikipedia.org/wiki/Royal_Observatory,_Greenwich#Observatory_museum
 15%|█▍        | 35/235 [01:10<03:53,  1.17s/it]INFO:__main__:Requesting https://en.m.wikipedia.org/wiki/Proper_time
INFO:__main__:Getting metadata for https://en.m.wikipedia.org/wiki/Proper_time
 15%|█▌        | 36/235 [01:12<04:17,  1.29s/it]INFO:__main__:Requesting http://www.jb.man.ac.uk/distance/frontiers/pulsars/section4.html
INFO:__main__:Getting metadata for http://www.jb.man.ac.uk/distance/frontiers/pulsars/section4.html
 16%|█▌        | 37/235 [01:14<05:20,  1.62s/it]INFO:__main__:Requesting http://physicscentral.com/explore/writers/will.cfm
INFO:__main__:Getting metadata for http://physicscentral.com/explore/writers/will.cfm
 16%|█▌        | 38/235 [01:15<04:00,  1.22s/it]INFO:__main__:Requesting https://space.stackexchange.com/questions/33590/time-dilation-between-mars-and-earth-due-to-different-mass
INFO:__main__:Getting metadata for https://space.stackexchange.com/questions/33590/time-dilation-between-mars-and-earth-due-to-different-mass
 17%|█▋        | 39/235 [01:16<03:54,  1.20s/it]INFO:__main__:Requesting https://en.wikipedia.org/wiki/Pulsar#Precise_clocks
INFO:__main__:Getting metadata for https://en.wikipedia.org/wiki/Pulsar#Precise_clocks
 17%|█▋        | 40/235 [01:18<04:37,  1.42s/it]INFO:__main__:Requesting https://en.wikipedia.org/wiki/Pulsar_clock
INFO:__main__:Getting metadata for https://en.wikipedia.org/wiki/Pulsar_clock
 17%|█▋        | 41/235 [01:18<03:54,  1.21s/it]INFO:__main__:Requesting https://www.w3.org/TR/html52/textlevel-semantics.html#the-time-element
INFO:__main__:Getting metadata for https://www.w3.org/TR/html52/textlevel-semantics.html#the-time-element
 18%|█▊        | 42/235 [01:41<24:04,  7.48s/it]INFO:__main__:Requesting https://en.wikipedia.org/wiki/Barycentric_Coordinate_Time
INFO:__main__:Getting metadata for https://en.wikipedia.org/wiki/Barycentric_Coordinate_Time
 18%|█▊        | 43/235 [01:41<17:31,  5.48s/it]INFO:__main__:Requesting https://en.wikipedia.org/wiki/International_System_of_Units#Base_units
INFO:__main__:Getting metadata for https://en.wikipedia.org/wiki/International_System_of_Units#Base_units
 19%|█▊        | 44/235 [01:44<14:58,  4.70s/it]INFO:__main__:Requesting https://en.wikipedia.org/wiki/Swatch_Internet_Time
INFO:__main__:Getting metadata for https://en.wikipedia.org/wiki/Swatch_Internet_Time
 19%|█▉        | 45/235 [01:45<11:10,  3.53s/it]INFO:__main__:Requesting https://stackoverflow.com/questions/1024711/hidden-features-of-tcl-tk#comment838620_1026619
INFO:__main__:Getting metadata for https://stackoverflow.com/questions/1024711/hidden-features-of-tcl-tk#comment838620_1026619
 20%|█▉        | 46/235 [01:46<08:20,  2.65s/it]INFO:__main__:Requesting https://en.wikipedia.org/wiki/Stardate
INFO:__main__:Getting metadata for https://en.wikipedia.org/wiki/Stardate
 20%|██        | 47/235 [01:47<06:53,  2.20s/it]INFO:__main__:Requesting http://ops-alaska.com/time/gangale_mst/abstract.htm
INFO:__main__:Getting metadata for http://ops-alaska.com/time/gangale_mst/abstract.htm
 20%|██        | 48/235 [01:47<05:16,  1.69s/it]INFO:__main__:Requesting https://www.powerpc-notebook.org/
INFO:__main__:Getting metadata for https://www.powerpc-notebook.org/en/
 21%|██        | 49/235 [01:50<06:09,  1.99s/it]INFO:__main__:Requesting https://mars.nasa.gov/mer/mission/rover-status/opportunity/recent/all/
INFO:__main__:Getting metadata for https://mars.nasa.gov/mer/mission/rover-status/opportunity/recent/all/
 21%|██▏       | 50/235 [01:51<04:56,  1.60s/it]INFO:__main__:Requesting https://lithub.com/the-ballad-of-buster-scruggs-what-exactly-is-its-source-material/
INFO:__main__:Getting metadata for https://lithub.com/the-ballad-of-buster-scruggs-what-exactly-is-its-source-material/
 22%|██▏       | 51/235 [01:51<03:49,  1.25s/it]INFO:__main__:Requesting https://pudding.cool/2019/02/gyllenhaal/
INFO:__main__:Getting metadata for https://pudding.cool/2019/02/gyllenhaal/
 22%|██▏       | 52/235 [01:51<02:51,  1.07it/s]INFO:__main__:Requesting http://www.lel.ed.ac.uk/ihd/elalme/elalme_frames.html
INFO:__main__:Getting metadata for http://www.lel.ed.ac.uk/ihd/elalme/elalme_frames.html
 23%|██▎       | 53/235 [01:53<03:05,  1.02s/it]INFO:__main__:Requesting http://www.amc.lel.ed.ac.uk/?page_id=563
INFO:__main__:Getting metadata for http://www.amc.lel.ed.ac.uk/?page_id=563
 23%|██▎       | 54/235 [01:57<06:26,  2.13s/it]INFO:__main__:Requesting https://mashedradish.com/2017/05/16/the-bureau-of-etymological-investigation/
ERROR:__main__:Could not reach https://mashedradish.com/2017/05/16/the-bureau-of-etymological-investigation/
Traceback (most recent call last):
  File "/home/travis/virtualenv/python3.6.3/lib/python3.6/site-packages/urllib3/connectionpool.py", line 600, in urlopen
    chunked=chunked)
  File "/home/travis/virtualenv/python3.6.3/lib/python3.6/site-packages/urllib3/connectionpool.py", line 384, in _make_request
    six.raise_from(e, None)
  File "<string>", line 2, in raise_from
  File "/home/travis/virtualenv/python3.6.3/lib/python3.6/site-packages/urllib3/connectionpool.py", line 380, in _make_request
    httplib_response = conn.getresponse()
  File "/opt/python/3.6.3/lib/python3.6/http/client.py", line 1331, in getresponse
    response.begin()
  File "/opt/python/3.6.3/lib/python3.6/http/client.py", line 297, in begin
    version, status, reason = self._read_status()
  File "/opt/python/3.6.3/lib/python3.6/http/client.py", line 266, in _read_status
    raise RemoteDisconnected("Remote end closed connection without"
http.client.RemoteDisconnected: Remote end closed connection without response

During handling of the above exception, another exception occurred:

Traceback (most recent call last):
  File "/home/travis/virtualenv/python3.6.3/lib/python3.6/site-packages/requests/adapters.py", line 449, in send
    timeout=timeout
  File "/home/travis/virtualenv/python3.6.3/lib/python3.6/site-packages/urllib3/connectionpool.py", line 638, in urlopen
    _stacktrace=sys.exc_info()[2])
  File "/home/travis/virtualenv/python3.6.3/lib/python3.6/site-packages/urllib3/util/retry.py", line 367, in increment
    raise six.reraise(type(error), error, _stacktrace)
  File "/home/travis/virtualenv/python3.6.3/lib/python3.6/site-packages/urllib3/packages/six.py", line 685, in reraise
    raise value.with_traceback(tb)
  File "/home/travis/virtualenv/python3.6.3/lib/python3.6/site-packages/urllib3/connectionpool.py", line 600, in urlopen
    chunked=chunked)
  File "/home/travis/virtualenv/python3.6.3/lib/python3.6/site-packages/urllib3/connectionpool.py", line 384, in _make_request
    six.raise_from(e, None)
  File "<string>", line 2, in raise_from
  File "/home/travis/virtualenv/python3.6.3/lib/python3.6/site-packages/urllib3/connectionpool.py", line 380, in _make_request
    httplib_response = conn.getresponse()
  File "/opt/python/3.6.3/lib/python3.6/http/client.py", line 1331, in getresponse
    response.begin()
  File "/opt/python/3.6.3/lib/python3.6/http/client.py", line 297, in begin
    version, status, reason = self._read_status()
  File "/opt/python/3.6.3/lib/python3.6/http/client.py", line 266, in _read_status
    raise RemoteDisconnected("Remote end closed connection without"
urllib3.exceptions.ProtocolError: ('Connection aborted.', RemoteDisconnected('Remote end closed connection without response',))

During handling of the above exception, another exception occurred:

Traceback (most recent call last):
  File "../_scripts/crawler/crawler.py", line 209, in metafy_url
    response = requests.get(url, timeout=6, headers={'User-Agent': 'Mozilla/5.0'})
  File "/home/travis/virtualenv/python3.6.3/lib/python3.6/site-packages/requests/api.py", line 75, in get
    return request('get', url, params=params, **kwargs)
  File "/home/travis/virtualenv/python3.6.3/lib/python3.6/site-packages/requests/api.py", line 60, in request
    return session.request(method=method, url=url, **kwargs)
  File "/home/travis/virtualenv/python3.6.3/lib/python3.6/site-packages/requests/sessions.py", line 533, in request
    resp = self.send(prep, **send_kwargs)
  File "/home/travis/virtualenv/python3.6.3/lib/python3.6/site-packages/requests/sessions.py", line 646, in send
    r = adapter.send(request, **kwargs)
  File "/home/travis/virtualenv/python3.6.3/lib/python3.6/site-packages/requests/adapters.py", line 498, in send
    raise ConnectionError(err, request=request)
requests.exceptions.ConnectionError: ('Connection aborted.', RemoteDisconnected('Remote end closed connection without response',))
 23%|██▎       | 55/235 [01:57<04:36,  1.54s/it]INFO:__main__:Requesting http://www.thesmokinggun.com/documents/crime/actor-mcconaughey-nude-bongo-bust-0
INFO:__main__:Getting metadata for http://www.thesmokinggun.com/documents/crime/actor-mcconaughey-nude-bongo-bust-0
 24%|██▍       | 56/235 [01:58<03:42,  1.24s/it]INFO:__main__:Requesting https://chuckpalahniuk.net/author/frequently-asked-questions-about-chuck-palahniuk#biographical-1
INFO:__main__:Getting metadata for https://chuckpalahniuk.net/author/frequently-asked-questions-about-chuck-palahniuk#biographical-1
 24%|██▍       | 57/235 [01:59<03:19,  1.12s/it]INFO:__main__:Requesting https://en.wikipedia.org/wiki/Ukrainian_alphabet#Letter_names_and_pronunciation
INFO:__main__:Getting metadata for https://en.wikipedia.org/wiki/Ukrainian_alphabet#Letter_names_and_pronunciation
 25%|██▍       | 58/235 [02:00<03:40,  1.25s/it]INFO:__main__:Requesting https://en.wiktionary.org/wiki/ɦ
INFO:__main__:Getting metadata for https://en.wiktionary.org/wiki/%C9%A6
 25%|██▌       | 59/235 [02:01<03:16,  1.11s/it]INFO:__main__:Requesting https://en.wikipedia.org/wiki/Romanization_of_Ukrainian#Tables_of_romanization_systems
INFO:__main__:Getting metadata for https://en.wikipedia.org/wiki/Romanization_of_Ukrainian#Tables_of_romanization_systems
 26%|██▌       | 60/235 [02:02<03:23,  1.16s/it]INFO:__main__:Requesting https://en.wikipedia.org/wiki/Irish_name
INFO:__main__:Getting metadata for https://en.wikipedia.org/wiki/Irish_name
 26%|██▌       | 61/235 [02:04<03:41,  1.28s/it]INFO:__main__:Requesting https://srconstantin.wordpress.com/2019/02/25/humans-who-are-not-concentrating-are-not-general-intelligences/
ERROR:__main__:Could not reach https://srconstantin.wordpress.com/2019/02/25/humans-who-are-not-concentrating-are-not-general-intelligences/
Traceback (most recent call last):
  File "/home/travis/virtualenv/python3.6.3/lib/python3.6/site-packages/urllib3/connectionpool.py", line 600, in urlopen
    chunked=chunked)
  File "/home/travis/virtualenv/python3.6.3/lib/python3.6/site-packages/urllib3/connectionpool.py", line 384, in _make_request
    six.raise_from(e, None)
  File "<string>", line 2, in raise_from
  File "/home/travis/virtualenv/python3.6.3/lib/python3.6/site-packages/urllib3/connectionpool.py", line 380, in _make_request
    httplib_response = conn.getresponse()
  File "/opt/python/3.6.3/lib/python3.6/http/client.py", line 1331, in getresponse
    response.begin()
  File "/opt/python/3.6.3/lib/python3.6/http/client.py", line 297, in begin
    version, status, reason = self._read_status()
  File "/opt/python/3.6.3/lib/python3.6/http/client.py", line 266, in _read_status
    raise RemoteDisconnected("Remote end closed connection without"
http.client.RemoteDisconnected: Remote end closed connection without response

During handling of the above exception, another exception occurred:

Traceback (most recent call last):
  File "/home/travis/virtualenv/python3.6.3/lib/python3.6/site-packages/requests/adapters.py", line 449, in send
    timeout=timeout
  File "/home/travis/virtualenv/python3.6.3/lib/python3.6/site-packages/urllib3/connectionpool.py", line 638, in urlopen
    _stacktrace=sys.exc_info()[2])
  File "/home/travis/virtualenv/python3.6.3/lib/python3.6/site-packages/urllib3/util/retry.py", line 367, in increment
    raise six.reraise(type(error), error, _stacktrace)
  File "/home/travis/virtualenv/python3.6.3/lib/python3.6/site-packages/urllib3/packages/six.py", line 685, in reraise
    raise value.with_traceback(tb)
  File "/home/travis/virtualenv/python3.6.3/lib/python3.6/site-packages/urllib3/connectionpool.py", line 600, in urlopen
    chunked=chunked)
  File "/home/travis/virtualenv/python3.6.3/lib/python3.6/site-packages/urllib3/connectionpool.py", line 384, in _make_request
    six.raise_from(e, None)
  File "<string>", line 2, in raise_from
  File "/home/travis/virtualenv/python3.6.3/lib/python3.6/site-packages/urllib3/connectionpool.py", line 380, in _make_request
    httplib_response = conn.getresponse()
  File "/opt/python/3.6.3/lib/python3.6/http/client.py", line 1331, in getresponse
    response.begin()
  File "/opt/python/3.6.3/lib/python3.6/http/client.py", line 297, in begin
    version, status, reason = self._read_status()
  File "/opt/python/3.6.3/lib/python3.6/http/client.py", line 266, in _read_status
    raise RemoteDisconnected("Remote end closed connection without"
urllib3.exceptions.ProtocolError: ('Connection aborted.', RemoteDisconnected('Remote end closed connection without response',))

During handling of the above exception, another exception occurred:

Traceback (most recent call last):
  File "../_scripts/crawler/crawler.py", line 209, in metafy_url
    response = requests.get(url, timeout=6, headers={'User-Agent': 'Mozilla/5.0'})
  File "/home/travis/virtualenv/python3.6.3/lib/python3.6/site-packages/requests/api.py", line 75, in get
    return request('get', url, params=params, **kwargs)
  File "/home/travis/virtualenv/python3.6.3/lib/python3.6/site-packages/requests/api.py", line 60, in request
    return session.request(method=method, url=url, **kwargs)
  File "/home/travis/virtualenv/python3.6.3/lib/python3.6/site-packages/requests/sessions.py", line 533, in request
    resp = self.send(prep, **send_kwargs)
  File "/home/travis/virtualenv/python3.6.3/lib/python3.6/site-packages/requests/sessions.py", line 646, in send
    r = adapter.send(request, **kwargs)
  File "/home/travis/virtualenv/python3.6.3/lib/python3.6/site-packages/requests/adapters.py", line 498, in send
    raise ConnectionError(err, request=request)
requests.exceptions.ConnectionError: ('Connection aborted.', RemoteDisconnected('Remote end closed connection without response',))
 26%|██▋       | 62/235 [02:04<02:41,  1.07it/s]INFO:__main__:Requesting https://en.wikipedia.org/wiki/Cottingley_Fairies
INFO:__main__:Getting metadata for https://en.wikipedia.org/wiki/Cottingley_Fairies
 27%|██▋       | 63/235 [02:05<03:01,  1.06s/it]INFO:__main__:Requesting https://en.wikipedia.org/wiki/Pascal's_Wager
INFO:__main__:Getting metadata for https://en.wikipedia.org/wiki/Pascal's_Wager
 27%|██▋       | 64/235 [02:08<04:08,  1.45s/it]INFO:__main__:Requesting https://www.goodreads.com/book/show/35887237-reader-come-home
INFO:__main__:Getting metadata for https://www.goodreads.com/book/show/35887237-reader-come-home
 28%|██▊       | 65/235 [02:09<03:43,  1.32s/it]INFO:__main__:Requesting https://en.m.wikipedia.org/wiki/Thinking,_Fast_and_Slow
INFO:__main__:Getting metadata for https://en.m.wikipedia.org/wiki/Thinking,_Fast_and_Slow
 28%|██▊       | 66/235 [02:10<03:32,  1.25s/it]INFO:__main__:Requesting https://twitter.com/BillGates/status/1086662632587907072
INFO:__main__:Getting metadata for https://twitter.com/BillGates/status/1086662632587907072
 29%|██▊       | 67/235 [02:11<03:21,  1.20s/it]INFO:__main__:Requesting https://www.theguardian.com/commentisfree/2019/jan/29/bill-gates-davos-global-poverty-infographic-neoliberal
INFO:__main__:Getting metadata for https://www.theguardian.com/commentisfree/2019/jan/29/bill-gates-davos-global-poverty-infographic-neoliberal
 29%|██▉       | 68/235 [02:11<02:36,  1.07it/s]INFO:__main__:Requesting https://voxeu.org/article/assessing-progress-poorest-new-evidence
INFO:__main__:Getting metadata for https://voxeu.org/article/assessing-progress-poorest-new-evidence
 29%|██▉       | 69/235 [02:13<03:13,  1.17s/it]INFO:__main__:Requesting https://ourworldindata.org/poverty-at-higher-poverty-lines
INFO:__main__:Getting metadata for https://ourworldindata.org/poverty-at-higher-poverty-lines
 30%|██▉       | 70/235 [02:13<02:30,  1.10it/s]INFO:__main__:Requesting https://ourworldindata.org/extreme-history-methods
INFO:__main__:Getting metadata for https://ourworldindata.org/extreme-history-methods
 30%|███       | 71/235 [02:14<02:03,  1.33it/s]INFO:__main__:Requesting https://akvopedia.org
INFO:__main__:Getting metadata for https://akvopedia.org/wiki/Main_Page
 31%|███       | 72/235 [02:17<04:17,  1.58s/it]INFO:__main__:Requesting https://ourworldindata.org/a-history-of-global-living-conditions-in-5-charts
INFO:__main__:Getting metadata for https://ourworldindata.org/a-history-of-global-living-conditions-in-5-charts
 31%|███       | 73/235 [02:18<03:15,  1.21s/it]INFO:__main__:Requesting https://www.kialo.com/18304/
INFO:__main__:Getting metadata for https://www.kialo.com/should-google-censor-their-search-results-in-order-to-operate-in-china-18304
 31%|███▏      | 74/235 [02:18<02:48,  1.05s/it]INFO:__main__:Requesting https://www.cgdev.org/blog/12-things-we-can-agree-about-global-poverty
INFO:__main__:Getting metadata for https://www.cgdev.org/blog/12-things-we-can-agree-about-global-poverty
 32%|███▏      | 75/235 [02:19<02:39,  1.00it/s]INFO:__main__:Requesting http://www.developfy.com
INFO:__main__:Getting metadata for http://www.developfy.com
 32%|███▏      | 76/235 [02:20<02:50,  1.07s/it]INFO:__main__:Requesting https://mediabiasfactcheck.com/our-world-in-data/
ERROR:__main__:Could not reach https://mediabiasfactcheck.com/our-world-in-data/
Traceback (most recent call last):
  File "/home/travis/virtualenv/python3.6.3/lib/python3.6/site-packages/urllib3/connectionpool.py", line 600, in urlopen
    chunked=chunked)
  File "/home/travis/virtualenv/python3.6.3/lib/python3.6/site-packages/urllib3/connectionpool.py", line 384, in _make_request
    six.raise_from(e, None)
  File "<string>", line 2, in raise_from
  File "/home/travis/virtualenv/python3.6.3/lib/python3.6/site-packages/urllib3/connectionpool.py", line 380, in _make_request
    httplib_response = conn.getresponse()
  File "/opt/python/3.6.3/lib/python3.6/http/client.py", line 1331, in getresponse
    response.begin()
  File "/opt/python/3.6.3/lib/python3.6/http/client.py", line 297, in begin
    version, status, reason = self._read_status()
  File "/opt/python/3.6.3/lib/python3.6/http/client.py", line 266, in _read_status
    raise RemoteDisconnected("Remote end closed connection without"
http.client.RemoteDisconnected: Remote end closed connection without response

During handling of the above exception, another exception occurred:

Traceback (most recent call last):
  File "/home/travis/virtualenv/python3.6.3/lib/python3.6/site-packages/requests/adapters.py", line 449, in send
    timeout=timeout
  File "/home/travis/virtualenv/python3.6.3/lib/python3.6/site-packages/urllib3/connectionpool.py", line 638, in urlopen
    _stacktrace=sys.exc_info()[2])
  File "/home/travis/virtualenv/python3.6.3/lib/python3.6/site-packages/urllib3/util/retry.py", line 367, in increment
    raise six.reraise(type(error), error, _stacktrace)
  File "/home/travis/virtualenv/python3.6.3/lib/python3.6/site-packages/urllib3/packages/six.py", line 685, in reraise
    raise value.with_traceback(tb)
  File "/home/travis/virtualenv/python3.6.3/lib/python3.6/site-packages/urllib3/connectionpool.py", line 600, in urlopen
    chunked=chunked)
  File "/home/travis/virtualenv/python3.6.3/lib/python3.6/site-packages/urllib3/connectionpool.py", line 384, in _make_request
    six.raise_from(e, None)
  File "<string>", line 2, in raise_from
  File "/home/travis/virtualenv/python3.6.3/lib/python3.6/site-packages/urllib3/connectionpool.py", line 380, in _make_request
    httplib_response = conn.getresponse()
  File "/opt/python/3.6.3/lib/python3.6/http/client.py", line 1331, in getresponse
    response.begin()
  File "/opt/python/3.6.3/lib/python3.6/http/client.py", line 297, in begin
    version, status, reason = self._read_status()
  File "/opt/python/3.6.3/lib/python3.6/http/client.py", line 266, in _read_status
    raise RemoteDisconnected("Remote end closed connection without"
urllib3.exceptions.ProtocolError: ('Connection aborted.', RemoteDisconnected('Remote end closed connection without response',))

During handling of the above exception, another exception occurred:

Traceback (most recent call last):
  File "../_scripts/crawler/crawler.py", line 209, in metafy_url
    response = requests.get(url, timeout=6, headers={'User-Agent': 'Mozilla/5.0'})
  File "/home/travis/virtualenv/python3.6.3/lib/python3.6/site-packages/requests/api.py", line 75, in get
    return request('get', url, params=params, **kwargs)
  File "/home/travis/virtualenv/python3.6.3/lib/python3.6/site-packages/requests/api.py", line 60, in request
    return session.request(method=method, url=url, **kwargs)
  File "/home/travis/virtualenv/python3.6.3/lib/python3.6/site-packages/requests/sessions.py", line 533, in request
    resp = self.send(prep, **send_kwargs)
  File "/home/travis/virtualenv/python3.6.3/lib/python3.6/site-packages/requests/sessions.py", line 646, in send
    r = adapter.send(request, **kwargs)
  File "/home/travis/virtualenv/python3.6.3/lib/python3.6/site-packages/requests/adapters.py", line 498, in send
    raise ConnectionError(err, request=request)
requests.exceptions.ConnectionError: ('Connection aborted.', RemoteDisconnected('Remote end closed connection without response',))
 33%|███▎      | 77/235 [02:21<02:07,  1.24it/s]INFO:__main__:Requesting https://ourworldindata.org/much-better-awful-can-be-better
INFO:__main__:Getting metadata for https://ourworldindata.org/much-better-awful-can-be-better
 33%|███▎      | 78/235 [02:21<01:41,  1.55it/s]INFO:__main__:Requesting https://ourworldindata.org/homelessness-rise-england
INFO:__main__:Getting metadata for https://ourworldindata.org/homelessness-rise-england
 34%|███▎      | 79/235 [02:21<01:23,  1.88it/s]INFO:__main__:Requesting https://mobile.twitter.com/MaxCRoser/status/852813032723857409
INFO:__main__:Getting metadata for https://mobile.twitter.com/MaxCRoser/status/852813032723857409
 34%|███▍      | 80/235 [02:22<01:55,  1.34it/s]INFO:__main__:Requesting https://datausa.io/
INFO:__main__:Getting metadata for https://datausa.io
 34%|███▍      | 81/235 [02:23<01:30,  1.70it/s]INFO:__main__:Requesting https://www.gapminder.org/
INFO:__main__:Getting metadata for https://www.gapminder.org
 35%|███▍      | 82/235 [02:24<02:00,  1.27it/s]INFO:__main__:Requesting https://www.gapminder.org/videos/dont-panic-end-poverty/
INFO:__main__:Getting metadata for https://www.gapminder.org/videos/dont-panic-end-poverty/
 35%|███▌      | 83/235 [02:25<02:09,  1.17it/s]INFO:__main__:Requesting https://www.gapminder.org/news/data-sources-dont-panic-end-poverty/
INFO:__main__:Getting metadata for https://www.gapminder.org/news/data-sources-dont-panic-end-poverty/
 36%|███▌      | 84/235 [02:28<04:15,  1.69s/it]INFO:__main__:Requesting https://ourworldindata.org/grapher/child-mortality
INFO:__main__:Getting metadata for https://ourworldindata.org/grapher/child-mortality
 36%|███▌      | 85/235 [02:29<03:10,  1.27s/it]INFO:__main__:Requesting https://www.futureagenda.org/
INFO:__main__:Getting metadata for https://www.futureagenda.org
 37%|███▋      | 86/235 [02:31<03:32,  1.43s/it]INFO:__main__:Requesting https://www.amazon.com/Influential-Mind-Reveals-Change-Others/dp/1627792651
INFO:__main__:Getting metadata for https://www.amazon.com/Influential-Mind-Reveals-Change-Others/dp/1627792651
 37%|███▋      | 87/235 [02:33<04:26,  1.80s/it]INFO:__main__:Requesting https://www.youtube.com/watch?v=NyME0Idsq9w
INFO:__main__:Getting metadata for https://www.youtube.com/watch?v=NyME0Idsq9w
 37%|███▋      | 88/235 [02:34<03:46,  1.54s/it]INFO:__main__:Requesting https://ourworldindata.org/about/list-of-all-data-entries
INFO:__main__:Getting metadata for https://ourworldindata.org/about/list-of-all-data-entries
 38%|███▊      | 89/235 [02:34<02:51,  1.18s/it]INFO:__main__:Requesting http://www.usefulusability.com/usertesting-alternatives/
 38%|███▊      | 90/235 [02:35<02:12,  1.09it/s]INFO:__main__:Requesting https://www.producthunt.com/alternatives/usertesting-2
INFO:__main__:Getting metadata for https://www.producthunt.com/alternatives/usertesting-2
 39%|███▊      | 91/235 [02:36<02:18,  1.04it/s]INFO:__main__:Requesting https://medium.com/@leemunroe/how-our-product-design-team-conducts-usability-tests-every-2-weeks-afa8c60a8616
INFO:__main__:Getting metadata for https://medium.com/@leemunroe/how-our-product-design-team-conducts-usability-tests-every-2-weeks-afa8c60a8616
 39%|███▉      | 92/235 [02:36<02:01,  1.18it/s]INFO:__main__:Requesting https://fivethirtyeight.com/
INFO:__main__:Getting metadata for https://fivethirtyeight.com
 40%|███▉      | 93/235 [02:37<01:38,  1.44it/s]INFO:__main__:Requesting https://www.newyorker.com/
INFO:__main__:Getting metadata for https://www.newyorker.com
 40%|████      | 94/235 [02:37<01:22,  1.70it/s]INFO:__main__:Requesting https://ourworldindata.org/about/coverage#coverage
INFO:__main__:Getting metadata for https://ourworldindata.org/about/coverage#coverage
 40%|████      | 95/235 [02:38<01:17,  1.80it/s]INFO:__main__:Requesting https://elixir-lang.org/blog/2019/02/25/mint-a-new-http-library-for-elixir/
INFO:__main__:Getting metadata for https://elixir-lang.org/blog/2019/02/25/mint-a-new-http-library-for-elixir/
 41%|████      | 96/235 [02:38<01:01,  2.24it/s]INFO:__main__:Requesting https://hexdocs.pm/mojito/Mojito.html
INFO:__main__:Getting metadata for https://hexdocs.pm/mojito/Mojito.html
 41%|████▏     | 97/235 [02:38<01:04,  2.15it/s]INFO:__main__:Requesting https://github.com/appcues/mojito
INFO:__main__:Getting metadata for https://github.com/appcues/mojito
 42%|████▏     | 98/235 [02:39<01:19,  1.72it/s]INFO:__main__:Requesting https://twitter.com/whatyouhide/status/1100082898986774528
INFO:__main__:Getting metadata for https://twitter.com/whatyouhide/status/1100082898986774528
 42%|████▏     | 99/235 [02:40<01:39,  1.36it/s]INFO:__main__:Requesting https://ninenines.eu/docs/en/gun/1.3/manual/
INFO:__main__:Getting metadata for https://ninenines.eu/docs/en/gun/1.3/manual/
 43%|████▎     | 100/235 [02:41<01:38,  1.38it/s]INFO:__main__:Requesting https://github.com/elixir-maru/maru
INFO:__main__:Getting metadata for https://github.com/elixir-maru/maru
 43%|████▎     | 101/235 [02:42<01:45,  1.27it/s]INFO:__main__:Requesting https://www.youtube.com/watch?v=_JNGI1dI-e8
INFO:__main__:Getting metadata for https://www.youtube.com/watch?v=_JNGI1dI-e8
 43%|████▎     | 102/235 [02:43<01:53,  1.17it/s]INFO:__main__:Requesting https://github.com/ericmj/mint
INFO:__main__:Getting metadata for https://github.com/ericmj/mint
 44%|████▍     | 103/235 [02:44<01:52,  1.17it/s]INFO:__main__:Requesting http://mentalfloss.com/article/94569/clair-patterson-scientist-who-determined-age-earth-and-then-saved-it
INFO:__main__:Getting metadata for http://mentalfloss.com/article/94569/clair-patterson-scientist-who-determined-age-earth-and-then-saved-it
 44%|████▍     | 104/235 [02:44<01:41,  1.28it/s]INFO:__main__:Requesting https://en.wikipedia.org/wiki/Thomas_Midgley_Jr
INFO:__main__:Getting metadata for https://en.wikipedia.org/wiki/Thomas_Midgley_Jr
 45%|████▍     | 105/235 [02:46<01:56,  1.12it/s]INFO:__main__:Requesting http://booksdl.org/scimag/get.php?doi=10.1016%2F0016-7037%2856%2990036-9
ERROR:__main__:Could not reach http://booksdl.org/scimag/get.php?doi=10.1016%2F0016-7037%2856%2990036-9
Traceback (most recent call last):
  File "/home/travis/virtualenv/python3.6.3/lib/python3.6/site-packages/urllib3/connectionpool.py", line 384, in _make_request
    six.raise_from(e, None)
  File "<string>", line 2, in raise_from
  File "/home/travis/virtualenv/python3.6.3/lib/python3.6/site-packages/urllib3/connectionpool.py", line 380, in _make_request
    httplib_response = conn.getresponse()
  File "/opt/python/3.6.3/lib/python3.6/http/client.py", line 1331, in getresponse
    response.begin()
  File "/opt/python/3.6.3/lib/python3.6/http/client.py", line 297, in begin
    version, status, reason = self._read_status()
  File "/opt/python/3.6.3/lib/python3.6/http/client.py", line 258, in _read_status
    line = str(self.fp.readline(_MAXLINE + 1), "iso-8859-1")
  File "/opt/python/3.6.3/lib/python3.6/socket.py", line 586, in readinto
    return self._sock.recv_into(b)
socket.timeout: timed out

During handling of the above exception, another exception occurred:

Traceback (most recent call last):
  File "/home/travis/virtualenv/python3.6.3/lib/python3.6/site-packages/requests/adapters.py", line 449, in send
    timeout=timeout
  File "/home/travis/virtualenv/python3.6.3/lib/python3.6/site-packages/urllib3/connectionpool.py", line 638, in urlopen
    _stacktrace=sys.exc_info()[2])
  File "/home/travis/virtualenv/python3.6.3/lib/python3.6/site-packages/urllib3/util/retry.py", line 367, in increment
    raise six.reraise(type(error), error, _stacktrace)
  File "/home/travis/virtualenv/python3.6.3/lib/python3.6/site-packages/urllib3/packages/six.py", line 686, in reraise
    raise value
  File "/home/travis/virtualenv/python3.6.3/lib/python3.6/site-packages/urllib3/connectionpool.py", line 600, in urlopen
    chunked=chunked)
  File "/home/travis/virtualenv/python3.6.3/lib/python3.6/site-packages/urllib3/connectionpool.py", line 386, in _make_request
    self._raise_timeout(err=e, url=url, timeout_value=read_timeout)
  File "/home/travis/virtualenv/python3.6.3/lib/python3.6/site-packages/urllib3/connectionpool.py", line 306, in _raise_timeout
    raise ReadTimeoutError(self, url, "Read timed out. (read timeout=%s)" % timeout_value)
urllib3.exceptions.ReadTimeoutError: HTTPConnectionPool(host='booksdescr.org', port=80): Read timed out. (read timeout=6)

During handling of the above exception, another exception occurred:

Traceback (most recent call last):
  File "../_scripts/crawler/crawler.py", line 209, in metafy_url
    response = requests.get(url, timeout=6, headers={'User-Agent': 'Mozilla/5.0'})
  File "/home/travis/virtualenv/python3.6.3/lib/python3.6/site-packages/requests/api.py", line 75, in get
    return request('get', url, params=params, **kwargs)
  File "/home/travis/virtualenv/python3.6.3/lib/python3.6/site-packages/requests/api.py", line 60, in request
    return session.request(method=method, url=url, **kwargs)
  File "/home/travis/virtualenv/python3.6.3/lib/python3.6/site-packages/requests/sessions.py", line 533, in request
    resp = self.send(prep, **send_kwargs)
  File "/home/travis/virtualenv/python3.6.3/lib/python3.6/site-packages/requests/sessions.py", line 668, in send
    history = [resp for resp in gen] if allow_redirects else []
  File "/home/travis/virtualenv/python3.6.3/lib/python3.6/site-packages/requests/sessions.py", line 668, in <listcomp>
    history = [resp for resp in gen] if allow_redirects else []
  File "/home/travis/virtualenv/python3.6.3/lib/python3.6/site-packages/requests/sessions.py", line 247, in resolve_redirects
    **adapter_kwargs
  File "/home/travis/virtualenv/python3.6.3/lib/python3.6/site-packages/requests/sessions.py", line 646, in send
    r = adapter.send(request, **kwargs)
  File "/home/travis/virtualenv/python3.6.3/lib/python3.6/site-packages/requests/adapters.py", line 529, in send
    raise ReadTimeout(e, request=request)
requests.exceptions.ReadTimeout: HTTPConnectionPool(host='booksdescr.org', port=80): Read timed out. (read timeout=6)
 45%|████▌     | 106/235 [02:52<05:48,  2.70s/it]INFO:__main__:Requesting https://leowid.com/brain-facts/
 46%|████▌     | 107/235 [02:53<04:13,  1.98s/it]INFO:__main__:Requesting https://en.wikipedia.org/wiki/Flashbulb_memory
INFO:__main__:Getting metadata for https://en.wikipedia.org/wiki/Flashbulb_memory
 46%|████▌     | 108/235 [02:54<03:57,  1.87s/it]INFO:__main__:Requesting http://revisionisthistory.com/episodes/24-free-brian-williams
INFO:__main__:Getting metadata for http://revisionisthistory.com/episodes/24-free-brian-williams
 46%|████▋     | 109/235 [02:55<02:56,  1.40s/it]INFO:__main__:Requesting https://en.wikipedia.org/wiki/Dandy%E2%80%93Walker_syndrome
INFO:__main__:Getting metadata for https://en.wikipedia.org/wiki/Dandy%E2%80%93Walker_syndrome
 47%|████▋     | 110/235 [02:56<02:40,  1.29s/it]INFO:__main__:Requesting https://en.wikipedia.org/wiki/Research_on_meditation#Research_on_unspecified_or_multiple_types_of_meditation
INFO:__main__:Getting metadata for https://en.wikipedia.org/wiki/Research_on_meditation#Research_on_unspecified_or_multiple_types_of_meditation
 47%|████▋     | 111/235 [02:58<03:09,  1.53s/it]INFO:__main__:Requesting https://www.youtube.com/watch?v=D9H9qTdserM
INFO:__main__:Getting metadata for https://www.youtube.com/watch?v=D9H9qTdserM
 48%|████▊     | 112/235 [02:59<02:44,  1.33s/it]INFO:__main__:Requesting https://www.youtube.com/watch?v=CAOnSbDSaOw
INFO:__main__:Getting metadata for https://www.youtube.com/watch?v=CAOnSbDSaOw
 48%|████▊     | 113/235 [03:00<02:26,  1.20s/it]INFO:__main__:Requesting https://www.ncbi.nlm.nih.gov/pmc/articles/PMC4979579/
INFO:__main__:Getting metadata for https://www.ncbi.nlm.nih.gov/pmc/articles/PMC4979579/
 49%|████▊     | 114/235 [03:01<02:34,  1.28s/it]INFO:__main__:Requesting https://blog.golang.org/go1.12
INFO:__main__:Getting metadata for https://blog.golang.org/go1.12
 49%|████▉     | 115/235 [03:01<01:54,  1.05it/s]INFO:__main__:Requesting https://github.com/mholt/caddy/pull/2399
INFO:__main__:Getting metadata for https://github.com/mholt/caddy/pull/2399
 49%|████▉     | 116/235 [03:04<02:47,  1.40s/it]INFO:__main__:Requesting https://github.com/golang/go/issues/25807
INFO:__main__:Getting metadata for https://github.com/golang/go/issues/25807
 50%|████▉     | 117/235 [03:05<02:50,  1.44s/it]INFO:__main__:Requesting https://tools.ietf.org/html/draft-krawczyk-cfrg-opaque-01#section-4
INFO:__main__:Getting metadata for https://tools.ietf.org/html/draft-krawczyk-cfrg-opaque-01#section-4
 50%|█████     | 118/235 [03:09<04:23,  2.25s/it]INFO:__main__:Requesting https://github.com/pions/dtls
INFO:__main__:Getting metadata for https://github.com/pions/dtls
 51%|█████     | 119/235 [03:10<03:35,  1.86s/it]INFO:__main__:Requesting https://blog.gopheracademy.com/advent-2016/exposing-go-on-the-internet/
INFO:__main__:Getting metadata for https://blog.gopheracademy.com/advent-2016/exposing-go-on-the-internet/
 51%|█████     | 120/235 [03:12<03:20,  1.75s/it]INFO:__main__:Requesting https://www.cloudflare.com/learning-resources/tls-1-3/
INFO:__main__:Getting metadata for https://www.cloudflare.com/learning-resources/tls-1-3/
 51%|█████▏    | 121/235 [03:12<02:32,  1.34s/it]INFO:__main__:Requesting https://en.wikipedia.org/wiki/Transport_Layer_Security
INFO:__main__:Getting metadata for https://en.wikipedia.org/wiki/Transport_Layer_Security
 52%|█████▏    | 122/235 [03:20<06:26,  3.42s/it]INFO:__main__:Requesting https://github.com/golang/go/issues/26650
INFO:__main__:Getting metadata for https://github.com/golang/go/issues/26650
 52%|█████▏    | 123/235 [03:23<06:10,  3.31s/it]INFO:__main__:Requesting https://github.com/boyter/scc
INFO:__main__:Getting metadata for https://github.com/boyter/scc
 53%|█████▎    | 124/235 [03:24<04:46,  2.58s/it]INFO:__main__:Requesting https://golang.org/doc/go1.12#runtime
INFO:__main__:Getting metadata for https://golang.org/doc/go1.12#runtime
 53%|█████▎    | 125/235 [03:25<03:30,  1.92s/it]INFO:__main__:Requesting https://docs.python.org/3/whatsnew/3.6.html#whatsnew36-compactdict
INFO:__main__:Getting metadata for https://docs.python.org/3/whatsnew/3.6.html#whatsnew36-compactdict
 54%|█████▎    | 126/235 [03:27<03:33,  1.96s/it]INFO:__main__:Requesting https://NewReleases.io
INFO:__main__:Getting metadata for https://newreleases.io
 54%|█████▍    | 127/235 [03:27<02:43,  1.51s/it]INFO:__main__:Requesting https://golang.org/doc/contribute.html
INFO:__main__:Getting metadata for https://golang.org/doc/contribute.html
 54%|█████▍    | 128/235 [03:28<02:02,  1.14s/it]INFO:__main__:Requesting https://github.com/golang/go/wiki/Mobile#building-and-deploying-to-ios
INFO:__main__:Getting metadata for https://github.com/golang/go/wiki/Mobile#building-and-deploying-to-ios
 55%|█████▍    | 129/235 [03:29<02:12,  1.25s/it]INFO:__main__:Requesting https://github.com/golang/go/issues/29934
INFO:__main__:Getting metadata for https://github.com/golang/go/issues/29934
 55%|█████▌    | 130/235 [03:33<03:38,  2.09s/it]INFO:__main__:Requesting http://sebpearce.com/bullshit/
INFO:__main__:Getting metadata for http://sebpearce.com/bullshit/
 56%|█████▌    | 131/235 [03:33<02:39,  1.53s/it]INFO:__main__:Requesting http://www.wisdomofchopra.com
INFO:__main__:Getting metadata for http://www.wisdomofchopra.com
 56%|█████▌    | 132/235 [03:34<02:13,  1.30s/it]INFO:__main__:Requesting https://www.taiwannews.com.tw/en/news/3644433
INFO:__main__:Getting metadata for https://www.taiwannews.com.tw/en/news/3644433
 57%|█████▋    | 133/235 [03:36<02:35,  1.53s/it]INFO:__main__:Requesting https://www.bbc.com/news/science-environment-47311186
INFO:__main__:Getting metadata for https://www.bbc.com/news/science-environment-47311186
 57%|█████▋    | 134/235 [03:37<02:27,  1.46s/it]INFO:__main__:Requesting https://mashable.com/article/fernandina-giant-tortoise-galapagos-extinct-discovery
INFO:__main__:Getting metadata for https://mashable.com/article/fernandina-giant-tortoise-galapagos-extinct-discovery/
 57%|█████▋    | 135/235 [03:38<01:57,  1.18s/it]INFO:__main__:Requesting https://www.upi.com/Science_News/2019/02/21/Worlds-biggest-bee-thought-extinct-rediscovered-in-Indonesia/6641550765035/
INFO:__main__:Getting metadata for https://www.upi.com/Science_News/2019/02/21/Worlds-biggest-bee-thought-extinct-rediscovered-in-Indonesia/6641550765035/
 58%|█████▊    | 136/235 [03:39<01:52,  1.13s/it]INFO:__main__:Requesting https://abcnews.go.com/US/video/tortoise-thought-extinct-discovered-galapagos-islands-61215358
INFO:__main__:Getting metadata for https://abcnews.go.com/US/video/tortoise-thought-extinct-discovered-galapagos-islands-61215358
 58%|█████▊    | 137/235 [03:40<01:43,  1.05s/it]INFO:__main__:Requesting https://www.youtube.com/watch?v=OT0ZIq-yWEM
INFO:__main__:Getting metadata for https://www.youtube.com/watch?v=OT0ZIq-yWEM
 59%|█████▊    | 138/235 [03:41<01:37,  1.01s/it]INFO:__main__:Requesting https://www.animalplanet.com/tv-shows/extinct-or-alive/
INFO:__main__:Getting metadata for https://www.animalplanet.com/tv-shows/extinct-or-alive/
 59%|█████▉    | 139/235 [03:42<01:37,  1.01s/it]INFO:__main__:Requesting https://puri.sm/posts/pureboot-the-high-security-boot-process/
INFO:__main__:Getting metadata for https://puri.sm/posts/pureboot-the-high-security-boot-process/
 60%|█████▉    | 140/235 [03:42<01:26,  1.10it/s]INFO:__main__:Requesting https://puri.sm/posts/deep-dive-into-intel-me-disablement/
INFO:__main__:Getting metadata for https://puri.sm/posts/deep-dive-into-intel-me-disablement/
 60%|██████    | 141/235 [03:43<01:17,  1.21it/s]INFO:__main__:Requesting https://support.lenovo.com/us/en/downloads/ds029187
INFO:__main__:Getting metadata for https://support.lenovo.com/us/en/downloads/ds029187
 60%|██████    | 142/235 [03:46<02:05,  1.35s/it]INFO:__main__:Requesting https://support.lenovo.com/us/en/downloads/ds029252
INFO:__main__:Getting metadata for https://support.lenovo.com/us/en/downloads/ds029252
 61%|██████    | 143/235 [03:48<02:22,  1.55s/it]INFO:__main__:Requesting https://github.com/Cr4sh/ThinkPwn
INFO:__main__:Getting metadata for https://github.com/Cr4sh/ThinkPwn
 61%|██████▏   | 144/235 [03:49<02:03,  1.36s/it]INFO:__main__:Requesting https://support.lenovo.com/us/en/solutions/len-8324
INFO:__main__:Getting metadata for https://support.lenovo.com/us/en/solutions/len-8324
 62%|██████▏   | 145/235 [03:52<03:04,  2.05s/it]INFO:__main__:Requesting https://github.com/chipsec/chipsec
INFO:__main__:Getting metadata for https://github.com/chipsec/chipsec
 62%|██████▏   | 146/235 [03:53<02:30,  1.70s/it]INFO:__main__:Requesting https://trmm.net/Heads_33c3#Philosophy_of_Heads
INFO:__main__:Getting metadata for https://trmm.net/Heads_33c3#Philosophy_of_Heads
 63%|██████▎   | 147/235 [03:54<02:13,  1.51s/it]INFO:__main__:Requesting http://reboot.pro/topic/7223-how-to-boot-directly-into-windows-from-kexecgrub4dos/
INFO:__main__:Getting metadata for http://reboot.pro/topic/7223-how-to-boot-directly-into-windows-from-kexecgrub4dos/
 63%|██████▎   | 148/235 [03:55<01:49,  1.26s/it]INFO:__main__:Requesting https://mjg59.dreamwidth.org/50577.html
INFO:__main__:Getting metadata for https://mjg59.dreamwidth.org/50577.html
 63%|██████▎   | 149/235 [03:57<02:14,  1.56s/it]INFO:__main__:Requesting https://github.com/TrenchBoot/documentation/blob/master/documentation/Architecture.md
INFO:__main__:Getting metadata for https://github.com/TrenchBoot/documentation/blob/master/documentation/Architecture.md
 64%|██████▍   | 150/235 [03:58<01:55,  1.36s/it]INFO:__main__:Requesting https://blog.dowhile0.org/2017/10/18/automatic-luks-volumes-unlocking-using-a-tpm2-chip/
ERROR:__main__:Could not reach https://blog.dowhile0.org/2017/10/18/automatic-luks-volumes-unlocking-using-a-tpm2-chip/
Traceback (most recent call last):
  File "/home/travis/virtualenv/python3.6.3/lib/python3.6/site-packages/urllib3/connectionpool.py", line 600, in urlopen
    chunked=chunked)
  File "/home/travis/virtualenv/python3.6.3/lib/python3.6/site-packages/urllib3/connectionpool.py", line 384, in _make_request
    six.raise_from(e, None)
  File "<string>", line 2, in raise_from
  File "/home/travis/virtualenv/python3.6.3/lib/python3.6/site-packages/urllib3/connectionpool.py", line 380, in _make_request
    httplib_response = conn.getresponse()
  File "/opt/python/3.6.3/lib/python3.6/http/client.py", line 1331, in getresponse
    response.begin()
  File "/opt/python/3.6.3/lib/python3.6/http/client.py", line 297, in begin
    version, status, reason = self._read_status()
  File "/opt/python/3.6.3/lib/python3.6/http/client.py", line 266, in _read_status
    raise RemoteDisconnected("Remote end closed connection without"
http.client.RemoteDisconnected: Remote end closed connection without response

During handling of the above exception, another exception occurred:

Traceback (most recent call last):
  File "/home/travis/virtualenv/python3.6.3/lib/python3.6/site-packages/requests/adapters.py", line 449, in send
    timeout=timeout
  File "/home/travis/virtualenv/python3.6.3/lib/python3.6/site-packages/urllib3/connectionpool.py", line 638, in urlopen
    _stacktrace=sys.exc_info()[2])
  File "/home/travis/virtualenv/python3.6.3/lib/python3.6/site-packages/urllib3/util/retry.py", line 367, in increment
    raise six.reraise(type(error), error, _stacktrace)
  File "/home/travis/virtualenv/python3.6.3/lib/python3.6/site-packages/urllib3/packages/six.py", line 685, in reraise
    raise value.with_traceback(tb)
  File "/home/travis/virtualenv/python3.6.3/lib/python3.6/site-packages/urllib3/connectionpool.py", line 600, in urlopen
    chunked=chunked)
  File "/home/travis/virtualenv/python3.6.3/lib/python3.6/site-packages/urllib3/connectionpool.py", line 384, in _make_request
    six.raise_from(e, None)
  File "<string>", line 2, in raise_from
  File "/home/travis/virtualenv/python3.6.3/lib/python3.6/site-packages/urllib3/connectionpool.py", line 380, in _make_request
    httplib_response = conn.getresponse()
  File "/opt/python/3.6.3/lib/python3.6/http/client.py", line 1331, in getresponse
    response.begin()
  File "/opt/python/3.6.3/lib/python3.6/http/client.py", line 297, in begin
    version, status, reason = self._read_status()
  File "/opt/python/3.6.3/lib/python3.6/http/client.py", line 266, in _read_status
    raise RemoteDisconnected("Remote end closed connection without"
urllib3.exceptions.ProtocolError: ('Connection aborted.', RemoteDisconnected('Remote end closed connection without response',))

During handling of the above exception, another exception occurred:

Traceback (most recent call last):
  File "../_scripts/crawler/crawler.py", line 209, in metafy_url
    response = requests.get(url, timeout=6, headers={'User-Agent': 'Mozilla/5.0'})
  File "/home/travis/virtualenv/python3.6.3/lib/python3.6/site-packages/requests/api.py", line 75, in get
    return request('get', url, params=params, **kwargs)
  File "/home/travis/virtualenv/python3.6.3/lib/python3.6/site-packages/requests/api.py", line 60, in request
    return session.request(method=method, url=url, **kwargs)
  File "/home/travis/virtualenv/python3.6.3/lib/python3.6/site-packages/requests/sessions.py", line 533, in request
    resp = self.send(prep, **send_kwargs)
  File "/home/travis/virtualenv/python3.6.3/lib/python3.6/site-packages/requests/sessions.py", line 646, in send
    r = adapter.send(request, **kwargs)
  File "/home/travis/virtualenv/python3.6.3/lib/python3.6/site-packages/requests/adapters.py", line 498, in send
    raise ConnectionError(err, request=request)
requests.exceptions.ConnectionError: ('Connection aborted.', RemoteDisconnected('Remote end closed connection without response',))
 64%|██████▍   | 151/235 [03:58<01:26,  1.03s/it]INFO:__main__:Requesting https://www.percona.com/blog/2019/02/25/mysql-challenge-100k-connections/
INFO:__main__:Getting metadata for https://www.percona.com/blog/2019/02/25/mysql-challenge-100k-connections/
 65%|██████▍   | 152/235 [03:59<01:15,  1.10it/s]INFO:__main__:Requesting https://www.youtube.com/watch?v=xNDnVOCdvQ0
INFO:__main__:Getting metadata for https://www.youtube.com/watch?v=xNDnVOCdvQ0
 65%|██████▌   | 153/235 [04:00<01:19,  1.04it/s]INFO:__main__:Requesting https://github.com/diesel-rs/diesel/issues/1028#issuecomment-315748691
INFO:__main__:Getting metadata for https://github.com/diesel-rs/diesel/issues/1028#issuecomment-315748691
 66%|██████▌   | 154/235 [04:02<01:44,  1.29s/it]INFO:__main__:Requesting https://www.postgresql.org/message-id/CA+CSw_tEpJ=md1zgxPkjH6CWDnTDft4gBi=+P9SnoC+Wy3pKdA@mail.gmail.com
INFO:__main__:Getting metadata for https://www.postgresql.org/message-id/CA+CSw_tEpJ=md1zgxPkjH6CWDnTDft4gBi=+P9SnoC+Wy3pKdA@mail.gmail.com
 66%|██████▌   | 155/235 [04:05<02:34,  1.93s/it]INFO:__main__:Requesting https://philosophynow.org/issues/67/Crabs
INFO:__main__:Getting metadata for https://philosophynow.org/issues/67/Crabs
 66%|██████▋   | 156/235 [04:08<02:39,  2.02s/it]INFO:__main__:Requesting https://www.theguardian.com/uk-news/2019/feb/08/the-battle-for-the-future-of-stonehenge
INFO:__main__:Getting metadata for https://www.theguardian.com/uk-news/2019/feb/08/the-battle-for-the-future-of-stonehenge
 67%|██████▋   | 157/235 [04:08<01:57,  1.50s/it]INFO:__main__:Requesting https://www.google.fr/maps/place/51°10'38.8"N+1°49'33.4"W/@51.177448,-1.8281397,549m/
INFO:__main__:Getting metadata for https://www.google.fr/maps/place/51%C2%B010'38.8%22N+1%C2%B049'33.4%22W/@51.177448,-1.8281397,549m/
 67%|██████▋   | 158/235 [04:09<01:35,  1.23s/it]INFO:__main__:Requesting https://media.gettyimages.com/photos/remains-of-the-olive-oil-presses-and-mill-in-sufetula-sbeitla-tunisia-picture-id568569055
INFO:__main__:Getting metadata for https://media.gettyimages.com/photos/remains-of-the-olive-oil-presses-and-mill-in-sufetula-sbeitla-tunisia-picture-id568569055
 68%|██████▊   | 159/235 [04:21<05:39,  4.46s/it]INFO:__main__:Requesting https://www.researchgate.net/publication/259417162_Roman_Sites_on_the_Tarhuna_Plateau_of_Tripolitania
 68%|██████▊   | 160/235 [04:21<04:00,  3.20s/it]INFO:__main__:Requesting http://git.kernel.dk/cgit/linux-block/commit/?h=for-next&id=8923ebc04818fcb506829591aa8704baefd661ec
INFO:__main__:Getting metadata for http://git.kernel.dk/cgit/linux-block/commit/?h=for-next&id=8923ebc04818fcb506829591aa8704baefd661ec
 69%|██████▊   | 161/235 [04:22<03:22,  2.73s/it]INFO:__main__:Requesting https://lwn.net/Articles/776703/
INFO:__main__:Getting metadata for https://lwn.net/Articles/776703/
 69%|██████▉   | 162/235 [04:23<02:35,  2.14s/it]INFO:__main__:Requesting https://www.epicgames.com/fortnite/forums/news/announcements/132642-epic-services-stability-update
INFO:__main__:Getting metadata for https://www.epicgames.com/fortnite/forums/news/announcements/132642-epic-services-stability-update
 69%|██████▉   | 163/235 [04:25<02:29,  2.08s/it]INFO:__main__:Requesting https://www.anandtech.com/show/13301/spectre-and-meltdown-in-hardware-intel-clarifies-whiskey-lake-and-amber-lake
INFO:__main__:Getting metadata for https://www.anandtech.com/show/13301/spectre-and-meltdown-in-hardware-intel-clarifies-whiskey-lake-and-amber-lake
 70%|██████▉   | 164/235 [04:26<01:54,  1.62s/it]INFO:__main__:Requesting https://www.scientificamerican.com/article/the-ocean-is-running-out-of-breath-scientists-warn/
INFO:__main__:Getting metadata for https://www.scientificamerican.com/article/the-ocean-is-running-out-of-breath-scientists-warn/
 70%|███████   | 165/235 [04:26<01:34,  1.35s/it]INFO:__main__:Requesting https://en.wikipedia.org/wiki/Copenhagen_Consensus
INFO:__main__:Getting metadata for https://en.wikipedia.org/wiki/Copenhagen_Consensus
 71%|███████   | 166/235 [04:28<01:29,  1.30s/it]INFO:__main__:Requesting https://www.copenhagenconsensus.com/
INFO:__main__:Getting metadata for https://www.copenhagenconsensus.com
 71%|███████   | 167/235 [04:30<01:49,  1.61s/it]INFO:__main__:Requesting https://www.census.gov/popclock/
INFO:__main__:Getting metadata for https://www.census.gov/popclock/
 71%|███████▏  | 168/235 [04:31<01:43,  1.55s/it]INFO:__main__:Requesting http://www.worldometers.info/world-population/
INFO:__main__:Getting metadata for http://www.worldometers.info/world-population/
 72%|███████▏  | 169/235 [04:34<01:55,  1.76s/it]INFO:__main__:Requesting https://www.youtube.com/watch?v=QsBT5EQt348
INFO:__main__:Getting metadata for https://www.youtube.com/watch?v=QsBT5EQt348
 72%|███████▏  | 170/235 [04:35<01:38,  1.52s/it]INFO:__main__:Requesting https://jme.bmj.com/content/36/3/174
INFO:__main__:Getting metadata for https://jme.bmj.com/content/36/3/174
 73%|███████▎  | 171/235 [04:37<01:48,  1.70s/it]INFO:__main__:Requesting https://www.mymoneyblog.com/talebs-thanksgiving-turkey.html
 73%|███████▎  | 172/235 [04:37<01:19,  1.26s/it]INFO:__main__:Requesting https://www.youtube.com/watch?v=ysa5OBhXz-Q
INFO:__main__:Getting metadata for https://www.youtube.com/watch?v=ysa5OBhXz-Q
 74%|███████▎  | 173/235 [04:38<01:10,  1.14s/it]INFO:__main__:Requesting https://en.wikipedia.org/wiki/Kyoto_Protocol
INFO:__main__:Getting metadata for https://en.wikipedia.org/wiki/Kyoto_Protocol
 74%|███████▍  | 174/235 [04:41<01:45,  1.72s/it]INFO:__main__:Requesting https://www.weforum.org/agenda/2018/07/pakistan-s-billion-tree-tsunami-is-astonishing/
INFO:__main__:Getting metadata for https://www.weforum.org/agenda/2018/07/pakistan-s-billion-tree-tsunami-is-astonishing/
 74%|███████▍  | 175/235 [04:41<01:22,  1.37s/it]INFO:__main__:Requesting https://news.globallandscapesforum.org/28687/africas-great-green-wall-a-work-in-progress/
INFO:__main__:Getting metadata for https://news.globallandscapesforum.org/28687/africas-great-green-wall-a-work-in-progress/
 75%|███████▍  | 176/235 [04:42<01:06,  1.13s/it]INFO:__main__:Requesting https://www.montereybayaquarium.org/animal-guide/plants-and-algae/giant-kelp
INFO:__main__:Getting metadata for https://www.montereybayaquarium.org/animal-guide/plants-and-algae/giant-kelp
 75%|███████▌  | 177/235 [04:45<01:35,  1.64s/it]INFO:__main__:Requesting https://goodelectronics.org/mining-tibet-for-electronics-raw-materials/
INFO:__main__:Getting metadata for https://goodelectronics.org/mining-tibet-for-electronics-raw-materials/
 76%|███████▌  | 178/235 [04:46<01:33,  1.65s/it]INFO:__main__:Requesting https://xkcd.com/1053/
INFO:__main__:Getting metadata for https://xkcd.com/1053/
 76%|███████▌  | 179/235 [04:47<01:13,  1.31s/it]INFO:__main__:Requesting https://afdc.energy.gov/data/10327
ERROR:__main__:Could not reach https://afdc.energy.gov/data/10327
Traceback (most recent call last):
  File "../_scripts/crawler/crawler.py", line 209, in metafy_url
    response = requests.get(url, timeout=6, headers={'User-Agent': 'Mozilla/5.0'})
  File "/home/travis/virtualenv/python3.6.3/lib/python3.6/site-packages/requests/api.py", line 75, in get
    return request('get', url, params=params, **kwargs)
  File "/home/travis/virtualenv/python3.6.3/lib/python3.6/site-packages/requests/api.py", line 60, in request
    return session.request(method=method, url=url, **kwargs)
  File "/home/travis/virtualenv/python3.6.3/lib/python3.6/site-packages/requests/sessions.py", line 533, in request
    resp = self.send(prep, **send_kwargs)
  File "/home/travis/virtualenv/python3.6.3/lib/python3.6/site-packages/requests/sessions.py", line 668, in send
    history = [resp for resp in gen] if allow_redirects else []
  File "/home/travis/virtualenv/python3.6.3/lib/python3.6/site-packages/requests/sessions.py", line 668, in <listcomp>
    history = [resp for resp in gen] if allow_redirects else []
  File "/home/travis/virtualenv/python3.6.3/lib/python3.6/site-packages/requests/sessions.py", line 165, in resolve_redirects
    raise TooManyRedirects('Exceeded %s redirects.' % self.max_redirects, response=resp)
requests.exceptions.TooManyRedirects: Exceeded 30 redirects.
 77%|███████▋  | 180/235 [04:50<01:34,  1.72s/it]INFO:__main__:Requesting https://www.statista.com/statistics/221368/gas-prices-around-the-world/
INFO:__main__:Getting metadata for https://www.statista.com/statistics/221368/gas-prices-around-the-world/
 77%|███████▋  | 181/235 [04:50<01:16,  1.41s/it]INFO:__main__:Requesting https://weather.com/science/environment/news/nasa-sea-level-rise-3-feet-end-of-century
INFO:__main__:Getting metadata for https://weather.com/science/environment/news/nasa-sea-level-rise-3-feet-end-of-century
 77%|███████▋  | 182/235 [04:52<01:13,  1.38s/it]INFO:__main__:Requesting https://en.wikipedia.org/wiki/Sea_level_rise
INFO:__main__:Getting metadata for https://en.wikipedia.org/wiki/Sea_level_rise
 78%|███████▊  | 183/235 [04:54<01:25,  1.64s/it]INFO:__main__:Requesting https://judithcurry.com/2013/10/07/bangladesh-sea-level-rise/
ERROR:__main__:Could not reach https://judithcurry.com/2013/10/07/bangladesh-sea-level-rise/
Traceback (most recent call last):
  File "/home/travis/virtualenv/python3.6.3/lib/python3.6/site-packages/urllib3/connectionpool.py", line 600, in urlopen
    chunked=chunked)
  File "/home/travis/virtualenv/python3.6.3/lib/python3.6/site-packages/urllib3/connectionpool.py", line 384, in _make_request
    six.raise_from(e, None)
  File "<string>", line 2, in raise_from
  File "/home/travis/virtualenv/python3.6.3/lib/python3.6/site-packages/urllib3/connectionpool.py", line 380, in _make_request
    httplib_response = conn.getresponse()
  File "/opt/python/3.6.3/lib/python3.6/http/client.py", line 1331, in getresponse
    response.begin()
  File "/opt/python/3.6.3/lib/python3.6/http/client.py", line 297, in begin
    version, status, reason = self._read_status()
  File "/opt/python/3.6.3/lib/python3.6/http/client.py", line 266, in _read_status
    raise RemoteDisconnected("Remote end closed connection without"
http.client.RemoteDisconnected: Remote end closed connection without response

During handling of the above exception, another exception occurred:

Traceback (most recent call last):
  File "/home/travis/virtualenv/python3.6.3/lib/python3.6/site-packages/requests/adapters.py", line 449, in send
    timeout=timeout
  File "/home/travis/virtualenv/python3.6.3/lib/python3.6/site-packages/urllib3/connectionpool.py", line 638, in urlopen
    _stacktrace=sys.exc_info()[2])
  File "/home/travis/virtualenv/python3.6.3/lib/python3.6/site-packages/urllib3/util/retry.py", line 367, in increment
    raise six.reraise(type(error), error, _stacktrace)
  File "/home/travis/virtualenv/python3.6.3/lib/python3.6/site-packages/urllib3/packages/six.py", line 685, in reraise
    raise value.with_traceback(tb)
  File "/home/travis/virtualenv/python3.6.3/lib/python3.6/site-packages/urllib3/connectionpool.py", line 600, in urlopen
    chunked=chunked)
  File "/home/travis/virtualenv/python3.6.3/lib/python3.6/site-packages/urllib3/connectionpool.py", line 384, in _make_request
    six.raise_from(e, None)
  File "<string>", line 2, in raise_from
  File "/home/travis/virtualenv/python3.6.3/lib/python3.6/site-packages/urllib3/connectionpool.py", line 380, in _make_request
    httplib_response = conn.getresponse()
  File "/opt/python/3.6.3/lib/python3.6/http/client.py", line 1331, in getresponse
    response.begin()
  File "/opt/python/3.6.3/lib/python3.6/http/client.py", line 297, in begin
    version, status, reason = self._read_status()
  File "/opt/python/3.6.3/lib/python3.6/http/client.py", line 266, in _read_status
    raise RemoteDisconnected("Remote end closed connection without"
urllib3.exceptions.ProtocolError: ('Connection aborted.', RemoteDisconnected('Remote end closed connection without response',))

During handling of the above exception, another exception occurred:

Traceback (most recent call last):
  File "../_scripts/crawler/crawler.py", line 209, in metafy_url
    response = requests.get(url, timeout=6, headers={'User-Agent': 'Mozilla/5.0'})
  File "/home/travis/virtualenv/python3.6.3/lib/python3.6/site-packages/requests/api.py", line 75, in get
    return request('get', url, params=params, **kwargs)
  File "/home/travis/virtualenv/python3.6.3/lib/python3.6/site-packages/requests/api.py", line 60, in request
    return session.request(method=method, url=url, **kwargs)
  File "/home/travis/virtualenv/python3.6.3/lib/python3.6/site-packages/requests/sessions.py", line 533, in request
    resp = self.send(prep, **send_kwargs)
  File "/home/travis/virtualenv/python3.6.3/lib/python3.6/site-packages/requests/sessions.py", line 646, in send
    r = adapter.send(request, **kwargs)
  File "/home/travis/virtualenv/python3.6.3/lib/python3.6/site-packages/requests/adapters.py", line 498, in send
    raise ConnectionError(err, request=request)
requests.exceptions.ConnectionError: ('Connection aborted.', RemoteDisconnected('Remote end closed connection without response',))
 78%|███████▊  | 184/235 [04:54<01:01,  1.20s/it]INFO:__main__:Requesting https://www.laboratoryequipment.com/news/2017/10/insect-biomass-declines-75-percent-over-three-decades-europe
INFO:__main__:Getting metadata for https://www.laboratoryequipment.com/news/2017/10/insect-biomass-declines-75-percent-over-three-decades-europe
 79%|███████▊  | 185/235 [04:55<00:54,  1.09s/it]INFO:__main__:Requesting https://www.nytimes.com/1996/09/09/business/programming-languages-survivors-and-wannabes.html
INFO:__main__:Getting metadata for https://www.nytimes.com/1996/09/09/business/programming-languages-survivors-and-wannabes.html
 79%|███████▉  | 186/235 [04:55<00:40,  1.21it/s]INFO:__main__:Requesting https://djhworld.github.io/post/2019/02/24/reed-solomon-codes-are-cool/
INFO:__main__:Getting metadata for https://djhworld.github.io/post/2019/02/24/reed-solomon-codes-are-cool/
 80%|███████▉  | 187/235 [04:55<00:32,  1.46it/s]INFO:__main__:Requesting https://www.nayuki.io/page/reed-solomon-error-correcting-code-decoder
INFO:__main__:Getting metadata for https://www.nayuki.io/page/reed-solomon-error-correcting-code-decoder
 80%|████████  | 188/235 [04:56<00:36,  1.29it/s]INFO:__main__:Requesting https://en.m.wikipedia.org/wiki/Reed–Solomon_error_correction#Reed_&_Solomon's_original_view:_The_codeword_as_a_sequence_of_values
INFO:__main__:Getting metadata for https://en.m.wikipedia.org/wiki/Reed%E2%80%93Solomon_error_correction#Reed_&_Solomon's_original_view:_The_codeword_as_a_sequence_of_values
 80%|████████  | 189/235 [05:00<01:19,  1.72s/it]INFO:__main__:Requesting https://www.youtube.com/watch?v=x1v2tX4_dkQ
INFO:__main__:Getting metadata for https://www.youtube.com/watch?v=x1v2tX4_dkQ
 81%|████████  | 190/235 [05:01<01:05,  1.45s/it]INFO:__main__:Requesting https://en.wikipedia.org/wiki/Binary_Golay_code
INFO:__main__:Getting metadata for https://en.wikipedia.org/wiki/Binary_Golay_code
 81%|████████▏ | 191/235 [05:02<00:58,  1.34s/it]INFO:__main__:Requesting https://en.wikipedia.org/wiki/Sporadic_group
INFO:__main__:Getting metadata for https://en.wikipedia.org/wiki/Sporadic_group
 82%|████████▏ | 192/235 [05:04<00:58,  1.36s/it]INFO:__main__:Requesting https://www.amazon.com/Fundamentals-Error-Correcting-Codes-Cary-Huffman/dp/0521131707
INFO:__main__:Getting metadata for https://www.amazon.com/Fundamentals-Error-Correcting-Codes-Cary-Huffman/dp/0521131707
 82%|████████▏ | 193/235 [05:06<01:14,  1.76s/it]INFO:__main__:Requesting https://www.akalin.com/intro-erasure-codes
INFO:__main__:Getting metadata for https://www.akalin.com/intro-erasure-codes
 83%|████████▎ | 194/235 [05:08<01:15,  1.84s/it]INFO:__main__:Requesting https://manuelfi.com/blog/hamming-code-simulator/
INFO:__main__:Getting metadata for https://manuelfi.com/blog/hamming-code-simulator/
 83%|████████▎ | 195/235 [05:09<00:56,  1.42s/it]INFO:__main__:Requesting https://en.wikipedia.org/wiki/Fountain_code
INFO:__main__:Getting metadata for https://en.wikipedia.org/wiki/Fountain_code
 83%|████████▎ | 196/235 [05:10<00:48,  1.25s/it]INFO:__main__:Requesting https://en.wikiversity.org/wiki/Reed%E2%80%93Solomon_codes_for_coders
INFO:__main__:Getting metadata for https://en.wikiversity.org/wiki/Reed%E2%80%93Solomon_codes_for_coders
 84%|████████▍ | 197/235 [05:12<00:56,  1.49s/it]INFO:__main__:Requesting https://en.wikipedia.org/wiki/Mojette_Transform
INFO:__main__:Getting metadata for https://en.wikipedia.org/wiki/Mojette_Transform
 84%|████████▍ | 198/235 [05:13<00:48,  1.32s/it]INFO:__main__:Requesting https://www.youtube.com/watch?v=fBRMaEAFLE0
INFO:__main__:Getting metadata for https://www.youtube.com/watch?v=fBRMaEAFLE0
 85%|████████▍ | 199/235 [05:13<00:41,  1.16s/it]INFO:__main__:Requesting https://en.wikipedia.org/wiki/8b/10b_encoding
INFO:__main__:Getting metadata for https://en.wikipedia.org/wiki/8b/10b_encoding
 85%|████████▌ | 200/235 [05:15<00:39,  1.14s/it]INFO:__main__:Requesting https://en.wikipedia.org/wiki/64b/66b_encoding
INFO:__main__:Getting metadata for https://en.wikipedia.org/wiki/64b/66b_encoding
 86%|████████▌ | 201/235 [05:15<00:36,  1.07s/it]INFO:__main__:Requesting https://en.wikipedia.org/wiki/Hamming_code
INFO:__main__:Getting metadata for https://en.wikipedia.org/wiki/Hamming_code
 86%|████████▌ | 202/235 [05:17<00:38,  1.17s/it]INFO:__main__:Requesting https://en.wikipedia.org/wiki/Adaptive_Multi-Rate_audio_codec
INFO:__main__:Getting metadata for https://en.wikipedia.org/wiki/Adaptive_Multi-Rate_audio_codec
 86%|████████▋ | 203/235 [05:18<00:37,  1.17s/it]INFO:__main__:Requesting https://en.wikipedia.org/wiki/Adaptive_Multi-Rate_Wideband
INFO:__main__:Getting metadata for https://en.wikipedia.org/wiki/Adaptive_Multi-Rate_Wideband
 87%|████████▋ | 204/235 [05:19<00:35,  1.15s/it]INFO:__main__:Requesting https://en.wikipedia.org/wiki/Raptor_code
INFO:__main__:Getting metadata for https://en.wikipedia.org/wiki/Raptor_code
 87%|████████▋ | 205/235 [05:20<00:30,  1.03s/it]INFO:__main__:Requesting https://en.wikipedia.org/wiki/Turbo_code
INFO:__main__:Getting metadata for https://en.wikipedia.org/wiki/Turbo_code
 88%|████████▊ | 206/235 [05:21<00:31,  1.08s/it]INFO:__main__:Requesting https://blogs.dropbox.com/tech/2016/07/pocket-watch/
INFO:__main__:Getting metadata for https://blogs.dropbox.com/tech/2016/07/pocket-watch/
 88%|████████▊ | 207/235 [05:23<00:33,  1.19s/it]INFO:__main__:Requesting https://perspectives.mvdirona.com/2009/06/erasure-coding-and-cold-storage/
INFO:__main__:Getting metadata for https://perspectives.mvdirona.com/2009/06/erasure-coding-and-cold-storage/
 89%|████████▊ | 208/235 [05:25<00:42,  1.57s/it]INFO:__main__:Requesting https://en.wikipedia.org/wiki/Low-density_parity-check_code
INFO:__main__:Getting metadata for https://en.wikipedia.org/wiki/Low-density_parity-check_code
 89%|████████▉ | 209/235 [05:26<00:38,  1.46s/it]INFO:__main__:Requesting https://en.wikipedia.org/wiki/Polar_code_(coding_theory)
INFO:__main__:Getting metadata for https://en.wikipedia.org/wiki/Polar_code_(coding_theory)
 89%|████████▉ | 210/235 [05:27<00:31,  1.25s/it]INFO:__main__:Requesting https://en.wikipedia.org/wiki/Error_correction_code
INFO:__main__:Getting metadata for https://en.wikipedia.org/wiki/Error_correction_code
 90%|████████▉ | 211/235 [05:28<00:29,  1.22s/it]INFO:__main__:Requesting https://en.wikipedia.org/wiki/Clock_recovery
INFO:__main__:Getting metadata for https://en.wikipedia.org/wiki/Clock_recovery
 90%|█████████ | 212/235 [05:29<00:24,  1.08s/it]INFO:__main__:Requesting https://fenrirproject.org/Luker/libRaptorQ/wikis/home
INFO:__main__:Getting metadata for https://fenrirproject.org/Luker/libRaptorQ/wikis/home
 91%|█████████ | 213/235 [05:30<00:26,  1.21s/it]INFO:__main__:Requesting https://github.com/tahoe-lafs/zfec
INFO:__main__:Getting metadata for https://github.com/tahoe-lafs/zfec
 91%|█████████ | 214/235 [05:31<00:22,  1.09s/it]INFO:__main__:Requesting https://github.com/openstack/liberasurecode
INFO:__main__:Getting metadata for https://github.com/openstack/liberasurecode
 91%|█████████▏| 215/235 [05:32<00:22,  1.11s/it]INFO:__main__:Requesting https://github.com/catid/cm256
INFO:__main__:Getting metadata for https://github.com/catid/cm256
 92%|█████████▏| 216/235 [05:33<00:20,  1.07s/it]INFO:__main__:Requesting http://openrq-team.github.io/openrq/
INFO:__main__:Getting metadata for http://openrq-team.github.io/openrq/
 92%|█████████▏| 217/235 [05:34<00:14,  1.23it/s]INFO:__main__:Requesting http://openfec.org/
INFO:__main__:Getting metadata for http://openfec.org
 93%|█████████▎| 218/235 [05:35<00:16,  1.02it/s]INFO:__main__:Requesting https://github.com/Spriteware/lt-codes-python
INFO:__main__:Getting metadata for https://github.com/Spriteware/lt-codes-python
 93%|█████████▎| 219/235 [05:36<00:14,  1.10it/s]INFO:__main__:Requesting https://www.nature.com/articles/s41598-019-39558-8
INFO:__main__:Getting metadata for https://www.nature.com/articles/s41598-019-39558-8
 94%|█████████▎| 220/235 [05:40<00:27,  1.82s/it]INFO:__main__:Requesting https://en.wikipedia.org/wiki/Fermi_paradox
INFO:__main__:Getting metadata for https://en.wikipedia.org/wiki/Fermi_paradox
 94%|█████████▍| 221/235 [05:42<00:26,  1.92s/it]INFO:__main__:Requesting https://en.wikipedia.org/wiki/Great_Filter
INFO:__main__:Getting metadata for https://en.wikipedia.org/wiki/Great_Filter
 94%|█████████▍| 222/235 [05:43<00:21,  1.66s/it]INFO:__main__:Requesting https://www.youtube.com/watch?v=amjuJJwI3iM
INFO:__main__:Getting metadata for https://www.youtube.com/watch?v=amjuJJwI3iM
 95%|█████████▍| 223/235 [05:44<00:17,  1.44s/it]INFO:__main__:Requesting https://en.wikipedia.org/wiki/Self-replicating_spacecraft
INFO:__main__:Getting metadata for https://en.wikipedia.org/wiki/Self-replicating_spacecraft
 95%|█████████▌| 224/235 [05:45<00:14,  1.35s/it]INFO:__main__:Requesting https://www.newscientist.com/article/mg21028184-300-lab-yeast-make-evolutionary-leap-to-multicellularity/
INFO:__main__:Getting metadata for https://www.newscientist.com/article/mg21028184-300-lab-yeast-make-evolutionary-leap-to-multicellularity/
 96%|█████████▌| 225/235 [05:49<00:20,  2.06s/it]INFO:__main__:Requesting https://en.wikipedia.org/wiki/Multicellular_organism#Occurrence
INFO:__main__:Getting metadata for https://en.wikipedia.org/wiki/Multicellular_organism#Occurrence
 96%|█████████▌| 226/235 [05:50<00:16,  1.85s/it]INFO:__main__:Requesting https://en.m.wikipedia.org/wiki/Volvox
INFO:__main__:Getting metadata for https://en.m.wikipedia.org/wiki/Volvox
 97%|█████████▋| 227/235 [05:51<00:12,  1.54s/it]INFO:__main__:Requesting https://en.wikipedia.org/wiki/Stellar_population#Population_I_stars
INFO:__main__:Getting metadata for https://en.wikipedia.org/wiki/Stellar_population#Population_I_stars
 97%|█████████▋| 228/235 [05:52<00:10,  1.48s/it]INFO:__main__:Requesting https://en.wikipedia.org/wiki/Chlamydomonadales
INFO:__main__:Getting metadata for https://en.wikipedia.org/wiki/Chlamydomonadales
 97%|█████████▋| 229/235 [05:53<00:07,  1.26s/it]INFO:__main__:Requesting https://en.wikipedia.org/wiki/Caulerpa
INFO:__main__:Getting metadata for https://en.wikipedia.org/wiki/Caulerpa
 98%|█████████▊| 230/235 [05:54<00:05,  1.15s/it]INFO:__main__:Requesting http://spiller.si/new-york-times/
INFO:__main__:Getting metadata for http://spiller.si/new-york-times/
 98%|█████████▊| 231/235 [05:56<00:05,  1.37s/it]INFO:__main__:Requesting http://www.avasdemon.com/2112.php
INFO:__main__:Getting metadata for http://www.avasdemon.com/2112.php
 99%|█████████▊| 232/235 [05:57<00:04,  1.41s/it]INFO:__main__:Requesting https://analytics-bypassing-adblockers.netlify.com/
INFO:__main__:Getting metadata for https://analytics-bypassing-adblockers.netlify.com
 99%|█████████▉| 233/235 [05:57<00:02,  1.07s/it]INFO:__main__:Requesting https://rrregain.com
INFO:__main__:Getting metadata for https://rrregain.com
100%|█████████▉| 234/235 [05:58<00:00,  1.06it/s]INFO:__main__:Requesting https://github.com/easylist/easylist/pull/900
INFO:__main__:Getting metadata for https://github.com/easylist/easylist/pull/900
100%|██████████| 235/235 [06:00<00:00,  1.24s/it]
