INFO:__main__:Get urls from stories
  0%|          | 0/30 [00:00<?, ?it/s]  3%|▎         | 1/30 [00:00<00:18,  1.54it/s]  7%|▋         | 2/30 [00:01<00:19,  1.45it/s] 10%|█         | 3/30 [00:02<00:17,  1.50it/s] 13%|█▎        | 4/30 [00:02<00:14,  1.84it/s] 20%|██        | 6/30 [00:02<00:10,  2.19it/s] 23%|██▎       | 7/30 [00:03<00:10,  2.27it/s] 27%|██▋       | 8/30 [00:03<00:07,  2.90it/s] 30%|███       | 9/30 [00:10<00:48,  2.29s/it] 33%|███▎      | 10/30 [00:10<00:34,  1.71s/it] 40%|████      | 12/30 [00:11<00:25,  1.42s/it] 43%|████▎     | 13/30 [00:12<00:17,  1.04s/it] 47%|████▋     | 14/30 [00:13<00:17,  1.08s/it] 57%|█████▋    | 17/30 [00:13<00:09,  1.30it/s] 63%|██████▎   | 19/30 [00:17<00:12,  1.15s/it] 67%|██████▋   | 20/30 [00:17<00:09,  1.11it/s] 70%|███████   | 21/30 [00:19<00:09,  1.04s/it] 73%|███████▎  | 22/30 [00:21<00:10,  1.33s/it] 77%|███████▋  | 23/30 [00:22<00:08,  1.25s/it] 80%|████████  | 24/30 [00:24<00:08,  1.40s/it] 83%|████████▎ | 25/30 [00:27<00:09,  1.96s/it] 90%|█████████ | 27/30 [00:27<00:04,  1.39s/it] 93%|█████████▎| 28/30 [00:28<00:02,  1.19s/it] 97%|█████████▋| 29/30 [00:29<00:01,  1.36s/it]100%|██████████| 30/30 [00:31<00:00,  1.34s/it]
  0%|          | 0/288 [00:00<?, ?it/s]INFO:__main__:Requesting https://www.talospace.com/2019/02/the-last-power1-on-mars-is-dead.html
INFO:__main__:Getting metadata for https://www.talospace.com/2019/02/the-last-power1-on-mars-is-dead.html
  0%|          | 1/288 [00:00<01:08,  4.19it/s]INFO:__main__:Requesting https://en.m.wikipedia.org/wiki/Proper_time
INFO:__main__:Getting metadata for https://en.m.wikipedia.org/wiki/Proper_time
  1%|          | 2/288 [00:01<03:11,  1.49it/s]INFO:__main__:Requesting http://physicscentral.com/explore/writers/will.cfm
INFO:__main__:Getting metadata for http://physicscentral.com/explore/writers/will.cfm
  1%|          | 3/288 [00:02<02:39,  1.79it/s]INFO:__main__:Requesting https://space.stackexchange.com/questions/33590/time-dilation-between-mars-and-earth-due-to-different-mass
INFO:__main__:Getting metadata for https://space.stackexchange.com/questions/33590/time-dilation-between-mars-and-earth-due-to-different-mass
  1%|▏         | 4/288 [00:02<02:22,  1.99it/s]INFO:__main__:Requesting https://en.wikipedia.org/wiki/Pulsar#Precise_clocks
INFO:__main__:Getting metadata for https://en.wikipedia.org/wiki/Pulsar#Precise_clocks
  2%|▏         | 5/288 [00:04<04:28,  1.05it/s]INFO:__main__:Requesting https://en.wikipedia.org/wiki/Pulsar_clock
INFO:__main__:Getting metadata for https://en.wikipedia.org/wiki/Pulsar_clock
  2%|▏         | 6/288 [00:05<04:07,  1.14it/s]INFO:__main__:Requesting https://en.wikipedia.org/wiki/International_System_of_Units#Base_units
INFO:__main__:Getting metadata for https://en.wikipedia.org/wiki/International_System_of_Units#Base_units
  2%|▏         | 7/288 [00:07<06:23,  1.36s/it]INFO:__main__:Requesting https://en.wikipedia.org/wiki/Barycentric_Coordinate_Time
INFO:__main__:Getting metadata for https://en.wikipedia.org/wiki/Barycentric_Coordinate_Time
  3%|▎         | 8/288 [00:08<05:34,  1.19s/it]INFO:__main__:Requesting https://en.wikipedia.org/wiki/Swatch_Internet_Time
INFO:__main__:Getting metadata for https://en.wikipedia.org/wiki/Swatch_Internet_Time
  3%|▎         | 9/288 [00:09<05:03,  1.09s/it]INFO:__main__:Requesting https://stackoverflow.com/questions/1024711/hidden-features-of-tcl-tk#comment838620_1026619
INFO:__main__:Getting metadata for https://stackoverflow.com/questions/1024711/hidden-features-of-tcl-tk#comment838620_1026619
  3%|▎         | 10/288 [00:09<04:07,  1.12it/s]INFO:__main__:Requesting https://en.wikipedia.org/wiki/Stardate
INFO:__main__:Getting metadata for https://en.wikipedia.org/wiki/Stardate
  4%|▍         | 11/288 [00:11<04:43,  1.02s/it]INFO:__main__:Requesting https://mars.nasa.gov/mer/mission/rover-status/opportunity/recent/all/
INFO:__main__:Getting metadata for https://mars.nasa.gov/mer/mission/rover-status/opportunity/recent/all/
  4%|▍         | 12/288 [00:12<04:33,  1.01it/s]INFO:__main__:Requesting https://pudding.cool/2019/02/gyllenhaal/
INFO:__main__:Getting metadata for https://pudding.cool/2019/02/gyllenhaal/
  5%|▍         | 13/288 [00:12<03:29,  1.32it/s]INFO:__main__:Requesting https://mashedradish.com/2017/05/16/the-bureau-of-etymological-investigation/
ERROR:__main__:Could not reach https://mashedradish.com/2017/05/16/the-bureau-of-etymological-investigation/
Traceback (most recent call last):
  File "/home/travis/virtualenv/python3.6.3/lib/python3.6/site-packages/urllib3/connectionpool.py", line 600, in urlopen
    chunked=chunked)
  File "/home/travis/virtualenv/python3.6.3/lib/python3.6/site-packages/urllib3/connectionpool.py", line 384, in _make_request
    six.raise_from(e, None)
  File "<string>", line 2, in raise_from
  File "/home/travis/virtualenv/python3.6.3/lib/python3.6/site-packages/urllib3/connectionpool.py", line 380, in _make_request
    httplib_response = conn.getresponse()
  File "/opt/python/3.6.3/lib/python3.6/http/client.py", line 1331, in getresponse
    response.begin()
  File "/opt/python/3.6.3/lib/python3.6/http/client.py", line 297, in begin
    version, status, reason = self._read_status()
  File "/opt/python/3.6.3/lib/python3.6/http/client.py", line 266, in _read_status
    raise RemoteDisconnected("Remote end closed connection without"
http.client.RemoteDisconnected: Remote end closed connection without response

During handling of the above exception, another exception occurred:

Traceback (most recent call last):
  File "/home/travis/virtualenv/python3.6.3/lib/python3.6/site-packages/requests/adapters.py", line 449, in send
    timeout=timeout
  File "/home/travis/virtualenv/python3.6.3/lib/python3.6/site-packages/urllib3/connectionpool.py", line 638, in urlopen
    _stacktrace=sys.exc_info()[2])
  File "/home/travis/virtualenv/python3.6.3/lib/python3.6/site-packages/urllib3/util/retry.py", line 367, in increment
    raise six.reraise(type(error), error, _stacktrace)
  File "/home/travis/virtualenv/python3.6.3/lib/python3.6/site-packages/urllib3/packages/six.py", line 685, in reraise
    raise value.with_traceback(tb)
  File "/home/travis/virtualenv/python3.6.3/lib/python3.6/site-packages/urllib3/connectionpool.py", line 600, in urlopen
    chunked=chunked)
  File "/home/travis/virtualenv/python3.6.3/lib/python3.6/site-packages/urllib3/connectionpool.py", line 384, in _make_request
    six.raise_from(e, None)
  File "<string>", line 2, in raise_from
  File "/home/travis/virtualenv/python3.6.3/lib/python3.6/site-packages/urllib3/connectionpool.py", line 380, in _make_request
    httplib_response = conn.getresponse()
  File "/opt/python/3.6.3/lib/python3.6/http/client.py", line 1331, in getresponse
    response.begin()
  File "/opt/python/3.6.3/lib/python3.6/http/client.py", line 297, in begin
    version, status, reason = self._read_status()
  File "/opt/python/3.6.3/lib/python3.6/http/client.py", line 266, in _read_status
    raise RemoteDisconnected("Remote end closed connection without"
urllib3.exceptions.ProtocolError: ('Connection aborted.', RemoteDisconnected('Remote end closed connection without response',))

During handling of the above exception, another exception occurred:

Traceback (most recent call last):
  File "../_scripts/crawler/crawler.py", line 209, in metafy_url
    response = requests.get(url, timeout=6, headers={'User-Agent': 'Mozilla/5.0'})
  File "/home/travis/virtualenv/python3.6.3/lib/python3.6/site-packages/requests/api.py", line 75, in get
    return request('get', url, params=params, **kwargs)
  File "/home/travis/virtualenv/python3.6.3/lib/python3.6/site-packages/requests/api.py", line 60, in request
    return session.request(method=method, url=url, **kwargs)
  File "/home/travis/virtualenv/python3.6.3/lib/python3.6/site-packages/requests/sessions.py", line 533, in request
    resp = self.send(prep, **send_kwargs)
  File "/home/travis/virtualenv/python3.6.3/lib/python3.6/site-packages/requests/sessions.py", line 646, in send
    r = adapter.send(request, **kwargs)
  File "/home/travis/virtualenv/python3.6.3/lib/python3.6/site-packages/requests/adapters.py", line 498, in send
    raise ConnectionError(err, request=request)
requests.exceptions.ConnectionError: ('Connection aborted.', RemoteDisconnected('Remote end closed connection without response',))
  5%|▍         | 14/288 [00:12<02:39,  1.72it/s]INFO:__main__:Requesting http://www.thesmokinggun.com/documents/crime/actor-mcconaughey-nude-bongo-bust-0
INFO:__main__:Getting metadata for http://www.thesmokinggun.com/documents/crime/actor-mcconaughey-nude-bongo-bust-0
  5%|▌         | 15/288 [00:13<02:41,  1.69it/s]INFO:__main__:Requesting https://chuckpalahniuk.net/author/frequently-asked-questions-about-chuck-palahniuk#biographical-1
INFO:__main__:Getting metadata for https://chuckpalahniuk.net/author/frequently-asked-questions-about-chuck-palahniuk#biographical-1
  6%|▌         | 16/288 [00:14<03:08,  1.44it/s]INFO:__main__:Requesting https://en.wikipedia.org/wiki/Ukrainian_alphabet#Letter_names_and_pronunciation
INFO:__main__:Getting metadata for https://en.wikipedia.org/wiki/Ukrainian_alphabet#Letter_names_and_pronunciation
  6%|▌         | 17/288 [00:15<04:12,  1.07it/s]INFO:__main__:Requesting https://en.wiktionary.org/wiki/ɦ
INFO:__main__:Getting metadata for https://en.wiktionary.org/wiki/%C9%A6
  6%|▋         | 18/288 [00:16<03:52,  1.16it/s]INFO:__main__:Requesting https://en.wikipedia.org/wiki/Romanization_of_Ukrainian#Tables_of_romanization_systems
INFO:__main__:Getting metadata for https://en.wikipedia.org/wiki/Romanization_of_Ukrainian#Tables_of_romanization_systems
  7%|▋         | 19/288 [00:17<04:27,  1.00it/s]INFO:__main__:Requesting https://elixir-lang.org/blog/2019/02/25/mint-a-new-http-library-for-elixir/
INFO:__main__:Getting metadata for https://elixir-lang.org/blog/2019/02/25/mint-a-new-http-library-for-elixir/
  7%|▋         | 20/288 [00:17<03:21,  1.33it/s]INFO:__main__:Requesting https://twitter.com/whatyouhide/status/1100082898986774528
INFO:__main__:Getting metadata for https://twitter.com/whatyouhide/status/1100082898986774528
  7%|▋         | 21/288 [00:18<03:32,  1.26it/s]INFO:__main__:Requesting https://ninenines.eu/docs/en/gun/1.3/manual/
INFO:__main__:Getting metadata for https://ninenines.eu/docs/en/gun/1.3/manual/
  8%|▊         | 22/288 [00:19<03:28,  1.28it/s]INFO:__main__:Requesting https://github.com/elixir-maru/maru
INFO:__main__:Getting metadata for https://github.com/elixir-maru/maru
  8%|▊         | 23/288 [00:20<03:44,  1.18it/s]INFO:__main__:Requesting https://www.youtube.com/watch?v=_JNGI1dI-e8
INFO:__main__:Getting metadata for https://www.youtube.com/watch?v=_JNGI1dI-e8
  8%|▊         | 24/288 [00:21<03:48,  1.16it/s]INFO:__main__:Requesting https://github.com/ericmj/mint
INFO:__main__:Getting metadata for https://github.com/ericmj/mint
  9%|▊         | 25/288 [00:22<04:11,  1.05it/s]INFO:__main__:Requesting https://twitter.com/BillGates/status/1086662632587907072
INFO:__main__:Getting metadata for https://twitter.com/BillGates/status/1086662632587907072
  9%|▉         | 26/288 [00:23<04:57,  1.14s/it]INFO:__main__:Requesting https://www.theguardian.com/commentisfree/2019/jan/29/bill-gates-davos-global-poverty-infographic-neoliberal
INFO:__main__:Getting metadata for https://www.theguardian.com/commentisfree/2019/jan/29/bill-gates-davos-global-poverty-infographic-neoliberal
  9%|▉         | 27/288 [00:24<03:51,  1.13it/s]INFO:__main__:Requesting https://voxeu.org/article/assessing-progress-poorest-new-evidence
INFO:__main__:Getting metadata for https://voxeu.org/article/assessing-progress-poorest-new-evidence
 10%|▉         | 28/288 [00:26<05:01,  1.16s/it]INFO:__main__:Requesting https://ourworldindata.org/poverty-at-higher-poverty-lines
INFO:__main__:Getting metadata for https://ourworldindata.org/poverty-at-higher-poverty-lines
 10%|█         | 29/288 [00:27<04:49,  1.12s/it]INFO:__main__:Requesting https://ourworldindata.org/extreme-history-methods
INFO:__main__:Getting metadata for https://ourworldindata.org/extreme-history-methods
 10%|█         | 30/288 [00:27<04:00,  1.07it/s]INFO:__main__:Requesting https://akvopedia.org
INFO:__main__:Getting metadata for https://akvopedia.org/wiki/Main_Page
 11%|█         | 31/288 [00:31<07:28,  1.74s/it]INFO:__main__:Requesting https://ourworldindata.org/a-history-of-global-living-conditions-in-5-charts
INFO:__main__:Getting metadata for https://ourworldindata.org/a-history-of-global-living-conditions-in-5-charts
 11%|█         | 32/288 [00:31<05:39,  1.33s/it]INFO:__main__:Requesting https://mediabiasfactcheck.com/our-world-in-data/
ERROR:__main__:Could not reach https://mediabiasfactcheck.com/our-world-in-data/
Traceback (most recent call last):
  File "/home/travis/virtualenv/python3.6.3/lib/python3.6/site-packages/urllib3/connectionpool.py", line 600, in urlopen
    chunked=chunked)
  File "/home/travis/virtualenv/python3.6.3/lib/python3.6/site-packages/urllib3/connectionpool.py", line 384, in _make_request
    six.raise_from(e, None)
  File "<string>", line 2, in raise_from
  File "/home/travis/virtualenv/python3.6.3/lib/python3.6/site-packages/urllib3/connectionpool.py", line 380, in _make_request
    httplib_response = conn.getresponse()
  File "/opt/python/3.6.3/lib/python3.6/http/client.py", line 1331, in getresponse
    response.begin()
  File "/opt/python/3.6.3/lib/python3.6/http/client.py", line 297, in begin
    version, status, reason = self._read_status()
  File "/opt/python/3.6.3/lib/python3.6/http/client.py", line 266, in _read_status
    raise RemoteDisconnected("Remote end closed connection without"
http.client.RemoteDisconnected: Remote end closed connection without response

During handling of the above exception, another exception occurred:

Traceback (most recent call last):
  File "/home/travis/virtualenv/python3.6.3/lib/python3.6/site-packages/requests/adapters.py", line 449, in send
    timeout=timeout
  File "/home/travis/virtualenv/python3.6.3/lib/python3.6/site-packages/urllib3/connectionpool.py", line 638, in urlopen
    _stacktrace=sys.exc_info()[2])
  File "/home/travis/virtualenv/python3.6.3/lib/python3.6/site-packages/urllib3/util/retry.py", line 367, in increment
    raise six.reraise(type(error), error, _stacktrace)
  File "/home/travis/virtualenv/python3.6.3/lib/python3.6/site-packages/urllib3/packages/six.py", line 685, in reraise
    raise value.with_traceback(tb)
  File "/home/travis/virtualenv/python3.6.3/lib/python3.6/site-packages/urllib3/connectionpool.py", line 600, in urlopen
    chunked=chunked)
  File "/home/travis/virtualenv/python3.6.3/lib/python3.6/site-packages/urllib3/connectionpool.py", line 384, in _make_request
    six.raise_from(e, None)
  File "<string>", line 2, in raise_from
  File "/home/travis/virtualenv/python3.6.3/lib/python3.6/site-packages/urllib3/connectionpool.py", line 380, in _make_request
    httplib_response = conn.getresponse()
  File "/opt/python/3.6.3/lib/python3.6/http/client.py", line 1331, in getresponse
    response.begin()
  File "/opt/python/3.6.3/lib/python3.6/http/client.py", line 297, in begin
    version, status, reason = self._read_status()
  File "/opt/python/3.6.3/lib/python3.6/http/client.py", line 266, in _read_status
    raise RemoteDisconnected("Remote end closed connection without"
urllib3.exceptions.ProtocolError: ('Connection aborted.', RemoteDisconnected('Remote end closed connection without response',))

During handling of the above exception, another exception occurred:

Traceback (most recent call last):
  File "../_scripts/crawler/crawler.py", line 209, in metafy_url
    response = requests.get(url, timeout=6, headers={'User-Agent': 'Mozilla/5.0'})
  File "/home/travis/virtualenv/python3.6.3/lib/python3.6/site-packages/requests/api.py", line 75, in get
    return request('get', url, params=params, **kwargs)
  File "/home/travis/virtualenv/python3.6.3/lib/python3.6/site-packages/requests/api.py", line 60, in request
    return session.request(method=method, url=url, **kwargs)
  File "/home/travis/virtualenv/python3.6.3/lib/python3.6/site-packages/requests/sessions.py", line 533, in request
    resp = self.send(prep, **send_kwargs)
  File "/home/travis/virtualenv/python3.6.3/lib/python3.6/site-packages/requests/sessions.py", line 646, in send
    r = adapter.send(request, **kwargs)
  File "/home/travis/virtualenv/python3.6.3/lib/python3.6/site-packages/requests/adapters.py", line 498, in send
    raise ConnectionError(err, request=request)
requests.exceptions.ConnectionError: ('Connection aborted.', RemoteDisconnected('Remote end closed connection without response',))
 11%|█▏        | 33/288 [00:31<04:08,  1.03it/s]INFO:__main__:Requesting https://ourworldindata.org/much-better-awful-can-be-better
INFO:__main__:Getting metadata for https://ourworldindata.org/much-better-awful-can-be-better
 12%|█▏        | 34/288 [00:32<03:13,  1.31it/s]INFO:__main__:Requesting https://ourworldindata.org/homelessness-rise-england
INFO:__main__:Getting metadata for https://ourworldindata.org/homelessness-rise-england
 12%|█▏        | 35/288 [00:32<02:35,  1.62it/s]INFO:__main__:Requesting https://ourworldindata.org/about/list-of-all-data-entries
INFO:__main__:Getting metadata for https://ourworldindata.org/about/list-of-all-data-entries
 12%|█▎        | 36/288 [00:32<02:32,  1.65it/s]INFO:__main__:Requesting https://www.gapminder.org/
INFO:__main__:Getting metadata for https://www.gapminder.org
 13%|█▎        | 37/288 [00:33<02:35,  1.61it/s]INFO:__main__:Requesting https://www.gapminder.org/videos/dont-panic-end-poverty/
INFO:__main__:Getting metadata for https://www.gapminder.org/videos/dont-panic-end-poverty/
 13%|█▎        | 38/288 [00:34<02:30,  1.66it/s]INFO:__main__:Requesting https://www.gapminder.org/news/data-sources-dont-panic-end-poverty/
INFO:__main__:Getting metadata for https://www.gapminder.org/news/data-sources-dont-panic-end-poverty/
 14%|█▎        | 39/288 [00:37<06:35,  1.59s/it]INFO:__main__:Requesting https://ourworldindata.org/grapher/child-mortality
INFO:__main__:Getting metadata for https://ourworldindata.org/grapher/child-mortality
 14%|█▍        | 40/288 [00:38<04:58,  1.20s/it]INFO:__main__:Requesting http://www.usefulusability.com/usertesting-alternatives/
INFO:__main__:Getting metadata for http://www.usefulusability.com/usertesting-alternatives/
 14%|█▍        | 41/288 [00:39<04:23,  1.07s/it]INFO:__main__:Requesting https://www.producthunt.com/alternatives/usertesting-2
INFO:__main__:Getting metadata for https://www.producthunt.com/alternatives/usertesting-2
 15%|█▍        | 42/288 [00:40<04:47,  1.17s/it]INFO:__main__:Requesting https://medium.com/@leemunroe/how-our-product-design-team-conducts-usability-tests-every-2-weeks-afa8c60a8616
INFO:__main__:Getting metadata for https://medium.com/@leemunroe/how-our-product-design-team-conducts-usability-tests-every-2-weeks-afa8c60a8616
 15%|█▍        | 43/288 [00:41<04:02,  1.01it/s]INFO:__main__:Requesting https://fivethirtyeight.com/
INFO:__main__:Getting metadata for https://fivethirtyeight.com
 15%|█▌        | 44/288 [00:41<03:10,  1.28it/s]INFO:__main__:Requesting https://www.newyorker.com/
INFO:__main__:Getting metadata for https://www.newyorker.com
 16%|█▌        | 45/288 [00:42<03:16,  1.23it/s]INFO:__main__:Requesting https://github.com/smacke/subsync
INFO:__main__:Getting metadata for https://github.com/smacke/subsync
 16%|█▌        | 46/288 [00:43<03:31,  1.15it/s]INFO:__main__:Requesting https://leowid.com/brain-facts/
 16%|█▋        | 47/288 [00:43<02:44,  1.46it/s]INFO:__main__:Requesting https://en.wikipedia.org/wiki/Flashbulb_memory
INFO:__main__:Getting metadata for https://en.wikipedia.org/wiki/Flashbulb_memory
 17%|█▋        | 48/288 [00:45<03:47,  1.05it/s]INFO:__main__:Requesting https://www.percona.com/blog/2019/02/25/mysql-challenge-100k-connections/
INFO:__main__:Getting metadata for https://www.percona.com/blog/2019/02/25/mysql-challenge-100k-connections/
 17%|█▋        | 49/288 [00:45<03:28,  1.15it/s]INFO:__main__:Requesting https://puri.sm/posts/pureboot-the-high-security-boot-process/
INFO:__main__:Getting metadata for https://puri.sm/posts/pureboot-the-high-security-boot-process/
 17%|█▋        | 50/288 [00:46<03:09,  1.25it/s]INFO:__main__:Requesting https://trmm.net/Heads_33c3#Philosophy_of_Heads
INFO:__main__:Getting metadata for https://trmm.net/Heads_33c3#Philosophy_of_Heads
 18%|█▊        | 51/288 [00:47<03:27,  1.14it/s]INFO:__main__:Requesting https://mjg59.dreamwidth.org/50577.html
INFO:__main__:Getting metadata for https://mjg59.dreamwidth.org/50577.html
 18%|█▊        | 52/288 [00:51<06:54,  1.76s/it]INFO:__main__:Requesting https://support.lenovo.com/us/en/downloads/ds029187
INFO:__main__:Getting metadata for https://support.lenovo.com/us/en/downloads/ds029187
 18%|█▊        | 53/288 [00:55<09:19,  2.38s/it]INFO:__main__:Requesting https://support.lenovo.com/us/en/downloads/ds029252
INFO:__main__:Getting metadata for https://support.lenovo.com/us/en/downloads/ds029252
 19%|█▉        | 54/288 [00:57<08:49,  2.26s/it]INFO:__main__:Requesting https://www.nytimes.com/2019/02/08/well/live/does-sunlight-through-glass-provide-vitamin-d.html
INFO:__main__:Getting metadata for https://www.nytimes.com/2019/02/08/well/live/does-sunlight-through-glass-provide-vitamin-d.html
 19%|█▉        | 55/288 [00:57<06:28,  1.67s/it]INFO:__main__:Requesting https://www.sciencedirect.com/science/article/pii/0273230092900358
INFO:__main__:Getting metadata for https://www.sciencedirect.com/science/article/pii/0273230092900358
 19%|█▉        | 56/288 [00:57<05:08,  1.33s/it]INFO:__main__:Requesting https://valtsus.blogspot.com/2017/05/the-therapeutic-effects-of-red-and-near.html
INFO:__main__:Getting metadata for https://valtsus.blogspot.com/2017/05/the-therapeutic-effects-of-red-and-near.html
 20%|█▉        | 57/288 [00:59<05:09,  1.34s/it]INFO:__main__:Requesting https://www.quora.com/Can-infrared-light-pass-through-glass
INFO:__main__:Getting metadata for https://www.quora.com/Can-infrared-light-pass-through-glass
 20%|██        | 58/288 [01:02<07:06,  1.86s/it]INFO:__main__:Requesting https://www.sciencedirect.com/science/article/pii/S0022202X15368974
INFO:__main__:Getting metadata for https://www.sciencedirect.com/science/article/pii/S0022202X15368974
 20%|██        | 59/288 [01:03<06:46,  1.78s/it]INFO:__main__:Requesting https://slatestarcodex.com/2018/07/10/melatonin-much-more-than-you-wanted-to-know/
INFO:__main__:Getting metadata for https://slatestarcodex.com/2018/07/10/melatonin-much-more-than-you-wanted-to-know/
 21%|██        | 60/288 [01:04<05:31,  1.45s/it]INFO:__main__:Requesting https://www.quora.com/Why-does-glass-block-UV
INFO:__main__:Getting metadata for https://www.quora.com/Why-does-glass-block-UV
 21%|██        | 61/288 [01:07<07:08,  1.89s/it]INFO:__main__:Requesting https://www.sindark.com/2011/02/22/feynman-and-the-trinity-test/
INFO:__main__:Getting metadata for https://www.sindark.com/2011/02/22/feynman-and-the-trinity-test/
 22%|██▏       | 62/288 [01:08<06:28,  1.72s/it]INFO:__main__:Requesting https://www.youtube.com/watch?v=vwsHRrDYu5o
INFO:__main__:Getting metadata for https://www.youtube.com/watch?v=vwsHRrDYu5o
 22%|██▏       | 63/288 [01:09<05:26,  1.45s/it]INFO:__main__:Requesting https://www.huffingtonpost.ca/2012/06/06/bill-mcelligott-sun-damage_n_1573546.html
INFO:__main__:Getting metadata for https://www.huffingtonpost.ca/2012/06/06/bill-mcelligott-sun-damage_n_1573546.html
 22%|██▏       | 64/288 [01:09<04:05,  1.10s/it]INFO:__main__:Requesting https://www.outsideonline.com/2380751/sunscreen-sun-exposure-skin-cancer-science
INFO:__main__:Getting metadata for https://www.outsideonline.com/2380751/sunscreen-sun-exposure-skin-cancer-science
 23%|██▎       | 65/288 [01:10<03:11,  1.16it/s]INFO:__main__:Requesting http://archive.is/aVhiM
INFO:__main__:Getting metadata for http://archive.is/aVhiM
 23%|██▎       | 66/288 [01:11<04:13,  1.14s/it]INFO:__main__:Requesting https://www.nejm.org/doi/full/10.1056/NEJMicm1104059
INFO:__main__:Getting metadata for https://www.nejm.org/doi/full/10.1056/NEJMicm1104059
 23%|██▎       | 67/288 [01:13<04:45,  1.29s/it]INFO:__main__:Requesting https://www.skincancer.org/prevention/uva-and-uvb
INFO:__main__:Getting metadata for https://www.skincancer.org/prevention/uva-and-uvb
 24%|██▎       | 68/288 [01:14<04:36,  1.26s/it]INFO:__main__:Requesting https://www.youtube.com/watch?v=V9K6gjR07Po
INFO:__main__:Getting metadata for https://www.youtube.com/watch?v=V9K6gjR07Po
 24%|██▍       | 69/288 [01:15<04:16,  1.17s/it]INFO:__main__:Requesting https://www.npr.org/sections/health-shots/2018/11/10/666545527/vitamin-d-and-fish-oil-supplements-disappoint-in-long-awaited-study-results
INFO:__main__:Getting metadata for https://www.npr.org/sections/health-shots/2018/11/10/666545527/vitamin-d-and-fish-oil-supplements-disappoint-in-long-awaited-study-results
 24%|██▍       | 70/288 [01:16<03:26,  1.06it/s]INFO:__main__:Requesting https://www.theguardian.com/science/2018/mar/09/is-vitamin-d-really-a-cure-all-and-how-should-we-get-our-fix
INFO:__main__:Getting metadata for https://www.theguardian.com/science/2018/mar/09/is-vitamin-d-really-a-cure-all-and-how-should-we-get-our-fix
 25%|██▍       | 71/288 [01:16<02:50,  1.27it/s]INFO:__main__:Requesting https://www.nytimes.com/2018/08/18/business/vitamin-d-michael-holick.html
INFO:__main__:Getting metadata for https://www.nytimes.com/2018/08/18/business/vitamin-d-michael-holick.html
 25%|██▌       | 72/288 [01:17<03:03,  1.18it/s]INFO:__main__:Requesting https://www.mayoclinic.org/healthy-lifestyle/nutrition-and-healthy-eating/expert-answers/vitamin-d-toxicity/faq-20058108
INFO:__main__:Getting metadata for https://www.mayoclinic.org/healthy-lifestyle/nutrition-and-healthy-eating/expert-answers/vitamin-d-toxicity/faq-20058108
 25%|██▌       | 73/288 [01:17<02:25,  1.47it/s]INFO:__main__:Requesting https://drhyman.com/blog/2010/08/24/vitamin-d-why-you-are-probably-not-getting-enough/
INFO:__main__:Getting metadata for https://drhyman.com/blog/2010/08/24/vitamin-d-why-you-are-probably-not-getting-enough/
 26%|██▌       | 74/288 [01:20<04:56,  1.38s/it]INFO:__main__:Requesting http://www.usp.org/verification-services/verified-mark
INFO:__main__:Getting metadata for http://www.usp.org/verification-services/verified-mark
 26%|██▌       | 75/288 [01:21<04:14,  1.20s/it]INFO:__main__:Requesting https://www.consumerreports.org/vitamins-supplements/what-usp-verified-and-other-supplement-seals-mean/
INFO:__main__:Getting metadata for https://www.consumerreports.org/vitamins-supplements/what-usp-verified-and-other-supplement-seals-mean/
 26%|██▋       | 76/288 [01:22<03:47,  1.08s/it]INFO:__main__:Requesting http://cphpost.dk/news/danish-health-authority-warns-of-toxic-vitamin-d-product.html
INFO:__main__:Getting metadata for http://cphpost.dk/news/danish-health-authority-warns-of-toxic-vitamin-d-product.html
 27%|██▋       | 77/288 [01:24<05:08,  1.46s/it]INFO:__main__:Requesting https://labdoor.com/
INFO:__main__:Getting metadata for https://labdoor.com
 27%|██▋       | 78/288 [01:25<04:01,  1.15s/it]INFO:__main__:Requesting https://www.ncbi.nlm.nih.gov/m/pubmed/28768407/
INFO:__main__:Getting metadata for https://www.ncbi.nlm.nih.gov/m/pubmed/28768407/
 27%|██▋       | 79/288 [01:27<04:50,  1.39s/it]INFO:__main__:Requesting https://www.nhs.uk/conditions/vitamins-and-minerals/vitamin-d/
INFO:__main__:Getting metadata for https://www.nhs.uk/conditions/vitamins-and-minerals/vitamin-d/
 28%|██▊       | 80/288 [01:27<03:48,  1.10s/it]INFO:__main__:Requesting https://www.health.harvard.edu/staying-healthy/should-you-get-your-nutrients-from-food-or-from-supplements
INFO:__main__:Getting metadata for https://www.health.harvard.edu/staying-healthy/should-you-get-your-nutrients-from-food-or-from-supplements
 28%|██▊       | 81/288 [01:28<03:13,  1.07it/s]INFO:__main__:Requesting https://en.wikipedia.org/wiki/The_dose_makes_the_poison
INFO:__main__:Getting metadata for https://en.wikipedia.org/wiki/The_dose_makes_the_poison
 28%|██▊       | 82/288 [01:29<03:24,  1.01it/s]INFO:__main__:Requesting https://blog.oup.com/2015/01/kin-group-selection-controversy/
INFO:__main__:Getting metadata for https://blog.oup.com/2015/01/kin-group-selection-controversy/
 29%|██▉       | 83/288 [01:30<03:35,  1.05s/it]INFO:__main__:Requesting http://www.bbc.co.uk/earth/story/20150420-why-do-women-have-periods
INFO:__main__:Getting metadata for http://www.bbc.co.uk/earth/story/20150420-why-do-women-have-periods
 29%|██▉       | 84/288 [01:32<04:26,  1.31s/it]INFO:__main__:Requesting https://www.bbc.com/news/science-environment-42939192
INFO:__main__:Getting metadata for https://www.bbc.com/news/science-environment-42939192
 30%|██▉       | 85/288 [01:34<05:12,  1.54s/it]INFO:__main__:Requesting https://www.nytimes.com/2018/02/16/well/live/do-i-get-enough-vitamin-d-in-the-winter.html
INFO:__main__:Getting metadata for https://www.nytimes.com/2018/02/16/well/live/do-i-get-enough-vitamin-d-in-the-winter.html
 30%|██▉       | 86/288 [01:35<04:32,  1.35s/it]INFO:__main__:Requesting https://www.sperti.com/product/sperti-vitamin-d-light-box
INFO:__main__:Getting metadata for https://www.sperti.com/product/sperti-vitamin-d-light-box
 30%|███       | 87/288 [01:36<03:53,  1.16s/it]INFO:__main__:Requesting https://www.fdalabelcompliance.com/letters/ucm284022
INFO:__main__:Getting metadata for https://www.fdalabelcompliance.com/letters/ucm284022
 31%|███       | 88/288 [01:37<04:06,  1.23s/it]INFO:__main__:Requesting https://www.circadianoptics.com/
INFO:__main__:Getting metadata for https://www.circadianoptics.com
 31%|███       | 89/288 [01:38<03:32,  1.07s/it]INFO:__main__:Requesting https://www.nytimes.com/column/ask-well
INFO:__main__:Getting metadata for https://www.nytimes.com/column/ask-well
 31%|███▏      | 90/288 [01:39<03:55,  1.19s/it]INFO:__main__:Requesting https://en.wikipedia.org/wiki/Betteridge%27s_law_of_headlines
INFO:__main__:Getting metadata for https://en.wikipedia.org/wiki/Betteridge%27s_law_of_headlines
 32%|███▏      | 91/288 [01:40<03:33,  1.08s/it]INFO:__main__:Requesting https://djhworld.github.io/post/2019/02/24/reed-solomon-codes-are-cool/
INFO:__main__:Getting metadata for https://djhworld.github.io/post/2019/02/24/reed-solomon-codes-are-cool/
 32%|███▏      | 92/288 [01:41<03:48,  1.17s/it]INFO:__main__:Requesting https://www.youtube.com/watch?v=x1v2tX4_dkQ
INFO:__main__:Getting metadata for https://www.youtube.com/watch?v=x1v2tX4_dkQ
 32%|███▏      | 93/288 [01:42<03:26,  1.06s/it]INFO:__main__:Requesting https://en.wikipedia.org/wiki/Binary_Golay_code
INFO:__main__:Getting metadata for https://en.wikipedia.org/wiki/Binary_Golay_code
 33%|███▎      | 94/288 [01:43<03:30,  1.09s/it]INFO:__main__:Requesting https://en.wikipedia.org/wiki/Sporadic_group
INFO:__main__:Getting metadata for https://en.wikipedia.org/wiki/Sporadic_group
 33%|███▎      | 95/288 [01:45<03:41,  1.15s/it]INFO:__main__:Requesting https://www.amazon.com/Fundamentals-Error-Correcting-Codes-Cary-Huffman/dp/0521131707
INFO:__main__:Getting metadata for https://www.amazon.com/Fundamentals-Error-Correcting-Codes-Cary-Huffman/dp/0521131707
 33%|███▎      | 96/288 [01:47<05:16,  1.65s/it]INFO:__main__:Requesting https://www.akalin.com/intro-erasure-codes
INFO:__main__:Getting metadata for https://www.akalin.com/intro-erasure-codes
 34%|███▎      | 97/288 [01:49<05:37,  1.76s/it]INFO:__main__:Requesting https://www.youtube.com/watch?v=fBRMaEAFLE0
INFO:__main__:Getting metadata for https://www.youtube.com/watch?v=fBRMaEAFLE0
 34%|███▍      | 98/288 [01:50<04:48,  1.52s/it]INFO:__main__:Requesting https://manuelfi.com/blog/hamming-code-simulator/
INFO:__main__:Getting metadata for https://manuelfi.com/blog/hamming-code-simulator/
 34%|███▍      | 99/288 [01:51<03:46,  1.20s/it]INFO:__main__:Requesting https://en.wikipedia.org/wiki/8b/10b_encoding
INFO:__main__:Getting metadata for https://en.wikipedia.org/wiki/8b/10b_encoding
 35%|███▍      | 100/288 [01:52<03:41,  1.18s/it]INFO:__main__:Requesting https://en.wikipedia.org/wiki/64b/66b_encoding
INFO:__main__:Getting metadata for https://en.wikipedia.org/wiki/64b/66b_encoding
 35%|███▌      | 101/288 [01:53<03:26,  1.10s/it]INFO:__main__:Requesting https://en.wikipedia.org/wiki/Hamming_code
INFO:__main__:Getting metadata for https://en.wikipedia.org/wiki/Hamming_code
 35%|███▌      | 102/288 [01:54<03:46,  1.22s/it]INFO:__main__:Requesting https://en.wikipedia.org/wiki/Adaptive_Multi-Rate_audio_codec
INFO:__main__:Getting metadata for https://en.wikipedia.org/wiki/Adaptive_Multi-Rate_audio_codec
 36%|███▌      | 103/288 [01:56<03:42,  1.20s/it]INFO:__main__:Requesting https://en.wikipedia.org/wiki/Adaptive_Multi-Rate_Wideband
INFO:__main__:Getting metadata for https://en.wikipedia.org/wiki/Adaptive_Multi-Rate_Wideband
 36%|███▌      | 104/288 [01:57<03:46,  1.23s/it]INFO:__main__:Requesting https://en.wikipedia.org/wiki/Raptor_code
INFO:__main__:Getting metadata for https://en.wikipedia.org/wiki/Raptor_code
 36%|███▋      | 105/288 [01:58<03:19,  1.09s/it]INFO:__main__:Requesting https://en.wikipedia.org/wiki/Turbo_code
INFO:__main__:Getting metadata for https://en.wikipedia.org/wiki/Turbo_code
 37%|███▋      | 106/288 [01:59<03:24,  1.12s/it]INFO:__main__:Requesting https://blogs.dropbox.com/tech/2016/07/pocket-watch/
INFO:__main__:Getting metadata for https://blogs.dropbox.com/tech/2016/07/pocket-watch/
 37%|███▋      | 107/288 [02:00<03:04,  1.02s/it]INFO:__main__:Requesting https://perspectives.mvdirona.com/2009/06/erasure-coding-and-cold-storage/
INFO:__main__:Getting metadata for https://perspectives.mvdirona.com/2009/06/erasure-coding-and-cold-storage/
 38%|███▊      | 108/288 [02:02<04:31,  1.51s/it]INFO:__main__:Requesting https://en.wikipedia.org/wiki/Low-density_parity-check_code
INFO:__main__:Getting metadata for https://en.wikipedia.org/wiki/Low-density_parity-check_code
 38%|███▊      | 109/288 [02:04<04:16,  1.43s/it]INFO:__main__:Requesting https://en.wikipedia.org/wiki/Polar_code_(coding_theory)
INFO:__main__:Getting metadata for https://en.wikipedia.org/wiki/Polar_code_(coding_theory)
 38%|███▊      | 110/288 [02:04<03:40,  1.24s/it]INFO:__main__:Requesting https://en.wikipedia.org/wiki/Error_correction_code
INFO:__main__:Getting metadata for https://en.wikipedia.org/wiki/Error_correction_code
 39%|███▊      | 111/288 [02:05<03:35,  1.22s/it]INFO:__main__:Requesting https://en.wikipedia.org/wiki/Clock_recovery
INFO:__main__:Getting metadata for https://en.wikipedia.org/wiki/Clock_recovery
 39%|███▉      | 112/288 [02:06<03:10,  1.08s/it]INFO:__main__:Requesting https://www.the-tls.co.uk/articles/public/charles-catherine-dickens-asylum/
INFO:__main__:Getting metadata for https://www.the-tls.co.uk/articles/public/charles-catherine-dickens-asylum/
 39%|███▉      | 113/288 [02:08<04:03,  1.39s/it]INFO:__main__:Requesting https://www.cbc.ca/radio/thecurrent/the-current-for-february-25-2019-1.5032165/starbucks-music-is-driving-employees-nuts-a-writer-says-it-s-a-workers-rights-issue-1.5028163
INFO:__main__:Getting metadata for https://www.cbc.ca/radio/thecurrent/the-current-for-february-25-2019-1.5032165/starbucks-music-is-driving-employees-nuts-a-writer-says-it-s-a-workers-rights-issue-1.5028163
 40%|███▉      | 114/288 [02:09<03:24,  1.18s/it]INFO:__main__:Requesting https://coffitivity.com
INFO:__main__:Getting metadata for https://coffitivity.com
 40%|███▉      | 115/288 [02:10<02:59,  1.04s/it]INFO:__main__:Requesting https://www.fastcompany.com/3067250/meet-the-music-nerds-behind-the-tunes-you-hear-at-starbucks
INFO:__main__:Getting metadata for https://www.fastcompany.com/3067250/meet-the-music-nerds-behind-the-tunes-you-hear-at-starbucks
 40%|████      | 116/288 [02:10<02:22,  1.21it/s]INFO:__main__:Requesting https://www.youtube.com/watch?v=iJyYrrDKYZE
INFO:__main__:Getting metadata for https://www.youtube.com/watch?v=iJyYrrDKYZE
 41%|████      | 117/288 [02:11<02:28,  1.15it/s]INFO:__main__:Requesting https://www.youtube.com/watch?v=igGcWRYhr1Y&index=14&list=RD36YlB_6dUic
INFO:__main__:Getting metadata for https://www.youtube.com/watch?v=igGcWRYhr1Y&index=14&list=RD36YlB_6dUic
 41%|████      | 118/288 [02:12<02:36,  1.08it/s]INFO:__main__:Requesting https://www.youtube.com/watch?v=QnkrL42R7gk
INFO:__main__:Getting metadata for https://www.youtube.com/watch?v=QnkrL42R7gk
 41%|████▏     | 119/288 [02:13<02:33,  1.10it/s]INFO:__main__:Requesting https://arxiv.org/abs/1902.06855
INFO:__main__:Getting metadata for https://arxiv.org/abs/1902.06855
 42%|████▏     | 120/288 [02:14<02:41,  1.04it/s]INFO:__main__:Requesting https://www.reddit.com/r/IAmA/comments/aunv58/im_bill_gates_cochair_of_the_bill_melinda_gates/
INFO:__main__:Getting metadata for https://www.reddit.com/r/IAmA/comments/aunv58/im_bill_gates_cochair_of_the_bill_melinda_gates/
 42%|████▏     | 121/288 [02:18<05:30,  1.98s/it]INFO:__main__:Requesting https://www.gatesnotes.com/2019-Annual-Letter?WT.mc_id=02_25_2019_11_AL2019_BG-RE_&WT.tsrc=BGRE#ALChapter3
INFO:__main__:Getting metadata for https://www.gatesnotes.com/2019-Annual-Letter?WT.mc_id=02_25_2019_11_AL2019_BG-RE_&WT.tsrc=BGRE#ALChapter3
 42%|████▏     | 122/288 [02:19<04:43,  1.71s/it]INFO:__main__:Requesting https://ahdictionary.com/word/search.html?q=platitude
INFO:__main__:Getting metadata for https://ahdictionary.com/word/search.html?q=platitude
 43%|████▎     | 123/288 [02:20<03:46,  1.37s/it]INFO:__main__:Requesting https://www.ncbi.nlm.nih.gov/pmc/articles/PMC4451566/
INFO:__main__:Getting metadata for https://www.ncbi.nlm.nih.gov/pmc/articles/PMC4451566/
 43%|████▎     | 124/288 [02:21<03:41,  1.35s/it]INFO:__main__:Requesting https://givingpledge.org/
INFO:__main__:Getting metadata for https://givingpledge.org
 43%|████▎     | 125/288 [02:22<03:05,  1.14s/it]INFO:__main__:Requesting https://fiscal.treasury.gov/public/gifts-to-government.html
INFO:__main__:Getting metadata for https://fiscal.treasury.gov/public/gifts-to-government.html
 44%|████▍     | 126/288 [02:24<03:58,  1.47s/it]INFO:__main__:Requesting https://www.treasurydirect.gov/govt/reports/pd/gift/gift.htm
INFO:__main__:Getting metadata for https://www.treasurydirect.gov/govt/reports/pd/gift/gift.htm
 44%|████▍     | 127/288 [02:26<03:50,  1.43s/it]INFO:__main__:Requesting https://www.youtube.com/watch?v=8TCxE0bWQeQ
INFO:__main__:Getting metadata for https://www.youtube.com/watch?v=8TCxE0bWQeQ
 44%|████▍     | 128/288 [02:26<03:19,  1.25s/it]INFO:__main__:Requesting https://www.reddit.com/r/IAmA/comments/aunv58/im_bill_gates_cochair_of_the_bill_melinda_gates/eh9a9x2/
INFO:__main__:Getting metadata for https://www.reddit.com/r/IAmA/comments/aunv58/im_bill_gates_cochair_of_the_bill_melinda_gates/eh9a9x2/
 45%|████▍     | 129/288 [02:29<04:00,  1.51s/it]INFO:__main__:Requesting https://www.reddit.com/r/IAmA/comments/aunv58/im_bill_gates_cochair_of_the_bill_melinda_gates/eh9ca9p/?context=8&depth=9
INFO:__main__:Getting metadata for https://www.reddit.com/r/IAmA/comments/aunv58/im_bill_gates_cochair_of_the_bill_melinda_gates/eh9ca9p/?context=8&depth=9
 45%|████▌     | 130/288 [02:32<05:20,  2.03s/it]INFO:__main__:Requesting https://www.theverge.com/2019/2/12/18220756/bill-gates-tax-rate-70-percent-marginal-modern-monetary-theory
INFO:__main__:Getting metadata for https://www.theverge.com/2019/2/12/18220756/bill-gates-tax-rate-70-percent-marginal-modern-monetary-theory
 45%|████▌     | 131/288 [02:32<04:15,  1.62s/it]INFO:__main__:Requesting https://calendar.google.com/calendar/embed?src=amaverify@gmail.com&pli=1
INFO:__main__:Getting metadata for https://calendar.google.com/calendar/embed?src=amaverify@gmail.com&pli=1
 46%|████▌     | 132/288 [02:33<03:22,  1.30s/it]INFO:__main__:Requesting https://www.seattlepi.com/business/article/No-Bull-Bill-Gates-blunt-legacy-1277370.php
INFO:__main__:Getting metadata for https://www.seattlepi.com/business/article/No-Bull-Bill-Gates-blunt-legacy-1277370.php
 46%|████▌     | 133/288 [02:34<02:45,  1.07s/it]INFO:__main__:Requesting https://abcnews.go.com/blogs/politics/2013/04/george-w-bushs-legacy-on-africa-wins-praise-even-from-foes/
INFO:__main__:Getting metadata for https://abcnews.go.com/blogs/politics/2013/04/george-w-bushs-legacy-on-africa-wins-praise-even-from-foes/
 47%|████▋     | 134/288 [02:34<02:22,  1.08it/s]INFO:__main__:Requesting https://ourworldindata.org/polio
INFO:__main__:Getting metadata for https://ourworldindata.org/polio
 47%|████▋     | 135/288 [02:35<01:57,  1.30it/s]INFO:__main__:Requesting https://www.theguardian.com/world/2011/jul/11/cia-fake-vaccinations-osama-bin-ladens-dna
INFO:__main__:Getting metadata for https://www.theguardian.com/world/2011/jul/11/cia-fake-vaccinations-osama-bin-ladens-dna
 47%|████▋     | 136/288 [02:35<01:51,  1.37it/s]INFO:__main__:Requesting https://blog.jonlu.ca/posts/experiments-and-growth-hacking?ref=hackernews
INFO:__main__:Getting metadata for https://blog.jonlu.ca/posts/experiments-and-growth-hacking?ref=hackernews
 48%|████▊     | 137/288 [02:36<01:51,  1.36it/s]INFO:__main__:Requesting https://discordapp.com/api/experiments
INFO:__main__:Getting metadata for https://discordapp.com/api/experiments
 48%|████▊     | 138/288 [02:37<01:46,  1.41it/s]INFO:__main__:Requesting https://research.swtch.com/treenum
INFO:__main__:Getting metadata for https://research.swtch.com/treenum
 48%|████▊     | 139/288 [02:38<01:58,  1.26it/s]INFO:__main__:Requesting https://en.wikipedia.org/wiki/Fractal_tree_index
INFO:__main__:Getting metadata for https://en.wikipedia.org/wiki/Fractal_tree_index
 49%|████▊     | 140/288 [02:39<02:16,  1.08it/s]INFO:__main__:Requesting https://sites.uw.edu/bevanseries/2018/02/28/data-is-in-the-eye-of-the-beholder/
INFO:__main__:Getting metadata for https://sites.uw.edu/bevanseries/2018/02/28/data-is-in-the-eye-of-the-beholder/
 49%|████▉     | 141/288 [02:40<02:31,  1.03s/it]INFO:__main__:Requesting https://geoff.greer.fm/2017/01/23/oldest-viable-laptop/
INFO:__main__:Getting metadata for https://geoff.greer.fm/2017/01/23/oldest-viable-laptop/
 49%|████▉     | 142/288 [02:40<01:54,  1.28it/s]INFO:__main__:Requesting https://www.ifixit.com/Story/20939/MBP_2011_GPU_Nightmare
INFO:__main__:Getting metadata for https://www.ifixit.com/Story/20939/MBP_2011_GPU_Nightmare
 50%|████▉     | 143/288 [02:41<01:39,  1.46it/s]INFO:__main__:Requesting https://old.reddit.com/r/thinkpad/comments/6wnmqd/x220x230_fhd_mod_kit_batch3_is_almost_ready_for/
INFO:__main__:Getting metadata for https://old.reddit.com/r/thinkpad/comments/6wnmqd/x220x230_fhd_mod_kit_batch3_is_almost_ready_for/
 50%|█████     | 144/288 [02:42<02:12,  1.09it/s]INFO:__main__:Requesting http://dosdude1.com/mojave/
INFO:__main__:Getting metadata for http://dosdude1.com/mojave/
 50%|█████     | 145/288 [02:43<02:09,  1.10it/s]INFO:__main__:Requesting https://www.maketecheasier.com/why-cpu-clock-speed-isnt-increasing/
INFO:__main__:Getting metadata for https://www.maketecheasier.com/why-cpu-clock-speed-isnt-increasing/
 51%|█████     | 146/288 [02:44<01:56,  1.22it/s]INFO:__main__:Requesting https://sixcolors.com/post/2018/12/brydge-pro-keyboard/
INFO:__main__:Getting metadata for https://sixcolors.com/post/2018/12/brydge-pro-keyboard/
 51%|█████     | 147/288 [02:44<01:31,  1.54it/s]INFO:__main__:Requesting https://appleinsider.com/articles/19/01/07/ipad-ipad-pro-get-new-cases-from-zagg-with-rugged-book-go-slim-book-go-messenger-folio
INFO:__main__:Getting metadata for https://appleinsider.com/articles/19/01/07/ipad-ipad-pro-get-new-cases-from-zagg-with-rugged-book-go-slim-book-go-messenger-folio
 51%|█████▏    | 148/288 [02:45<01:30,  1.54it/s]INFO:__main__:Requesting http://www.symbos.de/
INFO:__main__:Getting metadata for http://www.symbos.de
 52%|█████▏    | 149/288 [02:46<01:58,  1.18it/s]INFO:__main__:Requesting http://www.computinghistory.org.uk/det/23468/Toshiba-Satellite-Pro-420-CDS-810/
INFO:__main__:Getting metadata for http://www.computinghistory.org.uk/det/23468/Toshiba-Satellite-Pro-420-CDS-810/
 52%|█████▏    | 150/288 [02:48<02:42,  1.18s/it]INFO:__main__:Requesting https://cpu.userbenchmark.com/Compare/Intel-Core-i5-2520M-vs-Intel-Core-i5-7200U/m29vsm153577
 52%|█████▏    | 151/288 [02:48<02:07,  1.08it/s]INFO:__main__:Requesting https://cpu.userbenchmark.com/Compare/Intel-Core-i7-3520M-vs-Intel-Core-i7-7500U/m50vsm171274
 53%|█████▎    | 152/288 [02:48<01:37,  1.40it/s]INFO:__main__:Requesting https://www.newegg.com/Product/Product.aspx?item=9SIA5WM5R10355
INFO:__main__:Getting metadata for https://www.newegg.com/areyouahuman?referer=https%3A%2F%2Fwww.newegg.com%2FProduct%2FProduct.aspx%3Fitem%3D9SIA5WM5R10355&why=8
 53%|█████▎    | 153/288 [02:49<01:50,  1.22it/s]INFO:__main__:Requesting https://geoff.greer.fm/2017/07/16/thinkpad-x62/
INFO:__main__:Getting metadata for https://geoff.greer.fm/2017/07/16/thinkpad-x62/
 53%|█████▎    | 154/288 [02:50<01:23,  1.61it/s]INFO:__main__:Requesting https://docs.lubuntu.net/lubuntu_installation_on_old_computers
INFO:__main__:Getting metadata for https://docs.lubuntu.net/lubuntu_installation_on_old_computers
 54%|█████▍    | 155/288 [02:53<03:21,  1.52s/it]INFO:__main__:Requesting https://www.openbsd.org/i386.html
INFO:__main__:Getting metadata for https://www.openbsd.org/i386.html
 54%|█████▍    | 156/288 [02:55<03:23,  1.54s/it]INFO:__main__:Requesting https://wiki.netbsd.org/ports/i386/
INFO:__main__:Getting metadata for https://wiki.netbsd.org/ports/i386/
 55%|█████▍    | 157/288 [02:59<05:21,  2.45s/it]INFO:__main__:Requesting https://everymac.com/systems/apple/macbook_pro/specs/macbook-pro-core-2-duo-2.4-15-santa-rosa-specs.html
INFO:__main__:Getting metadata for https://everymac.com/systems/apple/macbook_pro/specs/macbook-pro-core-2-duo-2.4-15-santa-rosa-specs.html
 55%|█████▍    | 158/288 [03:04<06:58,  3.22s/it]INFO:__main__:Requesting https://everymac.com/systems/apple/macbook/specs/macbook-core-2-duo-2.16-white-13-mid-2007-specs.html
INFO:__main__:Getting metadata for https://everymac.com/systems/apple/macbook/specs/macbook-core-2-duo-2.16-white-13-mid-2007-specs.html
 55%|█████▌    | 159/288 [03:08<07:26,  3.46s/it]INFO:__main__:Requesting https://en.wikipedia.org/wiki/PowerBook_100
INFO:__main__:Getting metadata for https://en.wikipedia.org/wiki/PowerBook_100
 56%|█████▌    | 160/288 [03:10<06:06,  2.86s/it]INFO:__main__:Requesting https://support.apple.com/en-us/HT201165
INFO:__main__:Getting metadata for https://support.apple.com/en-us/HT201165
 56%|█████▌    | 161/288 [03:10<04:27,  2.11s/it]INFO:__main__:Requesting https://www.thinkwiki.org/wiki/Category:X40
INFO:__main__:Getting metadata for https://www.thinkwiki.org/wiki/Category:X40
 56%|█████▋    | 162/288 [03:13<04:51,  2.31s/it]INFO:__main__:Requesting https://sites.google.com/a/athaydes.com/renato-athaydes/posts/fearlessconcurrencyhowclojurerustponyerlanganddartletyouachievethat
INFO:__main__:Getting metadata for https://sites.google.com/a/athaydes.com/renato-athaydes/posts/fearlessconcurrencyhowclojurerustponyerlanganddartletyouachievethat
 57%|█████▋    | 163/288 [03:15<04:35,  2.20s/it]INFO:__main__:Requesting https://youtu.be/1bNOO3xxMc0
INFO:__main__:Getting metadata for https://www.youtube.com/watch?v=1bNOO3xxMc0&feature=youtu.be
 57%|█████▋    | 164/288 [03:16<03:41,  1.79s/it]INFO:__main__:Requesting https://dev.clojure.org/jira/secure/IssueNavigator.jspa?reset=true&jqlQuery=project+%3D+ASYNC+AND+resolution+%3D+Unresolved+AND+priority+%3D+Major+ORDER+BY+key+DESC&mode=hide
INFO:__main__:Getting metadata for https://dev.clojure.org/jira/secure/IssueNavigator.jspa?reset=true&jqlQuery=project+%3D+ASYNC+AND+resolution+%3D+Unresolved+AND+priority+%3D+Major+ORDER+BY+key+DESC&mode=hide
 57%|█████▋    | 165/288 [03:17<03:31,  1.72s/it]INFO:__main__:Requesting https://clojure.github.io/core.async/
INFO:__main__:Getting metadata for https://clojure.github.io/core.async/
 58%|█████▊    | 166/288 [03:18<02:50,  1.40s/it]INFO:__main__:Requesting https://groups.google.com/a/dartlang.org/forum/#!topic/misc/djfFMNCWmkE
INFO:__main__:Getting metadata for https://groups.google.com/a/dartlang.org/forum/#!topic/misc/djfFMNCWmkE
 58%|█████▊    | 167/288 [03:19<02:39,  1.31s/it]INFO:__main__:Requesting https://gist.github.com/lorkki/e7386df8fff186b3e473994e9d31bee0#file-thread-example-1-rs
INFO:__main__:Getting metadata for https://gist.github.com/lorkki/e7386df8fff186b3e473994e9d31bee0#file-thread-example-1-rs
 58%|█████▊    | 168/288 [03:20<02:11,  1.09s/it]INFO:__main__:Requesting https://gist.github.com/lorkki/e7386df8fff186b3e473994e9d31bee0#file-thread-example-2-rs
INFO:__main__:Getting metadata for https://gist.github.com/lorkki/e7386df8fff186b3e473994e9d31bee0#file-thread-example-2-rs
 59%|█████▊    | 169/288 [03:20<01:50,  1.08it/s]INFO:__main__:Requesting https://github.com/duneroadrunner/SaferCPlusPlus#multithreading
INFO:__main__:Getting metadata for https://github.com/duneroadrunner/SaferCPlusPlus#multithreading
 59%|█████▉    | 170/288 [03:22<02:13,  1.13s/it]INFO:__main__:Requesting https://github.com/aksh98/Pony_Documentation#precedence
INFO:__main__:Getting metadata for https://github.com/aksh98/Pony_Documentation#precedence
 59%|█████▉    | 171/288 [03:23<02:20,  1.20s/it]INFO:__main__:Requesting https://github.com/sylvanc
INFO:__main__:Getting metadata for https://github.com/sylvanc
 60%|█████▉    | 172/288 [03:25<02:27,  1.27s/it]INFO:__main__:Requesting https://www.microsoft.com/en-us/research/people/syclebsc/
INFO:__main__:Getting metadata for https://www.microsoft.com/en-us/research/people/syclebsc/
 60%|██████    | 173/288 [03:26<02:25,  1.27s/it]INFO:__main__:Requesting https://qconlondon.com/speakers/sylvan-clebsch
INFO:__main__:Getting metadata for https://qconlondon.com/speakers/sylvan-clebsch
 60%|██████    | 174/288 [03:26<01:54,  1.00s/it]INFO:__main__:Requesting https://www.microsoft.com/en-us/research/video/pony-co-designing-type-system-runtime/
INFO:__main__:Getting metadata for https://www.microsoft.com/en-us/research/video/pony-co-designing-type-system-runtime/
 61%|██████    | 175/288 [03:27<01:47,  1.05it/s]INFO:__main__:Requesting http://erlang.org/doc/apps/dialyzer/users_guide.html
INFO:__main__:Getting metadata for http://erlang.org/doc/apps/dialyzer/users_guide.html
 61%|██████    | 176/288 [03:30<02:47,  1.50s/it]INFO:__main__:Requesting https://clojure.org/reference/refs
INFO:__main__:Getting metadata for https://clojure.org/reference/refs
 61%|██████▏   | 177/288 [03:30<02:14,  1.21s/it]INFO:__main__:Requesting https://www.microsoft.com/en-us/research/publication/beautiful-concurrency/
INFO:__main__:Getting metadata for https://www.microsoft.com/en-us/research/publication/beautiful-concurrency/
 62%|██████▏   | 178/288 [03:31<01:55,  1.05s/it]INFO:__main__:Requesting https://clojuredocs.org/clojure.core/io
 62%|██████▏   | 179/288 [03:31<01:26,  1.26it/s]INFO:__main__:Requesting https://bugs.python.org/issue23655
INFO:__main__:Getting metadata for https://bugs.python.org/issue23655
 62%|██████▎   | 180/288 [03:35<02:48,  1.56s/it]INFO:__main__:Requesting https://www.amazon.com/Building-Parallel-Embedded-Real-Time-Applications/dp/0521197163
INFO:__main__:Getting metadata for https://www.amazon.com/Building-Parallel-Embedded-Real-Time-Applications/dp/0521197163
 63%|██████▎   | 181/288 [03:38<03:28,  1.95s/it]INFO:__main__:Requesting https://www.amazon.com/Concurrent-Real-Time-Programming-Alan-Burns/dp/0521866979
INFO:__main__:Getting metadata for https://www.amazon.com/Concurrent-Real-Time-Programming-Alan-Burns/dp/0521866979
 63%|██████▎   | 182/288 [03:40<03:44,  2.12s/it]INFO:__main__:Requesting https://en.wikibooks.org/wiki/Ada_Style_Guide/Concurrency
INFO:__main__:Getting metadata for https://en.wikibooks.org/wiki/Ada_Style_Guide/Concurrency
 64%|██████▎   | 183/288 [03:42<03:40,  2.10s/it]INFO:__main__:Requesting https://en.wikipedia.org/wiki/SCOOP_(software)
INFO:__main__:Getting metadata for https://en.wikipedia.org/wiki/SCOOP_(software)
 64%|██████▍   | 184/288 [03:43<02:56,  1.69s/it]INFO:__main__:Requesting https://hydra-editor.glitch.me
INFO:__main__:Getting metadata for https://hydra-editor.glitch.me
 64%|██████▍   | 185/288 [03:44<02:49,  1.65s/it]INFO:__main__:Requesting https://github.com/ojack/hydra
INFO:__main__:Getting metadata for https://github.com/ojack/hydra
 65%|██████▍   | 186/288 [03:45<02:24,  1.42s/it]INFO:__main__:Requesting https://twitter.com/_ojack_
INFO:__main__:Getting metadata for https://twitter.com/_ojack_
 65%|██████▍   | 187/288 [03:49<03:31,  2.10s/it]INFO:__main__:Requesting https://twitter.com/hydra_patterns
INFO:__main__:Getting metadata for https://twitter.com/hydra_patterns
 65%|██████▌   | 188/288 [03:53<04:14,  2.55s/it]INFO:__main__:Requesting https://www.youtube.com/watch?v=jyEIDNtt9Hs
INFO:__main__:Getting metadata for https://www.youtube.com/watch?v=jyEIDNtt9Hs
 66%|██████▌   | 189/288 [03:54<03:25,  2.08s/it]INFO:__main__:Requesting https://aaassembly.org/
INFO:__main__:Getting metadata for https://aaassembly.org
 66%|██████▌   | 190/288 [03:54<02:34,  1.58s/it]INFO:__main__:Requesting https://hydra-editor-v1.glitch.me/
INFO:__main__:Getting metadata for https://hydra-editor-v1.glitch.me
 66%|██████▋   | 191/288 [03:54<01:58,  1.23s/it]INFO:__main__:Requesting http://cdm.link/2019/02/hydra-olivia-jack/
INFO:__main__:Getting metadata for http://cdm.link/2019/02/hydra-olivia-jack/
 67%|██████▋   | 192/288 [03:56<01:57,  1.22s/it]INFO:__main__:Requesting https://www.bloomberg.com/news/articles/2019-02-24/huawei-frightens-europe-s-data-protectors-america-does-too
INFO:__main__:Getting metadata for https://www.bloomberg.com/news/articles/2019-02-24/huawei-frightens-europe-s-data-protectors-america-does-too
 67%|██████▋   | 193/288 [03:56<01:31,  1.04it/s]INFO:__main__:Requesting https://azure.microsoft.com/en-us/global-infrastructure/germany/
INFO:__main__:Getting metadata for https://azure.microsoft.com/en-us/global-infrastructure/germany/
 67%|██████▋   | 194/288 [03:57<01:26,  1.09it/s]INFO:__main__:Requesting https://news.microsoft.com/europe/2018/08/31/microsoft-to-deliver-cloud-services-from-new-datacentres-in-germany-in-2019-to-meet-evolving-customer-needs/
INFO:__main__:Getting metadata for https://news.microsoft.com/europe/2018/08/31/microsoft-to-deliver-cloud-services-from-new-datacentres-in-germany-in-2019-to-meet-evolving-customer-needs/
 68%|██████▊   | 195/288 [03:57<01:05,  1.41it/s]INFO:__main__:Requesting https://www.evry.com/en/what-we-do/key-services/evry-cloud-services/the-cloud-is-now-local---evry-azure-stack/
INFO:__main__:Getting metadata for https://www.evry.com/en/what-we-do/key-services/evry-cloud-services/the-cloud-is-now-local---evry-azure-stack/
 68%|██████▊   | 196/288 [03:59<01:41,  1.11s/it]INFO:__main__:Requesting https://www.heise.de/newsticker/meldung/Auslaufmodell-Microsoft-Cloud-Deutschland-4152650.html
INFO:__main__:Getting metadata for https://www.heise.de/newsticker/meldung/Auslaufmodell-Microsoft-Cloud-Deutschland-4152650.html
 68%|██████▊   | 197/288 [04:00<01:42,  1.12s/it]INFO:__main__:Requesting https://gdpr-info.eu/art-4-gdpr/
INFO:__main__:Getting metadata for https://gdpr-info.eu/art-4-gdpr/
 69%|██████▉   | 198/288 [04:02<01:53,  1.27s/it]INFO:__main__:Requesting https://en.wikipedia.org/wiki/AMD_Platform_Security_Processor
INFO:__main__:Getting metadata for https://en.wikipedia.org/wiki/AMD_Platform_Security_Processor
 69%|██████▉   | 199/288 [04:03<01:39,  1.12s/it]INFO:__main__:Requesting https://en.wikipedia.org/wiki/ARM_TrustZone#TrustZone_(for_Cortex-A_profile)
INFO:__main__:Getting metadata for https://en.wikipedia.org/wiki/ARM_TrustZone#TrustZone_(for_Cortex-A_profile)
 69%|██████▉   | 200/288 [04:05<02:27,  1.67s/it]INFO:__main__:Requesting https://en.wikipedia.org/wiki/Intel_Management_Engine#Claims_that_ME_is_a_backdoor
INFO:__main__:Getting metadata for https://en.wikipedia.org/wiki/Intel_Management_Engine#Claims_that_ME_is_a_backdoor
 70%|██████▉   | 201/288 [04:07<02:15,  1.56s/it]INFO:__main__:Requesting https://hackaday.com/2017/12/07/another-defeat-of-the-intel-management-engine/
ERROR:__main__:Could not reach https://hackaday.com/2017/12/07/another-defeat-of-the-intel-management-engine/
Traceback (most recent call last):
  File "/home/travis/virtualenv/python3.6.3/lib/python3.6/site-packages/urllib3/connectionpool.py", line 600, in urlopen
    chunked=chunked)
  File "/home/travis/virtualenv/python3.6.3/lib/python3.6/site-packages/urllib3/connectionpool.py", line 384, in _make_request
    six.raise_from(e, None)
  File "<string>", line 2, in raise_from
  File "/home/travis/virtualenv/python3.6.3/lib/python3.6/site-packages/urllib3/connectionpool.py", line 380, in _make_request
    httplib_response = conn.getresponse()
  File "/opt/python/3.6.3/lib/python3.6/http/client.py", line 1331, in getresponse
    response.begin()
  File "/opt/python/3.6.3/lib/python3.6/http/client.py", line 297, in begin
    version, status, reason = self._read_status()
  File "/opt/python/3.6.3/lib/python3.6/http/client.py", line 266, in _read_status
    raise RemoteDisconnected("Remote end closed connection without"
http.client.RemoteDisconnected: Remote end closed connection without response

During handling of the above exception, another exception occurred:

Traceback (most recent call last):
  File "/home/travis/virtualenv/python3.6.3/lib/python3.6/site-packages/requests/adapters.py", line 449, in send
    timeout=timeout
  File "/home/travis/virtualenv/python3.6.3/lib/python3.6/site-packages/urllib3/connectionpool.py", line 638, in urlopen
    _stacktrace=sys.exc_info()[2])
  File "/home/travis/virtualenv/python3.6.3/lib/python3.6/site-packages/urllib3/util/retry.py", line 367, in increment
    raise six.reraise(type(error), error, _stacktrace)
  File "/home/travis/virtualenv/python3.6.3/lib/python3.6/site-packages/urllib3/packages/six.py", line 685, in reraise
    raise value.with_traceback(tb)
  File "/home/travis/virtualenv/python3.6.3/lib/python3.6/site-packages/urllib3/connectionpool.py", line 600, in urlopen
    chunked=chunked)
  File "/home/travis/virtualenv/python3.6.3/lib/python3.6/site-packages/urllib3/connectionpool.py", line 384, in _make_request
    six.raise_from(e, None)
  File "<string>", line 2, in raise_from
  File "/home/travis/virtualenv/python3.6.3/lib/python3.6/site-packages/urllib3/connectionpool.py", line 380, in _make_request
    httplib_response = conn.getresponse()
  File "/opt/python/3.6.3/lib/python3.6/http/client.py", line 1331, in getresponse
    response.begin()
  File "/opt/python/3.6.3/lib/python3.6/http/client.py", line 297, in begin
    version, status, reason = self._read_status()
  File "/opt/python/3.6.3/lib/python3.6/http/client.py", line 266, in _read_status
    raise RemoteDisconnected("Remote end closed connection without"
urllib3.exceptions.ProtocolError: ('Connection aborted.', RemoteDisconnected('Remote end closed connection without response',))

During handling of the above exception, another exception occurred:

Traceback (most recent call last):
  File "../_scripts/crawler/crawler.py", line 209, in metafy_url
    response = requests.get(url, timeout=6, headers={'User-Agent': 'Mozilla/5.0'})
  File "/home/travis/virtualenv/python3.6.3/lib/python3.6/site-packages/requests/api.py", line 75, in get
    return request('get', url, params=params, **kwargs)
  File "/home/travis/virtualenv/python3.6.3/lib/python3.6/site-packages/requests/api.py", line 60, in request
    return session.request(method=method, url=url, **kwargs)
  File "/home/travis/virtualenv/python3.6.3/lib/python3.6/site-packages/requests/sessions.py", line 533, in request
    resp = self.send(prep, **send_kwargs)
  File "/home/travis/virtualenv/python3.6.3/lib/python3.6/site-packages/requests/sessions.py", line 646, in send
    r = adapter.send(request, **kwargs)
  File "/home/travis/virtualenv/python3.6.3/lib/python3.6/site-packages/requests/adapters.py", line 498, in send
    raise ConnectionError(err, request=request)
requests.exceptions.ConnectionError: ('Connection aborted.', RemoteDisconnected('Remote end closed connection without response',))
 70%|███████   | 202/288 [04:07<01:37,  1.14s/it]INFO:__main__:Requesting https://upcloud.com/
INFO:__main__:Getting metadata for https://upcloud.com
 70%|███████   | 203/288 [04:09<01:47,  1.27s/it]INFO:__main__:Requesting https://www.hetzner.com/cloud
INFO:__main__:Getting metadata for https://www.hetzner.com/cloud
 71%|███████   | 204/288 [04:14<03:24,  2.43s/it]INFO:__main__:Requesting https://www.exoscale.com/
INFO:__main__:Getting metadata for https://www.exoscale.com
 71%|███████   | 205/288 [04:15<02:52,  2.08s/it]INFO:__main__:Requesting https://www.tilaa.com/en
INFO:__main__:Getting metadata for https://www.tilaa.com/en
 72%|███████▏  | 206/288 [04:16<02:34,  1.88s/it]INFO:__main__:Requesting https://nextcloud.com/about/
INFO:__main__:Getting metadata for https://nextcloud.com/about/
 72%|███████▏  | 207/288 [04:18<02:17,  1.70s/it]INFO:__main__:Requesting https://mspoweruser.com/microsoft-is-discontinuing-the-german-data-trustee-model/
INFO:__main__:Getting metadata for https://mspoweruser.com/microsoft-is-discontinuing-the-german-data-trustee-model/
 72%|███████▏  | 208/288 [04:18<01:43,  1.29s/it]INFO:__main__:Requesting https://www.apertus.org/facebook
INFO:__main__:Getting metadata for https://www.apertus.org/facebook
 73%|███████▎  | 209/288 [04:23<03:06,  2.36s/it]INFO:__main__:Requesting https://news.ycombinator.com/newsguidelines.html
INFO:__main__:Getting metadata for https://news.ycombinator.com/newsguidelines.html
 73%|███████▎  | 210/288 [04:24<02:38,  2.03s/it]INFO:__main__:Requesting https://www.citylab.com/equity/2019/02/berlin-germany-housing-rent-how-much-price-landlord-policies/582898/
INFO:__main__:Getting metadata for https://www.citylab.com/equity/2019/02/berlin-germany-housing-rent-how-much-price-landlord-policies/582898/
 73%|███████▎  | 211/288 [04:24<01:54,  1.49s/it]INFO:__main__:Requesting https://www.mcsweeneys.net/articles/i-will-do-anything-to-end-homelessness-except-build-more-homes
INFO:__main__:Getting metadata for https://www.mcsweeneys.net/articles/i-will-do-anything-to-end-homelessness-except-build-more-homes
 74%|███████▎  | 212/288 [04:25<01:33,  1.23s/it]INFO:__main__:Requesting https://www.citylab.com/life/2014/04/ranking-most-sprawling-us-metro-areas-and-why-you-should-care/8782/
INFO:__main__:Getting metadata for https://www.citylab.com/life/2014/04/ranking-most-sprawling-us-metro-areas-and-why-you-should-care/8782/
 74%|███████▍  | 213/288 [04:25<01:08,  1.09it/s]INFO:__main__:Requesting https://en.wikipedia.org/wiki/Land_value_tax
INFO:__main__:Getting metadata for https://en.wikipedia.org/wiki/Land_value_tax
 74%|███████▍  | 214/288 [04:28<01:47,  1.46s/it]INFO:__main__:Requesting http://averstak.tripod.com/fatdox/dir.htm
INFO:__main__:Getting metadata for http://averstak.tripod.com/fatdox/dir.htm
 75%|███████▍  | 215/288 [04:29<01:32,  1.26s/it]INFO:__main__:Requesting https://tenet-lang.org/versioning.html
INFO:__main__:Getting metadata for https://tenet-lang.org/versioning.html
 75%|███████▌  | 216/288 [04:29<01:15,  1.05s/it]INFO:__main__:Requesting https://blogs.msdn.microsoft.com/oldnewthing/20131008-00/?p=3003
INFO:__main__:Getting metadata for https://blogs.msdn.microsoft.com/oldnewthing/20131008-00/?p=3003
 75%|███████▌  | 217/288 [04:31<01:34,  1.34s/it]INFO:__main__:Requesting https://en.wikipedia.org/wiki/File_Allocation_Table#Original_8-bit_FAT
INFO:__main__:Getting metadata for https://en.wikipedia.org/wiki/File_Allocation_Table#Original_8-bit_FAT
 76%|███████▌  | 218/288 [04:34<02:03,  1.77s/it]INFO:__main__:Requesting https://en.wikipedia.org/wiki/Dir_(command)#/media/File:SpartaDOS_X_prompt.png
INFO:__main__:Getting metadata for https://en.wikipedia.org/wiki/Dir_(command)#/media/File:SpartaDOS_X_prompt.png
 76%|███████▌  | 219/288 [04:35<01:44,  1.52s/it]INFO:__main__:Requesting https://github.com/Microsoft/MS-DOS/tree/master/v2.0/source
INFO:__main__:Getting metadata for https://github.com/Microsoft/MS-DOS/tree/master/v2.0/source
 76%|███████▋  | 220/288 [04:40<02:55,  2.58s/it]INFO:__main__:Requesting https://github.com/Microsoft/MS-DOS/blob/master/v2.0/source/DIR.ASM#L154
INFO:__main__:Getting metadata for https://github.com/Microsoft/MS-DOS/blob/master/v2.0/source/DIR.ASM#L154
 77%|███████▋  | 221/288 [04:41<02:24,  2.15s/it]INFO:__main__:Requesting https://github.com/Microsoft/MS-DOS/blob/master/v2.0/source/FCB.ASM#L30
INFO:__main__:Getting metadata for https://github.com/Microsoft/MS-DOS/blob/master/v2.0/source/FCB.ASM#L30
 77%|███████▋  | 222/288 [04:42<02:02,  1.85s/it]INFO:__main__:Requesting https://utcc.utoronto.ca/~cks/space/blog/programming/DatabasesAlwaysSchemas
INFO:__main__:Getting metadata for https://utcc.utoronto.ca/~cks/space/blog/programming/DatabasesAlwaysSchemas
 77%|███████▋  | 223/288 [04:44<01:53,  1.75s/it]INFO:__main__:Requesting https://www.rethinkdb.com/docs/architecture/
INFO:__main__:Getting metadata for https://www.rethinkdb.com/docs/architecture/
 78%|███████▊  | 224/288 [04:45<01:32,  1.45s/it]INFO:__main__:Requesting https://tenet-lang.org/
INFO:__main__:Getting metadata for https://tenet-lang.org
 78%|███████▊  | 225/288 [04:46<01:29,  1.43s/it]INFO:__main__:Requesting https://www.jooq.org/
INFO:__main__:Getting metadata for https://www.jooq.org
 78%|███████▊  | 226/288 [04:47<01:25,  1.38s/it]INFO:__main__:Requesting http://pgocaml.forge.ocamlcore.org/
INFO:__main__:Getting metadata for http://pgocaml.forge.ocamlcore.org
 79%|███████▉  | 227/288 [04:49<01:39,  1.64s/it]INFO:__main__:Requesting https://www.theverge.com/2019/2/25/18229714/cognizant-facebook-content-moderator-interviews-trauma-working-conditions-arizona
INFO:__main__:Getting metadata for https://www.theverge.com/2019/2/25/18229714/cognizant-facebook-content-moderator-interviews-trauma-working-conditions-arizona
 79%|███████▉  | 228/288 [04:50<01:13,  1.22s/it]INFO:__main__:Requesting https://www.apple.com/supplier-responsibility/
INFO:__main__:Getting metadata for https://www.apple.com/supplier-responsibility/
 80%|███████▉  | 229/288 [04:50<00:55,  1.06it/s]INFO:__main__:Requesting https://www.bls.gov/emp/tables/emp-by-detailed-occupation.htm
INFO:__main__:Getting metadata for https://www.bls.gov/emp/tables/emp-by-detailed-occupation.htm
 80%|███████▉  | 230/288 [05:00<03:26,  3.55s/it]INFO:__main__:Requesting https://en.wikipedia.org/wiki/Posttraumatic_growth
INFO:__main__:Getting metadata for https://en.wikipedia.org/wiki/Posttraumatic_growth
 80%|████████  | 231/288 [05:01<02:47,  2.94s/it]INFO:__main__:Requesting https://www.amazon.com/Behind-Screen-Content-Moderation-Shadows/dp/0300235887
INFO:__main__:Getting metadata for https://www.amazon.com/Behind-Screen-Content-Moderation-Shadows/dp/0300235887
 81%|████████  | 232/288 [05:03<02:32,  2.72s/it]INFO:__main__:Requesting https://www.youtube.com/watch?v=7mdMtukvtxc#t=15m50s
INFO:__main__:Getting metadata for https://www.youtube.com/watch?v=7mdMtukvtxc#t=15m50s
 81%|████████  | 233/288 [05:04<01:57,  2.14s/it]INFO:__main__:Requesting https://www.vice.com/en_us/article/ywe7gb/the-companies-cleaning-the-deepest-darkest-parts-of-social-media
INFO:__main__:Getting metadata for https://www.vice.com/en_us/article/ywe7gb/the-companies-cleaning-the-deepest-darkest-parts-of-social-media
 81%|████████▏ | 234/288 [05:06<01:58,  2.19s/it]INFO:__main__:Requesting https://vanta.com/jobs/sales
INFO:__main__:Getting metadata for https://vanta.com/jobs/sales
 82%|████████▏ | 235/288 [05:07<01:33,  1.77s/it]INFO:__main__:Requesting https://theailearner.com/2019/01/21/capsule-networks/
INFO:__main__:Getting metadata for https://theailearner.com/2019/01/21/capsule-networks/
 82%|████████▏ | 236/288 [05:08<01:10,  1.35s/it]INFO:__main__:Requesting https://www.mindk.com/blog/iterative-development/
INFO:__main__:Getting metadata for https://www.mindk.com/blog/iterative-development/
 82%|████████▏ | 237/288 [05:09<01:15,  1.49s/it]INFO:__main__:Requesting https://articulu.com
INFO:__main__:Getting metadata for https://articulu.com
 83%|████████▎ | 238/288 [05:12<01:37,  1.95s/it]INFO:__main__:Requesting https://www.joelonsoftware.com/2000/04/06/things-you-should-never-do-part-i/
INFO:__main__:Getting metadata for https://www.joelonsoftware.com/2000/04/06/things-you-should-never-do-part-i/
 83%|████████▎ | 239/288 [05:13<01:18,  1.60s/it]INFO:__main__:Requesting https://en.wikipedia.org/wiki/Lotus_Elise
INFO:__main__:Getting metadata for https://en.wikipedia.org/wiki/Lotus_Elise
 83%|████████▎ | 240/288 [05:15<01:19,  1.66s/it]INFO:__main__:Requesting http://wiki.c2.com/?HistoryOfIterative
INFO:__main__:Getting metadata for http://wiki.c2.com/?HistoryOfIterative
 84%|████████▎ | 241/288 [05:17<01:18,  1.68s/it]INFO:__main__:Requesting https://en.wikipedia.org/wiki/Spiral_model
INFO:__main__:Getting metadata for https://en.wikipedia.org/wiki/Spiral_model
 84%|████████▍ | 242/288 [05:21<01:49,  2.39s/it]INFO:__main__:Requesting https://en.wikipedia.org/wiki/Rapid_application_development
INFO:__main__:Getting metadata for https://en.wikipedia.org/wiki/Rapid_application_development
 84%|████████▍ | 243/288 [05:22<01:31,  2.03s/it]INFO:__main__:Requesting https://books.google.co.jp/books/about/Object_oriented_Software_Development.html?id=mJ9QAAAAMAAJ&redir_esc=y
INFO:__main__:Getting metadata for https://books.google.co.jp/books/about/Object_oriented_Software_Development.html?id=mJ9QAAAAMAAJ&redir_esc=y
 85%|████████▍ | 244/288 [05:22<01:07,  1.53s/it]INFO:__main__:Requesting https://www.timsommer.be/famous-laws-of-software-development/
INFO:__main__:Getting metadata for https://www.timsommer.be/famous-laws-of-software-development/
 85%|████████▌ | 245/288 [05:23<00:57,  1.33s/it]INFO:__main__:Requesting https://www.youtube.com/watch?v=adtuntQ8rh4
INFO:__main__:Getting metadata for https://www.youtube.com/watch?v=adtuntQ8rh4
 85%|████████▌ | 246/288 [05:24<00:49,  1.17s/it]INFO:__main__:Requesting https://xkcd.com/1172/
INFO:__main__:Getting metadata for https://xkcd.com/1172/
 86%|████████▌ | 247/288 [05:24<00:39,  1.03it/s]INFO:__main__:Requesting http://www.globalnerdy.com/2007/07/18/laws-of-software-development/
INFO:__main__:Getting metadata for http://www.globalnerdy.com/2007/07/18/laws-of-software-development/
 86%|████████▌ | 248/288 [05:25<00:31,  1.29it/s]INFO:__main__:Requesting https://exceptionnotfound.net/fundamental-laws-of-software-development/
INFO:__main__:Getting metadata for https://exceptionnotfound.net/fundamental-laws-of-software-development/
 86%|████████▋ | 249/288 [05:26<00:34,  1.14it/s]INFO:__main__:Requesting https://embeddedartistry.com/blog/2018/8/13/timeless-laws-software-development
INFO:__main__:Getting metadata for https://embeddedartistry.com/blog/2018/8/13/timeless-laws-software-development
 87%|████████▋ | 250/288 [05:27<00:34,  1.12it/s]INFO:__main__:Requesting https://www.red-gate.com/simple-talk/opinion/opinion-pieces/some-laws-of-software-development/
INFO:__main__:Getting metadata for https://www.red-gate.com/simple-talk/opinion/opinion-pieces/some-laws-of-software-development/
 87%|████████▋ | 251/288 [05:30<00:54,  1.46s/it]INFO:__main__:Requesting https://www.netobjectives.com/blogs/some-laws-software-development
ERROR:__main__:Could not reach https://www.netobjectives.com/blogs/some-laws-software-development
Traceback (most recent call last):
  File "/home/travis/virtualenv/python3.6.3/lib/python3.6/site-packages/urllib3/connection.py", line 159, in _new_conn
    (self._dns_host, self.port), self.timeout, **extra_kw)
  File "/home/travis/virtualenv/python3.6.3/lib/python3.6/site-packages/urllib3/util/connection.py", line 57, in create_connection
    for res in socket.getaddrinfo(host, port, family, socket.SOCK_STREAM):
  File "/opt/python/3.6.3/lib/python3.6/socket.py", line 745, in getaddrinfo
    for res in _socket.getaddrinfo(host, port, family, type, proto, flags):
socket.gaierror: [Errno -2] Name or service not known

During handling of the above exception, another exception occurred:

Traceback (most recent call last):
  File "/home/travis/virtualenv/python3.6.3/lib/python3.6/site-packages/urllib3/connectionpool.py", line 600, in urlopen
    chunked=chunked)
  File "/home/travis/virtualenv/python3.6.3/lib/python3.6/site-packages/urllib3/connectionpool.py", line 343, in _make_request
    self._validate_conn(conn)
  File "/home/travis/virtualenv/python3.6.3/lib/python3.6/site-packages/urllib3/connectionpool.py", line 839, in _validate_conn
    conn.connect()
  File "/home/travis/virtualenv/python3.6.3/lib/python3.6/site-packages/urllib3/connection.py", line 301, in connect
    conn = self._new_conn()
  File "/home/travis/virtualenv/python3.6.3/lib/python3.6/site-packages/urllib3/connection.py", line 168, in _new_conn
    self, "Failed to establish a new connection: %s" % e)
urllib3.exceptions.NewConnectionError: <urllib3.connection.VerifiedHTTPSConnection object at 0x7f05b40a2860>: Failed to establish a new connection: [Errno -2] Name or service not known

During handling of the above exception, another exception occurred:

Traceback (most recent call last):
  File "/home/travis/virtualenv/python3.6.3/lib/python3.6/site-packages/requests/adapters.py", line 449, in send
    timeout=timeout
  File "/home/travis/virtualenv/python3.6.3/lib/python3.6/site-packages/urllib3/connectionpool.py", line 638, in urlopen
    _stacktrace=sys.exc_info()[2])
  File "/home/travis/virtualenv/python3.6.3/lib/python3.6/site-packages/urllib3/util/retry.py", line 398, in increment
    raise MaxRetryError(_pool, url, error or ResponseError(cause))
urllib3.exceptions.MaxRetryError: HTTPSConnectionPool(host='www.netobjectives.com', port=443): Max retries exceeded with url: /blogs/some-laws-software-development (Caused by NewConnectionError('<urllib3.connection.VerifiedHTTPSConnection object at 0x7f05b40a2860>: Failed to establish a new connection: [Errno -2] Name or service not known',))

During handling of the above exception, another exception occurred:

Traceback (most recent call last):
  File "../_scripts/crawler/crawler.py", line 209, in metafy_url
    response = requests.get(url, timeout=6, headers={'User-Agent': 'Mozilla/5.0'})
  File "/home/travis/virtualenv/python3.6.3/lib/python3.6/site-packages/requests/api.py", line 75, in get
    return request('get', url, params=params, **kwargs)
  File "/home/travis/virtualenv/python3.6.3/lib/python3.6/site-packages/requests/api.py", line 60, in request
    return session.request(method=method, url=url, **kwargs)
  File "/home/travis/virtualenv/python3.6.3/lib/python3.6/site-packages/requests/sessions.py", line 533, in request
    resp = self.send(prep, **send_kwargs)
  File "/home/travis/virtualenv/python3.6.3/lib/python3.6/site-packages/requests/sessions.py", line 646, in send
    r = adapter.send(request, **kwargs)
  File "/home/travis/virtualenv/python3.6.3/lib/python3.6/site-packages/requests/adapters.py", line 516, in send
    raise ConnectionError(e, request=request)
requests.exceptions.ConnectionError: HTTPSConnectionPool(host='www.netobjectives.com', port=443): Max retries exceeded with url: /blogs/some-laws-software-development (Caused by NewConnectionError('<urllib3.connection.VerifiedHTTPSConnection object at 0x7f05b40a2860>: Failed to establish a new connection: [Errno -2] Name or service not known',))
 88%|████████▊ | 252/288 [05:32<00:59,  1.65s/it]INFO:__main__:Requesting http://www.methodsandtools.com/archive/softwarelaws.php
INFO:__main__:Getting metadata for http://www.methodsandtools.com/archive/softwarelaws.php
 88%|████████▊ | 253/288 [05:33<00:53,  1.53s/it]INFO:__main__:Requesting https://en.wikipedia.org/wiki/Murphy%27s_law
INFO:__main__:Getting metadata for https://en.wikipedia.org/wiki/Murphy%27s_law
 88%|████████▊ | 254/288 [05:34<00:47,  1.40s/it]INFO:__main__:Requesting https://en.wikipedia.org/wiki/Ninety-ninety_rule
INFO:__main__:Getting metadata for https://en.wikipedia.org/wiki/Ninety-ninety_rule
 89%|████████▊ | 255/288 [05:35<00:40,  1.21s/it]INFO:__main__:Requesting https://tools.ietf.org/html/draft-thomson-postel-was-wrong-00
INFO:__main__:Getting metadata for https://tools.ietf.org/html/draft-thomson-postel-was-wrong-00
 89%|████████▉ | 256/288 [05:40<01:13,  2.28s/it]INFO:__main__:Requesting https://twitter.com/mathiasverraes/status/632260618599403520
INFO:__main__:Getting metadata for https://twitter.com/mathiasverraes/status/632260618599403520
 89%|████████▉ | 257/288 [05:41<00:59,  1.92s/it]INFO:__main__:Requesting https://www.coi-dev.org/
INFO:__main__:Getting metadata for https://www.coi-dev.org
 90%|████████▉ | 258/288 [05:42<00:49,  1.66s/it]INFO:__main__:Requesting https://gist.github.com/adamwiggins/5687294)
 90%|████████▉ | 259/288 [05:42<00:35,  1.21s/it]INFO:__main__:Requesting https://gist.github.com/sorahn/905f67acf00d6f2aa69e74a39de65941
INFO:__main__:Getting metadata for https://gist.github.com/sorahn/905f67acf00d6f2aa69e74a39de65941
 90%|█████████ | 260/288 [05:43<00:31,  1.13s/it]INFO:__main__:Requesting https://en.wikipedia.org/wiki/Muphry%27s_law
INFO:__main__:Getting metadata for https://en.wikipedia.org/wiki/Muphry%27s_law
 91%|█████████ | 261/288 [05:44<00:28,  1.04s/it]INFO:__main__:Requesting https://english.stackexchange.com/questions/62257/strunk-and-white-says-charless-is-correct-is-this-still-the-case
INFO:__main__:Getting metadata for https://english.stackexchange.com/questions/62257/strunk-and-white-says-charless-is-correct-is-this-still-the-case
 91%|█████████ | 262/288 [05:44<00:21,  1.19it/s]INFO:__main__:Requesting https://data.grammarbook.com/blog/apostrophes/apostrophes-with-names-ending-in-s-ch-or-z/
INFO:__main__:Getting metadata for https://data.grammarbook.com/blog/apostrophes/apostrophes-with-names-ending-in-s-ch-or-z/
 91%|█████████▏| 263/288 [06:04<02:43,  6.56s/it]INFO:__main__:Requesting https://owl.purdue.edu/owl/general_writing/punctuation/apostrophe_introduction.html
INFO:__main__:Getting metadata for https://owl.purdue.edu/owl/general_writing/punctuation/apostrophe_introduction.html
 92%|█████████▏| 264/288 [06:05<01:55,  4.79s/it]INFO:__main__:Requesting https://apvschicago.com/2011/06/apostrophe-s-vs-apostrophe-forming.html
INFO:__main__:Getting metadata for https://apvschicago.com/2011/06/apostrophe-s-vs-apostrophe-forming.html
 92%|█████████▏| 265/288 [06:05<01:23,  3.61s/it]INFO:__main__:Requesting https://blog.apastyle.org/apastyle/2013/06/forming-possessives-with-singular-names.html
INFO:__main__:Getting metadata for https://blog.apastyle.org/apastyle/2013/06/forming-possessives-with-singular-names.html
 92%|█████████▏| 266/288 [06:08<01:10,  3.23s/it]INFO:__main__:Requesting https://yosefk.com/blog/redundancy-vs-dependencies-which-is-worse.html
INFO:__main__:Getting metadata for https://yosefk.com/blog/redundancy-vs-dependencies-which-is-worse.html
 93%|█████████▎| 267/288 [06:10<00:58,  2.79s/it]INFO:__main__:Requesting https://stackoverflow.com/questions/876089/who-wrote-this-programing-saying-always-code-as-if-the-guy-who-ends-up-maintai
INFO:__main__:Getting metadata for https://stackoverflow.com/questions/876089/who-wrote-this-programing-saying-always-code-as-if-the-guy-who-ends-up-maintai
 93%|█████████▎| 268/288 [06:10<00:40,  2.05s/it]INFO:__main__:Requesting https://en.wikipedia.org/wiki/Inner-platform_effect
INFO:__main__:Getting metadata for https://en.wikipedia.org/wiki/Inner-platform_effect
 93%|█████████▎| 269/288 [06:11<00:31,  1.65s/it]INFO:__main__:Requesting https://medium.com/message/everything-is-broken-81e5f33a24e1
INFO:__main__:Getting metadata for https://medium.com/message/everything-is-broken-81e5f33a24e1
 94%|█████████▍| 270/288 [06:11<00:24,  1.37s/it]INFO:__main__:Requesting https://twitter.com/devops_borat?lang=en
INFO:__main__:Getting metadata for https://twitter.com/devops_borat?lang=en
 94%|█████████▍| 271/288 [06:14<00:31,  1.84s/it]INFO:__main__:Requesting https://en.wikipedia.org/wiki/Finagle%27s_law
INFO:__main__:Getting metadata for https://en.wikipedia.org/wiki/Finagle%27s_law
 94%|█████████▍| 272/288 [06:15<00:24,  1.51s/it]INFO:__main__:Requesting http://wiki.c2.com/?LehmansLaws
INFO:__main__:Getting metadata for http://wiki.c2.com/?LehmansLaws
 95%|█████████▍| 273/288 [06:15<00:16,  1.12s/it]INFO:__main__:Requesting https://en.m.wikipedia.org/wiki/Putt%27s_Law_and_the_Successful_Technocrat
INFO:__main__:Getting metadata for https://en.m.wikipedia.org/wiki/Putt%27s_Law_and_the_Successful_Technocrat
 95%|█████████▌| 274/288 [06:16<00:14,  1.01s/it]INFO:__main__:Requesting http://www.norvig.com/norvigs-law.html
INFO:__main__:Getting metadata for http://www.norvig.com/norvigs-law.html
 95%|█████████▌| 275/288 [06:16<00:10,  1.19it/s]INFO:__main__:Requesting https://www.theatlantic.com/magazine/archive/1998/03/the-lessons-of-valujet-592/306534/
INFO:__main__:Getting metadata for https://www.theatlantic.com/magazine/archive/1998/03/the-lessons-of-valujet-592/306534/
 96%|█████████▌| 276/288 [06:18<00:13,  1.08s/it]INFO:__main__:Requesting https://en.wikipedia.org/wiki/Murphy%27s_law#Association_with_Murphy
INFO:__main__:Getting metadata for https://en.wikipedia.org/wiki/Murphy%27s_law#Association_with_Murphy
 96%|█████████▌| 277/288 [06:19<00:11,  1.09s/it]INFO:__main__:Requesting https://ghost.org/
INFO:__main__:Getting metadata for https://ghost.org
 97%|█████████▋| 278/288 [06:21<00:13,  1.38s/it]INFO:__main__:Requesting https://en.m.wikipedia.org/wiki/Flash_of_unstyled_content
INFO:__main__:Getting metadata for https://en.m.wikipedia.org/wiki/Flash_of_unstyled_content
 97%|█████████▋| 279/288 [06:22<00:10,  1.17s/it]INFO:__main__:Requesting https://geoff.greer.fm/2017/02/28/software-rot/
INFO:__main__:Getting metadata for https://geoff.greer.fm/2017/02/28/software-rot/
 97%|█████████▋| 280/288 [06:22<00:06,  1.15it/s]INFO:__main__:Requesting https://www.martinfowler.com/bliki/StranglerApplication.html
INFO:__main__:Getting metadata for https://www.martinfowler.com/bliki/StranglerApplication.html
 98%|█████████▊| 281/288 [06:22<00:04,  1.47it/s]INFO:__main__:Requesting https://googleblog.blogspot.com/2008/09/fresh-take-on-browser.html
INFO:__main__:Getting metadata for https://googleblog.blogspot.com/2008/09/fresh-take-on-browser.html
 98%|█████████▊| 282/288 [06:23<00:03,  1.81it/s]INFO:__main__:Requesting https://support.mozilla.org/en-US/kb/npapi-plugins
INFO:__main__:Getting metadata for https://support.mozilla.org/en-US/kb/npapi-plugins
 98%|█████████▊| 283/288 [06:25<00:05,  1.13s/it]INFO:__main__:Requesting https://www.play-old-pc-games.com/2013/12/02/star-wars-episode-i-racer/
INFO:__main__:Getting metadata for https://www.play-old-pc-games.com/2013/12/02/star-wars-episode-i-racer/
 99%|█████████▊| 284/288 [06:26<00:04,  1.15s/it]INFO:__main__:Requesting https://medium.com/@herbcaudill/lessons-from-6-software-rewrite-stories-635e4c8f7c22
INFO:__main__:Getting metadata for https://medium.com/@herbcaudill/lessons-from-6-software-rewrite-stories-635e4c8f7c22
 99%|█████████▉| 285/288 [06:27<00:02,  1.05it/s]INFO:__main__:Requesting http://www.joachim-breitner.de/blog/748-Thoughts_on_bootstrapping_GHC
INFO:__main__:Getting metadata for http://www.joachim-breitner.de/blog/748-Thoughts_on_bootstrapping_GHC
 99%|█████████▉| 286/288 [06:28<00:02,  1.09s/it]INFO:__main__:Requesting https://github.com/v7unix/v7unix
INFO:__main__:Getting metadata for https://github.com/v7unix/v7unix
100%|█████████▉| 287/288 [06:29<00:01,  1.05s/it]INFO:__main__:Requesting https://en.wikipedia.org/wiki/Software_rot
INFO:__main__:Getting metadata for https://en.wikipedia.org/wiki/Software_rot
100%|██████████| 288/288 [06:30<00:00,  1.03it/s]
