INFO:__main__:Get urls from stories
  0%|          | 0/30 [00:00<?, ?it/s]  7%|▋         | 2/30 [00:00<00:07,  3.85it/s] 13%|█▎        | 4/30 [00:00<00:05,  4.63it/s] 20%|██        | 6/30 [00:01<00:05,  4.77it/s] 23%|██▎       | 7/30 [00:01<00:08,  2.85it/s] 27%|██▋       | 8/30 [00:02<00:12,  1.73it/s] 30%|███       | 9/30 [00:03<00:14,  1.48it/s] 37%|███▋      | 11/30 [00:04<00:10,  1.79it/s] 40%|████      | 12/30 [00:04<00:09,  1.84it/s] 47%|████▋     | 14/30 [00:05<00:06,  2.40it/s] 50%|█████     | 15/30 [00:05<00:06,  2.16it/s] 53%|█████▎    | 16/30 [00:06<00:06,  2.29it/s] 57%|█████▋    | 17/30 [00:06<00:04,  2.87it/s] 63%|██████▎   | 19/30 [00:06<00:03,  3.36it/s] 67%|██████▋   | 20/30 [00:06<00:03,  3.24it/s] 70%|███████   | 21/30 [00:07<00:02,  3.80it/s] 77%|███████▋  | 23/30 [00:07<00:01,  3.69it/s] 83%|████████▎ | 25/30 [00:08<00:01,  3.93it/s] 90%|█████████ | 27/30 [00:08<00:00,  4.90it/s] 93%|█████████▎| 28/30 [00:08<00:00,  3.89it/s] 97%|█████████▋| 29/30 [00:08<00:00,  3.62it/s]100%|██████████| 30/30 [00:08<00:00,  3.34it/s]
  0%|          | 0/222 [00:00<?, ?it/s]INFO:__main__:Requesting https://www.reuters.com/article/us-space-spacex-boeing/nasa-clears-spacex-test-flight-to-space-station-idUSKCN1QB2OT
INFO:__main__:Getting metadata for https://www.reuters.com/article/us-space-spacex-boeing/nasa-clears-spacex-test-flight-to-space-station-idUSKCN1QB2OT
  0%|          | 1/222 [00:00<00:47,  4.62it/s]INFO:__main__:Requesting https://www.nasaspaceflight.com/2019/02/spacex-gains-frr-green-light-dm-1-iss/
INFO:__main__:Getting metadata for https://www.nasaspaceflight.com/2019/02/spacex-gains-frr-green-light-dm-1-iss/
  1%|          | 2/222 [00:02<03:36,  1.02it/s]INFO:__main__:Requesting https://www.scientificamerican.com/article/the-ocean-is-running-out-of-breath-scientists-warn/
INFO:__main__:Getting metadata for https://www.scientificamerican.com/article/the-ocean-is-running-out-of-breath-scientists-warn/
  1%|▏         | 3/222 [00:03<03:16,  1.12it/s]INFO:__main__:Requesting https://www.census.gov/popclock/
INFO:__main__:Getting metadata for https://www.census.gov/popclock/
  2%|▏         | 4/222 [00:05<03:48,  1.05s/it]INFO:__main__:Requesting http://www.worldometers.info/world-population/
INFO:__main__:Getting metadata for http://www.worldometers.info/world-population/
  2%|▏         | 5/222 [00:08<06:00,  1.66s/it]INFO:__main__:Requesting https://www.youtube.com/watch?v=QsBT5EQt348
INFO:__main__:Getting metadata for https://www.youtube.com/watch?v=QsBT5EQt348
  3%|▎         | 6/222 [00:09<05:25,  1.51s/it]INFO:__main__:Requesting https://www.youtube.com/watch?v=ysa5OBhXz-Q
INFO:__main__:Getting metadata for https://www.youtube.com/watch?v=ysa5OBhXz-Q
  3%|▎         | 7/222 [00:10<04:45,  1.33s/it]INFO:__main__:Requesting https://www.weforum.org/agenda/2018/07/pakistan-s-billion-tree-tsunami-is-astonishing/
INFO:__main__:Getting metadata for https://www.weforum.org/agenda/2018/07/pakistan-s-billion-tree-tsunami-is-astonishing/
  4%|▎         | 8/222 [00:11<04:09,  1.16s/it]INFO:__main__:Requesting https://news.globallandscapesforum.org/28687/africas-great-green-wall-a-work-in-progress/
INFO:__main__:Getting metadata for https://news.globallandscapesforum.org/28687/africas-great-green-wall-a-work-in-progress/
  4%|▍         | 9/222 [00:11<03:30,  1.01it/s]INFO:__main__:Requesting https://www.montereybayaquarium.org/animal-guide/plants-and-algae/giant-kelp
INFO:__main__:Getting metadata for https://www.montereybayaquarium.org/animal-guide/plants-and-algae/giant-kelp
  5%|▍         | 10/222 [00:14<05:27,  1.54s/it]INFO:__main__:Requesting https://en.wikipedia.org/wiki/Kyoto_Protocol
INFO:__main__:Getting metadata for https://en.wikipedia.org/wiki/Kyoto_Protocol
  5%|▍         | 11/222 [00:17<07:05,  2.02s/it]INFO:__main__:Requesting https://goodelectronics.org/mining-tibet-for-electronics-raw-materials/
INFO:__main__:Getting metadata for https://goodelectronics.org/mining-tibet-for-electronics-raw-materials/
  5%|▌         | 12/222 [00:19<06:32,  1.87s/it]INFO:__main__:Requesting https://weather.com/science/environment/news/nasa-sea-level-rise-3-feet-end-of-century
INFO:__main__:Getting metadata for https://weather.com/science/environment/news/nasa-sea-level-rise-3-feet-end-of-century
  6%|▌         | 13/222 [00:20<05:38,  1.62s/it]INFO:__main__:Requesting https://en.wikipedia.org/wiki/Sea_level_rise
INFO:__main__:Getting metadata for https://en.wikipedia.org/wiki/Sea_level_rise
  6%|▋         | 14/222 [00:22<06:23,  1.84s/it]INFO:__main__:Requesting https://judithcurry.com/2013/10/07/bangladesh-sea-level-rise/
ERROR:__main__:Could not reach https://judithcurry.com/2013/10/07/bangladesh-sea-level-rise/
Traceback (most recent call last):
  File "/home/travis/virtualenv/python3.6.3/lib/python3.6/site-packages/urllib3/connectionpool.py", line 600, in urlopen
    chunked=chunked)
  File "/home/travis/virtualenv/python3.6.3/lib/python3.6/site-packages/urllib3/connectionpool.py", line 384, in _make_request
    six.raise_from(e, None)
  File "<string>", line 2, in raise_from
  File "/home/travis/virtualenv/python3.6.3/lib/python3.6/site-packages/urllib3/connectionpool.py", line 380, in _make_request
    httplib_response = conn.getresponse()
  File "/opt/python/3.6.3/lib/python3.6/http/client.py", line 1331, in getresponse
    response.begin()
  File "/opt/python/3.6.3/lib/python3.6/http/client.py", line 297, in begin
    version, status, reason = self._read_status()
  File "/opt/python/3.6.3/lib/python3.6/http/client.py", line 266, in _read_status
    raise RemoteDisconnected("Remote end closed connection without"
http.client.RemoteDisconnected: Remote end closed connection without response

During handling of the above exception, another exception occurred:

Traceback (most recent call last):
  File "/home/travis/virtualenv/python3.6.3/lib/python3.6/site-packages/requests/adapters.py", line 449, in send
    timeout=timeout
  File "/home/travis/virtualenv/python3.6.3/lib/python3.6/site-packages/urllib3/connectionpool.py", line 638, in urlopen
    _stacktrace=sys.exc_info()[2])
  File "/home/travis/virtualenv/python3.6.3/lib/python3.6/site-packages/urllib3/util/retry.py", line 367, in increment
    raise six.reraise(type(error), error, _stacktrace)
  File "/home/travis/virtualenv/python3.6.3/lib/python3.6/site-packages/urllib3/packages/six.py", line 685, in reraise
    raise value.with_traceback(tb)
  File "/home/travis/virtualenv/python3.6.3/lib/python3.6/site-packages/urllib3/connectionpool.py", line 600, in urlopen
    chunked=chunked)
  File "/home/travis/virtualenv/python3.6.3/lib/python3.6/site-packages/urllib3/connectionpool.py", line 384, in _make_request
    six.raise_from(e, None)
  File "<string>", line 2, in raise_from
  File "/home/travis/virtualenv/python3.6.3/lib/python3.6/site-packages/urllib3/connectionpool.py", line 380, in _make_request
    httplib_response = conn.getresponse()
  File "/opt/python/3.6.3/lib/python3.6/http/client.py", line 1331, in getresponse
    response.begin()
  File "/opt/python/3.6.3/lib/python3.6/http/client.py", line 297, in begin
    version, status, reason = self._read_status()
  File "/opt/python/3.6.3/lib/python3.6/http/client.py", line 266, in _read_status
    raise RemoteDisconnected("Remote end closed connection without"
urllib3.exceptions.ProtocolError: ('Connection aborted.', RemoteDisconnected('Remote end closed connection without response',))

During handling of the above exception, another exception occurred:

Traceback (most recent call last):
  File "../_scripts/crawler/crawler.py", line 209, in metafy_url
    response = requests.get(url, timeout=6, headers={'User-Agent': 'Mozilla/5.0'})
  File "/home/travis/virtualenv/python3.6.3/lib/python3.6/site-packages/requests/api.py", line 75, in get
    return request('get', url, params=params, **kwargs)
  File "/home/travis/virtualenv/python3.6.3/lib/python3.6/site-packages/requests/api.py", line 60, in request
    return session.request(method=method, url=url, **kwargs)
  File "/home/travis/virtualenv/python3.6.3/lib/python3.6/site-packages/requests/sessions.py", line 533, in request
    resp = self.send(prep, **send_kwargs)
  File "/home/travis/virtualenv/python3.6.3/lib/python3.6/site-packages/requests/sessions.py", line 646, in send
    r = adapter.send(request, **kwargs)
  File "/home/travis/virtualenv/python3.6.3/lib/python3.6/site-packages/requests/adapters.py", line 498, in send
    raise ConnectionError(err, request=request)
requests.exceptions.ConnectionError: ('Connection aborted.', RemoteDisconnected('Remote end closed connection without response',))
  7%|▋         | 15/222 [00:22<04:38,  1.34s/it]INFO:__main__:Requesting https://www.laboratoryequipment.com/news/2017/10/insect-biomass-declines-75-percent-over-three-decades-europe
INFO:__main__:Getting metadata for https://www.laboratoryequipment.com/news/2017/10/insect-biomass-declines-75-percent-over-three-decades-europe
  7%|▋         | 16/222 [00:23<04:05,  1.19s/it]INFO:__main__:Requesting https://github.com/Mckinsey666/bullet
INFO:__main__:Getting metadata for https://github.com/Mckinsey666/bullet
  8%|▊         | 17/222 [00:24<03:47,  1.11s/it]INFO:__main__:Requesting https://srconstantin.wordpress.com/2019/02/25/humans-who-are-not-concentrating-are-not-general-intelligences/
ERROR:__main__:Could not reach https://srconstantin.wordpress.com/2019/02/25/humans-who-are-not-concentrating-are-not-general-intelligences/
Traceback (most recent call last):
  File "/home/travis/virtualenv/python3.6.3/lib/python3.6/site-packages/urllib3/connectionpool.py", line 600, in urlopen
    chunked=chunked)
  File "/home/travis/virtualenv/python3.6.3/lib/python3.6/site-packages/urllib3/connectionpool.py", line 384, in _make_request
    six.raise_from(e, None)
  File "<string>", line 2, in raise_from
  File "/home/travis/virtualenv/python3.6.3/lib/python3.6/site-packages/urllib3/connectionpool.py", line 380, in _make_request
    httplib_response = conn.getresponse()
  File "/opt/python/3.6.3/lib/python3.6/http/client.py", line 1331, in getresponse
    response.begin()
  File "/opt/python/3.6.3/lib/python3.6/http/client.py", line 297, in begin
    version, status, reason = self._read_status()
  File "/opt/python/3.6.3/lib/python3.6/http/client.py", line 266, in _read_status
    raise RemoteDisconnected("Remote end closed connection without"
http.client.RemoteDisconnected: Remote end closed connection without response

During handling of the above exception, another exception occurred:

Traceback (most recent call last):
  File "/home/travis/virtualenv/python3.6.3/lib/python3.6/site-packages/requests/adapters.py", line 449, in send
    timeout=timeout
  File "/home/travis/virtualenv/python3.6.3/lib/python3.6/site-packages/urllib3/connectionpool.py", line 638, in urlopen
    _stacktrace=sys.exc_info()[2])
  File "/home/travis/virtualenv/python3.6.3/lib/python3.6/site-packages/urllib3/util/retry.py", line 367, in increment
    raise six.reraise(type(error), error, _stacktrace)
  File "/home/travis/virtualenv/python3.6.3/lib/python3.6/site-packages/urllib3/packages/six.py", line 685, in reraise
    raise value.with_traceback(tb)
  File "/home/travis/virtualenv/python3.6.3/lib/python3.6/site-packages/urllib3/connectionpool.py", line 600, in urlopen
    chunked=chunked)
  File "/home/travis/virtualenv/python3.6.3/lib/python3.6/site-packages/urllib3/connectionpool.py", line 384, in _make_request
    six.raise_from(e, None)
  File "<string>", line 2, in raise_from
  File "/home/travis/virtualenv/python3.6.3/lib/python3.6/site-packages/urllib3/connectionpool.py", line 380, in _make_request
    httplib_response = conn.getresponse()
  File "/opt/python/3.6.3/lib/python3.6/http/client.py", line 1331, in getresponse
    response.begin()
  File "/opt/python/3.6.3/lib/python3.6/http/client.py", line 297, in begin
    version, status, reason = self._read_status()
  File "/opt/python/3.6.3/lib/python3.6/http/client.py", line 266, in _read_status
    raise RemoteDisconnected("Remote end closed connection without"
urllib3.exceptions.ProtocolError: ('Connection aborted.', RemoteDisconnected('Remote end closed connection without response',))

During handling of the above exception, another exception occurred:

Traceback (most recent call last):
  File "../_scripts/crawler/crawler.py", line 209, in metafy_url
    response = requests.get(url, timeout=6, headers={'User-Agent': 'Mozilla/5.0'})
  File "/home/travis/virtualenv/python3.6.3/lib/python3.6/site-packages/requests/api.py", line 75, in get
    return request('get', url, params=params, **kwargs)
  File "/home/travis/virtualenv/python3.6.3/lib/python3.6/site-packages/requests/api.py", line 60, in request
    return session.request(method=method, url=url, **kwargs)
  File "/home/travis/virtualenv/python3.6.3/lib/python3.6/site-packages/requests/sessions.py", line 533, in request
    resp = self.send(prep, **send_kwargs)
  File "/home/travis/virtualenv/python3.6.3/lib/python3.6/site-packages/requests/sessions.py", line 646, in send
    r = adapter.send(request, **kwargs)
  File "/home/travis/virtualenv/python3.6.3/lib/python3.6/site-packages/requests/adapters.py", line 498, in send
    raise ConnectionError(err, request=request)
requests.exceptions.ConnectionError: ('Connection aborted.', RemoteDisconnected('Remote end closed connection without response',))
  8%|▊         | 18/222 [00:24<02:46,  1.23it/s]INFO:__main__:Requesting https://en.m.wikipedia.org/wiki/Thinking,_Fast_and_Slow
INFO:__main__:Getting metadata for https://en.m.wikipedia.org/wiki/Thinking,_Fast_and_Slow
  9%|▊         | 19/222 [00:25<03:04,  1.10it/s]INFO:__main__:Requesting https://entomologytoday.org/2019/02/21/inside-look-how-varroa-mite-diet-discovered/
ERROR:__main__:Could not reach https://entomologytoday.org/2019/02/21/inside-look-how-varroa-mite-diet-discovered/
Traceback (most recent call last):
  File "/home/travis/virtualenv/python3.6.3/lib/python3.6/site-packages/urllib3/connectionpool.py", line 600, in urlopen
    chunked=chunked)
  File "/home/travis/virtualenv/python3.6.3/lib/python3.6/site-packages/urllib3/connectionpool.py", line 384, in _make_request
    six.raise_from(e, None)
  File "<string>", line 2, in raise_from
  File "/home/travis/virtualenv/python3.6.3/lib/python3.6/site-packages/urllib3/connectionpool.py", line 380, in _make_request
    httplib_response = conn.getresponse()
  File "/opt/python/3.6.3/lib/python3.6/http/client.py", line 1331, in getresponse
    response.begin()
  File "/opt/python/3.6.3/lib/python3.6/http/client.py", line 297, in begin
    version, status, reason = self._read_status()
  File "/opt/python/3.6.3/lib/python3.6/http/client.py", line 266, in _read_status
    raise RemoteDisconnected("Remote end closed connection without"
http.client.RemoteDisconnected: Remote end closed connection without response

During handling of the above exception, another exception occurred:

Traceback (most recent call last):
  File "/home/travis/virtualenv/python3.6.3/lib/python3.6/site-packages/requests/adapters.py", line 449, in send
    timeout=timeout
  File "/home/travis/virtualenv/python3.6.3/lib/python3.6/site-packages/urllib3/connectionpool.py", line 638, in urlopen
    _stacktrace=sys.exc_info()[2])
  File "/home/travis/virtualenv/python3.6.3/lib/python3.6/site-packages/urllib3/util/retry.py", line 367, in increment
    raise six.reraise(type(error), error, _stacktrace)
  File "/home/travis/virtualenv/python3.6.3/lib/python3.6/site-packages/urllib3/packages/six.py", line 685, in reraise
    raise value.with_traceback(tb)
  File "/home/travis/virtualenv/python3.6.3/lib/python3.6/site-packages/urllib3/connectionpool.py", line 600, in urlopen
    chunked=chunked)
  File "/home/travis/virtualenv/python3.6.3/lib/python3.6/site-packages/urllib3/connectionpool.py", line 384, in _make_request
    six.raise_from(e, None)
  File "<string>", line 2, in raise_from
  File "/home/travis/virtualenv/python3.6.3/lib/python3.6/site-packages/urllib3/connectionpool.py", line 380, in _make_request
    httplib_response = conn.getresponse()
  File "/opt/python/3.6.3/lib/python3.6/http/client.py", line 1331, in getresponse
    response.begin()
  File "/opt/python/3.6.3/lib/python3.6/http/client.py", line 297, in begin
    version, status, reason = self._read_status()
  File "/opt/python/3.6.3/lib/python3.6/http/client.py", line 266, in _read_status
    raise RemoteDisconnected("Remote end closed connection without"
urllib3.exceptions.ProtocolError: ('Connection aborted.', RemoteDisconnected('Remote end closed connection without response',))

During handling of the above exception, another exception occurred:

Traceback (most recent call last):
  File "../_scripts/crawler/crawler.py", line 209, in metafy_url
    response = requests.get(url, timeout=6, headers={'User-Agent': 'Mozilla/5.0'})
  File "/home/travis/virtualenv/python3.6.3/lib/python3.6/site-packages/requests/api.py", line 75, in get
    return request('get', url, params=params, **kwargs)
  File "/home/travis/virtualenv/python3.6.3/lib/python3.6/site-packages/requests/api.py", line 60, in request
    return session.request(method=method, url=url, **kwargs)
  File "/home/travis/virtualenv/python3.6.3/lib/python3.6/site-packages/requests/sessions.py", line 533, in request
    resp = self.send(prep, **send_kwargs)
  File "/home/travis/virtualenv/python3.6.3/lib/python3.6/site-packages/requests/sessions.py", line 646, in send
    r = adapter.send(request, **kwargs)
  File "/home/travis/virtualenv/python3.6.3/lib/python3.6/site-packages/requests/adapters.py", line 498, in send
    raise ConnectionError(err, request=request)
requests.exceptions.ConnectionError: ('Connection aborted.', RemoteDisconnected('Remote end closed connection without response',))
  9%|▉         | 20/222 [00:25<02:16,  1.48it/s]INFO:__main__:Requesting https://crazyoscarchang.github.io/2019/02/16/seven-myths-in-machine-learning-research/
INFO:__main__:Getting metadata for https://crazyoscarchang.github.io/2019/02/16/seven-myths-in-machine-learning-research/
  9%|▉         | 21/222 [00:26<02:01,  1.66it/s]INFO:__main__:Requesting https://blog.evjang.com/2019/02/bagnet.html
INFO:__main__:Getting metadata for https://blog.evjang.com/2019/02/bagnet.html
 10%|▉         | 22/222 [00:26<01:42,  1.96it/s]INFO:__main__:Requesting https://www.technologyreview.com/s/538111/why-and-how-baidu-cheated-an-artificial-intelligence-test/
INFO:__main__:Getting metadata for https://www.technologyreview.com/s/538111/why-and-how-baidu-cheated-an-artificial-intelligence-test/
 10%|█         | 23/222 [00:27<01:56,  1.71it/s]INFO:__main__:Requesting http://hunch.net/?p=22
INFO:__main__:Getting metadata for http://hunch.net/?p=22
 11%|█         | 24/222 [00:33<07:00,  2.13s/it]INFO:__main__:Requesting https://www.theguardian.com/technology/2013/aug/07/google-chrome-password-security-flaw
INFO:__main__:Getting metadata for https://www.theguardian.com/technology/2013/aug/07/google-chrome-password-security-flaw
 11%|█▏        | 25/222 [00:33<05:21,  1.63s/it]INFO:__main__:Requesting https://arxiv.org/pdf/1711.02114.pdf);
INFO:__main__:Getting metadata for https://arxiv.org/pdf/1711.02114.pdf)
 12%|█▏        | 26/222 [00:59<29:23,  9.00s/it]INFO:__main__:Requesting https://math.stackexchange.com/questions/412423/what-are-the-differences-between-a-matrix-and-a-tensor
INFO:__main__:Getting metadata for https://math.stackexchange.com/questions/412423/what-are-the-differences-between-a-matrix-and-a-tensor
 12%|█▏        | 27/222 [01:00<20:49,  6.41s/it]INFO:__main__:Requesting https://github.com/smacke/subsync
INFO:__main__:Getting metadata for https://github.com/smacke/subsync
 13%|█▎        | 28/222 [01:00<15:18,  4.73s/it]INFO:__main__:Requesting https://en.wikipedia.org/wiki/Convolution
INFO:__main__:Getting metadata for https://en.wikipedia.org/wiki/Convolution
 13%|█▎        | 29/222 [01:03<12:58,  4.04s/it]INFO:__main__:Requesting https://en.wikipedia.org/wiki/Convolution_theorem
INFO:__main__:Getting metadata for https://en.wikipedia.org/wiki/Convolution_theorem
 14%|█▎        | 30/222 [01:05<10:49,  3.38s/it]INFO:__main__:Requesting https://github.com/SubtitleEdit/subtitleedit
INFO:__main__:Getting metadata for https://github.com/SubtitleEdit/subtitleedit
 14%|█▍        | 31/222 [01:06<08:25,  2.65s/it]INFO:__main__:Requesting https://github.com/AlbertoSabater/subtitle-synchronization
INFO:__main__:Getting metadata for https://github.com/AlbertoSabater/subtitle-synchronization
 14%|█▍        | 32/222 [01:07<06:46,  2.14s/it]INFO:__main__:Requesting https://www.descript.com/
INFO:__main__:Getting metadata for https://www.descript.com
 15%|█▍        | 33/222 [01:07<05:04,  1.61s/it]INFO:__main__:Requesting https://gist.github.com/jgthms/7dfc20db3478a938069a0191c4e30843
INFO:__main__:Getting metadata for https://gist.github.com/jgthms/7dfc20db3478a938069a0191c4e30843
 15%|█▌        | 34/222 [01:07<04:03,  1.29s/it]INFO:__main__:Requesting https://gist.github.com/chanux/2042676
INFO:__main__:Getting metadata for https://gist.github.com/chanux/2042676
 16%|█▌        | 35/222 [01:08<03:18,  1.06s/it]INFO:__main__:Requesting https://github.com/pettarin/forced-alignment-tools/blob/master/README.md
INFO:__main__:Getting metadata for https://github.com/pettarin/forced-alignment-tools/blob/master/README.md
 16%|█▌        | 36/222 [01:09<02:53,  1.07it/s]INFO:__main__:Requesting https://www.talospace.com/2019/02/the-last-power1-on-mars-is-dead.html
INFO:__main__:Getting metadata for https://www.talospace.com/2019/02/the-last-power1-on-mars-is-dead.html
 17%|█▋        | 37/222 [01:09<02:11,  1.41it/s]INFO:__main__:Requesting https://en.wikipedia.org/wiki/Intergalactic_Computer_Network
INFO:__main__:Getting metadata for https://en.wikipedia.org/wiki/Intergalactic_Computer_Network
 17%|█▋        | 38/222 [01:10<02:14,  1.37it/s]INFO:__main__:Requesting https://en.wikipedia.org/wiki/CCSDS_File_Delivery_Protocol
INFO:__main__:Getting metadata for https://en.wikipedia.org/wiki/CCSDS_File_Delivery_Protocol
 18%|█▊        | 39/222 [01:10<02:12,  1.39it/s]INFO:__main__:Requesting https://en.wikipedia.org/wiki/Rumi_calendar#/media/File:1911_Ottoman_Calendar.jpg
INFO:__main__:Getting metadata for https://en.wikipedia.org/wiki/Rumi_calendar#/media/File:1911_Ottoman_Calendar.jpg
 18%|█▊        | 40/222 [01:11<02:34,  1.18it/s]INFO:__main__:Requesting https://en.wikipedia.org/wiki/Royal_Observatory,_Greenwich#Observatory_museum
INFO:__main__:Getting metadata for https://en.wikipedia.org/wiki/Royal_Observatory,_Greenwich#Observatory_museum
 18%|█▊        | 41/222 [01:13<03:24,  1.13s/it]INFO:__main__:Requesting https://en.m.wikipedia.org/wiki/Proper_time
INFO:__main__:Getting metadata for https://en.m.wikipedia.org/wiki/Proper_time
 19%|█▉        | 42/222 [01:15<03:46,  1.26s/it]INFO:__main__:Requesting http://www.jb.man.ac.uk/distance/frontiers/pulsars/section4.html
INFO:__main__:Getting metadata for http://www.jb.man.ac.uk/distance/frontiers/pulsars/section4.html
 19%|█▉        | 43/222 [01:17<04:46,  1.60s/it]INFO:__main__:Requesting http://physicscentral.com/explore/writers/will.cfm
INFO:__main__:Getting metadata for http://physicscentral.com/explore/writers/will.cfm
 20%|█▉        | 44/222 [01:17<03:31,  1.19s/it]INFO:__main__:Requesting https://space.stackexchange.com/questions/33590/time-dilation-between-mars-and-earth-due-to-different-mass
INFO:__main__:Getting metadata for https://space.stackexchange.com/questions/33590/time-dilation-between-mars-and-earth-due-to-different-mass
 20%|██        | 45/222 [01:18<02:49,  1.04it/s]INFO:__main__:Requesting https://en.wikipedia.org/wiki/Pulsar#Precise_clocks
INFO:__main__:Getting metadata for https://en.wikipedia.org/wiki/Pulsar#Precise_clocks
 21%|██        | 46/222 [01:20<03:40,  1.25s/it]INFO:__main__:Requesting https://en.wikipedia.org/wiki/Pulsar_clock
INFO:__main__:Getting metadata for https://en.wikipedia.org/wiki/Pulsar_clock
 21%|██        | 47/222 [01:20<03:10,  1.09s/it]INFO:__main__:Requesting https://www.w3.org/TR/html52/textlevel-semantics.html#the-time-element
INFO:__main__:Getting metadata for https://www.w3.org/TR/html52/textlevel-semantics.html#the-time-element
 22%|██▏       | 48/222 [01:43<21:57,  7.57s/it]INFO:__main__:Requesting https://en.wikipedia.org/wiki/Barycentric_Coordinate_Time
INFO:__main__:Getting metadata for https://en.wikipedia.org/wiki/Barycentric_Coordinate_Time
 22%|██▏       | 49/222 [01:44<15:58,  5.54s/it]INFO:__main__:Requesting https://en.wikipedia.org/wiki/International_System_of_Units#Base_units
INFO:__main__:Getting metadata for https://en.wikipedia.org/wiki/International_System_of_Units#Base_units
 23%|██▎       | 50/222 [01:46<13:08,  4.59s/it]INFO:__main__:Requesting https://en.wikipedia.org/wiki/Swatch_Internet_Time
INFO:__main__:Getting metadata for https://en.wikipedia.org/wiki/Swatch_Internet_Time
 23%|██▎       | 51/222 [01:48<10:23,  3.64s/it]INFO:__main__:Requesting https://stackoverflow.com/questions/1024711/hidden-features-of-tcl-tk#comment838620_1026619
INFO:__main__:Getting metadata for https://stackoverflow.com/questions/1024711/hidden-features-of-tcl-tk#comment838620_1026619
 23%|██▎       | 52/222 [01:48<07:32,  2.66s/it]INFO:__main__:Requesting https://en.wikipedia.org/wiki/Stardate
INFO:__main__:Getting metadata for https://en.wikipedia.org/wiki/Stardate
 24%|██▍       | 53/222 [01:49<06:15,  2.22s/it]INFO:__main__:Requesting http://ops-alaska.com/time/gangale_mst/abstract.htm
INFO:__main__:Getting metadata for http://ops-alaska.com/time/gangale_mst/abstract.htm
 24%|██▍       | 54/222 [01:50<04:39,  1.66s/it]INFO:__main__:Requesting https://www.powerpc-notebook.org/
INFO:__main__:Getting metadata for https://www.powerpc-notebook.org/en/
 25%|██▍       | 55/222 [01:52<05:01,  1.80s/it]INFO:__main__:Requesting https://mars.nasa.gov/mer/mission/rover-status/opportunity/recent/all/
INFO:__main__:Getting metadata for https://mars.nasa.gov/mer/mission/rover-status/opportunity/recent/all/
 25%|██▌       | 56/222 [01:52<03:51,  1.39s/it]INFO:__main__:Requesting https://pudding.cool/2019/02/gyllenhaal/
INFO:__main__:Getting metadata for https://pudding.cool/2019/02/gyllenhaal/
 26%|██▌       | 57/222 [01:52<02:48,  1.02s/it]INFO:__main__:Requesting http://www.lel.ed.ac.uk/ihd/elalme/elalme_frames.html
INFO:__main__:Getting metadata for http://www.lel.ed.ac.uk/ihd/elalme/elalme_frames.html
 26%|██▌       | 58/222 [01:54<02:57,  1.08s/it]INFO:__main__:Requesting http://www.amc.lel.ed.ac.uk/?page_id=563
INFO:__main__:Getting metadata for http://www.amc.lel.ed.ac.uk/?page_id=563
 27%|██▋       | 59/222 [02:01<07:45,  2.85s/it]INFO:__main__:Requesting https://mashedradish.com/2017/05/16/the-bureau-of-etymological-investigation/
ERROR:__main__:Could not reach https://mashedradish.com/2017/05/16/the-bureau-of-etymological-investigation/
Traceback (most recent call last):
  File "/home/travis/virtualenv/python3.6.3/lib/python3.6/site-packages/urllib3/connectionpool.py", line 600, in urlopen
    chunked=chunked)
  File "/home/travis/virtualenv/python3.6.3/lib/python3.6/site-packages/urllib3/connectionpool.py", line 384, in _make_request
    six.raise_from(e, None)
  File "<string>", line 2, in raise_from
  File "/home/travis/virtualenv/python3.6.3/lib/python3.6/site-packages/urllib3/connectionpool.py", line 380, in _make_request
    httplib_response = conn.getresponse()
  File "/opt/python/3.6.3/lib/python3.6/http/client.py", line 1331, in getresponse
    response.begin()
  File "/opt/python/3.6.3/lib/python3.6/http/client.py", line 297, in begin
    version, status, reason = self._read_status()
  File "/opt/python/3.6.3/lib/python3.6/http/client.py", line 266, in _read_status
    raise RemoteDisconnected("Remote end closed connection without"
http.client.RemoteDisconnected: Remote end closed connection without response

During handling of the above exception, another exception occurred:

Traceback (most recent call last):
  File "/home/travis/virtualenv/python3.6.3/lib/python3.6/site-packages/requests/adapters.py", line 449, in send
    timeout=timeout
  File "/home/travis/virtualenv/python3.6.3/lib/python3.6/site-packages/urllib3/connectionpool.py", line 638, in urlopen
    _stacktrace=sys.exc_info()[2])
  File "/home/travis/virtualenv/python3.6.3/lib/python3.6/site-packages/urllib3/util/retry.py", line 367, in increment
    raise six.reraise(type(error), error, _stacktrace)
  File "/home/travis/virtualenv/python3.6.3/lib/python3.6/site-packages/urllib3/packages/six.py", line 685, in reraise
    raise value.with_traceback(tb)
  File "/home/travis/virtualenv/python3.6.3/lib/python3.6/site-packages/urllib3/connectionpool.py", line 600, in urlopen
    chunked=chunked)
  File "/home/travis/virtualenv/python3.6.3/lib/python3.6/site-packages/urllib3/connectionpool.py", line 384, in _make_request
    six.raise_from(e, None)
  File "<string>", line 2, in raise_from
  File "/home/travis/virtualenv/python3.6.3/lib/python3.6/site-packages/urllib3/connectionpool.py", line 380, in _make_request
    httplib_response = conn.getresponse()
  File "/opt/python/3.6.3/lib/python3.6/http/client.py", line 1331, in getresponse
    response.begin()
  File "/opt/python/3.6.3/lib/python3.6/http/client.py", line 297, in begin
    version, status, reason = self._read_status()
  File "/opt/python/3.6.3/lib/python3.6/http/client.py", line 266, in _read_status
    raise RemoteDisconnected("Remote end closed connection without"
urllib3.exceptions.ProtocolError: ('Connection aborted.', RemoteDisconnected('Remote end closed connection without response',))

During handling of the above exception, another exception occurred:

Traceback (most recent call last):
  File "../_scripts/crawler/crawler.py", line 209, in metafy_url
    response = requests.get(url, timeout=6, headers={'User-Agent': 'Mozilla/5.0'})
  File "/home/travis/virtualenv/python3.6.3/lib/python3.6/site-packages/requests/api.py", line 75, in get
    return request('get', url, params=params, **kwargs)
  File "/home/travis/virtualenv/python3.6.3/lib/python3.6/site-packages/requests/api.py", line 60, in request
    return session.request(method=method, url=url, **kwargs)
  File "/home/travis/virtualenv/python3.6.3/lib/python3.6/site-packages/requests/sessions.py", line 533, in request
    resp = self.send(prep, **send_kwargs)
  File "/home/travis/virtualenv/python3.6.3/lib/python3.6/site-packages/requests/sessions.py", line 646, in send
    r = adapter.send(request, **kwargs)
  File "/home/travis/virtualenv/python3.6.3/lib/python3.6/site-packages/requests/adapters.py", line 498, in send
    raise ConnectionError(err, request=request)
requests.exceptions.ConnectionError: ('Connection aborted.', RemoteDisconnected('Remote end closed connection without response',))
 27%|██▋       | 60/222 [02:01<05:30,  2.04s/it]INFO:__main__:Requesting http://www.thesmokinggun.com/documents/crime/actor-mcconaughey-nude-bongo-bust-0
INFO:__main__:Getting metadata for http://www.thesmokinggun.com/documents/crime/actor-mcconaughey-nude-bongo-bust-0
 27%|██▋       | 61/222 [02:01<04:20,  1.62s/it]INFO:__main__:Requesting https://chuckpalahniuk.net/author/frequently-asked-questions-about-chuck-palahniuk#biographical-1
INFO:__main__:Getting metadata for https://chuckpalahniuk.net/author/frequently-asked-questions-about-chuck-palahniuk#biographical-1
 28%|██▊       | 62/222 [02:02<03:46,  1.42s/it]INFO:__main__:Requesting https://en.wikipedia.org/wiki/Ukrainian_alphabet#Letter_names_and_pronunciation
INFO:__main__:Getting metadata for https://en.wikipedia.org/wiki/Ukrainian_alphabet#Letter_names_and_pronunciation
 28%|██▊       | 63/222 [02:04<03:46,  1.42s/it]INFO:__main__:Requesting https://en.wiktionary.org/wiki/ɦ
INFO:__main__:Getting metadata for https://en.wiktionary.org/wiki/%C9%A6
 29%|██▉       | 64/222 [02:05<03:18,  1.26s/it]INFO:__main__:Requesting https://en.wikipedia.org/wiki/Romanization_of_Ukrainian#Tables_of_romanization_systems
INFO:__main__:Getting metadata for https://en.wikipedia.org/wiki/Romanization_of_Ukrainian#Tables_of_romanization_systems
 29%|██▉       | 65/222 [02:06<03:20,  1.28s/it]INFO:__main__:Requesting https://en.wikipedia.org/wiki/Irish_name
INFO:__main__:Getting metadata for https://en.wikipedia.org/wiki/Irish_name
 30%|██▉       | 66/222 [02:07<03:30,  1.35s/it]INFO:__main__:Requesting https://www.nytimes.com/2019/02/25/world/asia/india-pakistan-kashmir-jets.html
INFO:__main__:Getting metadata for https://www.nytimes.com/2019/02/25/world/asia/india-pakistan-kashmir-jets.html
 30%|███       | 67/222 [02:08<02:37,  1.02s/it]INFO:__main__:Requesting https://twitter.com/BillGates/status/1086662632587907072
INFO:__main__:Getting metadata for https://twitter.com/BillGates/status/1086662632587907072
 31%|███       | 68/222 [02:09<02:40,  1.04s/it]INFO:__main__:Requesting https://www.theguardian.com/commentisfree/2019/jan/29/bill-gates-davos-global-poverty-infographic-neoliberal
INFO:__main__:Getting metadata for https://www.theguardian.com/commentisfree/2019/jan/29/bill-gates-davos-global-poverty-infographic-neoliberal
 31%|███       | 69/222 [02:09<02:08,  1.19it/s]INFO:__main__:Requesting https://voxeu.org/article/assessing-progress-poorest-new-evidence
INFO:__main__:Getting metadata for https://voxeu.org/article/assessing-progress-poorest-new-evidence
 32%|███▏      | 70/222 [02:11<02:55,  1.15s/it]INFO:__main__:Requesting https://ourworldindata.org/poverty-at-higher-poverty-lines
INFO:__main__:Getting metadata for https://ourworldindata.org/poverty-at-higher-poverty-lines
 32%|███▏      | 71/222 [02:11<02:15,  1.11it/s]INFO:__main__:Requesting https://ourworldindata.org/extreme-history-methods
INFO:__main__:Getting metadata for https://ourworldindata.org/extreme-history-methods
 32%|███▏      | 72/222 [02:12<01:51,  1.35it/s]INFO:__main__:Requesting https://akvopedia.org
INFO:__main__:Getting metadata for https://akvopedia.org/wiki/Main_Page
 33%|███▎      | 73/222 [02:15<03:54,  1.57s/it]INFO:__main__:Requesting https://ourworldindata.org/a-history-of-global-living-conditions-in-5-charts
INFO:__main__:Getting metadata for https://ourworldindata.org/a-history-of-global-living-conditions-in-5-charts
 33%|███▎      | 74/222 [02:16<02:58,  1.21s/it]INFO:__main__:Requesting https://www.kialo.com/18304/
INFO:__main__:Getting metadata for https://www.kialo.com/should-google-censor-their-search-results-in-order-to-operate-in-china-18304
 34%|███▍      | 75/222 [02:16<02:38,  1.08s/it]INFO:__main__:Requesting https://www.cgdev.org/blog/12-things-we-can-agree-about-global-poverty
INFO:__main__:Getting metadata for https://www.cgdev.org/blog/12-things-we-can-agree-about-global-poverty
 34%|███▍      | 76/222 [02:17<02:00,  1.21it/s]INFO:__main__:Requesting http://www.developfy.com
INFO:__main__:Getting metadata for http://www.developfy.com
 35%|███▍      | 77/222 [02:18<02:18,  1.05it/s]INFO:__main__:Requesting https://mediabiasfactcheck.com/our-world-in-data/
ERROR:__main__:Could not reach https://mediabiasfactcheck.com/our-world-in-data/
Traceback (most recent call last):
  File "/home/travis/virtualenv/python3.6.3/lib/python3.6/site-packages/urllib3/connectionpool.py", line 600, in urlopen
    chunked=chunked)
  File "/home/travis/virtualenv/python3.6.3/lib/python3.6/site-packages/urllib3/connectionpool.py", line 384, in _make_request
    six.raise_from(e, None)
  File "<string>", line 2, in raise_from
  File "/home/travis/virtualenv/python3.6.3/lib/python3.6/site-packages/urllib3/connectionpool.py", line 380, in _make_request
    httplib_response = conn.getresponse()
  File "/opt/python/3.6.3/lib/python3.6/http/client.py", line 1331, in getresponse
    response.begin()
  File "/opt/python/3.6.3/lib/python3.6/http/client.py", line 297, in begin
    version, status, reason = self._read_status()
  File "/opt/python/3.6.3/lib/python3.6/http/client.py", line 266, in _read_status
    raise RemoteDisconnected("Remote end closed connection without"
http.client.RemoteDisconnected: Remote end closed connection without response

During handling of the above exception, another exception occurred:

Traceback (most recent call last):
  File "/home/travis/virtualenv/python3.6.3/lib/python3.6/site-packages/requests/adapters.py", line 449, in send
    timeout=timeout
  File "/home/travis/virtualenv/python3.6.3/lib/python3.6/site-packages/urllib3/connectionpool.py", line 638, in urlopen
    _stacktrace=sys.exc_info()[2])
  File "/home/travis/virtualenv/python3.6.3/lib/python3.6/site-packages/urllib3/util/retry.py", line 367, in increment
    raise six.reraise(type(error), error, _stacktrace)
  File "/home/travis/virtualenv/python3.6.3/lib/python3.6/site-packages/urllib3/packages/six.py", line 685, in reraise
    raise value.with_traceback(tb)
  File "/home/travis/virtualenv/python3.6.3/lib/python3.6/site-packages/urllib3/connectionpool.py", line 600, in urlopen
    chunked=chunked)
  File "/home/travis/virtualenv/python3.6.3/lib/python3.6/site-packages/urllib3/connectionpool.py", line 384, in _make_request
    six.raise_from(e, None)
  File "<string>", line 2, in raise_from
  File "/home/travis/virtualenv/python3.6.3/lib/python3.6/site-packages/urllib3/connectionpool.py", line 380, in _make_request
    httplib_response = conn.getresponse()
  File "/opt/python/3.6.3/lib/python3.6/http/client.py", line 1331, in getresponse
    response.begin()
  File "/opt/python/3.6.3/lib/python3.6/http/client.py", line 297, in begin
    version, status, reason = self._read_status()
  File "/opt/python/3.6.3/lib/python3.6/http/client.py", line 266, in _read_status
    raise RemoteDisconnected("Remote end closed connection without"
urllib3.exceptions.ProtocolError: ('Connection aborted.', RemoteDisconnected('Remote end closed connection without response',))

During handling of the above exception, another exception occurred:

Traceback (most recent call last):
  File "../_scripts/crawler/crawler.py", line 209, in metafy_url
    response = requests.get(url, timeout=6, headers={'User-Agent': 'Mozilla/5.0'})
  File "/home/travis/virtualenv/python3.6.3/lib/python3.6/site-packages/requests/api.py", line 75, in get
    return request('get', url, params=params, **kwargs)
  File "/home/travis/virtualenv/python3.6.3/lib/python3.6/site-packages/requests/api.py", line 60, in request
    return session.request(method=method, url=url, **kwargs)
  File "/home/travis/virtualenv/python3.6.3/lib/python3.6/site-packages/requests/sessions.py", line 533, in request
    resp = self.send(prep, **send_kwargs)
  File "/home/travis/virtualenv/python3.6.3/lib/python3.6/site-packages/requests/sessions.py", line 646, in send
    r = adapter.send(request, **kwargs)
  File "/home/travis/virtualenv/python3.6.3/lib/python3.6/site-packages/requests/adapters.py", line 498, in send
    raise ConnectionError(err, request=request)
requests.exceptions.ConnectionError: ('Connection aborted.', RemoteDisconnected('Remote end closed connection without response',))
 35%|███▌      | 78/222 [02:18<01:42,  1.41it/s]INFO:__main__:Requesting https://ourworldindata.org/much-better-awful-can-be-better
INFO:__main__:Getting metadata for https://ourworldindata.org/much-better-awful-can-be-better
 36%|███▌      | 79/222 [02:18<01:23,  1.71it/s]INFO:__main__:Requesting https://ourworldindata.org/homelessness-rise-england
INFO:__main__:Getting metadata for https://ourworldindata.org/homelessness-rise-england
 36%|███▌      | 80/222 [02:19<01:10,  2.00it/s]INFO:__main__:Requesting https://datausa.io/
INFO:__main__:Getting metadata for https://datausa.io
 36%|███▋      | 81/222 [02:19<01:05,  2.15it/s]INFO:__main__:Requesting https://www.futureagenda.org/
INFO:__main__:Getting metadata for https://www.futureagenda.org
 37%|███▋      | 82/222 [02:20<01:47,  1.30it/s]INFO:__main__:Requesting https://www.gapminder.org/
INFO:__main__:Getting metadata for https://www.gapminder.org
 37%|███▋      | 83/222 [02:21<01:39,  1.39it/s]INFO:__main__:Requesting https://www.gapminder.org/videos/dont-panic-end-poverty/
INFO:__main__:Getting metadata for https://www.gapminder.org/videos/dont-panic-end-poverty/
 38%|███▊      | 84/222 [02:22<01:51,  1.24it/s]INFO:__main__:Requesting https://www.gapminder.org/news/data-sources-dont-panic-end-poverty/
INFO:__main__:Getting metadata for https://www.gapminder.org/news/data-sources-dont-panic-end-poverty/
 38%|███▊      | 85/222 [02:26<03:43,  1.64s/it]INFO:__main__:Requesting https://ourworldindata.org/grapher/child-mortality
INFO:__main__:Getting metadata for https://ourworldindata.org/grapher/child-mortality
 39%|███▊      | 86/222 [02:26<02:46,  1.22s/it]INFO:__main__:Requesting https://www.amazon.com/Influential-Mind-Reveals-Change-Others/dp/1627792651
INFO:__main__:Requesting https://www.youtube.com/watch?v=NyME0Idsq9w
INFO:__main__:Getting metadata for https://www.youtube.com/watch?v=NyME0Idsq9w
 40%|███▉      | 88/222 [02:27<02:15,  1.01s/it]INFO:__main__:Requesting https://ourworldindata.org/about/list-of-all-data-entries
INFO:__main__:Getting metadata for https://ourworldindata.org/about/list-of-all-data-entries
 40%|████      | 89/222 [02:27<01:45,  1.26it/s]INFO:__main__:Requesting http://www.usefulusability.com/usertesting-alternatives/
INFO:__main__:Getting metadata for http://www.usefulusability.com/usertesting-alternatives/
 41%|████      | 90/222 [02:28<01:40,  1.32it/s]INFO:__main__:Requesting https://www.producthunt.com/alternatives/usertesting-2
INFO:__main__:Getting metadata for https://www.producthunt.com/alternatives/usertesting-2
 41%|████      | 91/222 [02:29<01:46,  1.23it/s]INFO:__main__:Requesting https://medium.com/@leemunroe/how-our-product-design-team-conducts-usability-tests-every-2-weeks-afa8c60a8616
INFO:__main__:Getting metadata for https://medium.com/@leemunroe/how-our-product-design-team-conducts-usability-tests-every-2-weeks-afa8c60a8616
 41%|████▏     | 92/222 [02:29<01:33,  1.39it/s]INFO:__main__:Requesting https://fivethirtyeight.com/
INFO:__main__:Getting metadata for https://fivethirtyeight.com
 42%|████▏     | 93/222 [02:30<01:16,  1.69it/s]INFO:__main__:Requesting https://www.newyorker.com/
INFO:__main__:Getting metadata for https://www.newyorker.com
 42%|████▏     | 94/222 [02:30<01:04,  1.99it/s]INFO:__main__:Requesting https://ourworldindata.org/about/coverage#coverage
INFO:__main__:Getting metadata for https://ourworldindata.org/about/coverage#coverage
 43%|████▎     | 95/222 [02:30<01:02,  2.02it/s]INFO:__main__:Requesting https://elixir-lang.org/blog/2019/02/25/mint-a-new-http-library-for-elixir/
INFO:__main__:Getting metadata for https://elixir-lang.org/blog/2019/02/25/mint-a-new-http-library-for-elixir/
 43%|████▎     | 96/222 [02:31<00:50,  2.51it/s]INFO:__main__:Requesting https://hexdocs.pm/mojito/Mojito.html
INFO:__main__:Getting metadata for https://hexdocs.pm/mojito/Mojito.html
 44%|████▎     | 97/222 [02:31<00:59,  2.10it/s]INFO:__main__:Requesting https://github.com/appcues/mojito
INFO:__main__:Getting metadata for https://github.com/appcues/mojito
 44%|████▍     | 98/222 [02:32<01:11,  1.74it/s]INFO:__main__:Requesting https://twitter.com/whatyouhide/status/1100082898986774528
INFO:__main__:Getting metadata for https://twitter.com/whatyouhide/status/1100082898986774528
 45%|████▍     | 99/222 [02:33<01:18,  1.58it/s]INFO:__main__:Requesting https://ninenines.eu/docs/en/gun/1.3/manual/
INFO:__main__:Getting metadata for https://ninenines.eu/docs/en/gun/1.3/manual/
 45%|████▌     | 100/222 [02:34<01:20,  1.52it/s]INFO:__main__:Requesting https://github.com/elixir-maru/maru
INFO:__main__:Getting metadata for https://github.com/elixir-maru/maru
 45%|████▌     | 101/222 [02:34<01:26,  1.40it/s]INFO:__main__:Requesting https://www.youtube.com/watch?v=_JNGI1dI-e8
INFO:__main__:Getting metadata for https://www.youtube.com/watch?v=_JNGI1dI-e8
 46%|████▌     | 102/222 [02:35<01:34,  1.27it/s]INFO:__main__:Requesting https://github.com/ericmj/mint
INFO:__main__:Getting metadata for https://github.com/ericmj/mint
 46%|████▋     | 103/222 [02:36<01:37,  1.23it/s]INFO:__main__:Requesting http://mentalfloss.com/article/94569/clair-patterson-scientist-who-determined-age-earth-and-then-saved-it
INFO:__main__:Getting metadata for http://mentalfloss.com/article/94569/clair-patterson-scientist-who-determined-age-earth-and-then-saved-it
 47%|████▋     | 104/222 [02:37<01:25,  1.38it/s]INFO:__main__:Requesting https://en.wikipedia.org/wiki/Thomas_Midgley_Jr
INFO:__main__:Getting metadata for https://en.wikipedia.org/wiki/Thomas_Midgley_Jr
 47%|████▋     | 105/222 [02:38<01:41,  1.15it/s]INFO:__main__:Requesting http://booksdl.org/scimag/get.php?doi=10.1016%2F0016-7037%2856%2990036-9
ERROR:__main__:Could not reach http://booksdl.org/scimag/get.php?doi=10.1016%2F0016-7037%2856%2990036-9
Traceback (most recent call last):
  File "/home/travis/virtualenv/python3.6.3/lib/python3.6/site-packages/urllib3/connectionpool.py", line 384, in _make_request
    six.raise_from(e, None)
  File "<string>", line 2, in raise_from
  File "/home/travis/virtualenv/python3.6.3/lib/python3.6/site-packages/urllib3/connectionpool.py", line 380, in _make_request
    httplib_response = conn.getresponse()
  File "/opt/python/3.6.3/lib/python3.6/http/client.py", line 1331, in getresponse
    response.begin()
  File "/opt/python/3.6.3/lib/python3.6/http/client.py", line 297, in begin
    version, status, reason = self._read_status()
  File "/opt/python/3.6.3/lib/python3.6/http/client.py", line 258, in _read_status
    line = str(self.fp.readline(_MAXLINE + 1), "iso-8859-1")
  File "/opt/python/3.6.3/lib/python3.6/socket.py", line 586, in readinto
    return self._sock.recv_into(b)
socket.timeout: timed out

During handling of the above exception, another exception occurred:

Traceback (most recent call last):
  File "/home/travis/virtualenv/python3.6.3/lib/python3.6/site-packages/requests/adapters.py", line 449, in send
    timeout=timeout
  File "/home/travis/virtualenv/python3.6.3/lib/python3.6/site-packages/urllib3/connectionpool.py", line 638, in urlopen
    _stacktrace=sys.exc_info()[2])
  File "/home/travis/virtualenv/python3.6.3/lib/python3.6/site-packages/urllib3/util/retry.py", line 367, in increment
    raise six.reraise(type(error), error, _stacktrace)
  File "/home/travis/virtualenv/python3.6.3/lib/python3.6/site-packages/urllib3/packages/six.py", line 686, in reraise
    raise value
  File "/home/travis/virtualenv/python3.6.3/lib/python3.6/site-packages/urllib3/connectionpool.py", line 600, in urlopen
    chunked=chunked)
  File "/home/travis/virtualenv/python3.6.3/lib/python3.6/site-packages/urllib3/connectionpool.py", line 386, in _make_request
    self._raise_timeout(err=e, url=url, timeout_value=read_timeout)
  File "/home/travis/virtualenv/python3.6.3/lib/python3.6/site-packages/urllib3/connectionpool.py", line 306, in _raise_timeout
    raise ReadTimeoutError(self, url, "Read timed out. (read timeout=%s)" % timeout_value)
urllib3.exceptions.ReadTimeoutError: HTTPConnectionPool(host='booksdescr.org', port=80): Read timed out. (read timeout=6)

During handling of the above exception, another exception occurred:

Traceback (most recent call last):
  File "../_scripts/crawler/crawler.py", line 209, in metafy_url
    response = requests.get(url, timeout=6, headers={'User-Agent': 'Mozilla/5.0'})
  File "/home/travis/virtualenv/python3.6.3/lib/python3.6/site-packages/requests/api.py", line 75, in get
    return request('get', url, params=params, **kwargs)
  File "/home/travis/virtualenv/python3.6.3/lib/python3.6/site-packages/requests/api.py", line 60, in request
    return session.request(method=method, url=url, **kwargs)
  File "/home/travis/virtualenv/python3.6.3/lib/python3.6/site-packages/requests/sessions.py", line 533, in request
    resp = self.send(prep, **send_kwargs)
  File "/home/travis/virtualenv/python3.6.3/lib/python3.6/site-packages/requests/sessions.py", line 668, in send
    history = [resp for resp in gen] if allow_redirects else []
  File "/home/travis/virtualenv/python3.6.3/lib/python3.6/site-packages/requests/sessions.py", line 668, in <listcomp>
    history = [resp for resp in gen] if allow_redirects else []
  File "/home/travis/virtualenv/python3.6.3/lib/python3.6/site-packages/requests/sessions.py", line 247, in resolve_redirects
    **adapter_kwargs
  File "/home/travis/virtualenv/python3.6.3/lib/python3.6/site-packages/requests/sessions.py", line 646, in send
    r = adapter.send(request, **kwargs)
  File "/home/travis/virtualenv/python3.6.3/lib/python3.6/site-packages/requests/adapters.py", line 529, in send
    raise ReadTimeout(e, request=request)
requests.exceptions.ReadTimeout: HTTPConnectionPool(host='booksdescr.org', port=80): Read timed out. (read timeout=6)
 48%|████▊     | 106/222 [02:45<05:01,  2.60s/it]INFO:__main__:Requesting https://www.taiwannews.com.tw/en/news/3644433
INFO:__main__:Getting metadata for https://www.taiwannews.com.tw/en/news/3644433
 48%|████▊     | 107/222 [02:46<04:33,  2.38s/it]INFO:__main__:Requesting https://www.bbc.com/news/science-environment-47311186
INFO:__main__:Getting metadata for https://www.bbc.com/news/science-environment-47311186
 49%|████▊     | 108/222 [02:48<03:58,  2.10s/it]INFO:__main__:Requesting https://mashable.com/article/fernandina-giant-tortoise-galapagos-extinct-discovery
INFO:__main__:Getting metadata for https://mashable.com/article/fernandina-giant-tortoise-galapagos-extinct-discovery/
 49%|████▉     | 109/222 [02:49<03:07,  1.66s/it]INFO:__main__:Requesting https://www.upi.com/Science_News/2019/02/21/Worlds-biggest-bee-thought-extinct-rediscovered-in-Indonesia/6641550765035/
INFO:__main__:Getting metadata for https://www.upi.com/Science_News/2019/02/21/Worlds-biggest-bee-thought-extinct-rediscovered-in-Indonesia/6641550765035/
 50%|████▉     | 110/222 [02:50<03:06,  1.67s/it]INFO:__main__:Requesting https://abcnews.go.com/US/video/tortoise-thought-extinct-discovered-galapagos-islands-61215358
INFO:__main__:Getting metadata for https://abcnews.go.com/US/video/tortoise-thought-extinct-discovered-galapagos-islands-61215358
 50%|█████     | 111/222 [02:51<02:37,  1.42s/it]INFO:__main__:Requesting https://www.youtube.com/watch?v=OT0ZIq-yWEM
INFO:__main__:Getting metadata for https://www.youtube.com/watch?v=OT0ZIq-yWEM
 50%|█████     | 112/222 [02:52<02:16,  1.24s/it]INFO:__main__:Requesting https://www.animalplanet.com/tv-shows/extinct-or-alive/
INFO:__main__:Getting metadata for https://www.animalplanet.com/tv-shows/extinct-or-alive/
 51%|█████     | 113/222 [02:53<02:19,  1.28s/it]INFO:__main__:Requesting https://leowid.com/brain-facts/
 51%|█████▏    | 114/222 [02:53<01:42,  1.05it/s]INFO:__main__:Requesting https://en.wikipedia.org/wiki/Flashbulb_memory
INFO:__main__:Getting metadata for https://en.wikipedia.org/wiki/Flashbulb_memory
 52%|█████▏    | 115/222 [02:55<02:02,  1.14s/it]INFO:__main__:Requesting https://en.wikipedia.org/wiki/Dandy%E2%80%93Walker_syndrome
INFO:__main__:Getting metadata for https://en.wikipedia.org/wiki/Dandy%E2%80%93Walker_syndrome
 52%|█████▏    | 116/222 [02:56<01:56,  1.10s/it]INFO:__main__:Requesting https://en.wikipedia.org/wiki/Research_on_meditation#Research_on_unspecified_or_multiple_types_of_meditation
INFO:__main__:Getting metadata for https://en.wikipedia.org/wiki/Research_on_meditation#Research_on_unspecified_or_multiple_types_of_meditation
 53%|█████▎    | 117/222 [02:58<02:24,  1.38s/it]INFO:__main__:Requesting https://www.youtube.com/watch?v=D9H9qTdserM
INFO:__main__:Getting metadata for https://www.youtube.com/watch?v=D9H9qTdserM
 53%|█████▎    | 118/222 [02:59<02:06,  1.21s/it]INFO:__main__:Requesting https://www.youtube.com/watch?v=CAOnSbDSaOw
INFO:__main__:Getting metadata for https://www.youtube.com/watch?v=CAOnSbDSaOw
 54%|█████▎    | 119/222 [03:00<01:55,  1.12s/it]INFO:__main__:Requesting https://www.ncbi.nlm.nih.gov/pmc/articles/PMC4979579/
INFO:__main__:Getting metadata for https://www.ncbi.nlm.nih.gov/pmc/articles/PMC4979579/
 54%|█████▍    | 120/222 [03:01<02:01,  1.19s/it]INFO:__main__:Requesting https://blog.golang.org/go1.12
INFO:__main__:Getting metadata for https://blog.golang.org/go1.12
 55%|█████▍    | 121/222 [03:01<01:31,  1.10it/s]INFO:__main__:Requesting https://github.com/mholt/caddy/pull/2399
INFO:__main__:Getting metadata for https://github.com/mholt/caddy/pull/2399
 55%|█████▍    | 122/222 [03:04<02:35,  1.56s/it]INFO:__main__:Requesting https://github.com/golang/go/issues/25807
INFO:__main__:Getting metadata for https://github.com/golang/go/issues/25807
 55%|█████▌    | 123/222 [03:06<02:27,  1.49s/it]INFO:__main__:Requesting https://tools.ietf.org/html/draft-krawczyk-cfrg-opaque-01#section-4
INFO:__main__:Getting metadata for https://tools.ietf.org/html/draft-krawczyk-cfrg-opaque-01#section-4
 56%|█████▌    | 124/222 [03:11<04:07,  2.53s/it]INFO:__main__:Requesting https://github.com/pions/dtls
INFO:__main__:Getting metadata for https://github.com/pions/dtls
 56%|█████▋    | 125/222 [03:12<03:25,  2.12s/it]INFO:__main__:Requesting https://blog.gopheracademy.com/advent-2016/exposing-go-on-the-internet/
INFO:__main__:Getting metadata for https://blog.gopheracademy.com/advent-2016/exposing-go-on-the-internet/
 57%|█████▋    | 126/222 [03:13<02:47,  1.74s/it]INFO:__main__:Requesting https://www.cloudflare.com/learning-resources/tls-1-3/
INFO:__main__:Getting metadata for https://www.cloudflare.com/learning-resources/tls-1-3/
 57%|█████▋    | 127/222 [03:13<02:06,  1.33s/it]INFO:__main__:Requesting https://en.wikipedia.org/wiki/Transport_Layer_Security
INFO:__main__:Getting metadata for https://en.wikipedia.org/wiki/Transport_Layer_Security
 58%|█████▊    | 128/222 [03:21<05:23,  3.44s/it]INFO:__main__:Requesting https://github.com/boyter/scc
INFO:__main__:Getting metadata for https://github.com/boyter/scc
 58%|█████▊    | 129/222 [03:22<04:11,  2.71s/it]INFO:__main__:Requesting https://golang.org/doc/go1.12#runtime
INFO:__main__:Getting metadata for https://golang.org/doc/go1.12#runtime
 59%|█████▊    | 130/222 [03:23<03:05,  2.02s/it]INFO:__main__:Requesting https://github.com/golang/go/issues/26650
INFO:__main__:Getting metadata for https://github.com/golang/go/issues/26650
 59%|█████▉    | 131/222 [03:25<03:10,  2.09s/it]INFO:__main__:Requesting https://golang.org/doc/contribute.html
INFO:__main__:Getting metadata for https://golang.org/doc/contribute.html
 59%|█████▉    | 132/222 [03:25<02:20,  1.56s/it]INFO:__main__:Requesting https://github.com/golang/go/wiki/Mobile#building-and-deploying-to-ios
INFO:__main__:Getting metadata for https://github.com/golang/go/wiki/Mobile#building-and-deploying-to-ios
 60%|█████▉    | 133/222 [03:26<02:03,  1.39s/it]INFO:__main__:Requesting https://github.com/golang/go/issues/29934
INFO:__main__:Getting metadata for https://github.com/golang/go/issues/29934
 60%|██████    | 134/222 [03:30<03:03,  2.09s/it]INFO:__main__:Requesting https://www.nytimes.com/1996/09/09/business/programming-languages-survivors-and-wannabes.html
INFO:__main__:Getting metadata for https://www.nytimes.com/1996/09/09/business/programming-languages-survivors-and-wannabes.html
 61%|██████    | 135/222 [03:30<02:13,  1.53s/it]INFO:__main__:Requesting https://www.theguardian.com/uk-news/2019/feb/08/the-battle-for-the-future-of-stonehenge
INFO:__main__:Getting metadata for https://www.theguardian.com/uk-news/2019/feb/08/the-battle-for-the-future-of-stonehenge
 61%|██████▏   | 136/222 [03:31<01:40,  1.16s/it]INFO:__main__:Requesting https://media.gettyimages.com/photos/remains-of-the-olive-oil-presses-and-mill-in-sufetula-sbeitla-tunisia-picture-id568569055
INFO:__main__:Getting metadata for https://media.gettyimages.com/photos/remains-of-the-olive-oil-presses-and-mill-in-sufetula-sbeitla-tunisia-picture-id568569055
 62%|██████▏   | 137/222 [03:43<06:26,  4.54s/it]INFO:__main__:Requesting https://www.researchgate.net/publication/259417162_Roman_Sites_on_the_Tarhuna_Plateau_of_Tripolitania
 62%|██████▏   | 138/222 [03:43<04:33,  3.26s/it]INFO:__main__:Requesting https://puri.sm/posts/pureboot-the-high-security-boot-process/
INFO:__main__:Getting metadata for https://puri.sm/posts/pureboot-the-high-security-boot-process/
 63%|██████▎   | 139/222 [03:44<03:23,  2.45s/it]INFO:__main__:Requesting https://support.lenovo.com/us/en/downloads/ds029187
INFO:__main__:Getting metadata for https://support.lenovo.com/us/en/downloads/ds029187
 63%|██████▎   | 140/222 [03:47<03:25,  2.50s/it]INFO:__main__:Requesting https://support.lenovo.com/us/en/downloads/ds029252
INFO:__main__:Getting metadata for https://support.lenovo.com/us/en/downloads/ds029252
 64%|██████▎   | 141/222 [03:49<03:23,  2.51s/it]INFO:__main__:Requesting https://github.com/Cr4sh/ThinkPwn
INFO:__main__:Getting metadata for https://github.com/Cr4sh/ThinkPwn
 64%|██████▍   | 142/222 [03:50<02:38,  1.98s/it]INFO:__main__:Requesting https://support.lenovo.com/us/en/solutions/len-8324
INFO:__main__:Getting metadata for https://support.lenovo.com/us/en/solutions/len-8324
 64%|██████▍   | 143/222 [03:55<03:52,  2.95s/it]INFO:__main__:Requesting https://github.com/chipsec/chipsec
INFO:__main__:Getting metadata for https://github.com/chipsec/chipsec
 65%|██████▍   | 144/222 [03:56<03:00,  2.32s/it]INFO:__main__:Requesting https://blog.dowhile0.org/2017/10/18/automatic-luks-volumes-unlocking-using-a-tpm2-chip/
ERROR:__main__:Could not reach https://blog.dowhile0.org/2017/10/18/automatic-luks-volumes-unlocking-using-a-tpm2-chip/
Traceback (most recent call last):
  File "/home/travis/virtualenv/python3.6.3/lib/python3.6/site-packages/urllib3/connectionpool.py", line 600, in urlopen
    chunked=chunked)
  File "/home/travis/virtualenv/python3.6.3/lib/python3.6/site-packages/urllib3/connectionpool.py", line 384, in _make_request
    six.raise_from(e, None)
  File "<string>", line 2, in raise_from
  File "/home/travis/virtualenv/python3.6.3/lib/python3.6/site-packages/urllib3/connectionpool.py", line 380, in _make_request
    httplib_response = conn.getresponse()
  File "/opt/python/3.6.3/lib/python3.6/http/client.py", line 1331, in getresponse
    response.begin()
  File "/opt/python/3.6.3/lib/python3.6/http/client.py", line 297, in begin
    version, status, reason = self._read_status()
  File "/opt/python/3.6.3/lib/python3.6/http/client.py", line 266, in _read_status
    raise RemoteDisconnected("Remote end closed connection without"
http.client.RemoteDisconnected: Remote end closed connection without response

During handling of the above exception, another exception occurred:

Traceback (most recent call last):
  File "/home/travis/virtualenv/python3.6.3/lib/python3.6/site-packages/requests/adapters.py", line 449, in send
    timeout=timeout
  File "/home/travis/virtualenv/python3.6.3/lib/python3.6/site-packages/urllib3/connectionpool.py", line 638, in urlopen
    _stacktrace=sys.exc_info()[2])
  File "/home/travis/virtualenv/python3.6.3/lib/python3.6/site-packages/urllib3/util/retry.py", line 367, in increment
    raise six.reraise(type(error), error, _stacktrace)
  File "/home/travis/virtualenv/python3.6.3/lib/python3.6/site-packages/urllib3/packages/six.py", line 685, in reraise
    raise value.with_traceback(tb)
  File "/home/travis/virtualenv/python3.6.3/lib/python3.6/site-packages/urllib3/connectionpool.py", line 600, in urlopen
    chunked=chunked)
  File "/home/travis/virtualenv/python3.6.3/lib/python3.6/site-packages/urllib3/connectionpool.py", line 384, in _make_request
    six.raise_from(e, None)
  File "<string>", line 2, in raise_from
  File "/home/travis/virtualenv/python3.6.3/lib/python3.6/site-packages/urllib3/connectionpool.py", line 380, in _make_request
    httplib_response = conn.getresponse()
  File "/opt/python/3.6.3/lib/python3.6/http/client.py", line 1331, in getresponse
    response.begin()
  File "/opt/python/3.6.3/lib/python3.6/http/client.py", line 297, in begin
    version, status, reason = self._read_status()
  File "/opt/python/3.6.3/lib/python3.6/http/client.py", line 266, in _read_status
    raise RemoteDisconnected("Remote end closed connection without"
urllib3.exceptions.ProtocolError: ('Connection aborted.', RemoteDisconnected('Remote end closed connection without response',))

During handling of the above exception, another exception occurred:

Traceback (most recent call last):
  File "../_scripts/crawler/crawler.py", line 209, in metafy_url
    response = requests.get(url, timeout=6, headers={'User-Agent': 'Mozilla/5.0'})
  File "/home/travis/virtualenv/python3.6.3/lib/python3.6/site-packages/requests/api.py", line 75, in get
    return request('get', url, params=params, **kwargs)
  File "/home/travis/virtualenv/python3.6.3/lib/python3.6/site-packages/requests/api.py", line 60, in request
    return session.request(method=method, url=url, **kwargs)
  File "/home/travis/virtualenv/python3.6.3/lib/python3.6/site-packages/requests/sessions.py", line 533, in request
    resp = self.send(prep, **send_kwargs)
  File "/home/travis/virtualenv/python3.6.3/lib/python3.6/site-packages/requests/sessions.py", line 646, in send
    r = adapter.send(request, **kwargs)
  File "/home/travis/virtualenv/python3.6.3/lib/python3.6/site-packages/requests/adapters.py", line 498, in send
    raise ConnectionError(err, request=request)
requests.exceptions.ConnectionError: ('Connection aborted.', RemoteDisconnected('Remote end closed connection without response',))
 65%|██████▌   | 145/222 [03:56<02:09,  1.68s/it]INFO:__main__:Requesting https://trmm.net/Heads_33c3#Philosophy_of_Heads
INFO:__main__:Getting metadata for https://trmm.net/Heads_33c3#Philosophy_of_Heads
 66%|██████▌   | 146/222 [03:57<01:53,  1.49s/it]INFO:__main__:Requesting http://reboot.pro/topic/7223-how-to-boot-directly-into-windows-from-kexecgrub4dos/
INFO:__main__:Getting metadata for http://reboot.pro/topic/7223-how-to-boot-directly-into-windows-from-kexecgrub4dos/
 66%|██████▌   | 147/222 [03:58<01:33,  1.25s/it]INFO:__main__:Requesting https://mjg59.dreamwidth.org/50577.html
INFO:__main__:Getting metadata for https://mjg59.dreamwidth.org/50577.html
 67%|██████▋   | 148/222 [04:01<02:03,  1.67s/it]INFO:__main__:Requesting https://github.com/TrenchBoot/documentation/blob/master/documentation/Architecture.md
INFO:__main__:Getting metadata for https://github.com/TrenchBoot/documentation/blob/master/documentation/Architecture.md
 67%|██████▋   | 149/222 [04:01<01:45,  1.45s/it]INFO:__main__:Requesting https://www.percona.com/blog/2019/02/25/mysql-challenge-100k-connections/
INFO:__main__:Getting metadata for https://www.percona.com/blog/2019/02/25/mysql-challenge-100k-connections/
 68%|██████▊   | 150/222 [04:02<01:26,  1.20s/it]INFO:__main__:Requesting https://github.com/diesel-rs/diesel/issues/1028#issuecomment-315748691
INFO:__main__:Getting metadata for https://github.com/diesel-rs/diesel/issues/1028#issuecomment-315748691
 68%|██████▊   | 151/222 [04:04<01:37,  1.37s/it]INFO:__main__:Requesting https://www.postgresql.org/message-id/CA+CSw_tEpJ=md1zgxPkjH6CWDnTDft4gBi=+P9SnoC+Wy3pKdA@mail.gmail.com
INFO:__main__:Getting metadata for https://www.postgresql.org/message-id/CA+CSw_tEpJ=md1zgxPkjH6CWDnTDft4gBi=+P9SnoC+Wy3pKdA@mail.gmail.com
 68%|██████▊   | 152/222 [04:07<02:20,  2.01s/it]INFO:__main__:Requesting https://www.youtube.com/watch?v=xNDnVOCdvQ0
INFO:__main__:Getting metadata for https://www.youtube.com/watch?v=xNDnVOCdvQ0
 69%|██████▉   | 153/222 [04:08<01:58,  1.72s/it]INFO:__main__:Requesting http://git.kernel.dk/cgit/linux-block/commit/?h=for-next&id=8923ebc04818fcb506829591aa8704baefd661ec
INFO:__main__:Getting metadata for http://git.kernel.dk/cgit/linux-block/commit/?h=for-next&id=8923ebc04818fcb506829591aa8704baefd661ec
 69%|██████▉   | 154/222 [04:10<01:57,  1.73s/it]INFO:__main__:Requesting https://lwn.net/Articles/776703/
INFO:__main__:Getting metadata for https://lwn.net/Articles/776703/
 70%|██████▉   | 155/222 [04:11<01:35,  1.42s/it]INFO:__main__:Requesting https://www.anandtech.com/show/13301/spectre-and-meltdown-in-hardware-intel-clarifies-whiskey-lake-and-amber-lake
INFO:__main__:Getting metadata for https://www.anandtech.com/show/13301/spectre-and-meltdown-in-hardware-intel-clarifies-whiskey-lake-and-amber-lake
 70%|███████   | 156/222 [04:12<01:19,  1.20s/it]INFO:__main__:Requesting https://www.theguardian.com/australia-news/2019/feb/26/brutal-and-dogmatic-george-pell-waged-war-on-sex-even-as-he-abused-children
INFO:__main__:Getting metadata for https://www.theguardian.com/australia-news/2019/feb/26/brutal-and-dogmatic-george-pell-waged-war-on-sex-even-as-he-abused-children
 71%|███████   | 157/222 [04:12<01:00,  1.08it/s]INFO:__main__:Requesting https://djhworld.github.io/post/2019/02/24/reed-solomon-codes-are-cool/
INFO:__main__:Getting metadata for https://djhworld.github.io/post/2019/02/24/reed-solomon-codes-are-cool/
 71%|███████   | 158/222 [04:12<00:48,  1.31it/s]INFO:__main__:Requesting https://www.nayuki.io/page/reed-solomon-error-correcting-code-decoder
INFO:__main__:Getting metadata for https://www.nayuki.io/page/reed-solomon-error-correcting-code-decoder
 72%|███████▏  | 159/222 [04:13<00:50,  1.25it/s]INFO:__main__:Requesting https://en.m.wikipedia.org/wiki/Reed–Solomon_error_correction#Reed_&_Solomon's_original_view:_The_codeword_as_a_sequence_of_values
INFO:__main__:Getting metadata for https://en.m.wikipedia.org/wiki/Reed%E2%80%93Solomon_error_correction#Reed_&_Solomon's_original_view:_The_codeword_as_a_sequence_of_values
 72%|███████▏  | 160/222 [04:17<01:48,  1.74s/it]INFO:__main__:Requesting https://www.youtube.com/watch?v=x1v2tX4_dkQ
INFO:__main__:Getting metadata for https://www.youtube.com/watch?v=x1v2tX4_dkQ
 73%|███████▎  | 161/222 [04:18<01:31,  1.51s/it]INFO:__main__:Requesting https://en.wikipedia.org/wiki/Binary_Golay_code
INFO:__main__:Getting metadata for https://en.wikipedia.org/wiki/Binary_Golay_code
 73%|███████▎  | 162/222 [04:19<01:23,  1.39s/it]INFO:__main__:Requesting https://en.wikipedia.org/wiki/Sporadic_group
INFO:__main__:Getting metadata for https://en.wikipedia.org/wiki/Sporadic_group
 73%|███████▎  | 163/222 [04:21<01:22,  1.40s/it]INFO:__main__:Requesting https://www.amazon.com/Fundamentals-Error-Correcting-Codes-Cary-Huffman/dp/0521131707
 74%|███████▍  | 164/222 [04:21<00:59,  1.02s/it]INFO:__main__:Requesting https://www.akalin.com/intro-erasure-codes
INFO:__main__:Getting metadata for https://www.akalin.com/intro-erasure-codes
 74%|███████▍  | 165/222 [04:23<01:16,  1.34s/it]INFO:__main__:Requesting https://manuelfi.com/blog/hamming-code-simulator/
INFO:__main__:Getting metadata for https://manuelfi.com/blog/hamming-code-simulator/
 75%|███████▍  | 166/222 [04:23<00:58,  1.04s/it]INFO:__main__:Requesting https://en.wikiversity.org/wiki/Reed%E2%80%93Solomon_codes_for_coders
INFO:__main__:Getting metadata for https://en.wikiversity.org/wiki/Reed%E2%80%93Solomon_codes_for_coders
 75%|███████▌  | 167/222 [04:25<01:15,  1.37s/it]INFO:__main__:Requesting https://en.wikipedia.org/wiki/Fountain_code
INFO:__main__:Getting metadata for https://en.wikipedia.org/wiki/Fountain_code
 76%|███████▌  | 168/222 [04:26<01:04,  1.20s/it]INFO:__main__:Requesting https://en.wikipedia.org/wiki/Mojette_Transform
INFO:__main__:Getting metadata for https://en.wikipedia.org/wiki/Mojette_Transform
 76%|███████▌  | 169/222 [04:27<00:59,  1.13s/it]INFO:__main__:Requesting https://www.youtube.com/watch?v=fBRMaEAFLE0
INFO:__main__:Getting metadata for https://www.youtube.com/watch?v=fBRMaEAFLE0
 77%|███████▋  | 170/222 [04:28<00:55,  1.07s/it]INFO:__main__:Requesting https://en.wikipedia.org/wiki/8b/10b_encoding
INFO:__main__:Getting metadata for https://en.wikipedia.org/wiki/8b/10b_encoding
 77%|███████▋  | 171/222 [04:29<00:56,  1.10s/it]INFO:__main__:Requesting https://en.wikipedia.org/wiki/64b/66b_encoding
INFO:__main__:Getting metadata for https://en.wikipedia.org/wiki/64b/66b_encoding
 77%|███████▋  | 172/222 [04:30<00:51,  1.03s/it]INFO:__main__:Requesting https://en.wikipedia.org/wiki/Hamming_code
INFO:__main__:Getting metadata for https://en.wikipedia.org/wiki/Hamming_code
 78%|███████▊  | 173/222 [04:31<00:56,  1.15s/it]INFO:__main__:Requesting https://en.wikipedia.org/wiki/Adaptive_Multi-Rate_audio_codec
INFO:__main__:Getting metadata for https://en.wikipedia.org/wiki/Adaptive_Multi-Rate_audio_codec
 78%|███████▊  | 174/222 [04:33<00:55,  1.16s/it]INFO:__main__:Requesting https://en.wikipedia.org/wiki/Adaptive_Multi-Rate_Wideband
INFO:__main__:Getting metadata for https://en.wikipedia.org/wiki/Adaptive_Multi-Rate_Wideband
 79%|███████▉  | 175/222 [04:34<00:53,  1.15s/it]INFO:__main__:Requesting https://en.wikipedia.org/wiki/Raptor_code
INFO:__main__:Getting metadata for https://en.wikipedia.org/wiki/Raptor_code
 79%|███████▉  | 176/222 [04:34<00:47,  1.02s/it]INFO:__main__:Requesting https://en.wikipedia.org/wiki/Turbo_code
INFO:__main__:Getting metadata for https://en.wikipedia.org/wiki/Turbo_code
 80%|███████▉  | 177/222 [04:36<00:49,  1.09s/it]INFO:__main__:Requesting https://blogs.dropbox.com/tech/2016/07/pocket-watch/
INFO:__main__:Getting metadata for https://blogs.dropbox.com/tech/2016/07/pocket-watch/
 80%|████████  | 178/222 [04:37<00:52,  1.18s/it]INFO:__main__:Requesting https://perspectives.mvdirona.com/2009/06/erasure-coding-and-cold-storage/
INFO:__main__:Getting metadata for https://perspectives.mvdirona.com/2009/06/erasure-coding-and-cold-storage/
 81%|████████  | 179/222 [04:40<01:07,  1.57s/it]INFO:__main__:Requesting https://en.wikipedia.org/wiki/Low-density_parity-check_code
INFO:__main__:Getting metadata for https://en.wikipedia.org/wiki/Low-density_parity-check_code
 81%|████████  | 180/222 [04:41<01:01,  1.47s/it]INFO:__main__:Requesting https://en.wikipedia.org/wiki/Polar_code_(coding_theory)
INFO:__main__:Getting metadata for https://en.wikipedia.org/wiki/Polar_code_(coding_theory)
 82%|████████▏ | 181/222 [04:42<00:52,  1.28s/it]INFO:__main__:Requesting https://en.wikipedia.org/wiki/Error_correction_code
INFO:__main__:Getting metadata for https://en.wikipedia.org/wiki/Error_correction_code
 82%|████████▏ | 182/222 [04:43<00:48,  1.22s/it]INFO:__main__:Requesting https://en.wikipedia.org/wiki/Clock_recovery
INFO:__main__:Getting metadata for https://en.wikipedia.org/wiki/Clock_recovery
 82%|████████▏ | 183/222 [04:43<00:41,  1.08s/it]INFO:__main__:Requesting https://fenrirproject.org/Luker/libRaptorQ/wikis/home
INFO:__main__:Getting metadata for https://fenrirproject.org/Luker/libRaptorQ/wikis/home
 83%|████████▎ | 184/222 [04:45<00:45,  1.20s/it]INFO:__main__:Requesting https://github.com/tahoe-lafs/zfec
INFO:__main__:Getting metadata for https://github.com/tahoe-lafs/zfec
 83%|████████▎ | 185/222 [04:46<00:41,  1.13s/it]INFO:__main__:Requesting https://github.com/openstack/liberasurecode
INFO:__main__:Getting metadata for https://github.com/openstack/liberasurecode
 84%|████████▍ | 186/222 [04:47<00:41,  1.15s/it]INFO:__main__:Requesting https://github.com/catid/cm256
INFO:__main__:Getting metadata for https://github.com/catid/cm256
 84%|████████▍ | 187/222 [04:48<00:36,  1.04s/it]INFO:__main__:Requesting http://openrq-team.github.io/openrq/
INFO:__main__:Getting metadata for http://openrq-team.github.io/openrq/
 85%|████████▍ | 188/222 [04:48<00:27,  1.25it/s]INFO:__main__:Requesting http://openfec.org/
INFO:__main__:Getting metadata for http://openfec.org
 85%|████████▌ | 189/222 [04:50<00:32,  1.02it/s]INFO:__main__:Requesting https://github.com/Spriteware/lt-codes-python
INFO:__main__:Getting metadata for https://github.com/Spriteware/lt-codes-python
 86%|████████▌ | 190/222 [04:50<00:29,  1.08it/s]INFO:__main__:Requesting http://spiller.si/new-york-times/
INFO:__main__:Getting metadata for http://spiller.si/new-york-times/
 86%|████████▌ | 191/222 [04:52<00:36,  1.17s/it]INFO:__main__:Requesting https://www.nature.com/articles/s41598-019-39558-8
INFO:__main__:Getting metadata for https://www.nature.com/articles/s41598-019-39558-8
 86%|████████▋ | 192/222 [04:54<00:45,  1.52s/it]INFO:__main__:Requesting https://en.wikipedia.org/wiki/Fermi_paradox
INFO:__main__:Getting metadata for https://en.wikipedia.org/wiki/Fermi_paradox
 87%|████████▋ | 193/222 [04:57<00:50,  1.74s/it]INFO:__main__:Requesting https://en.wikipedia.org/wiki/Great_Filter
INFO:__main__:Getting metadata for https://en.wikipedia.org/wiki/Great_Filter
 87%|████████▋ | 194/222 [04:58<00:43,  1.54s/it]INFO:__main__:Requesting https://www.youtube.com/watch?v=amjuJJwI3iM
INFO:__main__:Getting metadata for https://www.youtube.com/watch?v=amjuJJwI3iM
 88%|████████▊ | 195/222 [04:59<00:35,  1.32s/it]INFO:__main__:Requesting https://en.wikipedia.org/wiki/Self-replicating_spacecraft
INFO:__main__:Getting metadata for https://en.wikipedia.org/wiki/Self-replicating_spacecraft
 88%|████████▊ | 196/222 [05:00<00:33,  1.27s/it]INFO:__main__:Requesting https://www.newscientist.com/article/mg21028184-300-lab-yeast-make-evolutionary-leap-to-multicellularity/
INFO:__main__:Getting metadata for https://www.newscientist.com/article/mg21028184-300-lab-yeast-make-evolutionary-leap-to-multicellularity/
 89%|████████▊ | 197/222 [05:02<00:42,  1.71s/it]INFO:__main__:Requesting https://en.wikipedia.org/wiki/Multicellular_organism#Occurrence
INFO:__main__:Getting metadata for https://en.wikipedia.org/wiki/Multicellular_organism#Occurrence
 89%|████████▉ | 198/222 [05:04<00:38,  1.60s/it]INFO:__main__:Requesting https://en.m.wikipedia.org/wiki/Volvox
INFO:__main__:Getting metadata for https://en.m.wikipedia.org/wiki/Volvox
 90%|████████▉ | 199/222 [05:05<00:31,  1.37s/it]INFO:__main__:Requesting https://en.wikipedia.org/wiki/Stellar_population#Population_I_stars
INFO:__main__:Getting metadata for https://en.wikipedia.org/wiki/Stellar_population#Population_I_stars
 90%|█████████ | 200/222 [05:06<00:29,  1.36s/it]INFO:__main__:Requesting https://en.wikipedia.org/wiki/Chlamydomonadales
INFO:__main__:Getting metadata for https://en.wikipedia.org/wiki/Chlamydomonadales
 91%|█████████ | 201/222 [05:07<00:24,  1.18s/it]INFO:__main__:Requesting https://en.wikipedia.org/wiki/Caulerpa
INFO:__main__:Getting metadata for https://en.wikipedia.org/wiki/Caulerpa
 91%|█████████ | 202/222 [05:08<00:22,  1.11s/it]INFO:__main__:Requesting https://en.wikipedia.org/wiki/Amplituhedron
INFO:__main__:Getting metadata for https://en.wikipedia.org/wiki/Amplituhedron
 91%|█████████▏| 203/222 [05:08<00:19,  1.02s/it]INFO:__main__:Requesting https://www.quantamagazine.org/physicists-discover-geometry-underlying-particle-physics-20130917/
INFO:__main__:Getting metadata for https://www.quantamagazine.org/physicists-discover-geometry-underlying-particle-physics-20130917/
 92%|█████████▏| 204/222 [05:10<00:19,  1.08s/it]INFO:__main__:Requesting https://www.futurice.com/blog/improving-documentation-of-open-source-software/
INFO:__main__:Getting metadata for https://www.futurice.com/blog/improving-documentation-of-open-source-software/
 92%|█████████▏| 205/222 [05:10<00:15,  1.09it/s]INFO:__main__:Requesting https://www.writethedocs.org
INFO:__main__:Getting metadata for https://www.writethedocs.org
 93%|█████████▎| 206/222 [05:11<00:16,  1.01s/it]INFO:__main__:Requesting http://webdav.org/
INFO:__main__:Getting metadata for http://webdav.org
 93%|█████████▎| 207/222 [05:12<00:14,  1.01it/s]INFO:__main__:Requesting https://github.com/mnutt/davros
INFO:__main__:Getting metadata for https://github.com/mnutt/davros
 94%|█████████▎| 208/222 [05:13<00:13,  1.01it/s]INFO:__main__:Requesting https://bustbyte.no/blog/how-we-hacked-blackboard-and-changed-our-grades
INFO:__main__:Getting metadata for https://bustbyte.no/blog/how-we-hacked-blackboard-and-changed-our-grades
 94%|█████████▍| 209/222 [05:14<00:12,  1.02it/s]INFO:__main__:Requesting https://www.greenbytes.de/tech/webdav/webfolder-client-list.html
INFO:__main__:Getting metadata for https://www.greenbytes.de/tech/webdav/webfolder-client-list.html
 95%|█████████▍| 210/222 [05:17<00:18,  1.56s/it]INFO:__main__:Requesting https://www.greenbytes.de/tech/webdav/webdav-redirector-list.html
INFO:__main__:Getting metadata for https://www.greenbytes.de/tech/webdav/webdav-redirector-list.html
 95%|█████████▌| 211/222 [05:20<00:20,  1.87s/it]INFO:__main__:Requesting https://github.com/lsst-dm/davt
INFO:__main__:Getting metadata for https://github.com/lsst-dm/davt
 95%|█████████▌| 212/222 [05:21<00:15,  1.52s/it]INFO:__main__:Requesting http://sabre.io/
INFO:__main__:Getting metadata for http://sabre.io
 96%|█████████▌| 213/222 [05:21<00:10,  1.21s/it]INFO:__main__:Requesting https://archive.is/O0pi9
ERROR:__main__:Could not reach https://archive.is/O0pi9
Traceback (most recent call last):
  File "/home/travis/virtualenv/python3.6.3/lib/python3.6/site-packages/urllib3/response.py", line 360, in _error_catcher
    yield
  File "/home/travis/virtualenv/python3.6.3/lib/python3.6/site-packages/urllib3/response.py", line 442, in read
    data = self._fp.read(amt)
  File "/opt/python/3.6.3/lib/python3.6/http/client.py", line 449, in read
    n = self.readinto(b)
  File "/opt/python/3.6.3/lib/python3.6/http/client.py", line 493, in readinto
    n = self.fp.readinto(b)
  File "/opt/python/3.6.3/lib/python3.6/socket.py", line 586, in readinto
    return self._sock.recv_into(b)
  File "/opt/python/3.6.3/lib/python3.6/ssl.py", line 1009, in recv_into
    return self.read(nbytes, buffer)
  File "/opt/python/3.6.3/lib/python3.6/ssl.py", line 871, in read
    return self._sslobj.read(len, buffer)
  File "/opt/python/3.6.3/lib/python3.6/ssl.py", line 631, in read
    v = self._sslobj.read(len, buffer)
socket.timeout: The read operation timed out

During handling of the above exception, another exception occurred:

Traceback (most recent call last):
  File "/home/travis/virtualenv/python3.6.3/lib/python3.6/site-packages/requests/models.py", line 750, in generate
    for chunk in self.raw.stream(chunk_size, decode_content=True):
  File "/home/travis/virtualenv/python3.6.3/lib/python3.6/site-packages/urllib3/response.py", line 494, in stream
    data = self.read(amt=amt, decode_content=decode_content)
  File "/home/travis/virtualenv/python3.6.3/lib/python3.6/site-packages/urllib3/response.py", line 459, in read
    raise IncompleteRead(self._fp_bytes_read, self.length_remaining)
  File "/opt/python/3.6.3/lib/python3.6/contextlib.py", line 99, in __exit__
    self.gen.throw(type, value, traceback)
  File "/home/travis/virtualenv/python3.6.3/lib/python3.6/site-packages/urllib3/response.py", line 365, in _error_catcher
    raise ReadTimeoutError(self._pool, None, 'Read timed out.')
urllib3.exceptions.ReadTimeoutError: HTTPSConnectionPool(host='archive.is', port=443): Read timed out.

During handling of the above exception, another exception occurred:

Traceback (most recent call last):
  File "../_scripts/crawler/crawler.py", line 209, in metafy_url
    response = requests.get(url, timeout=6, headers={'User-Agent': 'Mozilla/5.0'})
  File "/home/travis/virtualenv/python3.6.3/lib/python3.6/site-packages/requests/api.py", line 75, in get
    return request('get', url, params=params, **kwargs)
  File "/home/travis/virtualenv/python3.6.3/lib/python3.6/site-packages/requests/api.py", line 60, in request
    return session.request(method=method, url=url, **kwargs)
  File "/home/travis/virtualenv/python3.6.3/lib/python3.6/site-packages/requests/sessions.py", line 533, in request
    resp = self.send(prep, **send_kwargs)
  File "/home/travis/virtualenv/python3.6.3/lib/python3.6/site-packages/requests/sessions.py", line 686, in send
    r.content
  File "/home/travis/virtualenv/python3.6.3/lib/python3.6/site-packages/requests/models.py", line 828, in content
    self._content = b''.join(self.iter_content(CONTENT_CHUNK_SIZE)) or b''
  File "/home/travis/virtualenv/python3.6.3/lib/python3.6/site-packages/requests/models.py", line 757, in generate
    raise ConnectionError(e)
requests.exceptions.ConnectionError: HTTPSConnectionPool(host='archive.is', port=443): Read timed out.
 96%|█████████▋| 214/222 [05:29<00:25,  3.14s/it]INFO:__main__:Requesting https://blogs.technet.microsoft.com/exchange/2009/01/20/entourage-meet-exchange-web-services-entourage-for-exchange-web-services-is-live/
INFO:__main__:Getting metadata for https://blogs.technet.microsoft.com/exchange/2009/01/20/entourage-meet-exchange-web-services-entourage-for-exchange-web-services-is-live/
 97%|█████████▋| 215/222 [05:30<00:18,  2.64s/it]INFO:__main__:Requesting https://en.wikipedia.org/wiki/Files_transferred_over_shell_protocol
INFO:__main__:Getting metadata for https://en.wikipedia.org/wiki/Files_transferred_over_shell_protocol
 97%|█████████▋| 216/222 [05:31<00:12,  2.07s/it]INFO:__main__:Requesting https://dokan-dev.github.io/
INFO:__main__:Getting metadata for https://dokan-dev.github.io
 98%|█████████▊| 217/222 [05:31<00:07,  1.59s/it]INFO:__main__:Requesting https://arxiv.org/abs/1902.06855
INFO:__main__:Getting metadata for https://arxiv.org/abs/1902.06855
 98%|█████████▊| 218/222 [05:32<00:05,  1.40s/it]INFO:__main__:Requesting https://arxiv.org/abs/1811.06992
INFO:__main__:Getting metadata for https://arxiv.org/abs/1811.06992
 99%|█████████▊| 219/222 [05:33<00:03,  1.26s/it]INFO:__main__:Requesting https://www.nvidia.com/en-us/data-center/volta-gpu-architecture/
INFO:__main__:Getting metadata for https://www.nvidia.com/en-us/data-center/volta-gpu-architecture/
 99%|█████████▉| 220/222 [05:33<00:01,  1.05it/s]INFO:__main__:Requesting https://cloud.google.com/tpu/
INFO:__main__:Getting metadata for https://cloud.google.com/tpu/
100%|█████████▉| 221/222 [05:35<00:00,  1.03it/s]INFO:__main__:Requesting https://cloud.google.com/gpu/
INFO:__main__:Getting metadata for https://cloud.google.com/gpu/
100%|██████████| 222/222 [05:36<00:00,  1.02s/it]
