INFO:__main__:Get urls from stories
  0%|          | 0/30 [00:00<?, ?it/s]  3%|▎         | 1/30 [00:00<00:09,  3.19it/s]  7%|▋         | 2/30 [00:00<00:10,  2.72it/s] 10%|█         | 3/30 [00:00<00:08,  3.23it/s] 13%|█▎        | 4/30 [00:01<00:11,  2.25it/s] 17%|█▋        | 5/30 [00:02<00:12,  1.99it/s] 20%|██        | 6/30 [00:02<00:11,  2.02it/s] 23%|██▎       | 7/30 [00:02<00:08,  2.61it/s] 30%|███       | 9/30 [00:03<00:06,  3.23it/s] 37%|███▋      | 11/30 [00:04<00:07,  2.64it/s] 47%|████▋     | 14/30 [00:04<00:04,  3.49it/s] 60%|██████    | 18/30 [00:04<00:02,  4.77it/s] 67%|██████▋   | 20/30 [00:04<00:01,  5.27it/s] 73%|███████▎  | 22/30 [00:05<00:01,  5.46it/s] 80%|████████  | 24/30 [00:05<00:01,  5.94it/s] 83%|████████▎ | 25/30 [00:05<00:01,  4.29it/s] 90%|█████████ | 27/30 [00:06<00:00,  4.68it/s] 93%|█████████▎| 28/30 [00:06<00:00,  4.64it/s] 97%|█████████▋| 29/30 [00:06<00:00,  3.48it/s]100%|██████████| 30/30 [00:06<00:00,  4.31it/s]
  0%|          | 0/153 [00:00<?, ?it/s]INFO:__main__:Requesting https://stressgrid.com/blog/100k_cps_with_elixir/
INFO:__main__:Getting metadata for https://stressgrid.com/blog/100k_cps_with_elixir/
  1%|          | 1/153 [00:00<00:25,  5.91it/s]INFO:__main__:Requesting https://gitlab.com/stressgrid/stressgrid
INFO:__main__:Getting metadata for https://gitlab.com/stressgrid/stressgrid
  1%|▏         | 2/153 [00:01<01:09,  2.17it/s]INFO:__main__:Requesting https://www.ageofascent.com/2019/02/04/asp-net-core-saturating-10gbe-at-7-million-requests-per-second/
INFO:__main__:Getting metadata for https://www.ageofascent.com/2019/02/04/asp-net-core-saturating-10gbe-at-7-million-requests-per-second/
  2%|▏         | 3/153 [00:01<01:15,  1.98it/s]INFO:__main__:Requesting https://code.google.com/archive/p/coev/
INFO:__main__:Getting metadata for https://code.google.com/archive/p/coev/
  3%|▎         | 4/153 [00:02<01:01,  2.42it/s]INFO:__main__:Requesting https://www.latimes.com/business/lazarus/la-fi-lazarus-glasses-lenscrafters-luxottica-monopoly-20190305-story.html
INFO:__main__:Getting metadata for https://www.latimes.com/business/lazarus/la-fi-lazarus-glasses-lenscrafters-luxottica-monopoly-20190305-story.html
  3%|▎         | 5/153 [00:02<00:55,  2.68it/s]INFO:__main__:Requesting https://en.wikipedia.org/wiki/Parable_of_the_broken_window
INFO:__main__:Getting metadata for https://en.wikipedia.org/wiki/Parable_of_the_broken_window
  4%|▍         | 6/153 [00:03<01:22,  1.78it/s]INFO:__main__:Requesting http://www.luxottica.com/en/record-2017-net-profits-and-free-cash-flow-over-one-billion-euro
INFO:__main__:Getting metadata for http://www.luxottica.com/en/record-2017-net-profits-and-free-cash-flow-over-one-billion-euro
  5%|▍         | 7/153 [00:04<01:32,  1.58it/s]INFO:__main__:Requesting https://www.jins.com/us/
INFO:__main__:Getting metadata for https://www.jins.com/us/
  5%|▌         | 8/153 [00:05<01:47,  1.34it/s]INFO:__main__:Requesting https://about.bnef.com/blog/behind-scenes-take-lithium-ion-battery-prices/?sf99535078=1
INFO:__main__:Getting metadata for https://about.bnef.com/blog/behind-scenes-take-lithium-ion-battery-prices/?sf99535078=1
  6%|▌         | 9/153 [00:05<01:29,  1.61it/s]INFO:__main__:Requesting https://twitter.com/elonmusk/status/1006968985760366592
INFO:__main__:Getting metadata for https://twitter.com/elonmusk/status/1006968985760366592
  7%|▋         | 10/153 [00:06<01:48,  1.31it/s]INFO:__main__:Requesting https://pandasauce.org/post/linux-fonts/
INFO:__main__:Getting metadata for https://pandasauce.org/post/linux-fonts/
  7%|▋         | 11/153 [00:07<02:04,  1.14it/s]INFO:__main__:Requesting https://damieng.com/blog/2007/06/13/font-rendering-philosophies-of-windows-and-mac-os-x
INFO:__main__:Getting metadata for https://damieng.com/blog/2007/06/13/font-rendering-philosophies-of-windows-and-mac-os-x
  8%|▊         | 12/153 [00:08<01:57,  1.20it/s]INFO:__main__:Requesting https://archive.nytimes.com/www.nytimes.com/library/tech/98/12/biztech/articles/07microsoft-flat.html
INFO:__main__:Getting metadata for https://archive.nytimes.com/www.nytimes.com/library/tech/98/12/biztech/articles/07microsoft-flat.html
  8%|▊         | 13/153 [00:08<01:42,  1.37it/s]INFO:__main__:Requesting https://www.grc.com/ctwho.htm
INFO:__main__:Getting metadata for https://www.grc.com/ctwho.htm
  9%|▉         | 14/153 [00:11<02:51,  1.24s/it]INFO:__main__:Requesting https://alistapart.com/column/font-hinting-and-the-future-of-responsive-typography
INFO:__main__:Getting metadata for https://alistapart.com/column/font-hinting-and-the-future-of-responsive-typography
 10%|▉         | 15/153 [00:11<02:09,  1.07it/s]INFO:__main__:Requesting https://en.wikipedia.org/wiki/ClearType#cite_note-Word-3
INFO:__main__:Getting metadata for https://en.wikipedia.org/wiki/ClearType#cite_note-Word-3
 10%|█         | 16/153 [00:12<02:23,  1.05s/it]INFO:__main__:Requesting https://blogs.msdn.microsoft.com/murrays/2014/05/31/crisp-text-display/
INFO:__main__:Getting metadata for https://blogs.msdn.microsoft.com/murrays/2014/05/31/crisp-text-display/
 11%|█         | 17/153 [00:13<01:55,  1.18it/s]INFO:__main__:Requesting https://docs.microsoft.com/en-us/typography/tools/vtt/index
INFO:__main__:Getting metadata for https://docs.microsoft.com/en-us/typography/tools/vtt/index
 12%|█▏        | 18/153 [00:13<01:39,  1.36it/s]INFO:__main__:Requesting http://www.antigrain.com/research/font_rasterization/
INFO:__main__:Getting metadata for http://www.antigrain.com/research/font_rasterization/
 12%|█▏        | 19/153 [00:14<01:44,  1.28it/s]INFO:__main__:Requesting https://en.wikipedia.org/wiki/Core_fonts_for_the_Web
INFO:__main__:Getting metadata for https://en.wikipedia.org/wiki/Core_fonts_for_the_Web
 13%|█▎        | 20/153 [00:15<01:55,  1.15it/s]INFO:__main__:Requesting https://lists.debian.org/debian-devel/2019/03/msg00017.html
INFO:__main__:Getting metadata for https://lists.debian.org/debian-devel/2019/03/msg00017.html
 14%|█▎        | 21/153 [00:18<02:53,  1.32s/it]INFO:__main__:Requesting https://reproducible-builds.org/
INFO:__main__:Getting metadata for https://reproducible-builds.org
 14%|█▍        | 22/153 [00:20<03:42,  1.70s/it]INFO:__main__:Requesting https://gitian.org/
INFO:__main__:Getting metadata for https://gitian.org
 15%|█▌        | 23/153 [00:21<02:57,  1.37s/it]INFO:__main__:Requesting https://bugs.debian.org/cgi-bin/bugreport.cgi?bug=786909
INFO:__main__:Getting metadata for https://bugs.debian.org/cgi-bin/bugreport.cgi?bug=786909
 16%|█▌        | 24/153 [00:27<05:46,  2.69s/it]INFO:__main__:Requesting https://try.diffoscope.org/
INFO:__main__:Getting metadata for https://try.diffoscope.org
 16%|█▋        | 25/153 [00:29<05:32,  2.59s/it]INFO:__main__:Requesting https://ssl.engineering.nyu.edu/blog/2019-01-18-in-toto-paris
INFO:__main__:Getting metadata for https://ssl.engineering.nyu.edu/blog/2019-01-18-in-toto-paris
 17%|█▋        | 26/153 [00:30<04:45,  2.25s/it]INFO:__main__:Requesting https://salsa.debian.org/reproducible-builds/debian-rebuilder-setup
INFO:__main__:Getting metadata for https://salsa.debian.org/reproducible-builds/debian-rebuilder-setup
 18%|█▊        | 27/153 [00:32<04:14,  2.02s/it]INFO:__main__:Requesting https://github.com/in-toto/apt-transport-in-toto
INFO:__main__:Getting metadata for https://github.com/in-toto/apt-transport-in-toto
 18%|█▊        | 28/153 [00:33<03:45,  1.80s/it]INFO:__main__:Requesting https://reproducible-builds.org/docs/sharing-certifications/
INFO:__main__:Getting metadata for https://reproducible-builds.org/docs/sharing-certifications/
 19%|█▉        | 29/153 [00:36<04:10,  2.02s/it]INFO:__main__:Requesting https://verification.f-droid.org
INFO:__main__:Getting metadata for https://verification.f-droid.org
 20%|█▉        | 30/153 [01:37<40:39, 19.84s/it]INFO:__main__:Requesting https://blog.netbsd.org/tnf/entry/netbsd_fully_reproducible_builds
INFO:__main__:Getting metadata for https://blog.netbsd.org/tnf/entry/netbsd_fully_reproducible_builds
 20%|██        | 31/153 [01:39<29:26, 14.48s/it]INFO:__main__:Requesting https://tests.reproducible-builds.org/netbsd/netbsd.html
INFO:__main__:Getting metadata for https://tests.reproducible-builds.org/netbsd/netbsd.html
 21%|██        | 32/153 [01:42<22:06, 10.96s/it]INFO:__main__:Requesting https://tests.reproducible-builds.org/debian/reproducible.html
INFO:__main__:Getting metadata for https://tests.reproducible-builds.org/debian/reproducible.html
 22%|██▏       | 33/153 [01:44<16:53,  8.45s/it]INFO:__main__:Requesting https://tests.reproducible-builds.org/archlinux/archlinux.html
INFO:__main__:Getting metadata for https://tests.reproducible-builds.org/archlinux/archlinux.html
 22%|██▏       | 34/153 [01:47<13:14,  6.67s/it]INFO:__main__:Requesting https://github.com/NixOS/nixpkgs/issues/9731
INFO:__main__:Getting metadata for https://github.com/NixOS/nixpkgs/issues/9731
 23%|██▎       | 35/153 [01:49<10:19,  5.25s/it]INFO:__main__:Requesting https://r13y.com/
INFO:__main__:Getting metadata for https://r13y.com
 24%|██▎       | 36/153 [01:49<07:28,  3.84s/it]INFO:__main__:Requesting https://wiki.debian.org/ReproducibleBuilds/Howto#Identified_problems.2C_and_possible_solutions
INFO:__main__:Getting metadata for https://wiki.debian.org/ReproducibleBuilds/Howto#Identified_problems.2C_and_possible_solutions
 24%|██▍       | 37/153 [01:56<08:44,  4.52s/it]INFO:__main__:Requesting https://reproducible-builds.org/docs/
INFO:__main__:Getting metadata for https://reproducible-builds.org/docs/
 25%|██▍       | 38/153 [01:58<07:30,  3.92s/it]INFO:__main__:Requesting https://en.wikipedia.org/wiki/Reproducible_builds
INFO:__main__:Getting metadata for https://en.wikipedia.org/wiki/Reproducible_builds
 25%|██▌       | 39/153 [01:59<05:32,  2.92s/it]INFO:__main__:Requesting https://wiki.debian.org/ReproducibleBuilds
INFO:__main__:Getting metadata for https://wiki.debian.org/ReproducibleBuilds
 26%|██▌       | 40/153 [02:05<07:35,  4.03s/it]INFO:__main__:Requesting https://www.win.tue.nl/~aeb/linux/hh/thompson/trust.html
INFO:__main__:Getting metadata for https://www.win.tue.nl/~aeb/linux/hh/thompson/trust.html
 27%|██▋       | 41/153 [02:08<06:34,  3.52s/it]INFO:__main__:Requesting https://jepsen.io/analyses/faunadb-2.5.4
INFO:__main__:Getting metadata for https://jepsen.io/analyses/faunadb-2.5.4
 27%|██▋       | 42/153 [02:09<05:04,  2.74s/it]INFO:__main__:Requesting https://fauna.com/blog/faunadbs-official-jepsen-results
INFO:__main__:Getting metadata for https://fauna.com/blog/faunadbs-official-jepsen-results
 28%|██▊       | 43/153 [02:09<03:47,  2.07s/it]INFO:__main__:Requesting https://fauna.com/blog/consistency-without-clocks-faunadb-transaction-protocol
INFO:__main__:Getting metadata for https://fauna.com/blog/consistency-without-clocks-faunadb-transaction-protocol
 29%|██▉       | 44/153 [02:10<02:53,  1.59s/it]INFO:__main__:Requesting https://publicslack.com/slacks/fauna-community/invites/new
INFO:__main__:Getting metadata for https://publicslack.com/slacks/fauna-community/invites/new
 29%|██▉       | 45/153 [02:12<03:26,  1.91s/it]INFO:__main__:Requesting http://dbmsmusings.blogspot.com/2019/01/its-time-to-move-on-from-two-phase.html
INFO:__main__:Getting metadata for http://dbmsmusings.blogspot.com/2019/01/its-time-to-move-on-from-two-phase.html
 30%|███       | 46/153 [02:12<02:30,  1.41s/it]INFO:__main__:Requesting https://www.voltdb.com/product/data-architecture/no-wait-design/
INFO:__main__:Getting metadata for https://www.voltdb.com/product/data-architecture/no-wait-design/
 31%|███       | 47/153 [02:14<02:31,  1.43s/it]INFO:__main__:Requesting https://introtcs.org
INFO:__main__:Getting metadata for https://introtcs.org/public/index.html
 31%|███▏      | 48/153 [02:14<01:59,  1.14s/it]INFO:__main__:Requesting https://ocw.mit.edu/courses/electrical-engineering-and-computer-science/
INFO:__main__:Getting metadata for https://ocw.mit.edu/courses/electrical-engineering-and-computer-science/
 32%|███▏      | 49/153 [02:16<02:27,  1.42s/it]INFO:__main__:Requesting https://m.youtube.com/playlist?list=PLm3J0oaFux3aafQm568blS9blxtA_EWQv
INFO:__main__:Getting metadata for https://www.youtube.com/playlist?list=PLm3J0oaFux3aafQm568blS9blxtA_EWQv&app=desktop
 33%|███▎      | 50/153 [02:17<02:06,  1.23s/it]INFO:__main__:Requesting http://pandoc.org/
INFO:__main__:Getting metadata for http://pandoc.org
 33%|███▎      | 51/153 [02:18<01:45,  1.03s/it]INFO:__main__:Requesting http://scorreia.com/software/panflute/
INFO:__main__:Getting metadata for http://scorreia.com/software/panflute/
 34%|███▍      | 52/153 [02:19<01:40,  1.01it/s]INFO:__main__:Requesting https://www.gitbook.com/
INFO:__main__:Getting metadata for https://www.gitbook.com
 35%|███▍      | 53/153 [02:19<01:27,  1.15it/s]INFO:__main__:Requesting https://bookdown.org/
INFO:__main__:Getting metadata for https://bookdown.org/home/
 35%|███▌      | 54/153 [02:20<01:19,  1.25it/s]INFO:__main__:Requesting https://www.ycombinator.com/companies/?batch=w2019
INFO:__main__:Getting metadata for https://www.ycombinator.com/companies/?batch=w2019
 36%|███▌      | 55/153 [02:21<01:25,  1.14it/s]INFO:__main__:Requesting https://pomodoro-80211.firebaseapp.com/
INFO:__main__:Getting metadata for https://pomodoro-80211.firebaseapp.com
 37%|███▋      | 56/153 [02:21<01:08,  1.42it/s]INFO:__main__:Requesting http://calnewport.com
INFO:__main__:Getting metadata for http://calnewport.com
 37%|███▋      | 57/153 [02:28<04:02,  2.52s/it]INFO:__main__:Requesting https://github.com/PolymerElements/app-layout/tree/master/app-drawer
INFO:__main__:Getting metadata for https://github.com/PolymerElements/app-layout/tree/master/app-drawer
 38%|███▊      | 58/153 [02:29<03:05,  1.96s/it]INFO:__main__:Requesting https://github.com/apas/pomodoro
INFO:__main__:Getting metadata for https://github.com/apas/pomodoro
 39%|███▊      | 59/153 [02:30<02:45,  1.76s/it]INFO:__main__:Requesting https://deepwork.me/
INFO:__main__:Getting metadata for https://deepwork.me
 39%|███▉      | 60/153 [02:30<02:02,  1.32s/it]INFO:__main__:Requesting https://github.com/samueljun/tomato-clock
INFO:__main__:Getting metadata for https://github.com/samueljun/tomato-clock
 40%|███▉      | 61/153 [02:31<01:49,  1.19s/it]INFO:__main__:Requesting https://githubengineering.com/vulcanizer-a-library-for-elasticsearch/
INFO:__main__:Getting metadata for https://githubengineering.com/vulcanizer-a-library-for-elasticsearch/
 41%|████      | 62/153 [02:31<01:20,  1.13it/s]INFO:__main__:Requesting https://informeddelivery.usps.com/box/pages/intro/start.action
INFO:__main__:Getting metadata for https://informeddelivery.usps.com/box/pages/intro/start.action
 41%|████      | 63/153 [02:32<01:20,  1.12it/s]INFO:__main__:Requesting https://krebsonsecurity.com/2018/11/u-s-secret-service-warns-id-thieves-are-abusing-uspss-mail-scanning-service/
INFO:__main__:Getting metadata for https://krebsonsecurity.com/2018/11/u-s-secret-service-warns-id-thieves-are-abusing-uspss-mail-scanning-service/
 42%|████▏     | 64/153 [02:36<02:42,  1.82s/it]INFO:__main__:Requesting https://www.nytimes.com/2013/07/04/us/monitoring-of-snail-mail.html
INFO:__main__:Getting metadata for https://www.nytimes.com/2013/07/04/us/monitoring-of-snail-mail.html
 42%|████▏     | 65/153 [02:36<01:59,  1.35s/it]INFO:__main__:Requesting https://en.m.wikipedia.org/wiki/Mail_Isolation_Control_and_Tracking
INFO:__main__:Getting metadata for https://en.m.wikipedia.org/wiki/Mail_Isolation_Control_and_Tracking
 43%|████▎     | 66/153 [02:37<01:41,  1.17s/it]INFO:__main__:Requesting https://www.rstreet.org/2014/11/19/yes-the-government-can-open-your-mail-without-a-warrant/
INFO:__main__:Getting metadata for https://www.rstreet.org/2014/11/19/yes-the-government-can-open-your-mail-without-a-warrant/
 44%|████▍     | 67/153 [02:38<01:21,  1.06it/s]INFO:__main__:Requesting https://eng.uber.com/introducing-kraken/
INFO:__main__:Getting metadata for https://eng.uber.com/introducing-kraken/
 44%|████▍     | 68/153 [02:38<00:59,  1.43it/s]INFO:__main__:Requesting https://www.google.com/search?q=kraken+docs
INFO:__main__:Getting metadata for https://www.google.com/search?q=kraken+docs
 45%|████▌     | 69/153 [02:40<01:25,  1.01s/it]INFO:__main__:Requesting https://www.nytimes.com/2019/03/04/opinion/exponential-language-math.html
INFO:__main__:Getting metadata for https://www.nytimes.com/2019/03/04/opinion/exponential-language-math.html
 46%|████▌     | 70/153 [02:40<01:04,  1.29it/s]INFO:__main__:Requesting https://www.latimes.com/business/technology/la-fi-tn-simcity-inspired-urban-planners-20190305-story.html
INFO:__main__:Getting metadata for https://www.latimes.com/business/technology/la-fi-tn-simcity-inspired-urban-planners-20190305-story.html
 46%|████▋     | 71/153 [02:40<00:55,  1.48it/s]INFO:__main__:Requesting https://en.wikipedia.org/wiki/General_Motors_streetcar_conspiracy
INFO:__main__:Getting metadata for https://en.wikipedia.org/wiki/General_Motors_streetcar_conspiracy
 47%|████▋     | 72/153 [02:42<01:14,  1.08it/s]INFO:__main__:Requesting https://www.youtube.com/watch?v=LUQaCoxybW8
INFO:__main__:Getting metadata for https://www.youtube.com/watch?v=LUQaCoxybW8
 48%|████▊     | 73/153 [02:43<01:14,  1.07it/s]INFO:__main__:Requesting https://blog.scrapinghub.com/spidermon-scrapy-spider-monitoring
INFO:__main__:Getting metadata for https://blog.scrapinghub.com/spidermon-scrapy-spider-monitoring
 48%|████▊     | 74/153 [02:43<00:58,  1.34it/s]INFO:__main__:Requesting https://github.com/serpapi/test-knowledge-graph-desktop/tree/master/spec
INFO:__main__:Getting metadata for https://github.com/serpapi/test-knowledge-graph-desktop/tree/master/spec
 49%|████▉     | 75/153 [02:44<00:54,  1.43it/s]INFO:__main__:Requesting https://travis-ci.org/serpapi/test-knowledge-graph-desktop
INFO:__main__:Getting metadata for https://travis-ci.org/serpapi/test-knowledge-graph-desktop
 50%|████▉     | 76/153 [02:44<00:55,  1.39it/s]INFO:__main__:Requesting https://github.com/serpapi/test-organic-results-desktop/tree/master/spec
INFO:__main__:Getting metadata for https://github.com/serpapi/test-organic-results-desktop/tree/master/spec
 50%|█████     | 77/153 [02:45<00:53,  1.42it/s]INFO:__main__:Requesting https://travis-ci.org/serpapi/test-organic-results-desktop
INFO:__main__:Getting metadata for https://travis-ci.org/serpapi/test-organic-results-desktop
 51%|█████     | 78/153 [02:46<00:53,  1.40it/s]INFO:__main__:Requesting https://github.com/serpapi/test-news-results-desktop/blob/master/spec/news_results_trump_spec.rb
INFO:__main__:Getting metadata for https://github.com/serpapi/test-news-results-desktop/blob/master/spec/news_results_trump_spec.rb
 52%|█████▏    | 79/153 [02:47<00:56,  1.30it/s]INFO:__main__:Requesting https://travis-ci.org/serpapi/test-news-results-desktop
INFO:__main__:Getting metadata for https://travis-ci.org/serpapi/test-news-results-desktop
 52%|█████▏    | 80/153 [02:47<00:55,  1.31it/s]INFO:__main__:Requesting https://www.reddit.com/r/webdev/comments/8a2zx9/weve_just_launch_serpapi_a_google_search_results/?st=jsw38bhf&sh=550f8e7c
INFO:__main__:Getting metadata for https://www.reddit.com/r/webdev/comments/8a2zx9/weve_just_launch_serpapi_a_google_search_results/?st=jsw38bhf&sh=550f8e7c
 53%|█████▎    | 81/153 [02:48<00:58,  1.23it/s]INFO:__main__:Requesting https://www.nytimes.com/2019/03/05/opinion/oppression-majority.html
INFO:__main__:Getting metadata for https://www.nytimes.com/2019/03/05/opinion/oppression-majority.html
 54%|█████▎    | 82/153 [02:48<00:44,  1.58it/s]INFO:__main__:Requesting https://www.zenhub.com/blog/zenhub-reporting-suite-github-insights
INFO:__main__:Getting metadata for https://www.zenhub.com/blog/zenhub-reporting-suite-github-insights/
 54%|█████▍    | 83/153 [02:49<00:40,  1.72it/s]INFO:__main__:Requesting https://seabed2030.gebco.net/
INFO:__main__:Getting metadata for https://seabed2030.gebco.net
 55%|█████▍    | 84/153 [02:51<01:14,  1.08s/it]INFO:__main__:Requesting https://en.wikipedia.org/wiki/Lambda_cube
INFO:__main__:Getting metadata for https://en.wikipedia.org/wiki/Lambda_cube
 56%|█████▌    | 85/153 [02:53<01:20,  1.19s/it]INFO:__main__:Requesting https://en.wikipedia.org/wiki/Pure_type_system
INFO:__main__:Getting metadata for https://en.wikipedia.org/wiki/Pure_type_system
 56%|█████▌    | 86/153 [02:53<01:08,  1.02s/it]INFO:__main__:Requesting http://wiki.c2.com/?ClosuresAndObjectsAreEquivalent
INFO:__main__:Getting metadata for http://wiki.c2.com/?ClosuresAndObjectsAreEquivalent
 57%|█████▋    | 87/153 [02:53<00:51,  1.29it/s]INFO:__main__:Requesting https://en.m.wikipedia.org/wiki/Mathematical_object
INFO:__main__:Getting metadata for https://en.m.wikipedia.org/wiki/Mathematical_object
 58%|█████▊    | 88/153 [02:54<00:49,  1.31it/s]INFO:__main__:Requesting https://commons.wikimedia.org/wiki/File:Commutative_diagram_of_harmonic_wave_properties.svg
INFO:__main__:Getting metadata for https://commons.wikimedia.org/wiki/File:Commutative_diagram_of_harmonic_wave_properties.svg
 58%|█████▊    | 89/153 [02:55<00:53,  1.20it/s]INFO:__main__:Requesting https://en.wikipedia.org/w/index.php?title=Time_Cube&oldid=885383984
INFO:__main__:Getting metadata for https://en.wikipedia.org/w/index.php?title=Time_Cube&oldid=885383984
 59%|█████▉    | 90/153 [02:57<01:09,  1.10s/it]INFO:__main__:Requesting https://ti.mecu.be/
INFO:__main__:Getting metadata for https://ti.mecu.be
 59%|█████▉    | 91/153 [03:02<02:29,  2.41s/it]INFO:__main__:Requesting https://www.youtube.com/watch?v=H7lWCqbgQnU
INFO:__main__:Getting metadata for https://www.youtube.com/watch?v=H7lWCqbgQnU
 60%|██████    | 92/153 [03:03<01:59,  1.95s/it]INFO:__main__:Requesting https://gist.github.com/munificent/b1bcd969063da3e6c298be070a22b604
INFO:__main__:Getting metadata for https://gist.github.com/munificent/b1bcd969063da3e6c298be070a22b604
 61%|██████    | 93/153 [03:04<01:40,  1.67s/it]INFO:__main__:Requesting https://gist.github.com/munificent/b1bcd969063da3e6c298be070a22b604#gistcomment-2854606
INFO:__main__:Getting metadata for https://gist.github.com/munificent/b1bcd969063da3e6c298be070a22b604#gistcomment-2854606
 61%|██████▏   | 94/153 [03:05<01:24,  1.44s/it]INFO:__main__:Requesting https://gist.github.com/airstrike/66e0152e75c3a81fd1496bfbf590105a
INFO:__main__:Getting metadata for https://gist.github.com/airstrike/66e0152e75c3a81fd1496bfbf590105a
 62%|██████▏   | 95/153 [03:06<01:10,  1.21s/it]INFO:__main__:Requesting http://gameprogrammingpatterns.com/
INFO:__main__:Getting metadata for http://gameprogrammingpatterns.com
 63%|██████▎   | 96/153 [03:07<01:03,  1.11s/it]INFO:__main__:Requesting http://www.craftinginterpreters.com/
INFO:__main__:Getting metadata for http://www.craftinginterpreters.com
 63%|██████▎   | 97/153 [03:08<00:57,  1.02s/it]INFO:__main__:Requesting https://en.wikipedia.org/wiki/Reservoir_sampling#Algorithm_R
INFO:__main__:Getting metadata for https://en.wikipedia.org/wiki/Reservoir_sampling#Algorithm_R
 64%|██████▍   | 98/153 [03:09<01:00,  1.11s/it]INFO:__main__:Requesting https://gitlab.com/snippets/1832264
INFO:__main__:Getting metadata for https://gitlab.com/snippets/1832264
 65%|██████▍   | 99/153 [03:09<00:51,  1.05it/s]INFO:__main__:Requesting https://gist.github.com/munificent/ce8f7a9e6b09938ca8d2d43fa62f9864
INFO:__main__:Getting metadata for https://gist.github.com/munificent/ce8f7a9e6b09938ca8d2d43fa62f9864
 65%|██████▌   | 100/153 [03:10<00:47,  1.11it/s]INFO:__main__:Requesting https://gist.github.com/femto113/28f69626acddc70a002ecead0b311da4
INFO:__main__:Getting metadata for https://gist.github.com/femto113/28f69626acddc70a002ecead0b311da4
 66%|██████▌   | 101/153 [03:11<00:40,  1.27it/s]INFO:__main__:Requesting https://gist.github.com/ctsrc/fef3006e1d728bb7271cff0656eb0280#file-dungeon-c
INFO:__main__:Getting metadata for https://gist.github.com/ctsrc/fef3006e1d728bb7271cff0656eb0280#file-dungeon-c
 67%|██████▋   | 102/153 [03:11<00:37,  1.38it/s]INFO:__main__:Requesting http://angband.oook.cz/stuff/manual.txt
INFO:__main__:Getting metadata for http://angband.oook.cz/stuff/manual.txt
 67%|██████▋   | 103/153 [03:17<01:43,  2.07s/it]INFO:__main__:Requesting https://gist.github.com/ctsrc/fef3006e1d728bb7271cff0656eb0280/14375eb385e48947999bb370dbcd514f0041ee4c
INFO:__main__:Getting metadata for https://gist.github.com/ctsrc/fef3006e1d728bb7271cff0656eb0280/14375eb385e48947999bb370dbcd514f0041ee4c
 68%|██████▊   | 104/153 [03:17<01:22,  1.68s/it]INFO:__main__:Requesting https://gist.github.com/ctsrc/fef3006e1d728bb7271cff0656eb0280
INFO:__main__:Getting metadata for https://gist.github.com/ctsrc/fef3006e1d728bb7271cff0656eb0280
 69%|██████▊   | 105/153 [03:18<01:06,  1.39s/it]INFO:__main__:Requesting https://www.a1k0n.net/2011/07/20/donut-math.html
INFO:__main__:Getting metadata for https://www.a1k0n.net/2011/07/20/donut-math.html
 69%|██████▉   | 106/153 [03:18<00:49,  1.05s/it]INFO:__main__:Requesting http://tromp.github.io/pearls.html#maze
INFO:__main__:Getting metadata for http://tromp.github.io/pearls.html#maze
 70%|██████▉   | 107/153 [03:18<00:36,  1.25it/s]INFO:__main__:Requesting http://ioccc.org
INFO:__main__:Getting metadata for http://ioccc.org
 71%|███████   | 108/153 [03:19<00:32,  1.38it/s]INFO:__main__:Requesting https://imgur.com/a/p1QQosK
INFO:__main__:Getting metadata for https://imgur.com/a/p1QQosK
 71%|███████   | 109/153 [03:19<00:28,  1.55it/s]INFO:__main__:Requesting https://twitter.com/munificentbob/status/1101903466111283200
INFO:__main__:Getting metadata for https://twitter.com/munificentbob/status/1101903466111283200
 72%|███████▏  | 110/153 [03:21<00:34,  1.26it/s]INFO:__main__:Requesting https://github.com/anekix/dungeon-generator
INFO:__main__:Getting metadata for https://github.com/anekix/dungeon-generator
 73%|███████▎  | 111/153 [03:22<00:37,  1.11it/s]INFO:__main__:Requesting https://gen.studio/
INFO:__main__:Getting metadata for https://gen.studio
 73%|███████▎  | 112/153 [03:22<00:30,  1.35it/s]INFO:__main__:Requesting https://www.microsoft.com/inculture/arts/met-microsoft-mit-ai-open-access-hack/
INFO:__main__:Getting metadata for https://www.microsoft.com/inculture/arts/met-microsoft-mit-ai-open-access-hack/
 74%|███████▍  | 113/153 [03:23<00:26,  1.50it/s]INFO:__main__:Requesting http://doc.cat-v.org/bell_labs/utah2000/
INFO:__main__:Getting metadata for http://doc.cat-v.org/bell_labs/utah2000/
 75%|███████▍  | 114/153 [03:25<00:47,  1.22s/it]INFO:__main__:Requesting http://sigops.org/s/conferences/sosp/2015/current/index.html
INFO:__main__:Getting metadata for http://sigops.org/s/conferences/sosp/2015/current/index.html
 75%|███████▌  | 115/153 [03:32<01:49,  2.88s/it]INFO:__main__:Requesting https://www.usenix.org/conference/osdi18/technical-sessions
INFO:__main__:Getting metadata for https://www.usenix.org/conference/osdi18/technical-sessions
 76%|███████▌  | 116/153 [03:32<01:20,  2.18s/it]INFO:__main__:Requesting https://blog.openai.com/neural-mmo/
INFO:__main__:Getting metadata for https://blog.openai.com/neural-mmo/
 76%|███████▋  | 117/153 [03:33<01:02,  1.74s/it]INFO:__main__:Requesting https://github.com/Microsoft/malmo#getting-started
INFO:__main__:Getting metadata for https://github.com/Microsoft/malmo#getting-started
 77%|███████▋  | 118/153 [03:34<00:53,  1.52s/it]INFO:__main__:Requesting https://www.microsoft.com/en-us/research/project/project-malmo/
INFO:__main__:Getting metadata for https://www.microsoft.com/en-us/research/project/project-malmo/
 78%|███████▊  | 119/153 [03:35<00:47,  1.40s/it]INFO:__main__:Requesting https://nicepage.com/doc/article/20348/web-design-3-0-when-your-web-design-really-matters
INFO:__main__:Getting metadata for https://nicepage.com/doc/article/20348/web-design-3-0-when-your-web-design-really-matters
 78%|███████▊  | 120/153 [03:39<01:10,  2.13s/it]INFO:__main__:Requesting https://lawsofux.com/jakobs-law
INFO:__main__:Getting metadata for https://lawsofux.com/jakobs-law
 79%|███████▉  | 121/153 [03:39<00:50,  1.57s/it]INFO:__main__:Requesting https://nicepage.com/templates
INFO:__main__:Getting metadata for https://nicepage.com/templates
 80%|███████▉  | 122/153 [03:41<00:49,  1.60s/it]INFO:__main__:Requesting https://nicepage.com/Content/BundledScripts/main-libs.js
INFO:__main__:Getting metadata for https://nicepage.com/Content/BundledScripts/main-libs.js
 80%|████████  | 123/153 [04:16<05:49, 11.64s/it]INFO:__main__:Requesting https://nicepage.com/Content/BundledScripts/main-libs.css
INFO:__main__:Getting metadata for https://nicepage.com/Content/BundledScripts/main-libs.css
 81%|████████  | 124/153 [04:20<04:26,  9.20s/it]INFO:__main__:Requesting https://www.webpagetest.org/result/190305_4Y_ff1823195f2beddbf357583bcfe13ceb/
INFO:__main__:Getting metadata for https://www.webpagetest.org/result/190305_4Y_ff1823195f2beddbf357583bcfe13ceb/
 82%|████████▏ | 125/153 [04:20<03:07,  6.68s/it]INFO:__main__:Requesting https://imgur.com/a/wjcnuXh
INFO:__main__:Getting metadata for https://imgur.com/a/wjcnuXh
 82%|████████▏ | 126/153 [04:21<02:09,  4.81s/it]INFO:__main__:Requesting https://roadsandkingdoms.com/2019/japanese-love-hotels-toko-sekiguchi/
INFO:__main__:Getting metadata for https://roadsandkingdoms.com/2019/japanese-love-hotels-toko-sekiguchi/
 83%|████████▎ | 127/153 [04:21<01:31,  3.52s/it]INFO:__main__:Requesting https://itnext.io/nodejs-logging-made-right-117a19e8b4ce
INFO:__main__:Getting metadata for https://itnext.io/nodejs-logging-made-right-117a19e8b4ce?gi=f73ab0911195
 84%|████████▎ | 128/153 [04:23<01:11,  2.85s/it]INFO:__main__:Requesting https://cabinjs.com
INFO:__main__:Getting metadata for https://cabinjs.com
 84%|████████▍ | 129/153 [04:23<00:50,  2.11s/it]INFO:__main__:Requesting https://github.com/tj/co
INFO:__main__:Getting metadata for https://github.com/tj/co
 85%|████████▍ | 130/153 [04:24<00:40,  1.74s/it]INFO:__main__:Requesting https://github.com/bmeurer/async-hooks-performance-impact/blob/master/README.md
INFO:__main__:Getting metadata for https://github.com/bmeurer/async-hooks-performance-impact/blob/master/README.md
 86%|████████▌ | 131/153 [04:25<00:32,  1.46s/it]INFO:__main__:Requesting https://docs.google.com/document/d/1y4lF-iQhhuSOgzlPIBbfCT4IUpg-in3az5Q87C7aY3Q
INFO:__main__:Getting metadata for https://docs.google.com/document/d/1y4lF-iQhhuSOgzlPIBbfCT4IUpg-in3az5Q87C7aY3Q/edit
 86%|████████▋ | 132/153 [04:26<00:29,  1.43s/it]INFO:__main__:Requesting https://github.com/angular/zone.js/
INFO:__main__:Getting metadata for https://github.com/angular/zone.js/
 87%|████████▋ | 133/153 [04:27<00:27,  1.36s/it]INFO:__main__:Requesting https://github.com/stritti/log4js
INFO:__main__:Getting metadata for https://github.com/stritti/log4js
 88%|████████▊ | 134/153 [04:28<00:22,  1.20s/it]INFO:__main__:Requesting https://www.theguardian.com/science/2019/mar/05/sleep-helps-to-repair-damaged-dna-in-neurons-scientists-find
INFO:__main__:Getting metadata for https://www.theguardian.com/science/2019/mar/05/sleep-helps-to-repair-damaged-dna-in-neurons-scientists-find
 88%|████████▊ | 135/153 [04:29<00:17,  1.05it/s]INFO:__main__:Requesting https://en.wikipedia.org/wiki/Retina#Inverted_versus_non-inverted_retina
INFO:__main__:Getting metadata for https://en.wikipedia.org/wiki/Retina#Inverted_versus_non-inverted_retina
 89%|████████▉ | 136/153 [04:30<00:20,  1.18s/it]INFO:__main__:Requesting https://en.wikipedia.org/wiki/Recurrent_laryngeal_nerve
INFO:__main__:Getting metadata for https://en.wikipedia.org/wiki/Recurrent_laryngeal_nerve
 90%|████████▉ | 137/153 [04:31<00:18,  1.15s/it]INFO:__main__:Requesting http://blog.eternalvigilance.me/wp-content/uploads/2013/04/giraffe-recurrent-laryngeal-nerve.png
INFO:__main__:Getting metadata for http://blog.eternalvigilance.me/wp-content/uploads/2013/04/giraffe-recurrent-laryngeal-nerve.png
 90%|█████████ | 138/153 [04:52<01:45,  7.04s/it]INFO:__main__:Requesting https://www.livescience.com/44822-how-do-dolphins-sleep.html
INFO:__main__:Getting metadata for https://www.livescience.com/44822-how-do-dolphins-sleep.html
 91%|█████████ | 139/153 [04:53<01:13,  5.26s/it]INFO:__main__:Requesting https://en.m.wikipedia.org/wiki/Unihemispheric_slow-wave_sleep
INFO:__main__:Getting metadata for https://en.m.wikipedia.org/wiki/Unihemispheric_slow-wave_sleep
 92%|█████████▏| 140/153 [04:54<00:51,  3.96s/it]INFO:__main__:Requesting https://www.nature.com/articles/s41467-019-08806-w
INFO:__main__:Getting metadata for https://www.nature.com/articles/s41467-019-08806-w
 92%|█████████▏| 141/153 [04:57<00:45,  3.76s/it]INFO:__main__:Requesting http://www.computinghistory.org.uk/det/51620/Sinclair-ZX-Spectrum-Prototype/
INFO:__main__:Getting metadata for http://www.computinghistory.org.uk/det/51620/Sinclair-ZX-Spectrum-Prototype/
 93%|█████████▎| 142/153 [04:59<00:35,  3.25s/it]INFO:__main__:Requesting https://en.wikipedia.org/wiki/RAM_pack
INFO:__main__:Getting metadata for https://en.wikipedia.org/wiki/RAM_pack
 93%|█████████▎| 143/153 [05:00<00:24,  2.45s/it]INFO:__main__:Requesting https://web.archive.org/web/20110614170203/http://www.sincuser.f9.co.uk/018/hardwre.htm
INFO:__main__:Getting metadata for https://web.archive.org/web/20110614170203/http://www.sincuser.f9.co.uk/018/hardwre.htm
ERROR:__main__:Could not get metadata for https://web.archive.org/web/20110614170203/http://www.sincuser.f9.co.uk/018/hardwre.htm
Traceback (most recent call last):
  File "/home/travis/virtualenv/python3.6.3/lib/python3.6/site-packages/urllib3/connection.py", line 159, in _new_conn
    (self._dns_host, self.port), self.timeout, **extra_kw)
  File "/home/travis/virtualenv/python3.6.3/lib/python3.6/site-packages/urllib3/util/connection.py", line 80, in create_connection
    raise err
  File "/home/travis/virtualenv/python3.6.3/lib/python3.6/site-packages/urllib3/util/connection.py", line 70, in create_connection
    sock.connect(sa)
TimeoutError: [Errno 110] Connection timed out

During handling of the above exception, another exception occurred:

Traceback (most recent call last):
  File "/home/travis/virtualenv/python3.6.3/lib/python3.6/site-packages/urllib3/connectionpool.py", line 600, in urlopen
    chunked=chunked)
  File "/home/travis/virtualenv/python3.6.3/lib/python3.6/site-packages/urllib3/connectionpool.py", line 343, in _make_request
    self._validate_conn(conn)
  File "/home/travis/virtualenv/python3.6.3/lib/python3.6/site-packages/urllib3/connectionpool.py", line 839, in _validate_conn
    conn.connect()
  File "/home/travis/virtualenv/python3.6.3/lib/python3.6/site-packages/urllib3/connection.py", line 301, in connect
    conn = self._new_conn()
  File "/home/travis/virtualenv/python3.6.3/lib/python3.6/site-packages/urllib3/connection.py", line 168, in _new_conn
    self, "Failed to establish a new connection: %s" % e)
urllib3.exceptions.NewConnectionError: <urllib3.connection.VerifiedHTTPSConnection object at 0x7f11794864e0>: Failed to establish a new connection: [Errno 110] Connection timed out

During handling of the above exception, another exception occurred:

Traceback (most recent call last):
  File "/home/travis/virtualenv/python3.6.3/lib/python3.6/site-packages/requests/adapters.py", line 449, in send
    timeout=timeout
  File "/home/travis/virtualenv/python3.6.3/lib/python3.6/site-packages/urllib3/connectionpool.py", line 638, in urlopen
    _stacktrace=sys.exc_info()[2])
  File "/home/travis/virtualenv/python3.6.3/lib/python3.6/site-packages/urllib3/util/retry.py", line 398, in increment
    raise MaxRetryError(_pool, url, error or ResponseError(cause))
urllib3.exceptions.MaxRetryError: HTTPSConnectionPool(host='web.archive.org', port=443): Max retries exceeded with url: /web/20110614170203/http://www.sincuser.f9.co.uk/018/hardwre.htm (Caused by NewConnectionError('<urllib3.connection.VerifiedHTTPSConnection object at 0x7f11794864e0>: Failed to establish a new connection: [Errno 110] Connection timed out',))

During handling of the above exception, another exception occurred:

Traceback (most recent call last):
  File "/home/travis/virtualenv/python3.6.3/lib/python3.6/site-packages/webpreview/previews.py", line 34, in __init__
    res = requests.get(url, timeout=timeout, headers=headers)
  File "/home/travis/virtualenv/python3.6.3/lib/python3.6/site-packages/requests/api.py", line 75, in get
    return request('get', url, params=params, **kwargs)
  File "/home/travis/virtualenv/python3.6.3/lib/python3.6/site-packages/requests/api.py", line 60, in request
    return session.request(method=method, url=url, **kwargs)
  File "/home/travis/virtualenv/python3.6.3/lib/python3.6/site-packages/requests/sessions.py", line 533, in request
    resp = self.send(prep, **send_kwargs)
  File "/home/travis/virtualenv/python3.6.3/lib/python3.6/site-packages/requests/sessions.py", line 646, in send
    r = adapter.send(request, **kwargs)
  File "/home/travis/virtualenv/python3.6.3/lib/python3.6/site-packages/requests/adapters.py", line 516, in send
    raise ConnectionError(e, request=request)
requests.exceptions.ConnectionError: HTTPSConnectionPool(host='web.archive.org', port=443): Max retries exceeded with url: /web/20110614170203/http://www.sincuser.f9.co.uk/018/hardwre.htm (Caused by NewConnectionError('<urllib3.connection.VerifiedHTTPSConnection object at 0x7f11794864e0>: Failed to establish a new connection: [Errno 110] Connection timed out',))

During handling of the above exception, another exception occurred:

Traceback (most recent call last):
  File "../_scripts/crawler/crawler.py", line 93, in _get_site_title_and_description
    title, description, _ = web_preview(url, content=content)
  File "/home/travis/virtualenv/python3.6.3/lib/python3.6/site-packages/webpreview/previews.py", line 190, in web_preview
    og = OpenGraph(url, ['og:title', 'og:description', 'og:image'], timeout=timeout, headers=headers, content=content)
  File "/home/travis/virtualenv/python3.6.3/lib/python3.6/site-packages/webpreview/previews.py", line 165, in __init__
    super(OpenGraph, self).__init__(*args, **kwargs)
  File "/home/travis/virtualenv/python3.6.3/lib/python3.6/site-packages/webpreview/previews.py", line 131, in __init__
    super(SocialPreviewBase, self).__init__(*args, **kwargs)
  File "/home/travis/virtualenv/python3.6.3/lib/python3.6/site-packages/webpreview/previews.py", line 36, in __init__
    raise URLUnreachable("The URL does not exist.")
webpreview.excepts.URLUnreachable: The URL does not exist.
 94%|█████████▍| 144/153 [07:08<06:00, 40.05s/it]INFO:__main__:Requesting https://i.imgur.com/FT97X2H.jpg
INFO:__main__:Getting metadata for https://i.imgur.com/FT97X2H.jpg
 95%|█████████▍| 145/153 [07:32<04:43, 35.41s/it]INFO:__main__:Requesting https://en.wikipedia.org/wiki/Timex_Sinclair_2068
INFO:__main__:Getting metadata for https://en.wikipedia.org/wiki/Timex_Sinclair_2068
 95%|█████████▌| 146/153 [07:33<02:54, 24.99s/it]INFO:__main__:Requesting https://youtu.be/XXBxV6-zamM?t=4900
INFO:__main__:Getting metadata for https://www.youtube.com/watch?v=XXBxV6-zamM&feature=youtu.be&t=4900
 96%|█████████▌| 147/153 [07:34<01:46, 17.78s/it]INFO:__main__:Requesting http://www.zxdesign.info/book/
INFO:__main__:Getting metadata for http://www.zxdesign.info/book/
 97%|█████████▋| 148/153 [07:35<01:04, 12.86s/it]INFO:__main__:Requesting https://retroradionics.co.uk/omni-128-hq-laptop.html
INFO:__main__:Getting metadata for https://retroradionics.co.uk/omni-128-hq-laptop.html
 97%|█████████▋| 149/153 [07:36<00:36,  9.05s/it]INFO:__main__:Requesting http://markfixesstuff.co.uk/review/zx-spectrum-omni-laptop-review-and-hands-on-test-a-brand-new-portable-sinclair-spectrum-made-from-scratch/
INFO:__main__:Getting metadata for http://markfixesstuff.co.uk/review/zx-spectrum-omni-laptop-review-and-hands-on-test-a-brand-new-portable-sinclair-spectrum-made-from-scratch/
 98%|█████████▊| 150/153 [07:43<00:25,  8.48s/it]INFO:__main__:Requesting https://hanselminutes.com/670/coding-for-the-zx-spectrum-and-netflixblack-mirrors-bandersnach-with-matt-westcott
INFO:__main__:Getting metadata for https://hanselminutes.com/670/coding-for-the-zx-spectrum-and-netflixblack-mirrors-bandersnach-with-matt-westcott
 99%|█████████▊| 151/153 [07:44<00:12,  6.42s/it]INFO:__main__:Requesting https://www.youtube.com/watch?v=Ts96J7HhO28
INFO:__main__:Getting metadata for https://www.youtube.com/watch?v=Ts96J7HhO28
 99%|█████████▉| 152/153 [07:45<00:04,  4.77s/it]INFO:__main__:Requesting https://segment.com/blog/the-growth-stacks-of-2019/
INFO:__main__:Getting metadata for https://segment.com/blog/the-growth-stacks-of-2019/
100%|██████████| 153/153 [07:46<00:00,  3.58s/it]
