INFO:__main__:Get urls from stories
  0%|          | 0/30 [00:00<?, ?it/s]  3%|▎         | 1/30 [00:00<00:28,  1.01it/s]  7%|▋         | 2/30 [00:01<00:20,  1.38it/s] 10%|█         | 3/30 [00:01<00:15,  1.79it/s] 13%|█▎        | 4/30 [00:01<00:12,  2.16it/s] 17%|█▋        | 5/30 [00:01<00:08,  2.80it/s] 20%|██        | 6/30 [00:02<00:10,  2.21it/s] 23%|██▎       | 7/30 [00:03<00:13,  1.74it/s] 30%|███       | 9/30 [00:03<00:08,  2.37it/s] 33%|███▎      | 10/30 [00:03<00:10,  1.97it/s] 40%|████      | 12/30 [00:05<00:09,  1.91it/s] 43%|████▎     | 13/30 [00:05<00:07,  2.27it/s] 53%|█████▎    | 16/30 [00:05<00:04,  3.04it/s] 60%|██████    | 18/30 [00:05<00:03,  3.59it/s] 63%|██████▎   | 19/30 [00:06<00:03,  2.90it/s] 67%|██████▋   | 20/30 [00:06<00:02,  3.68it/s] 70%|███████   | 21/30 [00:06<00:02,  4.41it/s] 73%|███████▎  | 22/30 [00:07<00:03,  2.49it/s] 77%|███████▋  | 23/30 [00:08<00:03,  2.02it/s] 80%|████████  | 24/30 [00:08<00:03,  1.81it/s] 83%|████████▎ | 25/30 [00:09<00:02,  1.97it/s] 87%|████████▋ | 26/30 [00:09<00:01,  2.28it/s] 90%|█████████ | 27/30 [00:09<00:01,  2.57it/s] 93%|█████████▎| 28/30 [00:11<00:01,  1.50it/s]100%|██████████| 30/30 [00:11<00:00,  2.68it/s]
  0%|          | 0/212 [00:00<?, ?it/s]INFO:__main__:Requesting http://immersivemath.com/ila/index.html
INFO:__main__:Getting metadata for http://immersivemath.com/ila/index.html
  0%|          | 1/212 [00:02<09:53,  2.81s/it]INFO:__main__:Requesting http://joshua.smcvt.edu/linearalgebra/
INFO:__main__:Getting metadata for http://joshua.smcvt.edu/linearalgebra/
ERROR:__main__:Could not get metadata for http://joshua.smcvt.edu/linearalgebra/
Traceback (most recent call last):
  File "../_scripts/crawler/crawler.py", line 94, in _get_site_title_and_description
    description = description[:450] + '...' if len(description) > 450 else description
TypeError: object of type 'NoneType' has no len()
  1%|          | 2/212 [00:03<07:24,  2.11s/it]INFO:__main__:Requesting http://webwork.maa.org/
INFO:__main__:Getting metadata for http://webwork.maa.org
  1%|▏         | 3/212 [00:03<05:39,  1.63s/it]INFO:__main__:Requesting https://crastina.se/theres-no-projects-like-side-projects/
INFO:__main__:Getting metadata for https://crastina.se/theres-no-projects-like-side-projects/
  2%|▏         | 4/212 [00:10<10:41,  3.08s/it]INFO:__main__:Requesting http://quantumgame.io/
INFO:__main__:Getting metadata for http://quantumgame.io
  2%|▏         | 5/212 [00:12<09:21,  2.71s/it]INFO:__main__:Requesting https://ximera.osu.edu/mooculus
INFO:__main__:Getting metadata for https://ximera.osu.edu/mooculus
  3%|▎         | 6/212 [00:12<07:24,  2.16s/it]INFO:__main__:Requesting http://pat.perso.ens-lyon.org/M1P1/
INFO:__main__:Getting metadata for http://pat.perso.ens-lyon.org/M1P1/
  3%|▎         | 7/212 [00:14<07:01,  2.06s/it]INFO:__main__:Requesting http://treena.org
INFO:__main__:Getting metadata for https://treena.org
  4%|▍         | 8/212 [00:15<05:51,  1.72s/it]INFO:__main__:Requesting https://imgur.com/dzidyuV
INFO:__main__:Getting metadata for https://imgur.com/dzidyuV
ERROR:__main__:Could not get metadata for https://imgur.com/dzidyuV
Traceback (most recent call last):
  File "../_scripts/crawler/crawler.py", line 94, in _get_site_title_and_description
    description = description[:450] + '...' if len(description) > 450 else description
TypeError: object of type 'NoneType' has no len()
  4%|▍         | 9/212 [00:15<04:17,  1.27s/it]INFO:__main__:Requesting https://openstax.org/
INFO:__main__:Getting metadata for https://openstax.org
  5%|▍         | 10/212 [00:17<04:09,  1.23s/it]INFO:__main__:Requesting https://open.umn.edu/opentextbooks/
INFO:__main__:Getting metadata for https://open.umn.edu/opentextbooks/
  5%|▌         | 11/212 [00:18<04:30,  1.34s/it]INFO:__main__:Requesting http://tutorial.math.lamar.edu/Extras/AlgebraTrigReview/AlgebraTrigIntro.aspx
INFO:__main__:Getting metadata for http://tutorial.math.lamar.edu/Extras/AlgebraTrigReview/AlgebraTrigIntro.aspx
  6%|▌         | 12/212 [00:20<04:56,  1.48s/it]INFO:__main__:Requesting https://www.youtube.com/channel/UCYO_jab_esuFRV4b17AJtAw
INFO:__main__:Getting metadata for https://www.youtube.com/channel/UCYO_jab_esuFRV4b17AJtAw
  6%|▌         | 13/212 [00:23<06:36,  1.99s/it]INFO:__main__:Requesting https://github.com/photonlines/Intuitive-Overview-of-Linear-Algebra-Fundamentals
INFO:__main__:Getting metadata for https://github.com/photonlines/Intuitive-Overview-of-Linear-Algebra-Fundamentals
  7%|▋         | 14/212 [00:24<05:26,  1.65s/it]INFO:__main__:Requesting https://www.youtube.com/watch?v=fNk_zzaMoSs&list=PLZHQObOWTQDPD3MizzM2xVFitgF8hE_ab
INFO:__main__:Getting metadata for https://www.youtube.com/watch?v=fNk_zzaMoSs&list=PLZHQObOWTQDPD3MizzM2xVFitgF8hE_ab
  7%|▋         | 15/212 [00:25<04:50,  1.48s/it]INFO:__main__:Requesting http://abstract.ups.edu/aata/
INFO:__main__:Getting metadata for http://abstract.ups.edu/aata/
  8%|▊         | 16/212 [00:28<05:51,  1.79s/it]INFO:__main__:Requesting http://linear.pugetsound.edu/html/fcla.html
INFO:__main__:Getting metadata for http://linear.pugetsound.edu/html/fcla.html
  8%|▊         | 17/212 [00:30<05:59,  1.84s/it]INFO:__main__:Requesting https://physicstoday.scitation.org/doi/full/10.1063/1.1768652
INFO:__main__:Getting metadata for https://physicstoday.scitation.org/action/captchaChallenge?redirectUrl=https%3A%2F%2Fphysicstoday.scitation.org%2Fdoi%2Ffull%2F10.1063%2F1.1768652
  8%|▊         | 18/212 [00:32<06:56,  2.15s/it]INFO:__main__:Requesting http://www.math.harvard.edu/~elkies/M55a.17/index.html
INFO:__main__:Getting metadata for http://www.math.harvard.edu/~elkies/M55a.17/index.html
ERROR:__main__:Could not get metadata for http://www.math.harvard.edu/~elkies/M55a.17/index.html
Traceback (most recent call last):
  File "../_scripts/crawler/crawler.py", line 94, in _get_site_title_and_description
    description = description[:450] + '...' if len(description) > 450 else description
TypeError: object of type 'NoneType' has no len()
  9%|▉         | 19/212 [00:34<05:54,  1.83s/it]INFO:__main__:Requesting http://setosa.io/ev/eigenvectors-and-eigenvalues/
INFO:__main__:Getting metadata for http://setosa.io/ev/eigenvectors-and-eigenvalues/
ERROR:__main__:Could not get metadata for http://setosa.io/ev/eigenvectors-and-eigenvalues/
Traceback (most recent call last):
  File "../_scripts/crawler/crawler.py", line 94, in _get_site_title_and_description
    description = description[:450] + '...' if len(description) > 450 else description
TypeError: object of type 'NoneType' has no len()
  9%|▉         | 20/212 [00:34<04:19,  1.35s/it]INFO:__main__:Requesting https://www.amazon.com/Visual-Group-Theory-Problem-Book/dp/088385757X
INFO:__main__:Getting metadata for https://www.amazon.com/Visual-Group-Theory-Problem-Book/dp/088385757X
 10%|▉         | 21/212 [00:36<05:06,  1.61s/it]INFO:__main__:Requesting https://www.hillelwayne.com/post/formally-specifying-uis/
INFO:__main__:Getting metadata for https://www.hillelwayne.com/post/formally-specifying-uis/
 10%|█         | 22/212 [00:36<03:44,  1.18s/it]INFO:__main__:Requesting https://github.com/mukeshsoni/statechart-calculator
INFO:__main__:Getting metadata for https://github.com/mukeshsoni/statechart-calculator
 11%|█         | 23/212 [00:37<03:16,  1.04s/it]INFO:__main__:Requesting https://www.citylab.com/design/2012/01/why-portlands-public-toilets-succeeded-where-others-failed/1020/
INFO:__main__:Getting metadata for https://www.citylab.com/design/2012/01/why-portlands-public-toilets-succeeded-where-others-failed/1020/
 11%|█▏        | 24/212 [00:37<02:27,  1.28it/s]INFO:__main__:Requesting https://www.fastcompany.com/3065278/german-cities-are-solving-the-age-old-public-toilet-problem
INFO:__main__:Getting metadata for https://www.fastcompany.com/3065278/german-cities-are-solving-the-age-old-public-toilet-problem
 12%|█▏        | 25/212 [00:37<01:58,  1.57it/s]INFO:__main__:Requesting https://www.bbc.com/news/world-us-canada-44088033
INFO:__main__:Getting metadata for https://www.bbc.com/news/world-us-canada-44088033
 12%|█▏        | 26/212 [00:38<01:36,  1.93it/s]INFO:__main__:Requesting https://en.m.wikipedia.org/wiki/Portland_Loo#/media/File%3APortland_Loo_with_Sharps_drop_box_.jpg
INFO:__main__:Getting metadata for https://en.m.wikipedia.org/wiki/Portland_Loo#/media/File%3APortland_Loo_with_Sharps_drop_box_.jpg
 13%|█▎        | 27/212 [00:39<02:20,  1.32it/s]INFO:__main__:Requesting http://sagartewari01.com/c-macro-magic/
INFO:__main__:Getting metadata for http://sagartewari01.com/c-macro-magic/
 13%|█▎        | 28/212 [00:40<02:16,  1.35it/s]INFO:__main__:Requesting https://git.kernel.org/pub/scm/linux/kernel/git/torvalds/linux.git/tree/include/linux/list.h?h=v5.0-rc8
INFO:__main__:Getting metadata for https://git.kernel.org/pub/scm/linux/kernel/git/torvalds/linux.git/tree/include/linux/list.h?h=v5.0-rc8
ERROR:__main__:Could not get metadata for https://git.kernel.org/pub/scm/linux/kernel/git/torvalds/linux.git/tree/include/linux/list.h?h=v5.0-rc8
Traceback (most recent call last):
  File "../_scripts/crawler/crawler.py", line 94, in _get_site_title_and_description
    description = description[:450] + '...' if len(description) > 450 else description
TypeError: object of type 'NoneType' has no len()
 14%|█▎        | 29/212 [00:41<03:03,  1.00s/it]INFO:__main__:Requesting https://elixir.bootlin.com/linux/v2.6.11/source/include/linux/list.h
INFO:__main__:Getting metadata for https://elixir.bootlin.com/linux/v2.6.11/source/include/linux/list.h
 14%|█▍        | 30/212 [00:48<08:43,  2.87s/it]INFO:__main__:Requesting https://github.com/freebsd/freebsd/blob/master/sys/sys/queue.h
INFO:__main__:Getting metadata for https://github.com/freebsd/freebsd/blob/master/sys/sys/queue.h
 15%|█▍        | 31/212 [00:50<07:00,  2.32s/it]INFO:__main__:Requesting https://stackoverflow.com/questions/15832301/understanding-container-of-macro-in-the-linux-kernel
INFO:__main__:Getting metadata for https://stackoverflow.com/questions/15832301/understanding-container-of-macro-in-the-linux-kernel
 15%|█▌        | 32/212 [00:50<05:12,  1.73s/it]INFO:__main__:Requesting http://lion137.blogspot.com/2019/02/fundamental-algorithms-iii.html
INFO:__main__:Getting metadata for http://lion137.blogspot.com/2019/02/fundamental-algorithms-iii.html
 16%|█▌        | 33/212 [00:50<03:47,  1.27s/it]INFO:__main__:Requesting https://docs.google.com/document/d/1xVrPoNutyqTdQ04DXBEZW4ZW4A5RAQW2he7qIpTmG-M/edit
INFO:__main__:Getting metadata for https://docs.google.com/document/d/1xVrPoNutyqTdQ04DXBEZW4ZW4A5RAQW2he7qIpTmG-M/preview?sle=true
 16%|█▌        | 34/212 [00:51<03:45,  1.27s/it]INFO:__main__:Requesting https://gist.github.com/shobotch/5160017
INFO:__main__:Getting metadata for https://gist.github.com/shobotch/5160017
 17%|█▋        | 35/212 [00:52<03:11,  1.08s/it]INFO:__main__:Requesting https://twitter.com/kevinriggle/status/23932444186
INFO:__main__:Getting metadata for https://twitter.com/kevinriggle/status/23932444186
 17%|█▋        | 36/212 [00:53<02:43,  1.08it/s]INFO:__main__:Requesting https://discordapp.com/developers/docs/reference/
INFO:__main__:Getting metadata for https://discordapp.com/developers/docs/reference/
 17%|█▋        | 37/212 [00:53<02:03,  1.42it/s]INFO:__main__:Requesting https://developer.twitter.com/en/developer-terms/agreement-and-policy.html
INFO:__main__:Getting metadata for https://developer.twitter.com/en/developer-terms/agreement-and-policy.html
ERROR:__main__:Could not get metadata for https://developer.twitter.com/en/developer-terms/agreement-and-policy.html
Traceback (most recent call last):
  File "../_scripts/crawler/crawler.py", line 94, in _get_site_title_and_description
    description = description[:450] + '...' if len(description) > 450 else description
TypeError: object of type 'NoneType' has no len()
 18%|█▊        | 38/212 [00:53<01:48,  1.61it/s]INFO:__main__:Requesting https://pastebin.com/w8Dnj5kM
INFO:__main__:Getting metadata for https://pastebin.com/w8Dnj5kM
ERROR:__main__:Could not get metadata for https://pastebin.com/w8Dnj5kM
Traceback (most recent call last):
  File "../_scripts/crawler/crawler.py", line 94, in _get_site_title_and_description
    description = description[:450] + '...' if len(description) > 450 else description
TypeError: object of type 'NoneType' has no len()
 18%|█▊        | 39/212 [00:53<01:25,  2.02it/s]INFO:__main__:Requesting https://gist.github.com/localhostdotdev/48ed13972c3e5391a47f8e3dd7b9e0dd
INFO:__main__:Getting metadata for https://gist.github.com/localhostdotdev/48ed13972c3e5391a47f8e3dd7b9e0dd
 19%|█▉        | 40/212 [00:54<01:38,  1.75it/s]INFO:__main__:Requesting https://twitter.com/mauritscorneIis
INFO:__main__:Getting metadata for https://twitter.com/mauritscorneIis
 19%|█▉        | 41/212 [00:57<03:56,  1.38s/it]INFO:__main__:Requesting https://github.com/pomber/escher-bot
INFO:__main__:Getting metadata for https://github.com/pomber/escher-bot
 20%|█▉        | 42/212 [00:58<03:22,  1.19s/it]INFO:__main__:Requesting https://www.npr.org/sections/thetwo-way/2017/12/26/573609499/library-of-congress-will-no-longer-archive-every-tweet
INFO:__main__:Getting metadata for https://www.npr.org/sections/thetwo-way/2017/12/26/573609499/library-of-congress-will-no-longer-archive-every-tweet
 20%|██        | 43/212 [00:58<02:36,  1.08it/s]INFO:__main__:Requesting https://pushshift.io
INFO:__main__:Getting metadata for https://pushshift.io
ERROR:__main__:Could not get metadata for https://pushshift.io
Traceback (most recent call last):
  File "../_scripts/crawler/crawler.py", line 94, in _get_site_title_and_description
    description = description[:450] + '...' if len(description) > 450 else description
TypeError: object of type 'NoneType' has no len()
 21%|██        | 44/212 [00:59<02:02,  1.37it/s]INFO:__main__:Requesting https://en.wikipedia.org/wiki/Wikipedia:Chesterton%27s_fence
INFO:__main__:Getting metadata for https://en.wikipedia.org/wiki/Wikipedia:Chesterton%27s_fence
 21%|██        | 45/212 [00:59<02:00,  1.39it/s]INFO:__main__:Requesting https://www.oreilly.com/library/view/working-effectively-with/0131177052/
INFO:__main__:Getting metadata for https://www.oreilly.com/library/view/working-effectively-with/0131177052/
 22%|██▏       | 46/212 [01:00<02:11,  1.27it/s]INFO:__main__:Requesting https://www.forbes.com/sites/davidbressan/2018/03/11/how-century-old-tsunami-stones-saved-lives-in-the-tohoku-earthquake-of-2011/#681622a244fd
INFO:__main__:Getting metadata for https://www.forbes.com/sites/davidbressan/2018/03/11/how-century-old-tsunami-stones-saved-lives-in-the-tohoku-earthquake-of-2011/#681622a244fd
 22%|██▏       | 47/212 [01:01<02:21,  1.17it/s]INFO:__main__:Requesting http://www.nbcnews.com/id/43018489/ns/world_news-asia_pacific/t/how-one-japanese-village-defied-tsunami/#.XHdyjYhKjAQ
INFO:__main__:Getting metadata for http://www.nbcnews.com/id/43018489/ns/world_news-asia_pacific/t/how-one-japanese-village-defied-tsunami/#.XHdyjYhKjAQ
 23%|██▎       | 48/212 [01:02<02:30,  1.09it/s]INFO:__main__:Requesting http://www.throwcase.com/2014/12/21/that-five-monkeys-and-a-banana-story-is-rubbish/
 23%|██▎       | 49/212 [01:03<02:01,  1.34it/s]INFO:__main__:Requesting https://skeptics.stackexchange.com/a/6859
INFO:__main__:Getting metadata for https://skeptics.stackexchange.com/questions/6828/was-the-experiment-with-five-monkeys-a-ladder-a-banana-and-a-water-spray-condu/6859#6859
 24%|██▎       | 50/212 [01:03<01:45,  1.54it/s]INFO:__main__:Requesting https://en.m.wikipedia.org/wiki/Hundredth_monkey_effect
INFO:__main__:Getting metadata for https://en.m.wikipedia.org/wiki/Hundredth_monkey_effect
 24%|██▍       | 51/212 [01:04<01:48,  1.49it/s]INFO:__main__:Requesting https://www.youtube.com/watch?v=TQB0KK2rxcw#t=31m0s
INFO:__main__:Getting metadata for https://www.youtube.com/watch?v=TQB0KK2rxcw#t=31m0s
 25%|██▍       | 52/212 [01:05<01:52,  1.42it/s]INFO:__main__:Requesting https://twitter.com/skamille/status/1004735128726376448
INFO:__main__:Getting metadata for https://twitter.com/skamille/status/1004735128726376448
 25%|██▌       | 53/212 [01:06<02:02,  1.30it/s]INFO:__main__:Requesting https://github.com/davidmarkclements/0x
INFO:__main__:Getting metadata for https://github.com/davidmarkclements/0x
 25%|██▌       | 54/212 [01:07<02:14,  1.17it/s]INFO:__main__:Requesting https://en.m.wikipedia.org/wiki/Software_intelligence
INFO:__main__:Getting metadata for https://en.m.wikipedia.org/wiki/Software_intelligence
 26%|██▌       | 55/212 [01:07<02:08,  1.22it/s]INFO:__main__:Requesting http://obdurodon.silvrback.com/navigating-a-large-codebase
INFO:__main__:Getting metadata for http://obdurodon.silvrback.com/navigating-a-large-codebase
 26%|██▋       | 56/212 [01:08<01:54,  1.36it/s]INFO:__main__:Requesting https://debugandrelease.blogspot.com/2019/02/two-productivity-tricks-in-visual.html
INFO:__main__:Getting metadata for https://debugandrelease.blogspot.com/2019/02/two-productivity-tricks-in-visual.html
 27%|██▋       | 57/212 [01:08<01:31,  1.70it/s]INFO:__main__:Requesting https://www.jetbrains.com/resharper/
INFO:__main__:Getting metadata for https://www.jetbrains.com/resharper/
 27%|██▋       | 58/212 [01:09<01:35,  1.61it/s]INFO:__main__:Requesting https://aleksandarmilicevic.github.io/hola/
INFO:__main__:Getting metadata for https://aleksandarmilicevic.github.io/hola/
 28%|██▊       | 59/212 [01:10<01:39,  1.54it/s]INFO:__main__:Requesting http://alloy.lcs.mit.edu/alloy/index.html
INFO:__main__:Getting metadata for http://alloy.lcs.mit.edu/alloy/index.html
ERROR:__main__:Could not get metadata for http://alloy.lcs.mit.edu/alloy/index.html
Traceback (most recent call last):
  File "../_scripts/crawler/crawler.py", line 94, in _get_site_title_and_description
    description = description[:450] + '...' if len(description) > 450 else description
TypeError: object of type 'NoneType' has no len()
 28%|██▊       | 60/212 [01:10<01:38,  1.54it/s]INFO:__main__:Requesting https://www.hillelwayne.com/tags/alloy/
INFO:__main__:Getting metadata for https://www.hillelwayne.com/tags/alloy/
ERROR:__main__:Could not get metadata for https://www.hillelwayne.com/tags/alloy/
Traceback (most recent call last):
  File "../_scripts/crawler/crawler.py", line 94, in _get_site_title_and_description
    description = description[:450] + '...' if len(description) > 450 else description
TypeError: object of type 'NoneType' has no len()
 29%|██▉       | 61/212 [01:10<01:16,  1.97it/s]INFO:__main__:Requesting https://faculty.nps.edu/ncrowe/book/chap14.html
INFO:__main__:Getting metadata for https://faculty.nps.edu/ncrowe/book/chap14.html
ERROR:__main__:Could not get metadata for https://faculty.nps.edu/ncrowe/book/chap14.html
Traceback (most recent call last):
  File "../_scripts/crawler/crawler.py", line 94, in _get_site_title_and_description
    description = description[:450] + '...' if len(description) > 450 else description
TypeError: object of type 'NoneType' has no len()
 29%|██▉       | 62/212 [01:12<02:07,  1.18it/s]INFO:__main__:Requesting http://www.gprolog.org/manual/html_node/gprolog054.html
INFO:__main__:Getting metadata for http://www.gprolog.org/manual/html_node/gprolog054.html
ERROR:__main__:Could not get metadata for http://www.gprolog.org/manual/html_node/gprolog054.html
Traceback (most recent call last):
  File "../_scripts/crawler/crawler.py", line 94, in _get_site_title_and_description
    description = description[:450] + '...' if len(description) > 450 else description
TypeError: object of type 'NoneType' has no len()
 30%|██▉       | 63/212 [01:13<02:31,  1.02s/it]INFO:__main__:Requesting https://www.citylab.com/transportation/2019/02/france-high-speed-rail-new-trains-tgv-2020-sncf-cost-ticket/583624/
INFO:__main__:Getting metadata for https://www.citylab.com/transportation/2019/02/france-high-speed-rail-new-trains-tgv-2020-sncf-cost-ticket/583624/
 30%|███       | 64/212 [01:14<01:55,  1.28it/s]INFO:__main__:Requesting https://fr.wiktionary.org/wiki/composteur
INFO:__main__:Getting metadata for https://fr.wiktionary.org/wiki/composteur
 31%|███       | 65/212 [01:15<02:01,  1.21it/s]INFO:__main__:Requesting https://www.larousse.fr/dictionnaires/francais/composteur/17760
INFO:__main__:Getting metadata for https://www.larousse.fr/dictionnaires/francais/composteur/17760
 31%|███       | 66/212 [01:16<02:37,  1.08s/it]INFO:__main__:Requesting https://www.bbc.co.uk/news/magazine-21056703
INFO:__main__:Getting metadata for https://www.bbc.co.uk/news/magazine-21056703
 32%|███▏      | 67/212 [01:20<04:11,  1.74s/it]INFO:__main__:Requesting https://www.stagecoach.com/media/insight-features/the-facts-about-rail-fares.aspx
INFO:__main__:Getting metadata for https://www.stagecoach.com/media/insight-features/the-facts-about-rail-fares.aspx
 32%|███▏      | 68/212 [01:20<03:30,  1.46s/it]INFO:__main__:Requesting https://europa.eu/youreurope/business/selling-in-eu/public-contracts/rules-procedures/index_en.htm
INFO:__main__:Getting metadata for https://europa.eu/youreurope/business/selling-in-eu/public-contracts/rules-procedures/index_en.htm
 33%|███▎      | 69/212 [01:22<03:20,  1.40s/it]INFO:__main__:Requesting http://ec.europa.eu/competition/state_aid/overview/index_en.html
INFO:__main__:Getting metadata for http://ec.europa.eu/competition/state_aid/overview/index_en.html
 33%|███▎      | 70/212 [01:23<03:35,  1.51s/it]INFO:__main__:Requesting https://en.wikipedia.org/wiki/Import_substitution_industrialization
INFO:__main__:Getting metadata for https://en.wikipedia.org/wiki/Import_substitution_industrialization
 33%|███▎      | 71/212 [01:25<03:17,  1.40s/it]INFO:__main__:Requesting https://en.wiktionary.org/wiki/inou%C3%AF
INFO:__main__:Getting metadata for https://en.wiktionary.org/wiki/inou%C3%AF
 34%|███▍      | 72/212 [01:25<02:44,  1.18s/it]INFO:__main__:Requesting https://en.wikipedia.org/wiki/AGV_(train)
INFO:__main__:Getting metadata for https://en.wikipedia.org/wiki/AGV_(train)
 34%|███▍      | 73/212 [01:27<02:52,  1.24s/it]INFO:__main__:Requesting https://www.thelocal.fr/20180727/fire-blocks-montparnasse-train-station-in-paris-at-height-of-holiday-exodus
INFO:__main__:Getting metadata for https://www.thelocal.fr/20180727/fire-blocks-montparnasse-train-station-in-paris-at-height-of-holiday-exodus
 35%|███▍      | 74/212 [01:28<02:50,  1.24s/it]INFO:__main__:Requesting https://www.cnbc.com/2019/02/26/hyperloop-firm-unveils-first-images-of-its-new-test-track-in-toulouse.html
INFO:__main__:Getting metadata for https://www.cnbc.com/2019/02/26/hyperloop-firm-unveils-first-images-of-its-new-test-track-in-toulouse.html
 35%|███▌      | 75/212 [01:28<02:17,  1.00s/it]INFO:__main__:Requesting http://gpu.rocks
INFO:__main__:Getting metadata for http://gpu.rocks
ERROR:__main__:Could not get metadata for http://gpu.rocks
Traceback (most recent call last):
  File "../_scripts/crawler/crawler.py", line 94, in _get_site_title_and_description
    description = description[:450] + '...' if len(description) > 450 else description
TypeError: object of type 'NoneType' has no len()
 36%|███▌      | 76/212 [01:29<01:45,  1.29it/s]INFO:__main__:Requesting https://github.com/tomaka/winit/pull/332#issuecomment-341383016
INFO:__main__:Getting metadata for https://github.com/tomaka/winit/pull/332#issuecomment-341383016
 36%|███▋      | 77/212 [01:31<03:02,  1.35s/it]INFO:__main__:Requesting https://cs.chromium.org/chromium/src/gpu/config/software_rendering_list.json
INFO:__main__:Getting metadata for https://cs.chromium.org/chromium/src/gpu/config/software_rendering_list.json
ERROR:__main__:Could not get metadata for https://cs.chromium.org/chromium/src/gpu/config/software_rendering_list.json
Traceback (most recent call last):
  File "../_scripts/crawler/crawler.py", line 94, in _get_site_title_and_description
    description = description[:450] + '...' if len(description) > 450 else description
TypeError: object of type 'NoneType' has no len()
 37%|███▋      | 78/212 [01:32<02:50,  1.27s/it]INFO:__main__:Requesting https://github.com/servo/webrender/wiki/Driver-issues
INFO:__main__:Getting metadata for https://github.com/servo/webrender/wiki/Driver-issues
 37%|███▋      | 79/212 [01:33<02:32,  1.15s/it]INFO:__main__:Requesting https://github.com/gpujs/gpu.js/blob/develop/src/backend/web-gl2/fragment-shader.js#L40
INFO:__main__:Getting metadata for https://github.com/gpujs/gpu.js/blob/develop/src/backend/web-gl2/fragment-shader.js#L40
 38%|███▊      | 80/212 [01:35<02:39,  1.21s/it]INFO:__main__:Requesting http://raytracer.crypt.sg/
INFO:__main__:Getting metadata for http://raytracer.crypt.sg
ERROR:__main__:Could not get metadata for http://raytracer.crypt.sg
Traceback (most recent call last):
  File "../_scripts/crawler/crawler.py", line 94, in _get_site_title_and_description
    description = description[:450] + '...' if len(description) > 450 else description
TypeError: object of type 'NoneType' has no len()
 38%|███▊      | 81/212 [01:35<02:10,  1.01it/s]INFO:__main__:Requesting https://webgl2fundamentals.org/
INFO:__main__:Getting metadata for https://webgl2fundamentals.org
 39%|███▊      | 82/212 [01:35<01:42,  1.27it/s]INFO:__main__:Requesting https://github.com/stackgl/shader-school
INFO:__main__:Getting metadata for https://github.com/stackgl/shader-school
 39%|███▉      | 83/212 [01:36<01:45,  1.22it/s]INFO:__main__:Requesting https://www.zdnet.com/article/new-browser-attack-lets-hackers-run-bad-code-even-after-users-leave-a-web-page/
INFO:__main__:Getting metadata for https://www.zdnet.com/article/new-browser-attack-lets-hackers-run-bad-code-even-after-users-leave-a-web-page/
 40%|███▉      | 84/212 [01:37<01:35,  1.34it/s]INFO:__main__:Requesting https://turdnagel.com/cells/
INFO:__main__:Getting metadata for https://turdnagel.com/cells/
ERROR:__main__:Could not get metadata for https://turdnagel.com/cells/
Traceback (most recent call last):
  File "../_scripts/crawler/crawler.py", line 94, in _get_site_title_and_description
    description = description[:450] + '...' if len(description) > 450 else description
TypeError: object of type 'NoneType' has no len()
 40%|████      | 85/212 [01:38<01:34,  1.34it/s]INFO:__main__:Requesting https://github.com/numtel/nano-webgl-pow
INFO:__main__:Getting metadata for https://github.com/numtel/nano-webgl-pow
 41%|████      | 86/212 [01:38<01:37,  1.30it/s]INFO:__main__:Requesting https://js.tensorflow.org/
INFO:__main__:Getting metadata for https://js.tensorflow.org
 41%|████      | 87/212 [01:39<01:14,  1.69it/s]INFO:__main__:Requesting https://techcrunch.com/2019/02/26/facebook-vs-patreon/
ERROR:__main__:Could not reach https://techcrunch.com/2019/02/26/facebook-vs-patreon/
Traceback (most recent call last):
  File "/home/travis/virtualenv/python3.6.3/lib/python3.6/site-packages/urllib3/connectionpool.py", line 600, in urlopen
    chunked=chunked)
  File "/home/travis/virtualenv/python3.6.3/lib/python3.6/site-packages/urllib3/connectionpool.py", line 384, in _make_request
    six.raise_from(e, None)
  File "<string>", line 2, in raise_from
  File "/home/travis/virtualenv/python3.6.3/lib/python3.6/site-packages/urllib3/connectionpool.py", line 380, in _make_request
    httplib_response = conn.getresponse()
  File "/opt/python/3.6.3/lib/python3.6/http/client.py", line 1331, in getresponse
    response.begin()
  File "/opt/python/3.6.3/lib/python3.6/http/client.py", line 297, in begin
    version, status, reason = self._read_status()
  File "/opt/python/3.6.3/lib/python3.6/http/client.py", line 266, in _read_status
    raise RemoteDisconnected("Remote end closed connection without"
http.client.RemoteDisconnected: Remote end closed connection without response

During handling of the above exception, another exception occurred:

Traceback (most recent call last):
  File "/home/travis/virtualenv/python3.6.3/lib/python3.6/site-packages/requests/adapters.py", line 449, in send
    timeout=timeout
  File "/home/travis/virtualenv/python3.6.3/lib/python3.6/site-packages/urllib3/connectionpool.py", line 638, in urlopen
    _stacktrace=sys.exc_info()[2])
  File "/home/travis/virtualenv/python3.6.3/lib/python3.6/site-packages/urllib3/util/retry.py", line 367, in increment
    raise six.reraise(type(error), error, _stacktrace)
  File "/home/travis/virtualenv/python3.6.3/lib/python3.6/site-packages/urllib3/packages/six.py", line 685, in reraise
    raise value.with_traceback(tb)
  File "/home/travis/virtualenv/python3.6.3/lib/python3.6/site-packages/urllib3/connectionpool.py", line 600, in urlopen
    chunked=chunked)
  File "/home/travis/virtualenv/python3.6.3/lib/python3.6/site-packages/urllib3/connectionpool.py", line 384, in _make_request
    six.raise_from(e, None)
  File "<string>", line 2, in raise_from
  File "/home/travis/virtualenv/python3.6.3/lib/python3.6/site-packages/urllib3/connectionpool.py", line 380, in _make_request
    httplib_response = conn.getresponse()
  File "/opt/python/3.6.3/lib/python3.6/http/client.py", line 1331, in getresponse
    response.begin()
  File "/opt/python/3.6.3/lib/python3.6/http/client.py", line 297, in begin
    version, status, reason = self._read_status()
  File "/opt/python/3.6.3/lib/python3.6/http/client.py", line 266, in _read_status
    raise RemoteDisconnected("Remote end closed connection without"
urllib3.exceptions.ProtocolError: ('Connection aborted.', RemoteDisconnected('Remote end closed connection without response',))

During handling of the above exception, another exception occurred:

Traceback (most recent call last):
  File "../_scripts/crawler/crawler.py", line 210, in metafy_url
    response = requests.get(url, timeout=6, headers={'User-Agent': 'Mozilla/5.0'})
  File "/home/travis/virtualenv/python3.6.3/lib/python3.6/site-packages/requests/api.py", line 75, in get
    return request('get', url, params=params, **kwargs)
  File "/home/travis/virtualenv/python3.6.3/lib/python3.6/site-packages/requests/api.py", line 60, in request
    return session.request(method=method, url=url, **kwargs)
  File "/home/travis/virtualenv/python3.6.3/lib/python3.6/site-packages/requests/sessions.py", line 533, in request
    resp = self.send(prep, **send_kwargs)
  File "/home/travis/virtualenv/python3.6.3/lib/python3.6/site-packages/requests/sessions.py", line 646, in send
    r = adapter.send(request, **kwargs)
  File "/home/travis/virtualenv/python3.6.3/lib/python3.6/site-packages/requests/adapters.py", line 498, in send
    raise ConnectionError(err, request=request)
requests.exceptions.ConnectionError: ('Connection aborted.', RemoteDisconnected('Remote end closed connection without response',))
 42%|████▏     | 88/212 [01:39<00:56,  2.21it/s]INFO:__main__:Requesting https://www.cnbc.com/2019/01/23/crowd-funding-platform-patreon-announces-it-will-pay-out-half-a-billion-dollars-to-content-creators-in-2019.html
INFO:__main__:Getting metadata for https://www.cnbc.com/2019/01/23/crowd-funding-platform-patreon-announces-it-will-pay-out-half-a-billion-dollars-to-content-creators-in-2019.html
 42%|████▏     | 89/212 [01:39<00:59,  2.07it/s]INFO:__main__:Requesting https://www.patreon.com/legal
INFO:__main__:Getting metadata for https://www.patreon.com/legal
 42%|████▏     | 90/212 [01:40<01:03,  1.93it/s]INFO:__main__:Requesting https://9to5mac.com/2019/02/12/apple-news-subscription-service/
INFO:__main__:Getting metadata for https://9to5mac.com/2019/02/12/apple-news-subscription-service/
 43%|████▎     | 91/212 [01:41<01:11,  1.69it/s]INFO:__main__:Requesting https://sysdig.com/blog/the-art-of-writing-ebpf-programs-a-primer/
INFO:__main__:Getting metadata for https://sysdig.com/blog/the-art-of-writing-ebpf-programs-a-primer/
 43%|████▎     | 92/212 [01:41<00:55,  2.18it/s]INFO:__main__:Requesting https://sysdig.com/blog/container-isolation-gone-wrong/
INFO:__main__:Getting metadata for https://sysdig.com/blog/container-isolation-gone-wrong/
INFO:__main__:Requesting https://lwn.net/Articles/740157/
INFO:__main__:Getting metadata for https://lwn.net/Articles/740157/
 44%|████▍     | 94/212 [01:42<01:06,  1.77it/s]INFO:__main__:Requesting http://www.otherhand.org/home-page/search-and-rescue/the-hunt-for-the-death-valley-germans/
INFO:__main__:Getting metadata for http://www.otherhand.org/home-page/search-and-rescue/the-hunt-for-the-death-valley-germans/
 45%|████▍     | 95/212 [01:43<01:23,  1.40it/s]INFO:__main__:Requesting https://reading.supply/@alexatnear/what-you-need-to-know-before-you-join-a-start-up-MVjDHG
INFO:__main__:Getting metadata for https://reading.supply/@alexatnear/what-you-need-to-know-before-you-join-a-start-up-MVjDHG
 45%|████▌     | 96/212 [01:45<01:39,  1.16it/s]INFO:__main__:Requesting https://youtu.be/I6IQ_FOCE6I
INFO:__main__:Getting metadata for https://www.youtube.com/watch?v=I6IQ_FOCE6I&feature=youtu.be
 46%|████▌     | 97/212 [01:46<01:39,  1.16it/s]INFO:__main__:Requesting https://en.wikipedia.org/wiki/Clawback
INFO:__main__:Getting metadata for https://en.wikipedia.org/wiki/Clawback
 46%|████▌     | 98/212 [01:46<01:35,  1.19it/s]INFO:__main__:Requesting https://blog.wealthfront.com/always-file-your-83b/
INFO:__main__:Getting metadata for https://blog.wealthfront.com/always-file-your-83b/
 47%|████▋     | 99/212 [01:47<01:22,  1.38it/s]INFO:__main__:Requesting https://www.nybooks.com/articles/2019/03/07/george-hutchinson-abyss-reading-age-catastrophe/
INFO:__main__:Getting metadata for https://www.nybooks.com/articles/2019/03/07/george-hutchinson-abyss-reading-age-catastrophe/
 47%|████▋     | 100/212 [01:47<01:12,  1.54it/s]INFO:__main__:Requesting https://colab.research.google.com/github/JuliaTPU/XLA.jl/blob/master/examples/3_LSTM_DistributedTraining.ipynb
INFO:__main__:Getting metadata for https://colab.research.google.com/github/JuliaTPU/XLA.jl/blob/master/examples/3_LSTM_DistributedTraining.ipynb
ERROR:__main__:Could not get metadata for https://colab.research.google.com/github/JuliaTPU/XLA.jl/blob/master/examples/3_LSTM_DistributedTraining.ipynb
Traceback (most recent call last):
  File "../_scripts/crawler/crawler.py", line 94, in _get_site_title_and_description
    description = description[:450] + '...' if len(description) > 450 else description
TypeError: object of type 'NoneType' has no len()
 48%|████▊     | 101/212 [01:47<00:56,  1.96it/s]INFO:__main__:Requesting https://github.com/staticfloat
INFO:__main__:Getting metadata for https://github.com/staticfloat
 48%|████▊     | 102/212 [01:52<03:06,  1.70s/it]INFO:__main__:Requesting https://github.com/googlecolab/colabtools/issues/17#issuecomment-459030596
INFO:__main__:Getting metadata for https://github.com/googlecolab/colabtools/issues/17#issuecomment-459030596
 49%|████▊     | 103/212 [01:54<03:15,  1.80s/it]INFO:__main__:Requesting http://karpathy.github.io/2015/05/21/rnn-effectiveness/
INFO:__main__:Getting metadata for http://karpathy.github.io/2015/05/21/rnn-effectiveness/
 49%|████▉     | 104/212 [01:54<02:33,  1.42s/it]INFO:__main__:Requesting https://arxiv.org/abs/1810.09868
INFO:__main__:Getting metadata for https://arxiv.org/abs/1810.09868
 50%|████▉     | 105/212 [01:56<02:24,  1.35s/it]INFO:__main__:Requesting https://github.com/JuliaGPU/CUDAnative.jl
INFO:__main__:Getting metadata for https://github.com/JuliaGPU/CUDAnative.jl
 50%|█████     | 106/212 [01:57<02:09,  1.22s/it]INFO:__main__:Requesting https://medium.com/@mapmeld/esperanto-nlp-part-3-correcting-grammar-6d34f93bded1
INFO:__main__:Getting metadata for https://medium.com/@mapmeld/esperanto-nlp-part-3-correcting-grammar-6d34f93bded1
 50%|█████     | 107/212 [01:57<01:48,  1.03s/it]INFO:__main__:Requesting https://cacm.acm.org/magazines/2019/3/234913-lost-in-math/fulltext
INFO:__main__:Getting metadata for https://cacm.acm.org/magazines/2019/3/234913-lost-in-math/fulltext
 51%|█████     | 108/212 [02:02<03:53,  2.25s/it]INFO:__main__:Requesting http://www.cs.utexas.edu/users/EWD/transcriptions/EWD12xx/EWD1243a.html
INFO:__main__:Getting metadata for http://www.cs.utexas.edu/users/EWD/transcriptions/EWD12xx/EWD1243a.html
 51%|█████▏    | 109/212 [02:04<03:23,  1.98s/it]INFO:__main__:Requesting http://learnyouahaskell.com/
INFO:__main__:Getting metadata for http://learnyouahaskell.com
ERROR:__main__:Could not get metadata for http://learnyouahaskell.com
Traceback (most recent call last):
  File "../_scripts/crawler/crawler.py", line 94, in _get_site_title_and_description
    description = description[:450] + '...' if len(description) > 450 else description
TypeError: object of type 'NoneType' has no len()
 52%|█████▏    | 110/212 [02:04<02:39,  1.57s/it]INFO:__main__:Requesting https://github.com/data61/fp-course
INFO:__main__:Getting metadata for https://github.com/data61/fp-course
 52%|█████▏    | 111/212 [02:06<02:50,  1.68s/it]INFO:__main__:Requesting https://www.youtube.com/watch?v=O3EjNRgypXg
INFO:__main__:Getting metadata for https://www.youtube.com/watch?v=O3EjNRgypXg
 53%|█████▎    | 112/212 [02:07<02:22,  1.42s/it]INFO:__main__:Requesting https://www.youtube.com/watch?v=FGtsqEwANWY&feature=youtu.be&list=PLgKuh-lKre12S9FgcsgxlaoEkgNZuqeNc
INFO:__main__:Getting metadata for https://www.youtube.com/watch?v=FGtsqEwANWY&feature=youtu.be&list=PLgKuh-lKre12S9FgcsgxlaoEkgNZuqeNc
 53%|█████▎    | 113/212 [02:08<02:04,  1.25s/it]INFO:__main__:Requesting https://deepai.org/machine-learning-glossary-and-terms/manifold-hypothesis
INFO:__main__:Getting metadata for https://deepai.org/machine-learning-glossary-and-terms/manifold-hypothesis
 54%|█████▍    | 114/212 [02:08<01:40,  1.02s/it]INFO:__main__:Requesting http://backreaction.blogspot.com/2019/02/a-philosopher-of-science-reviews-lost.html
INFO:__main__:Getting metadata for http://backreaction.blogspot.com/2019/02/a-philosopher-of-science-reviews-lost.html
 54%|█████▍    | 115/212 [02:09<01:28,  1.09it/s]INFO:__main__:Requesting http://ai.stanford.edu/blog/beyond_local_pattern_matching/
INFO:__main__:Getting metadata for http://ai.stanford.edu/blog/beyond_local_pattern_matching/
 55%|█████▍    | 116/212 [02:09<01:14,  1.30it/s]INFO:__main__:Requesting https://ai.googleblog.com/2019/01/natural-questions-new-corpus-and.html
INFO:__main__:Getting metadata for https://ai.googleblog.com/2019/01/natural-questions-new-corpus-and.html
 55%|█████▌    | 117/212 [02:10<00:59,  1.59it/s]INFO:__main__:Requesting https://arxiv.org/abs/1704.05179
INFO:__main__:Getting metadata for https://arxiv.org/abs/1704.05179
 56%|█████▌    | 118/212 [02:11<01:11,  1.31it/s]INFO:__main__:Requesting https://stanfordnlp.github.io/coqa/
INFO:__main__:Getting metadata for https://stanfordnlp.github.io/coqa/
 56%|█████▌    | 119/212 [02:11<01:01,  1.51it/s]INFO:__main__:Requesting http://csrankings.org/#/fromyear/2018/toyear/2018/index?ai&vision&mlmining&nlp&ir&world
INFO:__main__:Getting metadata for http://csrankings.org/#/fromyear/2018/toyear/2018/index?ai&vision&mlmining&nlp&ir&world
 57%|█████▋    | 120/212 [02:12<00:56,  1.62it/s]INFO:__main__:Requesting https://www.economist.com/books-and-arts/2018/09/27/in-the-struggle-for-ai-supremacy-china-will-prevail
INFO:__main__:Getting metadata for https://www.economist.com/books-and-arts/2018/09/27/in-the-struggle-for-ai-supremacy-china-will-prevail
 57%|█████▋    | 121/212 [02:12<00:50,  1.80it/s]INFO:__main__:Requesting https://arxiv.org/abs/1810.04805
INFO:__main__:Getting metadata for https://arxiv.org/abs/1810.04805
 58%|█████▊    | 122/212 [02:13<01:00,  1.50it/s]INFO:__main__:Requesting https://alex.blog/2019/02/27/from-alexs-family/
INFO:__main__:Getting metadata for https://alex.blog/2019/02/27/from-alexs-family/
 58%|█████▊    | 123/212 [02:14<01:09,  1.28it/s]INFO:__main__:Requesting https://www.charitynavigator.org/index.cfm?bay=search.summary&orgid=8070
INFO:__main__:Getting metadata for https://www.charitynavigator.org/index.cfm?bay=search.summary&orgid=8070
 58%|█████▊    | 124/212 [02:15<01:13,  1.20it/s]INFO:__main__:Requesting https://www.allbloodcancers.org/donate
INFO:__main__:Getting metadata for https://www.allbloodcancers.org/donate
ERROR:__main__:Could not get metadata for https://www.allbloodcancers.org/donate
Traceback (most recent call last):
  File "../_scripts/crawler/crawler.py", line 94, in _get_site_title_and_description
    description = description[:450] + '...' if len(description) > 450 else description
TypeError: object of type 'NoneType' has no len()
 59%|█████▉    | 125/212 [02:18<02:08,  1.47s/it]INFO:__main__:Requesting https://bethematch.org/
INFO:__main__:Getting metadata for https://bethematch.org
 59%|█████▉    | 126/212 [02:20<02:18,  1.62s/it]INFO:__main__:Requesting https://wptavern.com/alex-mills-ends-his-battle-with-leukemia
INFO:__main__:Getting metadata for https://wptavern.com/alex-mills-ends-his-battle-with-leukemia
 60%|█████▉    | 127/212 [02:22<02:20,  1.65s/it]INFO:__main__:Requesting https://alex.blog/2019/02/18/leukemia-has-won/
INFO:__main__:Getting metadata for https://alex.blog/2019/02/18/leukemia-has-won/
 60%|██████    | 128/212 [02:23<02:01,  1.44s/it]INFO:__main__:Requesting https://github.com/Viper007Bond/vipers-video-quicktags-migrator/commits/master
INFO:__main__:Getting metadata for https://github.com/Viper007Bond/vipers-video-quicktags-migrator/commits/master
 61%|██████    | 129/212 [02:25<02:19,  1.69s/it]INFO:__main__:Requesting https://github.com/antontarasenko/hacker-news-groups
INFO:__main__:Getting metadata for https://github.com/antontarasenko/hacker-news-groups
 61%|██████▏   | 130/212 [02:26<01:55,  1.41s/it]INFO:__main__:Requesting https://unop.uk/starting-a-tech-meetup/
INFO:__main__:Getting metadata for https://unop.uk/starting-a-tech-meetup/
ERROR:__main__:Could not get metadata for https://unop.uk/starting-a-tech-meetup/
Traceback (most recent call last):
  File "../_scripts/crawler/crawler.py", line 94, in _get_site_title_and_description
    description = description[:450] + '...' if len(description) > 450 else description
TypeError: object of type 'NoneType' has no len()
 62%|██████▏   | 131/212 [02:26<01:32,  1.14s/it]INFO:__main__:Requesting https://hackernoon.com/stop-using-io-domain-names-for-production-traffic-b6aa17eeac20
INFO:__main__:Getting metadata for https://hackernoon.com/stop-using-io-domain-names-for-production-traffic-b6aa17eeac20?gi=550bdef8a83c
 62%|██████▏   | 132/212 [02:29<02:22,  1.78s/it]INFO:__main__:Requesting http://domainincite.com/23957-un-ruling-may-put-io-domains-at-risk
INFO:__main__:Getting metadata for http://domainincite.com/23957-un-ruling-may-put-io-domains-at-risk
 63%|██████▎   | 133/212 [02:31<02:23,  1.81s/it]INFO:__main__:Requesting https://gettogether.community/
INFO:__main__:Getting metadata for https://gettogether.community
 63%|██████▎   | 134/212 [02:33<02:20,  1.81s/it]INFO:__main__:Requesting https://github.com/GetTogetherComm/GetTogether
INFO:__main__:Getting metadata for https://github.com/GetTogetherComm/GetTogether
 64%|██████▎   | 135/212 [02:34<01:59,  1.56s/it]INFO:__main__:Requesting https://spectrum.chat/canada
INFO:__main__:Getting metadata for https://spectrum.chat/canada
 64%|██████▍   | 136/212 [02:36<02:08,  1.68s/it]INFO:__main__:Requesting http://hnkansai.org/
INFO:__main__:Getting metadata for http://hnkansai.org
 65%|██████▍   | 137/212 [02:37<01:41,  1.36s/it]INFO:__main__:Requesting https://www.2600.com/meetings/mtg.html
INFO:__main__:Getting metadata for https://www.2600.com/meetings/mtg.html
ERROR:__main__:Could not get metadata for https://www.2600.com/meetings/mtg.html
Traceback (most recent call last):
  File "../_scripts/crawler/crawler.py", line 94, in _get_site_title_and_description
    description = description[:450] + '...' if len(description) > 450 else description
TypeError: object of type 'NoneType' has no len()
 65%|██████▌   | 138/212 [02:38<01:35,  1.29s/it]INFO:__main__:Requesting https://joecmarshall.com/posts/job-description-red-flags/
INFO:__main__:Getting metadata for https://joecmarshall.com/posts/job-description-red-flags/
 66%|██████▌   | 139/212 [02:38<01:13,  1.01s/it]INFO:__main__:Requesting https://github.com/RockstarLang/rockstar
INFO:__main__:Getting metadata for https://github.com/RockstarLang/rockstar
 66%|██████▌   | 140/212 [02:39<01:08,  1.05it/s]INFO:__main__:Requesting https://github.com/fuzzbuzz/docs/pull/3
INFO:__main__:Getting metadata for https://github.com/fuzzbuzz/docs/pull/3
 67%|██████▋   | 141/212 [02:41<01:22,  1.16s/it]INFO:__main__:Requesting https://github.com/fuzzbuzz/docs/blob/master/getting-started/introduction-to-fuzzbuzz.md
INFO:__main__:Getting metadata for https://github.com/fuzzbuzz/docs/blob/master/getting-started/introduction-to-fuzzbuzz.md
 67%|██████▋   | 142/212 [02:42<01:16,  1.09s/it]INFO:__main__:Requesting https://github.com/oilshell/oil/blob/master/bin/osh_parse.py
INFO:__main__:Getting metadata for https://github.com/oilshell/oil/blob/master/bin/osh_parse.py
 67%|██████▋   | 143/212 [02:43<01:11,  1.04s/it]INFO:__main__:Requesting https://github.com/oilshell/oil/issues/171
INFO:__main__:Getting metadata for https://github.com/oilshell/oil/issues/171
 68%|██████▊   | 144/212 [02:44<01:15,  1.11s/it]INFO:__main__:Requesting http://www.oilshell.org/blog/2017/11/10.html
INFO:__main__:Getting metadata for http://www.oilshell.org/blog/2017/11/10.html
ERROR:__main__:Could not get metadata for http://www.oilshell.org/blog/2017/11/10.html
Traceback (most recent call last):
  File "../_scripts/crawler/crawler.py", line 94, in _get_site_title_and_description
    description = description[:450] + '...' if len(description) > 450 else description
TypeError: object of type 'NoneType' has no len()
 68%|██████▊   | 145/212 [02:44<01:02,  1.08it/s]INFO:__main__:Requesting https://labelbox.com/buy-vs-build
INFO:__main__:Getting metadata for https://labelbox.com/buy-vs-build
 69%|██████▉   | 146/212 [02:45<01:01,  1.07it/s]INFO:__main__:Requesting https://www.rafflecopter.com/
INFO:__main__:Getting metadata for https://www.rafflecopter.com
 69%|██████▉   | 147/212 [02:46<00:48,  1.35it/s]INFO:__main__:Requesting https://docs.fuzzbuzz.io/
INFO:__main__:Getting metadata for https://docs.fuzzbuzz.io
 70%|██████▉   | 148/212 [02:47<00:52,  1.21it/s]INFO:__main__:Requesting https://github.com/sslab-gatech/perf-fuzz/
INFO:__main__:Getting metadata for https://github.com/sslab-gatech/perf-fuzz/
 70%|███████   | 149/212 [02:47<00:52,  1.21it/s]INFO:__main__:Requesting https://www.microsoft.com/security/blog/2013/06/13/exploitable-crash-analyzer-version-1-6/
INFO:__main__:Getting metadata for https://www.microsoft.com/security/blog/2013/06/13/exploitable-crash-analyzer-version-1-6/
 71%|███████   | 150/212 [02:49<01:03,  1.03s/it]INFO:__main__:Requesting https://github.com/jfoote/exploitable
INFO:__main__:Getting metadata for https://github.com/jfoote/exploitable
 71%|███████   | 151/212 [02:50<01:05,  1.07s/it]INFO:__main__:Requesting https://gitlab.com/akihe/radamsa
INFO:__main__:Getting metadata for https://gitlab.com/akihe/radamsa
 72%|███████▏  | 152/212 [02:51<01:04,  1.07s/it]INFO:__main__:Requesting https://github.com/cretz/javan-warty-pig
INFO:__main__:Getting metadata for https://github.com/cretz/javan-warty-pig
 72%|███████▏  | 153/212 [02:52<00:58,  1.00it/s]INFO:__main__:Requesting https://docs.ruby-lang.org/en/2.5.0/CSV.html
INFO:__main__:Getting metadata for https://docs.ruby-lang.org/en/2.5.0/CSV.html
 73%|███████▎  | 154/212 [02:54<01:15,  1.30s/it]INFO:__main__:Requesting https://github.com/gettalong/hexapdf
INFO:__main__:Getting metadata for https://github.com/gettalong/hexapdf
 73%|███████▎  | 155/212 [02:55<01:06,  1.16s/it]INFO:__main__:Requesting https://github.com/trailofbits/deepstate
INFO:__main__:Getting metadata for https://github.com/trailofbits/deepstate
 74%|███████▎  | 156/212 [02:56<00:59,  1.07s/it]INFO:__main__:Requesting https://hypothesis.readthedocs.io/en/latest/
INFO:__main__:Getting metadata for https://hypothesis.readthedocs.io/en/latest/
 74%|███████▍  | 157/212 [02:57<00:56,  1.02s/it]INFO:__main__:Requesting https://github.com/rust-fuzz/afl.rs
INFO:__main__:Getting metadata for https://github.com/rust-fuzz/afl.rs
 75%|███████▍  | 158/212 [02:57<00:52,  1.02it/s]INFO:__main__:Requesting https://github.com/EnterpriseQualityCoding/FizzBuzzEnterpriseEdition
INFO:__main__:Getting metadata for https://github.com/EnterpriseQualityCoding/FizzBuzzEnterpriseEdition
 75%|███████▌  | 159/212 [02:58<00:50,  1.04it/s]INFO:__main__:Requesting https://www.gremlin.com/blog/introducing-gremlin-free/
INFO:__main__:Getting metadata for https://www.gremlin.com/blog/introducing-gremlin-free/
 75%|███████▌  | 160/212 [02:59<00:52,  1.00s/it]INFO:__main__:Requesting https://www.gremlin.com/docs/infrastructure-layer/installation/
INFO:__main__:Getting metadata for https://www.gremlin.com/docs/infrastructure-layer/installation/
 76%|███████▌  | 161/212 [03:01<00:52,  1.02s/it]INFO:__main__:Requesting https://www.gremlin.com/docs/security/overview/#linux-capabilities
INFO:__main__:Getting metadata for https://www.gremlin.com/docs/security/overview/#linux-capabilities
 76%|███████▋  | 162/212 [03:02<00:55,  1.10s/it]INFO:__main__:Requesting https://www.rust-lang.org/production/users
INFO:__main__:Getting metadata for https://www.rust-lang.org/production/users
 77%|███████▋  | 163/212 [03:02<00:44,  1.09it/s]INFO:__main__:Requesting https://www.gremlin.com/docs/application-layer/overview/
INFO:__main__:Getting metadata for https://www.gremlin.com/docs/application-layer/overview/
 77%|███████▋  | 164/212 [03:03<00:46,  1.03it/s]INFO:__main__:Requesting https://www.gremlin.com/slack
INFO:__main__:Getting metadata for https://slofile.com/slack/chaosengineering
 78%|███████▊  | 165/212 [03:04<00:40,  1.16it/s]INFO:__main__:Requesting https://www.gremlin.com/chaos-monkey/chaos-monkey-alternatives/
INFO:__main__:Getting metadata for https://www.gremlin.com/chaos-monkey/chaos-monkey-alternatives/
 78%|███████▊  | 166/212 [03:05<00:47,  1.02s/it]INFO:__main__:Requesting https://github.com/Netflix/SimianArmy
INFO:__main__:Getting metadata for https://github.com/Netflix/SimianArmy
 79%|███████▉  | 167/212 [03:06<00:43,  1.03it/s]INFO:__main__:Requesting https://gremlin.com/security
INFO:__main__:Getting metadata for https://www.gremlin.com/security/
 79%|███████▉  | 168/212 [03:09<01:02,  1.43s/it]INFO:__main__:Requesting http://www.apache.org/foundation/marks/faq/
INFO:__main__:Getting metadata for http://www.apache.org/foundation/marks/faq/
 80%|███████▉  | 169/212 [03:10<01:03,  1.47s/it]INFO:__main__:Requesting https://www.cbsnews.com/pictures/worlds-15-ugliest-cars/7/
INFO:__main__:Getting metadata for https://www.cbsnews.com/pictures/worlds-15-ugliest-cars/7/
 80%|████████  | 170/212 [03:12<00:59,  1.42s/it]INFO:__main__:Requesting https://trademarks.justia.com/871/94/gremlin-87194877.html
INFO:__main__:Getting metadata for https://trademarks.justia.com/871/94/gremlin-87194877.html
 81%|████████  | 171/212 [03:12<00:44,  1.07s/it]INFO:__main__:Requesting https://www.underconsideration.com/brandnew/archives/new_logo_for_google_done_in_house.php
INFO:__main__:Getting metadata for https://www.underconsideration.com/brandnew/archives/new_logo_for_google_done_in_house.php
 81%|████████  | 172/212 [03:12<00:34,  1.16it/s]INFO:__main__:Requesting https://tinkerpop.apache.org/
ERROR:__main__:Could not reach https://tinkerpop.apache.org/
Traceback (most recent call last):
  File "/home/travis/virtualenv/python3.6.3/lib/python3.6/site-packages/urllib3/connection.py", line 159, in _new_conn
    (self._dns_host, self.port), self.timeout, **extra_kw)
  File "/home/travis/virtualenv/python3.6.3/lib/python3.6/site-packages/urllib3/util/connection.py", line 80, in create_connection
    raise err
  File "/home/travis/virtualenv/python3.6.3/lib/python3.6/site-packages/urllib3/util/connection.py", line 70, in create_connection
    sock.connect(sa)
socket.timeout: timed out

During handling of the above exception, another exception occurred:

Traceback (most recent call last):
  File "/home/travis/virtualenv/python3.6.3/lib/python3.6/site-packages/urllib3/connectionpool.py", line 600, in urlopen
    chunked=chunked)
  File "/home/travis/virtualenv/python3.6.3/lib/python3.6/site-packages/urllib3/connectionpool.py", line 343, in _make_request
    self._validate_conn(conn)
  File "/home/travis/virtualenv/python3.6.3/lib/python3.6/site-packages/urllib3/connectionpool.py", line 839, in _validate_conn
    conn.connect()
  File "/home/travis/virtualenv/python3.6.3/lib/python3.6/site-packages/urllib3/connection.py", line 301, in connect
    conn = self._new_conn()
  File "/home/travis/virtualenv/python3.6.3/lib/python3.6/site-packages/urllib3/connection.py", line 164, in _new_conn
    (self.host, self.timeout))
urllib3.exceptions.ConnectTimeoutError: (<urllib3.connection.VerifiedHTTPSConnection object at 0x7f13019b83c8>, 'Connection to tinkerpop.apache.org timed out. (connect timeout=6)')

During handling of the above exception, another exception occurred:

Traceback (most recent call last):
  File "/home/travis/virtualenv/python3.6.3/lib/python3.6/site-packages/requests/adapters.py", line 449, in send
    timeout=timeout
  File "/home/travis/virtualenv/python3.6.3/lib/python3.6/site-packages/urllib3/connectionpool.py", line 638, in urlopen
    _stacktrace=sys.exc_info()[2])
  File "/home/travis/virtualenv/python3.6.3/lib/python3.6/site-packages/urllib3/util/retry.py", line 398, in increment
    raise MaxRetryError(_pool, url, error or ResponseError(cause))
urllib3.exceptions.MaxRetryError: HTTPSConnectionPool(host='tinkerpop.apache.org', port=443): Max retries exceeded with url: / (Caused by ConnectTimeoutError(<urllib3.connection.VerifiedHTTPSConnection object at 0x7f13019b83c8>, 'Connection to tinkerpop.apache.org timed out. (connect timeout=6)'))

During handling of the above exception, another exception occurred:

Traceback (most recent call last):
  File "../_scripts/crawler/crawler.py", line 210, in metafy_url
    response = requests.get(url, timeout=6, headers={'User-Agent': 'Mozilla/5.0'})
  File "/home/travis/virtualenv/python3.6.3/lib/python3.6/site-packages/requests/api.py", line 75, in get
    return request('get', url, params=params, **kwargs)
  File "/home/travis/virtualenv/python3.6.3/lib/python3.6/site-packages/requests/api.py", line 60, in request
    return session.request(method=method, url=url, **kwargs)
  File "/home/travis/virtualenv/python3.6.3/lib/python3.6/site-packages/requests/sessions.py", line 533, in request
    resp = self.send(prep, **send_kwargs)
  File "/home/travis/virtualenv/python3.6.3/lib/python3.6/site-packages/requests/sessions.py", line 646, in send
    r = adapter.send(request, **kwargs)
  File "/home/travis/virtualenv/python3.6.3/lib/python3.6/site-packages/requests/adapters.py", line 504, in send
    raise ConnectTimeout(e, request=request)
requests.exceptions.ConnectTimeout: HTTPSConnectionPool(host='tinkerpop.apache.org', port=443): Max retries exceeded with url: / (Caused by ConnectTimeoutError(<urllib3.connection.VerifiedHTTPSConnection object at 0x7f13019b83c8>, 'Connection to tinkerpop.apache.org timed out. (connect timeout=6)'))
 82%|████████▏ | 173/212 [03:24<02:44,  4.21s/it]INFO:__main__:Requesting https://www.gremlin.com/team/
INFO:__main__:Getting metadata for https://www.gremlin.com/team/
 82%|████████▏ | 174/212 [03:26<02:11,  3.45s/it]INFO:__main__:Requesting https://tinkerpop.apache.org/policy.html
INFO:__main__:Getting metadata for https://tinkerpop.apache.org/policy.html
 83%|████████▎ | 175/212 [07:23<45:20, 73.52s/it]INFO:__main__:Requesting https://tinkerpop.apache.org/index.html#committers
INFO:__main__:Getting metadata for https://tinkerpop.apache.org/index.html#committers
 83%|████████▎ | 176/212 [10:40<1:06:21, 110.61s/it]INFO:__main__:Requesting https://www.secbsd.org/
INFO:__main__:Getting metadata for https://www.secbsd.org
ERROR:__main__:Could not get metadata for https://www.secbsd.org
Traceback (most recent call last):
  File "../_scripts/crawler/crawler.py", line 94, in _get_site_title_and_description
    description = description[:450] + '...' if len(description) > 450 else description
TypeError: object of type 'NoneType' has no len()
 83%|████████▎ | 177/212 [10:43<45:42, 78.36s/it]   INFO:__main__:Requesting https://webcache.googleusercontent.com/search?q=cache:E2OiV-7ZhGIJ:https://secbsd.org/dark-intelligence-team.html
INFO:__main__:Getting metadata for https://webcache.googleusercontent.com/search?q=cache:E2OiV-7ZhGIJ:https://secbsd.org/dark-intelligence-team.html
 84%|████████▍ | 178/212 [10:44<31:14, 55.12s/it]INFO:__main__:Requesting https://www.secbsd.org/dark-intelligence-team.html
INFO:__main__:Getting metadata for https://www.secbsd.org/dark-intelligence-team.html
ERROR:__main__:Could not get metadata for https://www.secbsd.org/dark-intelligence-team.html
Traceback (most recent call last):
  File "../_scripts/crawler/crawler.py", line 94, in _get_site_title_and_description
    description = description[:450] + '...' if len(description) > 450 else description
TypeError: object of type 'NoneType' has no len()
 84%|████████▍ | 179/212 [10:47<21:42, 39.46s/it]INFO:__main__:Requesting https://www.allacronyms.com/TCB
INFO:__main__:Getting metadata for https://www.allacronyms.com/TCB
 85%|████████▍ | 180/212 [10:47<14:47, 27.74s/it]INFO:__main__:Requesting https://www.newyorker.com/magazine/2019/03/04/how-much-a-dementia-patient-needs-to-know
INFO:__main__:Getting metadata for https://www.newyorker.com/magazine/2019/03/04/how-much-a-dementia-patient-needs-to-know
 85%|████████▌ | 181/212 [10:48<10:05, 19.53s/it]INFO:__main__:Requesting https://gizmodo.com/inside-an-amazing-village-designed-just-for-people-with-1526062373
INFO:__main__:Getting metadata for https://gizmodo.com/inside-an-amazing-village-designed-just-for-people-with-1526062373
 86%|████████▌ | 182/212 [10:48<06:54, 13.82s/it]INFO:__main__:Requesting https://psmag.com/economics/protestant-worth-ethic-real-65544
INFO:__main__:Getting metadata for https://psmag.com/economics/protestant-worth-ethic-real-65544
 86%|████████▋ | 183/212 [10:49<04:45,  9.83s/it]INFO:__main__:Requesting https://hbr.org/daily-stat/2013/08/there-really-is-such-a-thing-a.html
INFO:__main__:Getting metadata for https://hbr.org/daily-stat/2013/08/there-really-is-such-a-thing-a.html
 87%|████████▋ | 184/212 [10:49<03:16,  7.00s/it]INFO:__main__:Requesting https://www.newyorker.com/magazine/2018/10/08/the-comforting-fictions-of-dementia-care
INFO:__main__:Getting metadata for https://www.newyorker.com/magazine/2018/10/08/the-comforting-fictions-of-dementia-care
 87%|████████▋ | 185/212 [10:50<02:19,  5.17s/it]INFO:__main__:Requesting https://www.lowtechmagazine.com/2019/02/heat-your-house-with-a-water-brake-windmill.html
INFO:__main__:Getting metadata for https://www.lowtechmagazine.com/2019/02/heat-your-house-with-a-water-brake-windmill.html
 88%|████████▊ | 186/212 [10:51<01:39,  3.84s/it]INFO:__main__:Requesting https://dothemath.ucsd.edu/2012/06/heat-pumps-work-miracles/
INFO:__main__:Getting metadata for https://dothemath.ucsd.edu/2012/06/heat-pumps-work-miracles/
 88%|████████▊ | 187/212 [10:53<01:24,  3.39s/it]INFO:__main__:Requesting https://russell.ballestrini.net/hybrid-hot-water-heater-saves-69-percent-on-energy-consumption/
INFO:__main__:Getting metadata for https://russell.ballestrini.net/hybrid-hot-water-heater-saves-69-percent-on-energy-consumption/
 89%|████████▊ | 188/212 [10:54<01:05,  2.74s/it]INFO:__main__:Requesting http://processengineering.co.uk/article/2019233/maximum-suction
INFO:__main__:Getting metadata for http://processengineering.co.uk/article/2019233/maximum-suction
 89%|████████▉ | 189/212 [10:58<01:08,  2.99s/it]INFO:__main__:Requesting https://en.wikipedia.org/wiki/Beaufort_scale#Modern_scale
INFO:__main__:Getting metadata for https://en.wikipedia.org/wiki/Beaufort_scale#Modern_scale
 90%|████████▉ | 190/212 [10:59<00:51,  2.36s/it]INFO:__main__:Requesting http://www.wind-power-program.com/wind_statistics.htm
INFO:__main__:Getting metadata for http://www.wind-power-program.com/wind_statistics.htm
 90%|█████████ | 191/212 [11:01<00:45,  2.17s/it]INFO:__main__:Requesting https://www.energy.gov/eere/solar/articles/solar-radiation-basics
 91%|█████████ | 192/212 [11:01<00:31,  1.58s/it]INFO:__main__:Requesting https://www.nrel.gov/gis/images/map_pv_us_january_dec2008.jpg
INFO:__main__:Getting metadata for https://www.nrel.gov/gis/images/map_pv_us_january_dec2008.jpg
ERROR:__main__:Could not get metadata for https://www.nrel.gov/gis/images/map_pv_us_january_dec2008.jpg
Traceback (most recent call last):
  File "../_scripts/crawler/crawler.py", line 94, in _get_site_title_and_description
    description = description[:450] + '...' if len(description) > 450 else description
TypeError: object of type 'NoneType' has no len()
 91%|█████████ | 193/212 [11:06<00:52,  2.75s/it]INFO:__main__:Requesting https://www.nrel.gov/gis/images/map_pv_us_july_dec2008.jpg
INFO:__main__:Getting metadata for https://www.nrel.gov/gis/images/map_pv_us_july_dec2008.jpg
ERROR:__main__:Could not get metadata for https://www.nrel.gov/gis/images/map_pv_us_july_dec2008.jpg
Traceback (most recent call last):
  File "../_scripts/crawler/crawler.py", line 94, in _get_site_title_and_description
    description = description[:450] + '...' if len(description) > 450 else description
TypeError: object of type 'NoneType' has no len()
 92%|█████████▏| 194/212 [11:12<01:02,  3.49s/it]INFO:__main__:Requesting https://en.wikipedia.org/wiki/Mechanical_equivalent_of_heat
INFO:__main__:Getting metadata for https://en.wikipedia.org/wiki/Mechanical_equivalent_of_heat
 92%|█████████▏| 195/212 [11:12<00:44,  2.62s/it]INFO:__main__:Requesting https://www.youtube.com/watch?v=GjcOobt9Ef8
INFO:__main__:Getting metadata for https://www.youtube.com/watch?v=GjcOobt9Ef8
 92%|█████████▏| 196/212 [11:13<00:33,  2.10s/it]INFO:__main__:Requesting https://commons.wikimedia.org/wiki/File:Joule_Apparatus.jpg
INFO:__main__:Getting metadata for https://commons.wikimedia.org/wiki/File:Joule_Apparatus.jpg
 93%|█████████▎| 197/212 [11:14<00:25,  1.72s/it]INFO:__main__:Requesting https://en.wikipedia.org/wiki/Great_Molasses_Flood
INFO:__main__:Getting metadata for https://en.wikipedia.org/wiki/Great_Molasses_Flood
 93%|█████████▎| 198/212 [11:15<00:20,  1.49s/it]INFO:__main__:Requesting https://en.wikipedia.org/wiki/Electromigration
INFO:__main__:Getting metadata for https://en.wikipedia.org/wiki/Electromigration
 94%|█████████▍| 199/212 [11:16<00:17,  1.36s/it]INFO:__main__:Requesting https://www.lowtechmagazine.com/2013/03/the-mechanical-transmission-of-power-3-wire-ropes.html
INFO:__main__:Getting metadata for https://www.lowtechmagazine.com/2013/03/the-mechanical-transmission-of-power-3-wire-ropes.html
 94%|█████████▍| 200/212 [11:18<00:19,  1.61s/it]INFO:__main__:Requesting https://en.wikipedia.org/wiki/District_heating
INFO:__main__:Getting metadata for https://en.wikipedia.org/wiki/District_heating
 95%|█████████▍| 201/212 [11:20<00:17,  1.63s/it]INFO:__main__:Requesting https://jacquesmattheij.com/how-to-build-a-windmill/
INFO:__main__:Getting metadata for https://jacquesmattheij.com/how-to-build-a-windmill/
 95%|█████████▌| 202/212 [11:23<00:19,  1.99s/it]INFO:__main__:Requesting https://web.archive.org/web/20160813143636/http://www.jacquesmattheij.com/how-to-build-a-windmill
INFO:__main__:Getting metadata for https://web.archive.org/web/20160813143636/http://www.jacquesmattheij.com/how-to-build-a-windmill
 96%|█████████▌| 203/212 [11:24<00:17,  1.90s/it]INFO:__main__:Requesting https://solar.lowtechmagazine.com/2019/02/heat-your-house-with-a-water-brake-windmill.html
INFO:__main__:Getting metadata for https://solar.lowtechmagazine.com/2019/02/heat-your-house-with-a-water-brake-windmill.html
 96%|█████████▌| 204/212 [11:26<00:14,  1.80s/it]INFO:__main__:Requesting https://solar.lowtechmagazine.com/about/
INFO:__main__:Getting metadata for https://solar.lowtechmagazine.com/about/
 97%|█████████▋| 205/212 [11:28<00:13,  1.86s/it]INFO:__main__:Requesting http://insideenergy.org/2016/06/20/ie-questions-can-we-turn-power-plants-wasted-heat-into-power/
INFO:__main__:Getting metadata for http://insideenergy.org/2016/06/20/ie-questions-can-we-turn-power-plants-wasted-heat-into-power/
 97%|█████████▋| 206/212 [11:28<00:08,  1.38s/it]INFO:__main__:Requesting https://en.wikipedia.org/wiki/Vortex_tube
INFO:__main__:Getting metadata for https://en.wikipedia.org/wiki/Vortex_tube
 98%|█████████▊| 207/212 [11:29<00:06,  1.21s/it]INFO:__main__:Requesting https://longform.org/posts/the-mastermind
INFO:__main__:Getting metadata for https://longform.org/posts/the-mastermind
 98%|█████████▊| 208/212 [11:29<00:03,  1.03it/s]INFO:__main__:Requesting https://www.gimletmedia.com/reply-all/the-founder#episode-player
INFO:__main__:Getting metadata for https://www.gimletmedia.com/reply-all/the-founder#episode-player
ERROR:__main__:Could not get metadata for https://www.gimletmedia.com/reply-all/the-founder#episode-player
Traceback (most recent call last):
  File "../_scripts/crawler/crawler.py", line 94, in _get_site_title_and_description
    description = description[:450] + '...' if len(description) > 450 else description
TypeError: object of type 'NoneType' has no len()
 99%|█████████▊| 209/212 [11:30<00:02,  1.02it/s]INFO:__main__:Requesting https://www.youtube.com/watch?v=MTeonvkHKDk
INFO:__main__:Getting metadata for https://www.youtube.com/watch?v=MTeonvkHKDk
 99%|█████████▉| 210/212 [11:31<00:01,  1.07it/s]INFO:__main__:Requesting https://www.vulture.com/amp/2019/02/michael-mann-and-elaine-shannon-talk-on-hunting-leroux.html
INFO:__main__:Getting metadata for https://www.vulture.com/amp/2019/02/michael-mann-and-elaine-shannon-talk-on-hunting-leroux.html
100%|█████████▉| 211/212 [11:31<00:00,  1.38it/s]INFO:__main__:Requesting https://www.nature.com/articles/s42254-018-0005-3
INFO:__main__:Getting metadata for https://www.nature.com/articles/s42254-018-0005-3
100%|██████████| 212/212 [11:34<00:00,  1.22s/it]
