INFO:__main__:Get urls from stories
  0%|          | 0/30 [00:00<?, ?it/s]  3%|▎         | 1/30 [00:00<00:28,  1.01it/s]  7%|▋         | 2/30 [00:01<00:20,  1.37it/s] 10%|█         | 3/30 [00:02<00:25,  1.07it/s] 13%|█▎        | 4/30 [00:03<00:23,  1.09it/s] 17%|█▋        | 5/30 [00:05<00:29,  1.16s/it] 20%|██        | 6/30 [00:05<00:22,  1.06it/s] 23%|██▎       | 7/30 [00:05<00:16,  1.39it/s] 27%|██▋       | 8/30 [00:06<00:13,  1.65it/s] 30%|███       | 9/30 [00:06<00:09,  2.17it/s] 33%|███▎      | 10/30 [00:09<00:25,  1.26s/it] 40%|████      | 12/30 [00:09<00:16,  1.11it/s] 43%|████▎     | 13/30 [00:09<00:12,  1.35it/s] 47%|████▋     | 14/30 [00:10<00:09,  1.73it/s] 50%|█████     | 15/30 [00:10<00:07,  2.00it/s] 53%|█████▎    | 16/30 [00:10<00:05,  2.37it/s] 57%|█████▋    | 17/30 [00:11<00:05,  2.26it/s] 60%|██████    | 18/30 [00:12<00:08,  1.35it/s] 67%|██████▋   | 20/30 [00:12<00:05,  1.85it/s] 70%|███████   | 21/30 [00:13<00:04,  2.09it/s] 73%|███████▎  | 22/30 [00:13<00:03,  2.40it/s] 77%|███████▋  | 23/30 [00:13<00:02,  2.86it/s] 80%|████████  | 24/30 [00:15<00:05,  1.20it/s] 93%|█████████▎| 28/30 [00:15<00:01,  1.67it/s] 97%|█████████▋| 29/30 [00:15<00:00,  1.94it/s]100%|██████████| 30/30 [00:17<00:00,  1.11it/s]
  0%|          | 0/245 [00:00<?, ?it/s]INFO:__main__:Requesting https://www.talospace.com/2019/02/the-last-power1-on-mars-is-dead.html
INFO:__main__:Getting metadata for https://www.talospace.com/2019/02/the-last-power1-on-mars-is-dead.html
  0%|          | 1/245 [00:00<00:43,  5.66it/s]INFO:__main__:Requesting https://en.wikipedia.org/wiki/Intergalactic_Computer_Network
INFO:__main__:Getting metadata for https://en.wikipedia.org/wiki/Intergalactic_Computer_Network
  1%|          | 2/245 [00:01<01:36,  2.53it/s]INFO:__main__:Requesting https://en.wikipedia.org/wiki/CCSDS_File_Delivery_Protocol
INFO:__main__:Getting metadata for https://en.wikipedia.org/wiki/CCSDS_File_Delivery_Protocol
  1%|          | 3/245 [00:01<01:57,  2.07it/s]INFO:__main__:Requesting https://en.wikipedia.org/wiki/Rumi_calendar#/media/File:1911_Ottoman_Calendar.jpg
INFO:__main__:Getting metadata for https://en.wikipedia.org/wiki/Rumi_calendar#/media/File:1911_Ottoman_Calendar.jpg
  2%|▏         | 4/245 [00:02<02:39,  1.51it/s]INFO:__main__:Requesting https://en.wikipedia.org/wiki/Royal_Observatory,_Greenwich#Observatory_museum
INFO:__main__:Getting metadata for https://en.wikipedia.org/wiki/Royal_Observatory,_Greenwich#Observatory_museum
  2%|▏         | 5/245 [00:04<03:59,  1.00it/s]INFO:__main__:Requesting https://en.m.wikipedia.org/wiki/Proper_time
INFO:__main__:Getting metadata for https://en.m.wikipedia.org/wiki/Proper_time
  2%|▏         | 6/245 [00:06<04:43,  1.19s/it]INFO:__main__:Requesting http://www.jb.man.ac.uk/distance/frontiers/pulsars/section4.html
INFO:__main__:Getting metadata for http://www.jb.man.ac.uk/distance/frontiers/pulsars/section4.html
  3%|▎         | 7/245 [00:08<06:08,  1.55s/it]INFO:__main__:Requesting http://physicscentral.com/explore/writers/will.cfm
INFO:__main__:Getting metadata for http://physicscentral.com/explore/writers/will.cfm
  3%|▎         | 8/245 [00:08<04:34,  1.16s/it]INFO:__main__:Requesting https://space.stackexchange.com/questions/33590/time-dilation-between-mars-and-earth-due-to-different-mass
INFO:__main__:Getting metadata for https://space.stackexchange.com/questions/33590/time-dilation-between-mars-and-earth-due-to-different-mass
  4%|▎         | 9/245 [00:09<03:35,  1.10it/s]INFO:__main__:Requesting https://en.wikipedia.org/wiki/Pulsar#Precise_clocks
INFO:__main__:Getting metadata for https://en.wikipedia.org/wiki/Pulsar#Precise_clocks
  4%|▍         | 10/245 [00:11<05:07,  1.31s/it]INFO:__main__:Requesting https://en.wikipedia.org/wiki/Pulsar_clock
INFO:__main__:Getting metadata for https://en.wikipedia.org/wiki/Pulsar_clock
  4%|▍         | 11/245 [00:12<04:24,  1.13s/it]INFO:__main__:Requesting https://www.w3.org/TR/html52/textlevel-semantics.html#the-time-element
INFO:__main__:Getting metadata for https://www.w3.org/TR/html52/textlevel-semantics.html#the-time-element
  5%|▍         | 12/245 [00:35<29:50,  7.68s/it]INFO:__main__:Requesting https://en.wikipedia.org/wiki/International_System_of_Units#Base_units
INFO:__main__:Getting metadata for https://en.wikipedia.org/wiki/International_System_of_Units#Base_units
  5%|▌         | 13/245 [00:37<23:32,  6.09s/it]INFO:__main__:Requesting https://en.wikipedia.org/wiki/Barycentric_Coordinate_Time
INFO:__main__:Getting metadata for https://en.wikipedia.org/wiki/Barycentric_Coordinate_Time
  6%|▌         | 14/245 [00:38<17:19,  4.50s/it]INFO:__main__:Requesting https://en.wikipedia.org/wiki/Swatch_Internet_Time
INFO:__main__:Getting metadata for https://en.wikipedia.org/wiki/Swatch_Internet_Time
  6%|▌         | 15/245 [00:39<12:58,  3.39s/it]INFO:__main__:Requesting http://ops-alaska.com/time/gangale_mst/abstract.htm
INFO:__main__:Getting metadata for http://ops-alaska.com/time/gangale_mst/abstract.htm
  7%|▋         | 16/245 [00:39<09:29,  2.49s/it]INFO:__main__:Requesting https://stackoverflow.com/questions/1024711/hidden-features-of-tcl-tk#comment838620_1026619
INFO:__main__:Getting metadata for https://stackoverflow.com/questions/1024711/hidden-features-of-tcl-tk#comment838620_1026619
  7%|▋         | 17/245 [00:39<07:01,  1.85s/it]INFO:__main__:Requesting https://en.wikipedia.org/wiki/Stardate
INFO:__main__:Getting metadata for https://en.wikipedia.org/wiki/Stardate
  7%|▋         | 18/245 [00:40<06:11,  1.64s/it]INFO:__main__:Requesting https://mars.nasa.gov/mer/mission/rover-status/opportunity/recent/all/
INFO:__main__:Getting metadata for https://mars.nasa.gov/mer/mission/rover-status/opportunity/recent/all/
  8%|▊         | 19/245 [00:41<04:47,  1.27s/it]INFO:__main__:Requesting https://crazyoscarchang.github.io/2019/02/16/seven-myths-in-machine-learning-research/
INFO:__main__:Getting metadata for https://crazyoscarchang.github.io/2019/02/16/seven-myths-in-machine-learning-research/
  8%|▊         | 20/245 [00:41<03:46,  1.01s/it]INFO:__main__:Requesting https://www.technologyreview.com/s/538111/why-and-how-baidu-cheated-an-artificial-intelligence-test/
INFO:__main__:Getting metadata for https://www.technologyreview.com/s/538111/why-and-how-baidu-cheated-an-artificial-intelligence-test/
  9%|▊         | 21/245 [00:42<03:24,  1.10it/s]INFO:__main__:Requesting http://hunch.net/?p=22
INFO:__main__:Getting metadata for http://hunch.net/?p=22
  9%|▉         | 22/245 [00:48<08:31,  2.29s/it]INFO:__main__:Requesting https://www.theguardian.com/technology/2013/aug/07/google-chrome-password-security-flaw
INFO:__main__:Getting metadata for https://www.theguardian.com/technology/2013/aug/07/google-chrome-password-security-flaw
  9%|▉         | 23/245 [00:48<06:38,  1.80s/it]INFO:__main__:Requesting https://math.stackexchange.com/questions/412423/what-are-the-differences-between-a-matrix-and-a-tensor
INFO:__main__:Getting metadata for https://math.stackexchange.com/questions/412423/what-are-the-differences-between-a-matrix-and-a-tensor
 10%|▉         | 24/245 [00:49<05:03,  1.37s/it]INFO:__main__:Requesting https://github.com/smacke/subsync
INFO:__main__:Getting metadata for https://github.com/smacke/subsync
 10%|█         | 25/245 [00:49<04:23,  1.20s/it]INFO:__main__:Requesting https://github.com/SubtitleEdit/subtitleedit
INFO:__main__:Getting metadata for https://github.com/SubtitleEdit/subtitleedit
 11%|█         | 26/245 [00:50<03:59,  1.09s/it]INFO:__main__:Requesting https://github.com/AlbertoSabater/subtitle-synchronization
INFO:__main__:Getting metadata for https://github.com/AlbertoSabater/subtitle-synchronization
 11%|█         | 27/245 [00:51<03:33,  1.02it/s]INFO:__main__:Requesting https://gist.github.com/chanux/2042676
INFO:__main__:Getting metadata for https://gist.github.com/chanux/2042676
 11%|█▏        | 28/245 [00:51<03:00,  1.20it/s]INFO:__main__:Requesting https://github.com/pettarin/forced-alignment-tools/blob/master/README.md
INFO:__main__:Getting metadata for https://github.com/pettarin/forced-alignment-tools/blob/master/README.md
 12%|█▏        | 29/245 [00:52<02:50,  1.26it/s]INFO:__main__:Requesting https://pudding.cool/2019/02/gyllenhaal/
INFO:__main__:Getting metadata for https://pudding.cool/2019/02/gyllenhaal/
 12%|█▏        | 30/245 [00:52<02:11,  1.64it/s]INFO:__main__:Requesting http://www.lel.ed.ac.uk/ihd/elalme/elalme_frames.html
INFO:__main__:Getting metadata for http://www.lel.ed.ac.uk/ihd/elalme/elalme_frames.html
 13%|█▎        | 31/245 [00:53<02:50,  1.26it/s]INFO:__main__:Requesting http://www.amc.lel.ed.ac.uk/?page_id=563
INFO:__main__:Getting metadata for http://www.amc.lel.ed.ac.uk/?page_id=563
 13%|█▎        | 32/245 [00:58<07:01,  1.98s/it]INFO:__main__:Requesting https://mashedradish.com/2017/05/16/the-bureau-of-etymological-investigation/
ERROR:__main__:Could not reach https://mashedradish.com/2017/05/16/the-bureau-of-etymological-investigation/
Traceback (most recent call last):
  File "/home/travis/virtualenv/python3.6.3/lib/python3.6/site-packages/urllib3/connectionpool.py", line 600, in urlopen
    chunked=chunked)
  File "/home/travis/virtualenv/python3.6.3/lib/python3.6/site-packages/urllib3/connectionpool.py", line 384, in _make_request
    six.raise_from(e, None)
  File "<string>", line 2, in raise_from
  File "/home/travis/virtualenv/python3.6.3/lib/python3.6/site-packages/urllib3/connectionpool.py", line 380, in _make_request
    httplib_response = conn.getresponse()
  File "/opt/python/3.6.3/lib/python3.6/http/client.py", line 1331, in getresponse
    response.begin()
  File "/opt/python/3.6.3/lib/python3.6/http/client.py", line 297, in begin
    version, status, reason = self._read_status()
  File "/opt/python/3.6.3/lib/python3.6/http/client.py", line 266, in _read_status
    raise RemoteDisconnected("Remote end closed connection without"
http.client.RemoteDisconnected: Remote end closed connection without response

During handling of the above exception, another exception occurred:

Traceback (most recent call last):
  File "/home/travis/virtualenv/python3.6.3/lib/python3.6/site-packages/requests/adapters.py", line 449, in send
    timeout=timeout
  File "/home/travis/virtualenv/python3.6.3/lib/python3.6/site-packages/urllib3/connectionpool.py", line 638, in urlopen
    _stacktrace=sys.exc_info()[2])
  File "/home/travis/virtualenv/python3.6.3/lib/python3.6/site-packages/urllib3/util/retry.py", line 367, in increment
    raise six.reraise(type(error), error, _stacktrace)
  File "/home/travis/virtualenv/python3.6.3/lib/python3.6/site-packages/urllib3/packages/six.py", line 685, in reraise
    raise value.with_traceback(tb)
  File "/home/travis/virtualenv/python3.6.3/lib/python3.6/site-packages/urllib3/connectionpool.py", line 600, in urlopen
    chunked=chunked)
  File "/home/travis/virtualenv/python3.6.3/lib/python3.6/site-packages/urllib3/connectionpool.py", line 384, in _make_request
    six.raise_from(e, None)
  File "<string>", line 2, in raise_from
  File "/home/travis/virtualenv/python3.6.3/lib/python3.6/site-packages/urllib3/connectionpool.py", line 380, in _make_request
    httplib_response = conn.getresponse()
  File "/opt/python/3.6.3/lib/python3.6/http/client.py", line 1331, in getresponse
    response.begin()
  File "/opt/python/3.6.3/lib/python3.6/http/client.py", line 297, in begin
    version, status, reason = self._read_status()
  File "/opt/python/3.6.3/lib/python3.6/http/client.py", line 266, in _read_status
    raise RemoteDisconnected("Remote end closed connection without"
urllib3.exceptions.ProtocolError: ('Connection aborted.', RemoteDisconnected('Remote end closed connection without response',))

During handling of the above exception, another exception occurred:

Traceback (most recent call last):
  File "../_scripts/crawler/crawler.py", line 209, in metafy_url
    response = requests.get(url, timeout=6, headers={'User-Agent': 'Mozilla/5.0'})
  File "/home/travis/virtualenv/python3.6.3/lib/python3.6/site-packages/requests/api.py", line 75, in get
    return request('get', url, params=params, **kwargs)
  File "/home/travis/virtualenv/python3.6.3/lib/python3.6/site-packages/requests/api.py", line 60, in request
    return session.request(method=method, url=url, **kwargs)
  File "/home/travis/virtualenv/python3.6.3/lib/python3.6/site-packages/requests/sessions.py", line 533, in request
    resp = self.send(prep, **send_kwargs)
  File "/home/travis/virtualenv/python3.6.3/lib/python3.6/site-packages/requests/sessions.py", line 646, in send
    r = adapter.send(request, **kwargs)
  File "/home/travis/virtualenv/python3.6.3/lib/python3.6/site-packages/requests/adapters.py", line 498, in send
    raise ConnectionError(err, request=request)
requests.exceptions.ConnectionError: ('Connection aborted.', RemoteDisconnected('Remote end closed connection without response',))
 13%|█▎        | 33/245 [00:58<05:02,  1.43s/it]INFO:__main__:Requesting http://www.thesmokinggun.com/documents/crime/actor-mcconaughey-nude-bongo-bust-0
INFO:__main__:Getting metadata for http://www.thesmokinggun.com/documents/crime/actor-mcconaughey-nude-bongo-bust-0
 14%|█▍        | 34/245 [00:59<04:07,  1.17s/it]INFO:__main__:Requesting https://chuckpalahniuk.net/author/frequently-asked-questions-about-chuck-palahniuk#biographical-1
INFO:__main__:Getting metadata for https://chuckpalahniuk.net/author/frequently-asked-questions-about-chuck-palahniuk#biographical-1
 14%|█▍        | 35/245 [01:00<03:42,  1.06s/it]INFO:__main__:Requesting https://en.wikipedia.org/wiki/Ukrainian_alphabet#Letter_names_and_pronunciation
INFO:__main__:Getting metadata for https://en.wikipedia.org/wiki/Ukrainian_alphabet#Letter_names_and_pronunciation
 15%|█▍        | 36/245 [01:01<04:24,  1.26s/it]INFO:__main__:Requesting https://en.wiktionary.org/wiki/ɦ
INFO:__main__:Getting metadata for https://en.wiktionary.org/wiki/%C9%A6
 15%|█▌        | 37/245 [01:02<03:53,  1.12s/it]INFO:__main__:Requesting https://en.wikipedia.org/wiki/Romanization_of_Ukrainian#Tables_of_romanization_systems
INFO:__main__:Getting metadata for https://en.wikipedia.org/wiki/Romanization_of_Ukrainian#Tables_of_romanization_systems
 16%|█▌        | 38/245 [01:04<04:41,  1.36s/it]INFO:__main__:Requesting https://twitter.com/BillGates/status/1086662632587907072
INFO:__main__:Getting metadata for https://twitter.com/BillGates/status/1086662632587907072
 16%|█▌        | 39/245 [01:05<04:34,  1.33s/it]INFO:__main__:Requesting https://www.theguardian.com/commentisfree/2019/jan/29/bill-gates-davos-global-poverty-infographic-neoliberal
INFO:__main__:Getting metadata for https://www.theguardian.com/commentisfree/2019/jan/29/bill-gates-davos-global-poverty-infographic-neoliberal
 16%|█▋        | 40/245 [01:06<03:33,  1.04s/it]INFO:__main__:Requesting http://www.developfy.com
INFO:__main__:Getting metadata for http://www.developfy.com
 17%|█▋        | 41/245 [01:07<03:42,  1.09s/it]INFO:__main__:Requesting https://voxeu.org/article/assessing-progress-poorest-new-evidence
INFO:__main__:Getting metadata for https://voxeu.org/article/assessing-progress-poorest-new-evidence
 17%|█▋        | 42/245 [01:09<04:29,  1.33s/it]INFO:__main__:Requesting https://ourworldindata.org/poverty-at-higher-poverty-lines
INFO:__main__:Getting metadata for https://ourworldindata.org/poverty-at-higher-poverty-lines
 18%|█▊        | 43/245 [01:09<03:24,  1.01s/it]INFO:__main__:Requesting https://ourworldindata.org/extreme-history-methods
INFO:__main__:Getting metadata for https://ourworldindata.org/extreme-history-methods
 18%|█▊        | 44/245 [01:10<02:43,  1.23it/s]INFO:__main__:Requesting https://akvopedia.org
INFO:__main__:Getting metadata for https://akvopedia.org/wiki/Main_Page
 18%|█▊        | 45/245 [01:13<05:50,  1.75s/it]INFO:__main__:Requesting https://ourworldindata.org/a-history-of-global-living-conditions-in-5-charts
INFO:__main__:Getting metadata for https://ourworldindata.org/a-history-of-global-living-conditions-in-5-charts
 19%|█▉        | 46/245 [01:14<04:24,  1.33s/it]INFO:__main__:Requesting https://mediabiasfactcheck.com/our-world-in-data/
ERROR:__main__:Could not reach https://mediabiasfactcheck.com/our-world-in-data/
Traceback (most recent call last):
  File "/home/travis/virtualenv/python3.6.3/lib/python3.6/site-packages/urllib3/connectionpool.py", line 600, in urlopen
    chunked=chunked)
  File "/home/travis/virtualenv/python3.6.3/lib/python3.6/site-packages/urllib3/connectionpool.py", line 384, in _make_request
    six.raise_from(e, None)
  File "<string>", line 2, in raise_from
  File "/home/travis/virtualenv/python3.6.3/lib/python3.6/site-packages/urllib3/connectionpool.py", line 380, in _make_request
    httplib_response = conn.getresponse()
  File "/opt/python/3.6.3/lib/python3.6/http/client.py", line 1331, in getresponse
    response.begin()
  File "/opt/python/3.6.3/lib/python3.6/http/client.py", line 297, in begin
    version, status, reason = self._read_status()
  File "/opt/python/3.6.3/lib/python3.6/http/client.py", line 266, in _read_status
    raise RemoteDisconnected("Remote end closed connection without"
http.client.RemoteDisconnected: Remote end closed connection without response

During handling of the above exception, another exception occurred:

Traceback (most recent call last):
  File "/home/travis/virtualenv/python3.6.3/lib/python3.6/site-packages/requests/adapters.py", line 449, in send
    timeout=timeout
  File "/home/travis/virtualenv/python3.6.3/lib/python3.6/site-packages/urllib3/connectionpool.py", line 638, in urlopen
    _stacktrace=sys.exc_info()[2])
  File "/home/travis/virtualenv/python3.6.3/lib/python3.6/site-packages/urllib3/util/retry.py", line 367, in increment
    raise six.reraise(type(error), error, _stacktrace)
  File "/home/travis/virtualenv/python3.6.3/lib/python3.6/site-packages/urllib3/packages/six.py", line 685, in reraise
    raise value.with_traceback(tb)
  File "/home/travis/virtualenv/python3.6.3/lib/python3.6/site-packages/urllib3/connectionpool.py", line 600, in urlopen
    chunked=chunked)
  File "/home/travis/virtualenv/python3.6.3/lib/python3.6/site-packages/urllib3/connectionpool.py", line 384, in _make_request
    six.raise_from(e, None)
  File "<string>", line 2, in raise_from
  File "/home/travis/virtualenv/python3.6.3/lib/python3.6/site-packages/urllib3/connectionpool.py", line 380, in _make_request
    httplib_response = conn.getresponse()
  File "/opt/python/3.6.3/lib/python3.6/http/client.py", line 1331, in getresponse
    response.begin()
  File "/opt/python/3.6.3/lib/python3.6/http/client.py", line 297, in begin
    version, status, reason = self._read_status()
  File "/opt/python/3.6.3/lib/python3.6/http/client.py", line 266, in _read_status
    raise RemoteDisconnected("Remote end closed connection without"
urllib3.exceptions.ProtocolError: ('Connection aborted.', RemoteDisconnected('Remote end closed connection without response',))

During handling of the above exception, another exception occurred:

Traceback (most recent call last):
  File "../_scripts/crawler/crawler.py", line 209, in metafy_url
    response = requests.get(url, timeout=6, headers={'User-Agent': 'Mozilla/5.0'})
  File "/home/travis/virtualenv/python3.6.3/lib/python3.6/site-packages/requests/api.py", line 75, in get
    return request('get', url, params=params, **kwargs)
  File "/home/travis/virtualenv/python3.6.3/lib/python3.6/site-packages/requests/api.py", line 60, in request
    return session.request(method=method, url=url, **kwargs)
  File "/home/travis/virtualenv/python3.6.3/lib/python3.6/site-packages/requests/sessions.py", line 533, in request
    resp = self.send(prep, **send_kwargs)
  File "/home/travis/virtualenv/python3.6.3/lib/python3.6/site-packages/requests/sessions.py", line 646, in send
    r = adapter.send(request, **kwargs)
  File "/home/travis/virtualenv/python3.6.3/lib/python3.6/site-packages/requests/adapters.py", line 498, in send
    raise ConnectionError(err, request=request)
requests.exceptions.ConnectionError: ('Connection aborted.', RemoteDisconnected('Remote end closed connection without response',))
 19%|█▉        | 47/245 [01:14<03:11,  1.03it/s]INFO:__main__:Requesting https://ourworldindata.org/much-better-awful-can-be-better
INFO:__main__:Getting metadata for https://ourworldindata.org/much-better-awful-can-be-better
 20%|█▉        | 48/245 [01:14<02:30,  1.31it/s]INFO:__main__:Requesting https://ourworldindata.org/homelessness-rise-england
INFO:__main__:Getting metadata for https://ourworldindata.org/homelessness-rise-england
 20%|██        | 49/245 [01:14<02:00,  1.62it/s]INFO:__main__:Requesting https://www.gapminder.org/
INFO:__main__:Getting metadata for https://www.gapminder.org
 20%|██        | 50/245 [01:16<02:55,  1.11it/s]INFO:__main__:Requesting https://www.gapminder.org/videos/dont-panic-end-poverty/
INFO:__main__:Getting metadata for https://www.gapminder.org/videos/dont-panic-end-poverty/
 21%|██        | 51/245 [01:17<03:03,  1.06it/s]INFO:__main__:Requesting https://www.gapminder.org/news/data-sources-dont-panic-end-poverty/
INFO:__main__:Getting metadata for https://www.gapminder.org/news/data-sources-dont-panic-end-poverty/
 21%|██        | 52/245 [01:21<05:36,  1.74s/it]INFO:__main__:Requesting https://ourworldindata.org/grapher/child-mortality
INFO:__main__:Getting metadata for https://ourworldindata.org/grapher/child-mortality
 22%|██▏       | 53/245 [01:21<04:09,  1.30s/it]INFO:__main__:Requesting https://ourworldindata.org/about/list-of-all-data-entries
INFO:__main__:Getting metadata for https://ourworldindata.org/about/list-of-all-data-entries
 22%|██▏       | 54/245 [01:21<03:10,  1.00it/s]INFO:__main__:Requesting http://www.usefulusability.com/usertesting-alternatives/
 22%|██▏       | 55/245 [01:22<02:32,  1.25it/s]INFO:__main__:Requesting https://www.producthunt.com/alternatives/usertesting-2
INFO:__main__:Getting metadata for https://www.producthunt.com/alternatives/usertesting-2
 23%|██▎       | 56/245 [01:23<02:37,  1.20it/s]INFO:__main__:Requesting https://medium.com/@leemunroe/how-our-product-design-team-conducts-usability-tests-every-2-weeks-afa8c60a8616
INFO:__main__:Getting metadata for https://medium.com/@leemunroe/how-our-product-design-team-conducts-usability-tests-every-2-weeks-afa8c60a8616
 23%|██▎       | 57/245 [01:23<02:23,  1.31it/s]INFO:__main__:Requesting https://fivethirtyeight.com/
INFO:__main__:Getting metadata for https://fivethirtyeight.com
 24%|██▎       | 58/245 [01:23<01:56,  1.61it/s]INFO:__main__:Requesting https://www.newyorker.com/
INFO:__main__:Getting metadata for https://www.newyorker.com
 24%|██▍       | 59/245 [01:24<01:37,  1.91it/s]INFO:__main__:Requesting https://ourworldindata.org/about/coverage#coverage
INFO:__main__:Getting metadata for https://ourworldindata.org/about/coverage#coverage
 24%|██▍       | 60/245 [01:24<01:34,  1.95it/s]INFO:__main__:Requesting https://elixir-lang.org/blog/2019/02/25/mint-a-new-http-library-for-elixir/
INFO:__main__:Getting metadata for https://elixir-lang.org/blog/2019/02/25/mint-a-new-http-library-for-elixir/
 25%|██▍       | 61/245 [01:24<01:16,  2.40it/s]INFO:__main__:Requesting https://twitter.com/whatyouhide/status/1100082898986774528
INFO:__main__:Getting metadata for https://twitter.com/whatyouhide/status/1100082898986774528
 25%|██▌       | 62/245 [01:25<01:36,  1.89it/s]INFO:__main__:Requesting https://hexdocs.pm/mojito/Mojito.html
INFO:__main__:Getting metadata for https://hexdocs.pm/mojito/Mojito.html
 26%|██▌       | 63/245 [01:26<01:41,  1.80it/s]INFO:__main__:Requesting https://github.com/appcues/mojito
INFO:__main__:Getting metadata for https://github.com/appcues/mojito
 26%|██▌       | 64/245 [01:27<01:58,  1.53it/s]INFO:__main__:Requesting https://ninenines.eu/docs/en/gun/1.3/manual/
INFO:__main__:Getting metadata for https://ninenines.eu/docs/en/gun/1.3/manual/
 27%|██▋       | 65/245 [01:28<02:25,  1.24it/s]INFO:__main__:Requesting https://github.com/elixir-maru/maru
INFO:__main__:Getting metadata for https://github.com/elixir-maru/maru
 27%|██▋       | 66/245 [01:29<02:27,  1.22it/s]INFO:__main__:Requesting https://www.youtube.com/watch?v=_JNGI1dI-e8
INFO:__main__:Getting metadata for https://www.youtube.com/watch?v=_JNGI1dI-e8
 27%|██▋       | 67/245 [01:30<02:38,  1.12it/s]INFO:__main__:Requesting https://github.com/ericmj/mint
INFO:__main__:Getting metadata for https://github.com/ericmj/mint
 28%|██▊       | 68/245 [01:31<02:32,  1.16it/s]INFO:__main__:Requesting https://www.nature.com/articles/s41598-019-39558-8
INFO:__main__:Getting metadata for https://www.nature.com/articles/s41598-019-39558-8
 28%|██▊       | 69/245 [01:33<03:56,  1.34s/it]INFO:__main__:Requesting https://en.wikipedia.org/wiki/Fermi_paradox
INFO:__main__:Getting metadata for https://en.wikipedia.org/wiki/Fermi_paradox
 29%|██▊       | 70/245 [01:35<04:39,  1.59s/it]INFO:__main__:Requesting https://en.wikipedia.org/wiki/Great_Filter
INFO:__main__:Getting metadata for https://en.wikipedia.org/wiki/Great_Filter
 29%|██▉       | 71/245 [01:36<04:09,  1.43s/it]INFO:__main__:Requesting https://www.youtube.com/watch?v=amjuJJwI3iM
INFO:__main__:Getting metadata for https://www.youtube.com/watch?v=amjuJJwI3iM
 29%|██▉       | 72/245 [01:37<03:50,  1.33s/it]INFO:__main__:Requesting https://en.wikipedia.org/wiki/Stellar_population#Population_I_stars
INFO:__main__:Getting metadata for https://en.wikipedia.org/wiki/Stellar_population#Population_I_stars
 30%|██▉       | 73/245 [01:39<03:45,  1.31s/it]INFO:__main__:Requesting https://en.wikipedia.org/wiki/Chlamydomonadales
INFO:__main__:Getting metadata for https://en.wikipedia.org/wiki/Chlamydomonadales
 30%|███       | 74/245 [01:39<03:17,  1.15s/it]INFO:__main__:Requesting https://en.wikipedia.org/wiki/Caulerpa
INFO:__main__:Getting metadata for https://en.wikipedia.org/wiki/Caulerpa
 31%|███       | 75/245 [01:40<03:06,  1.10s/it]INFO:__main__:Requesting https://leowid.com/brain-facts/
 31%|███       | 76/245 [01:41<02:17,  1.23it/s]INFO:__main__:Requesting https://en.wikipedia.org/wiki/Flashbulb_memory
INFO:__main__:Getting metadata for https://en.wikipedia.org/wiki/Flashbulb_memory
 31%|███▏      | 77/245 [01:42<02:53,  1.03s/it]INFO:__main__:Requesting https://en.wikipedia.org/wiki/Dandy%E2%80%93Walker_syndrome
INFO:__main__:Getting metadata for https://en.wikipedia.org/wiki/Dandy%E2%80%93Walker_syndrome
 32%|███▏      | 78/245 [01:43<02:51,  1.02s/it]INFO:__main__:Requesting https://en.wikipedia.org/wiki/Research_on_meditation#Research_on_unspecified_or_multiple_types_of_meditation
INFO:__main__:Getting metadata for https://en.wikipedia.org/wiki/Research_on_meditation#Research_on_unspecified_or_multiple_types_of_meditation
 32%|███▏      | 79/245 [01:45<03:38,  1.32s/it]INFO:__main__:Requesting http://git.kernel.dk/cgit/linux-block/commit/?h=for-next&id=8923ebc04818fcb506829591aa8704baefd661ec
INFO:__main__:Getting metadata for http://git.kernel.dk/cgit/linux-block/commit/?h=for-next&id=8923ebc04818fcb506829591aa8704baefd661ec
 33%|███▎      | 80/245 [01:47<03:54,  1.42s/it]INFO:__main__:Requesting https://lwn.net/Articles/776703/
INFO:__main__:Getting metadata for https://lwn.net/Articles/776703/
 33%|███▎      | 81/245 [01:47<03:18,  1.21s/it]INFO:__main__:Requesting https://www.nytimes.com/2019/02/08/well/live/does-sunlight-through-glass-provide-vitamin-d.html
INFO:__main__:Getting metadata for https://www.nytimes.com/2019/02/08/well/live/does-sunlight-through-glass-provide-vitamin-d.html
 33%|███▎      | 82/245 [01:48<02:29,  1.09it/s]INFO:__main__:Requesting https://www.sciencedirect.com/science/article/pii/0273230092900358
INFO:__main__:Getting metadata for https://www.sciencedirect.com/science/article/pii/0273230092900358
 34%|███▍      | 83/245 [01:49<02:27,  1.10it/s]INFO:__main__:Requesting https://valtsus.blogspot.com/2017/05/the-therapeutic-effects-of-red-and-near.html
INFO:__main__:Getting metadata for https://valtsus.blogspot.com/2017/05/the-therapeutic-effects-of-red-and-near.html
 34%|███▍      | 84/245 [01:50<02:31,  1.06it/s]INFO:__main__:Requesting https://www.quora.com/Can-infrared-light-pass-through-glass
INFO:__main__:Getting metadata for https://www.quora.com/Can-infrared-light-pass-through-glass
 35%|███▍      | 85/245 [01:52<03:43,  1.40s/it]INFO:__main__:Requesting https://www.sciencedirect.com/science/article/pii/S0022202X15368974
INFO:__main__:Getting metadata for https://www.sciencedirect.com/science/article/pii/S0022202X15368974
 35%|███▌      | 86/245 [01:53<02:57,  1.12s/it]INFO:__main__:Requesting https://www.outsideonline.com/2380751/sunscreen-sun-exposure-skin-cancer-science
INFO:__main__:Getting metadata for https://www.outsideonline.com/2380751/sunscreen-sun-exposure-skin-cancer-science
 36%|███▌      | 87/245 [01:53<02:15,  1.17it/s]INFO:__main__:Requesting https://www.health.govt.nz/your-health/healthy-living/food-activity-and-sleep/healthy-eating/vitamin-d
INFO:__main__:Getting metadata for https://www.health.govt.nz/your-health/healthy-living/food-activity-and-sleep/healthy-eating/vitamin-d
 36%|███▌      | 88/245 [01:55<03:42,  1.42s/it]INFO:__main__:Requesting https://slatestarcodex.com/2018/07/10/melatonin-much-more-than-you-wanted-to-know/
INFO:__main__:Getting metadata for https://slatestarcodex.com/2018/07/10/melatonin-much-more-than-you-wanted-to-know/
 36%|███▋      | 89/245 [01:57<03:33,  1.37s/it]INFO:__main__:Requesting https://www.quora.com/Why-does-glass-block-UV
INFO:__main__:Getting metadata for https://www.quora.com/Why-does-glass-block-UV
 37%|███▋      | 90/245 [01:59<04:32,  1.76s/it]INFO:__main__:Requesting https://www.sindark.com/2011/02/22/feynman-and-the-trinity-test/
INFO:__main__:Getting metadata for https://www.sindark.com/2011/02/22/feynman-and-the-trinity-test/
 37%|███▋      | 91/245 [02:01<04:12,  1.64s/it]INFO:__main__:Requesting https://en.wikipedia.org/wiki/Demon_core
INFO:__main__:Getting metadata for https://en.wikipedia.org/wiki/Demon_core
 38%|███▊      | 92/245 [02:02<03:48,  1.49s/it]INFO:__main__:Requesting http://www.company7.com/nikon/lens/0105f4.5uv.html
INFO:__main__:Getting metadata for http://www.company7.com/nikon/lens/0105f4.5uv.html
 38%|███▊      | 93/245 [02:03<03:49,  1.51s/it]INFO:__main__:Requesting https://www.youtube.com/watch?v=vwsHRrDYu5o
INFO:__main__:Getting metadata for https://www.youtube.com/watch?v=vwsHRrDYu5o
 38%|███▊      | 94/245 [02:04<03:18,  1.31s/it]INFO:__main__:Requesting https://www.huffingtonpost.ca/2012/06/06/bill-mcelligott-sun-damage_n_1573546.html
INFO:__main__:Getting metadata for https://www.huffingtonpost.ca/2012/06/06/bill-mcelligott-sun-damage_n_1573546.html
 39%|███▉      | 95/245 [02:05<02:33,  1.02s/it]INFO:__main__:Requesting http://archive.is/aVhiM
INFO:__main__:Getting metadata for http://archive.is/aVhiM
 39%|███▉      | 96/245 [02:07<03:42,  1.50s/it]INFO:__main__:Requesting https://www.nejm.org/doi/full/10.1056/NEJMicm1104059
INFO:__main__:Getting metadata for https://www.nejm.org/doi/full/10.1056/NEJMicm1104059
 40%|███▉      | 97/245 [02:09<03:49,  1.55s/it]INFO:__main__:Requesting https://www.skincancer.org/prevention/uva-and-uvb
INFO:__main__:Getting metadata for https://www.skincancer.org/prevention/uva-and-uvb
 40%|████      | 98/245 [02:11<03:52,  1.58s/it]INFO:__main__:Requesting https://www.youtube.com/watch?v=V9K6gjR07Po
INFO:__main__:Getting metadata for https://www.youtube.com/watch?v=V9K6gjR07Po
 40%|████      | 99/245 [02:12<03:27,  1.42s/it]INFO:__main__:Requesting https://www.npr.org/sections/health-shots/2018/11/10/666545527/vitamin-d-and-fish-oil-supplements-disappoint-in-long-awaited-study-results
INFO:__main__:Getting metadata for https://www.npr.org/sections/health-shots/2018/11/10/666545527/vitamin-d-and-fish-oil-supplements-disappoint-in-long-awaited-study-results
 41%|████      | 100/245 [02:12<02:43,  1.13s/it]INFO:__main__:Requesting https://www.theguardian.com/science/2018/mar/09/is-vitamin-d-really-a-cure-all-and-how-should-we-get-our-fix
INFO:__main__:Getting metadata for https://www.theguardian.com/science/2018/mar/09/is-vitamin-d-really-a-cure-all-and-how-should-we-get-our-fix
 41%|████      | 101/245 [02:13<02:20,  1.02it/s]INFO:__main__:Requesting https://www.nytimes.com/2018/08/18/business/vitamin-d-michael-holick.html
INFO:__main__:Getting metadata for https://www.nytimes.com/2018/08/18/business/vitamin-d-michael-holick.html
 42%|████▏     | 102/245 [02:14<02:17,  1.04it/s]INFO:__main__:Requesting https://www.mayoclinic.org/healthy-lifestyle/nutrition-and-healthy-eating/expert-answers/vitamin-d-toxicity/faq-20058108
INFO:__main__:Getting metadata for https://www.mayoclinic.org/healthy-lifestyle/nutrition-and-healthy-eating/expert-answers/vitamin-d-toxicity/faq-20058108
 42%|████▏     | 103/245 [02:14<01:47,  1.33it/s]INFO:__main__:Requesting https://drhyman.com/blog/2010/08/24/vitamin-d-why-you-are-probably-not-getting-enough/
INFO:__main__:Getting metadata for https://drhyman.com/blog/2010/08/24/vitamin-d-why-you-are-probably-not-getting-enough/
 42%|████▏     | 104/245 [02:17<03:19,  1.42s/it]INFO:__main__:Requesting http://www.usp.org/verification-services/verified-mark
INFO:__main__:Getting metadata for http://www.usp.org/verification-services/verified-mark
 43%|████▎     | 105/245 [02:18<02:53,  1.24s/it]INFO:__main__:Requesting https://www.consumerreports.org/vitamins-supplements/what-usp-verified-and-other-supplement-seals-mean/
INFO:__main__:Getting metadata for https://www.consumerreports.org/vitamins-supplements/what-usp-verified-and-other-supplement-seals-mean/
 43%|████▎     | 106/245 [02:18<02:23,  1.03s/it]INFO:__main__:Requesting http://cphpost.dk/news/danish-health-authority-warns-of-toxic-vitamin-d-product.html
INFO:__main__:Getting metadata for http://cphpost.dk/news/danish-health-authority-warns-of-toxic-vitamin-d-product.html
 44%|████▎     | 107/245 [02:27<07:24,  3.22s/it]INFO:__main__:Requesting https://labdoor.com/
INFO:__main__:Getting metadata for https://labdoor.com
 44%|████▍     | 108/245 [02:27<05:27,  2.39s/it]INFO:__main__:Requesting https://www.ncbi.nlm.nih.gov/m/pubmed/28768407/
INFO:__main__:Getting metadata for https://www.ncbi.nlm.nih.gov/m/pubmed/28768407/
 44%|████▍     | 109/245 [02:29<04:53,  2.16s/it]INFO:__main__:Requesting https://www.nhs.uk/conditions/vitamins-and-minerals/vitamin-d/
INFO:__main__:Getting metadata for https://www.nhs.uk/conditions/vitamins-and-minerals/vitamin-d/
 45%|████▍     | 110/245 [02:29<03:45,  1.67s/it]INFO:__main__:Requesting https://www.health.harvard.edu/staying-healthy/should-you-get-your-nutrients-from-food-or-from-supplements
INFO:__main__:Getting metadata for https://www.health.harvard.edu/staying-healthy/should-you-get-your-nutrients-from-food-or-from-supplements
 45%|████▌     | 111/245 [02:30<02:58,  1.33s/it]INFO:__main__:Requesting https://en.wikipedia.org/wiki/The_dose_makes_the_poison
INFO:__main__:Getting metadata for https://en.wikipedia.org/wiki/The_dose_makes_the_poison
 46%|████▌     | 112/245 [02:30<02:33,  1.16s/it]INFO:__main__:Requesting https://blog.oup.com/2015/01/kin-group-selection-controversy/
INFO:__main__:Getting metadata for https://blog.oup.com/2015/01/kin-group-selection-controversy/
 46%|████▌     | 113/245 [02:32<02:46,  1.26s/it]INFO:__main__:Requesting http://www.bbc.co.uk/earth/story/20150420-why-do-women-have-periods
INFO:__main__:Getting metadata for http://www.bbc.co.uk/earth/story/20150420-why-do-women-have-periods
 47%|████▋     | 114/245 [02:33<02:41,  1.23s/it]INFO:__main__:Requesting https://jamanetwork.com/journals/jamaophthalmology/fullarticle/2588252
INFO:__main__:Getting metadata for https://jamanetwork.com/journals/jamaophthalmology/fullarticle/2588252
ERROR:__main__:Could not get metadata for https://jamanetwork.com/journals/jamaophthalmology/fullarticle/2588252
Traceback (most recent call last):
  File "/home/travis/virtualenv/python3.6.3/lib/python3.6/site-packages/urllib3/connectionpool.py", line 600, in urlopen
    chunked=chunked)
  File "/home/travis/virtualenv/python3.6.3/lib/python3.6/site-packages/urllib3/connectionpool.py", line 384, in _make_request
    six.raise_from(e, None)
  File "<string>", line 2, in raise_from
  File "/home/travis/virtualenv/python3.6.3/lib/python3.6/site-packages/urllib3/connectionpool.py", line 380, in _make_request
    httplib_response = conn.getresponse()
  File "/opt/python/3.6.3/lib/python3.6/http/client.py", line 1331, in getresponse
    response.begin()
  File "/opt/python/3.6.3/lib/python3.6/http/client.py", line 297, in begin
    version, status, reason = self._read_status()
  File "/opt/python/3.6.3/lib/python3.6/http/client.py", line 258, in _read_status
    line = str(self.fp.readline(_MAXLINE + 1), "iso-8859-1")
  File "/opt/python/3.6.3/lib/python3.6/socket.py", line 586, in readinto
    return self._sock.recv_into(b)
  File "/opt/python/3.6.3/lib/python3.6/ssl.py", line 1009, in recv_into
    return self.read(nbytes, buffer)
  File "/opt/python/3.6.3/lib/python3.6/ssl.py", line 871, in read
    return self._sslobj.read(len, buffer)
  File "/opt/python/3.6.3/lib/python3.6/ssl.py", line 631, in read
    v = self._sslobj.read(len, buffer)
ConnectionResetError: [Errno 104] Connection reset by peer

During handling of the above exception, another exception occurred:

Traceback (most recent call last):
  File "/home/travis/virtualenv/python3.6.3/lib/python3.6/site-packages/requests/adapters.py", line 449, in send
    timeout=timeout
  File "/home/travis/virtualenv/python3.6.3/lib/python3.6/site-packages/urllib3/connectionpool.py", line 638, in urlopen
    _stacktrace=sys.exc_info()[2])
  File "/home/travis/virtualenv/python3.6.3/lib/python3.6/site-packages/urllib3/util/retry.py", line 367, in increment
    raise six.reraise(type(error), error, _stacktrace)
  File "/home/travis/virtualenv/python3.6.3/lib/python3.6/site-packages/urllib3/packages/six.py", line 685, in reraise
    raise value.with_traceback(tb)
  File "/home/travis/virtualenv/python3.6.3/lib/python3.6/site-packages/urllib3/connectionpool.py", line 600, in urlopen
    chunked=chunked)
  File "/home/travis/virtualenv/python3.6.3/lib/python3.6/site-packages/urllib3/connectionpool.py", line 384, in _make_request
    six.raise_from(e, None)
  File "<string>", line 2, in raise_from
  File "/home/travis/virtualenv/python3.6.3/lib/python3.6/site-packages/urllib3/connectionpool.py", line 380, in _make_request
    httplib_response = conn.getresponse()
  File "/opt/python/3.6.3/lib/python3.6/http/client.py", line 1331, in getresponse
    response.begin()
  File "/opt/python/3.6.3/lib/python3.6/http/client.py", line 297, in begin
    version, status, reason = self._read_status()
  File "/opt/python/3.6.3/lib/python3.6/http/client.py", line 258, in _read_status
    line = str(self.fp.readline(_MAXLINE + 1), "iso-8859-1")
  File "/opt/python/3.6.3/lib/python3.6/socket.py", line 586, in readinto
    return self._sock.recv_into(b)
  File "/opt/python/3.6.3/lib/python3.6/ssl.py", line 1009, in recv_into
    return self.read(nbytes, buffer)
  File "/opt/python/3.6.3/lib/python3.6/ssl.py", line 871, in read
    return self._sslobj.read(len, buffer)
  File "/opt/python/3.6.3/lib/python3.6/ssl.py", line 631, in read
    v = self._sslobj.read(len, buffer)
urllib3.exceptions.ProtocolError: ('Connection aborted.', ConnectionResetError(104, 'Connection reset by peer'))

During handling of the above exception, another exception occurred:

Traceback (most recent call last):
  File "/home/travis/virtualenv/python3.6.3/lib/python3.6/site-packages/webpreview/previews.py", line 34, in __init__
    res = requests.get(url, timeout=timeout, headers=headers)
  File "/home/travis/virtualenv/python3.6.3/lib/python3.6/site-packages/requests/api.py", line 75, in get
    return request('get', url, params=params, **kwargs)
  File "/home/travis/virtualenv/python3.6.3/lib/python3.6/site-packages/requests/api.py", line 60, in request
    return session.request(method=method, url=url, **kwargs)
  File "/home/travis/virtualenv/python3.6.3/lib/python3.6/site-packages/requests/sessions.py", line 533, in request
    resp = self.send(prep, **send_kwargs)
  File "/home/travis/virtualenv/python3.6.3/lib/python3.6/site-packages/requests/sessions.py", line 646, in send
    r = adapter.send(request, **kwargs)
  File "/home/travis/virtualenv/python3.6.3/lib/python3.6/site-packages/requests/adapters.py", line 498, in send
    raise ConnectionError(err, request=request)
requests.exceptions.ConnectionError: ('Connection aborted.', ConnectionResetError(104, 'Connection reset by peer'))

During handling of the above exception, another exception occurred:

Traceback (most recent call last):
  File "../_scripts/crawler/crawler.py", line 93, in _get_site_title_and_description
    title, description, _ = web_preview(url, content=content)
  File "/home/travis/virtualenv/python3.6.3/lib/python3.6/site-packages/webpreview/previews.py", line 190, in web_preview
    og = OpenGraph(url, ['og:title', 'og:description', 'og:image'], timeout=timeout, headers=headers, content=content)
  File "/home/travis/virtualenv/python3.6.3/lib/python3.6/site-packages/webpreview/previews.py", line 165, in __init__
    super(OpenGraph, self).__init__(*args, **kwargs)
  File "/home/travis/virtualenv/python3.6.3/lib/python3.6/site-packages/webpreview/previews.py", line 131, in __init__
    super(SocialPreviewBase, self).__init__(*args, **kwargs)
  File "/home/travis/virtualenv/python3.6.3/lib/python3.6/site-packages/webpreview/previews.py", line 36, in __init__
    raise URLUnreachable("The URL does not exist.")
webpreview.excepts.URLUnreachable: The URL does not exist.
 47%|████▋     | 115/245 [02:36<03:35,  1.66s/it]INFO:__main__:Requesting https://www.bbc.com/news/science-environment-42939192
INFO:__main__:Getting metadata for https://www.bbc.com/news/science-environment-42939192
 47%|████▋     | 116/245 [02:37<03:19,  1.55s/it]INFO:__main__:Requesting https://www.nytimes.com/2018/02/16/well/live/do-i-get-enough-vitamin-d-in-the-winter.html
INFO:__main__:Getting metadata for https://www.nytimes.com/2018/02/16/well/live/do-i-get-enough-vitamin-d-in-the-winter.html
 48%|████▊     | 117/245 [02:38<03:01,  1.42s/it]INFO:__main__:Requesting https://makezine.com/projects/build-hack-and-deploy-detectors-to-measure-solar-uv-radiation/
INFO:__main__:Getting metadata for https://makezine.com/projects/build-hack-and-deploy-detectors-to-measure-solar-uv-radiation/
 48%|████▊     | 118/245 [02:39<02:38,  1.25s/it]INFO:__main__:Requesting https://www.solarmeter.com/model65.html
 49%|████▊     | 119/245 [02:39<02:04,  1.01it/s]INFO:__main__:Requesting https://www.sperti.com/product/sperti-vitamin-d-light-box
INFO:__main__:Getting metadata for https://www.sperti.com/product/sperti-vitamin-d-light-box
 49%|████▉     | 120/245 [02:41<02:15,  1.08s/it]INFO:__main__:Requesting https://www.fdalabelcompliance.com/letters/ucm284022
INFO:__main__:Getting metadata for https://www.fdalabelcompliance.com/letters/ucm284022
 49%|████▉     | 121/245 [02:42<02:20,  1.13s/it]INFO:__main__:Requesting https://www.circadianoptics.com/
INFO:__main__:Getting metadata for https://www.circadianoptics.com
 50%|████▉     | 122/245 [02:43<02:08,  1.04s/it]INFO:__main__:Requesting https://www.nytimes.com/column/ask-well
INFO:__main__:Getting metadata for https://www.nytimes.com/column/ask-well
 50%|█████     | 123/245 [02:44<02:19,  1.15s/it]INFO:__main__:Requesting https://en.wikipedia.org/wiki/Betteridge%27s_law_of_headlines
INFO:__main__:Getting metadata for https://en.wikipedia.org/wiki/Betteridge%27s_law_of_headlines
 51%|█████     | 124/245 [02:45<02:05,  1.04s/it]INFO:__main__:Requesting https://www.futurice.com/blog/improving-documentation-of-open-source-software/
INFO:__main__:Getting metadata for https://www.futurice.com/blog/improving-documentation-of-open-source-software/
 51%|█████     | 125/245 [02:46<01:47,  1.11it/s]INFO:__main__:Requesting https://www.taiwannews.com.tw/en/news/3644433
INFO:__main__:Getting metadata for https://www.taiwannews.com.tw/en/news/3644433
 51%|█████▏    | 126/245 [02:47<02:20,  1.18s/it]INFO:__main__:Requesting https://www.bbc.com/news/science-environment-47311186
INFO:__main__:Getting metadata for https://www.bbc.com/news/science-environment-47311186
 52%|█████▏    | 127/245 [02:48<01:45,  1.11it/s]INFO:__main__:Requesting https://mashable.com/article/fernandina-giant-tortoise-galapagos-extinct-discovery
INFO:__main__:Getting metadata for https://mashable.com/article/fernandina-giant-tortoise-galapagos-extinct-discovery/
 52%|█████▏    | 128/245 [02:48<01:32,  1.26it/s]INFO:__main__:Requesting https://puri.sm/posts/pureboot-the-high-security-boot-process/
INFO:__main__:Getting metadata for https://puri.sm/posts/pureboot-the-high-security-boot-process/
 53%|█████▎    | 129/245 [02:49<01:22,  1.40it/s]INFO:__main__:Requesting https://support.lenovo.com/us/en/downloads/ds029187
INFO:__main__:Getting metadata for https://support.lenovo.com/us/en/downloads/ds029187
 53%|█████▎    | 130/245 [02:51<02:19,  1.21s/it]INFO:__main__:Requesting https://support.lenovo.com/us/en/downloads/ds029252
INFO:__main__:Getting metadata for https://support.lenovo.com/us/en/downloads/ds029252
 53%|█████▎    | 131/245 [02:53<02:42,  1.43s/it]INFO:__main__:Requesting https://github.com/Cr4sh/ThinkPwn
INFO:__main__:Getting metadata for https://github.com/Cr4sh/ThinkPwn
 54%|█████▍    | 132/245 [02:54<02:19,  1.23s/it]INFO:__main__:Requesting https://support.lenovo.com/us/en/solutions/len-8324
INFO:__main__:Getting metadata for https://support.lenovo.com/us/en/solutions/len-8324
 54%|█████▍    | 133/245 [02:57<03:36,  1.93s/it]INFO:__main__:Requesting https://github.com/chipsec/chipsec
INFO:__main__:Getting metadata for https://github.com/chipsec/chipsec
 55%|█████▍    | 134/245 [02:58<03:03,  1.65s/it]INFO:__main__:Requesting https://blog.dowhile0.org/2017/10/18/automatic-luks-volumes-unlocking-using-a-tpm2-chip/
ERROR:__main__:Could not reach https://blog.dowhile0.org/2017/10/18/automatic-luks-volumes-unlocking-using-a-tpm2-chip/
Traceback (most recent call last):
  File "/home/travis/virtualenv/python3.6.3/lib/python3.6/site-packages/urllib3/connectionpool.py", line 600, in urlopen
    chunked=chunked)
  File "/home/travis/virtualenv/python3.6.3/lib/python3.6/site-packages/urllib3/connectionpool.py", line 384, in _make_request
    six.raise_from(e, None)
  File "<string>", line 2, in raise_from
  File "/home/travis/virtualenv/python3.6.3/lib/python3.6/site-packages/urllib3/connectionpool.py", line 380, in _make_request
    httplib_response = conn.getresponse()
  File "/opt/python/3.6.3/lib/python3.6/http/client.py", line 1331, in getresponse
    response.begin()
  File "/opt/python/3.6.3/lib/python3.6/http/client.py", line 297, in begin
    version, status, reason = self._read_status()
  File "/opt/python/3.6.3/lib/python3.6/http/client.py", line 266, in _read_status
    raise RemoteDisconnected("Remote end closed connection without"
http.client.RemoteDisconnected: Remote end closed connection without response

During handling of the above exception, another exception occurred:

Traceback (most recent call last):
  File "/home/travis/virtualenv/python3.6.3/lib/python3.6/site-packages/requests/adapters.py", line 449, in send
    timeout=timeout
  File "/home/travis/virtualenv/python3.6.3/lib/python3.6/site-packages/urllib3/connectionpool.py", line 638, in urlopen
    _stacktrace=sys.exc_info()[2])
  File "/home/travis/virtualenv/python3.6.3/lib/python3.6/site-packages/urllib3/util/retry.py", line 367, in increment
    raise six.reraise(type(error), error, _stacktrace)
  File "/home/travis/virtualenv/python3.6.3/lib/python3.6/site-packages/urllib3/packages/six.py", line 685, in reraise
    raise value.with_traceback(tb)
  File "/home/travis/virtualenv/python3.6.3/lib/python3.6/site-packages/urllib3/connectionpool.py", line 600, in urlopen
    chunked=chunked)
  File "/home/travis/virtualenv/python3.6.3/lib/python3.6/site-packages/urllib3/connectionpool.py", line 384, in _make_request
    six.raise_from(e, None)
  File "<string>", line 2, in raise_from
  File "/home/travis/virtualenv/python3.6.3/lib/python3.6/site-packages/urllib3/connectionpool.py", line 380, in _make_request
    httplib_response = conn.getresponse()
  File "/opt/python/3.6.3/lib/python3.6/http/client.py", line 1331, in getresponse
    response.begin()
  File "/opt/python/3.6.3/lib/python3.6/http/client.py", line 297, in begin
    version, status, reason = self._read_status()
  File "/opt/python/3.6.3/lib/python3.6/http/client.py", line 266, in _read_status
    raise RemoteDisconnected("Remote end closed connection without"
urllib3.exceptions.ProtocolError: ('Connection aborted.', RemoteDisconnected('Remote end closed connection without response',))

During handling of the above exception, another exception occurred:

Traceback (most recent call last):
  File "../_scripts/crawler/crawler.py", line 209, in metafy_url
    response = requests.get(url, timeout=6, headers={'User-Agent': 'Mozilla/5.0'})
  File "/home/travis/virtualenv/python3.6.3/lib/python3.6/site-packages/requests/api.py", line 75, in get
    return request('get', url, params=params, **kwargs)
  File "/home/travis/virtualenv/python3.6.3/lib/python3.6/site-packages/requests/api.py", line 60, in request
    return session.request(method=method, url=url, **kwargs)
  File "/home/travis/virtualenv/python3.6.3/lib/python3.6/site-packages/requests/sessions.py", line 533, in request
    resp = self.send(prep, **send_kwargs)
  File "/home/travis/virtualenv/python3.6.3/lib/python3.6/site-packages/requests/sessions.py", line 646, in send
    r = adapter.send(request, **kwargs)
  File "/home/travis/virtualenv/python3.6.3/lib/python3.6/site-packages/requests/adapters.py", line 498, in send
    raise ConnectionError(err, request=request)
requests.exceptions.ConnectionError: ('Connection aborted.', RemoteDisconnected('Remote end closed connection without response',))
 55%|█████▌    | 135/245 [02:59<02:12,  1.21s/it]INFO:__main__:Requesting https://trmm.net/Heads_33c3#Philosophy_of_Heads
INFO:__main__:Getting metadata for https://trmm.net/Heads_33c3#Philosophy_of_Heads
 56%|█████▌    | 136/245 [03:00<02:06,  1.16s/it]INFO:__main__:Requesting https://github.com/TrenchBoot/documentation/blob/master/documentation/Architecture.md
INFO:__main__:Getting metadata for https://github.com/TrenchBoot/documentation/blob/master/documentation/Architecture.md
 56%|█████▌    | 137/245 [03:00<01:53,  1.05s/it]INFO:__main__:Requesting http://reboot.pro/topic/7223-how-to-boot-directly-into-windows-from-kexecgrub4dos/
INFO:__main__:Getting metadata for http://reboot.pro/topic/7223-how-to-boot-directly-into-windows-from-kexecgrub4dos/
 56%|█████▋    | 138/245 [03:01<01:40,  1.07it/s]INFO:__main__:Requesting https://mjg59.dreamwidth.org/50577.html
INFO:__main__:Getting metadata for https://mjg59.dreamwidth.org/50577.html
 57%|█████▋    | 139/245 [03:03<02:22,  1.35s/it]INFO:__main__:Requesting http://webdav.org/
ERROR:__main__:Could not reach http://webdav.org/
Traceback (most recent call last):
  File "/home/travis/virtualenv/python3.6.3/lib/python3.6/site-packages/urllib3/connectionpool.py", line 384, in _make_request
    six.raise_from(e, None)
  File "<string>", line 2, in raise_from
  File "/home/travis/virtualenv/python3.6.3/lib/python3.6/site-packages/urllib3/connectionpool.py", line 380, in _make_request
    httplib_response = conn.getresponse()
  File "/opt/python/3.6.3/lib/python3.6/http/client.py", line 1331, in getresponse
    response.begin()
  File "/opt/python/3.6.3/lib/python3.6/http/client.py", line 297, in begin
    version, status, reason = self._read_status()
  File "/opt/python/3.6.3/lib/python3.6/http/client.py", line 258, in _read_status
    line = str(self.fp.readline(_MAXLINE + 1), "iso-8859-1")
  File "/opt/python/3.6.3/lib/python3.6/socket.py", line 586, in readinto
    return self._sock.recv_into(b)
socket.timeout: timed out

During handling of the above exception, another exception occurred:

Traceback (most recent call last):
  File "/home/travis/virtualenv/python3.6.3/lib/python3.6/site-packages/requests/adapters.py", line 449, in send
    timeout=timeout
  File "/home/travis/virtualenv/python3.6.3/lib/python3.6/site-packages/urllib3/connectionpool.py", line 638, in urlopen
    _stacktrace=sys.exc_info()[2])
  File "/home/travis/virtualenv/python3.6.3/lib/python3.6/site-packages/urllib3/util/retry.py", line 367, in increment
    raise six.reraise(type(error), error, _stacktrace)
  File "/home/travis/virtualenv/python3.6.3/lib/python3.6/site-packages/urllib3/packages/six.py", line 686, in reraise
    raise value
  File "/home/travis/virtualenv/python3.6.3/lib/python3.6/site-packages/urllib3/connectionpool.py", line 600, in urlopen
    chunked=chunked)
  File "/home/travis/virtualenv/python3.6.3/lib/python3.6/site-packages/urllib3/connectionpool.py", line 386, in _make_request
    self._raise_timeout(err=e, url=url, timeout_value=read_timeout)
  File "/home/travis/virtualenv/python3.6.3/lib/python3.6/site-packages/urllib3/connectionpool.py", line 306, in _raise_timeout
    raise ReadTimeoutError(self, url, "Read timed out. (read timeout=%s)" % timeout_value)
urllib3.exceptions.ReadTimeoutError: HTTPConnectionPool(host='webdav.org', port=80): Read timed out. (read timeout=6)

During handling of the above exception, another exception occurred:

Traceback (most recent call last):
  File "../_scripts/crawler/crawler.py", line 209, in metafy_url
    response = requests.get(url, timeout=6, headers={'User-Agent': 'Mozilla/5.0'})
  File "/home/travis/virtualenv/python3.6.3/lib/python3.6/site-packages/requests/api.py", line 75, in get
    return request('get', url, params=params, **kwargs)
  File "/home/travis/virtualenv/python3.6.3/lib/python3.6/site-packages/requests/api.py", line 60, in request
    return session.request(method=method, url=url, **kwargs)
  File "/home/travis/virtualenv/python3.6.3/lib/python3.6/site-packages/requests/sessions.py", line 533, in request
    resp = self.send(prep, **send_kwargs)
  File "/home/travis/virtualenv/python3.6.3/lib/python3.6/site-packages/requests/sessions.py", line 646, in send
    r = adapter.send(request, **kwargs)
  File "/home/travis/virtualenv/python3.6.3/lib/python3.6/site-packages/requests/adapters.py", line 529, in send
    raise ReadTimeout(e, request=request)
requests.exceptions.ReadTimeout: HTTPConnectionPool(host='webdav.org', port=80): Read timed out. (read timeout=6)
 57%|█████▋    | 140/245 [03:09<04:52,  2.78s/it]INFO:__main__:Requesting https://github.com/mnutt/davros
INFO:__main__:Getting metadata for https://github.com/mnutt/davros
 58%|█████▊    | 141/245 [03:10<03:50,  2.22s/it]INFO:__main__:Requesting https://bustbyte.no/blog/how-we-hacked-blackboard-and-changed-our-grades
INFO:__main__:Getting metadata for https://bustbyte.no/blog/how-we-hacked-blackboard-and-changed-our-grades
 58%|█████▊    | 142/245 [03:11<03:07,  1.82s/it]INFO:__main__:Requesting https://www.greenbytes.de/tech/webdav/webfolder-client-list.html
INFO:__main__:Getting metadata for https://www.greenbytes.de/tech/webdav/webfolder-client-list.html
 58%|█████▊    | 143/245 [03:14<03:39,  2.15s/it]INFO:__main__:Requesting https://www.greenbytes.de/tech/webdav/webdav-redirector-list.html
INFO:__main__:Getting metadata for https://www.greenbytes.de/tech/webdav/webdav-redirector-list.html
 59%|█████▉    | 144/245 [03:17<03:52,  2.30s/it]INFO:__main__:Requesting http://sabre.io/
INFO:__main__:Getting metadata for http://sabre.io
 59%|█████▉    | 145/245 [03:17<02:53,  1.73s/it]INFO:__main__:Requesting https://archive.is/O0pi9
ERROR:__main__:Could not reach https://archive.is/O0pi9
Traceback (most recent call last):
  File "/home/travis/virtualenv/python3.6.3/lib/python3.6/site-packages/urllib3/response.py", line 360, in _error_catcher
    yield
  File "/home/travis/virtualenv/python3.6.3/lib/python3.6/site-packages/urllib3/response.py", line 442, in read
    data = self._fp.read(amt)
  File "/opt/python/3.6.3/lib/python3.6/http/client.py", line 449, in read
    n = self.readinto(b)
  File "/opt/python/3.6.3/lib/python3.6/http/client.py", line 493, in readinto
    n = self.fp.readinto(b)
  File "/opt/python/3.6.3/lib/python3.6/socket.py", line 586, in readinto
    return self._sock.recv_into(b)
  File "/opt/python/3.6.3/lib/python3.6/ssl.py", line 1009, in recv_into
    return self.read(nbytes, buffer)
  File "/opt/python/3.6.3/lib/python3.6/ssl.py", line 871, in read
    return self._sslobj.read(len, buffer)
  File "/opt/python/3.6.3/lib/python3.6/ssl.py", line 631, in read
    v = self._sslobj.read(len, buffer)
socket.timeout: The read operation timed out

During handling of the above exception, another exception occurred:

Traceback (most recent call last):
  File "/home/travis/virtualenv/python3.6.3/lib/python3.6/site-packages/requests/models.py", line 750, in generate
    for chunk in self.raw.stream(chunk_size, decode_content=True):
  File "/home/travis/virtualenv/python3.6.3/lib/python3.6/site-packages/urllib3/response.py", line 494, in stream
    data = self.read(amt=amt, decode_content=decode_content)
  File "/home/travis/virtualenv/python3.6.3/lib/python3.6/site-packages/urllib3/response.py", line 459, in read
    raise IncompleteRead(self._fp_bytes_read, self.length_remaining)
  File "/opt/python/3.6.3/lib/python3.6/contextlib.py", line 99, in __exit__
    self.gen.throw(type, value, traceback)
  File "/home/travis/virtualenv/python3.6.3/lib/python3.6/site-packages/urllib3/response.py", line 365, in _error_catcher
    raise ReadTimeoutError(self._pool, None, 'Read timed out.')
urllib3.exceptions.ReadTimeoutError: HTTPSConnectionPool(host='archive.is', port=443): Read timed out.

During handling of the above exception, another exception occurred:

Traceback (most recent call last):
  File "../_scripts/crawler/crawler.py", line 209, in metafy_url
    response = requests.get(url, timeout=6, headers={'User-Agent': 'Mozilla/5.0'})
  File "/home/travis/virtualenv/python3.6.3/lib/python3.6/site-packages/requests/api.py", line 75, in get
    return request('get', url, params=params, **kwargs)
  File "/home/travis/virtualenv/python3.6.3/lib/python3.6/site-packages/requests/api.py", line 60, in request
    return session.request(method=method, url=url, **kwargs)
  File "/home/travis/virtualenv/python3.6.3/lib/python3.6/site-packages/requests/sessions.py", line 533, in request
    resp = self.send(prep, **send_kwargs)
  File "/home/travis/virtualenv/python3.6.3/lib/python3.6/site-packages/requests/sessions.py", line 686, in send
    r.content
  File "/home/travis/virtualenv/python3.6.3/lib/python3.6/site-packages/requests/models.py", line 828, in content
    self._content = b''.join(self.iter_content(CONTENT_CHUNK_SIZE)) or b''
  File "/home/travis/virtualenv/python3.6.3/lib/python3.6/site-packages/requests/models.py", line 757, in generate
    raise ConnectionError(e)
requests.exceptions.ConnectionError: HTTPSConnectionPool(host='archive.is', port=443): Read timed out.
 60%|█████▉    | 146/245 [03:24<05:20,  3.24s/it]INFO:__main__:Requesting https://www.percona.com/blog/2019/02/25/mysql-challenge-100k-connections/
INFO:__main__:Getting metadata for https://www.percona.com/blog/2019/02/25/mysql-challenge-100k-connections/
 60%|██████    | 147/245 [03:25<04:02,  2.48s/it]INFO:__main__:Requesting https://www.youtube.com/watch?v=xNDnVOCdvQ0
INFO:__main__:Getting metadata for https://www.youtube.com/watch?v=xNDnVOCdvQ0
 60%|██████    | 148/245 [03:26<03:17,  2.04s/it]INFO:__main__:Requesting https://www.postgresql.org/message-id/CA+CSw_tEpJ=md1zgxPkjH6CWDnTDft4gBi=+P9SnoC+Wy3pKdA@mail.gmail.com
INFO:__main__:Getting metadata for https://www.postgresql.org/message-id/CA+CSw_tEpJ=md1zgxPkjH6CWDnTDft4gBi=+P9SnoC+Wy3pKdA@mail.gmail.com
 61%|██████    | 149/245 [03:29<03:56,  2.47s/it]INFO:__main__:Requesting https://en.wikipedia.org/wiki/Amplituhedron
INFO:__main__:Getting metadata for https://en.wikipedia.org/wiki/Amplituhedron
 61%|██████    | 150/245 [03:30<03:08,  1.98s/it]INFO:__main__:Requesting https://www.quantamagazine.org/physicists-discover-geometry-underlying-particle-physics-20130917/
INFO:__main__:Getting metadata for https://www.quantamagazine.org/physicists-discover-geometry-underlying-particle-physics-20130917/
 62%|██████▏   | 151/245 [03:30<02:17,  1.47s/it]INFO:__main__:Requesting https://djhworld.github.io/post/2019/02/24/reed-solomon-codes-are-cool/
INFO:__main__:Getting metadata for https://djhworld.github.io/post/2019/02/24/reed-solomon-codes-are-cool/
 62%|██████▏   | 152/245 [03:31<01:44,  1.13s/it]INFO:__main__:Requesting https://www.nayuki.io/page/reed-solomon-error-correcting-code-decoder
INFO:__main__:Getting metadata for https://www.nayuki.io/page/reed-solomon-error-correcting-code-decoder
 62%|██████▏   | 153/245 [03:32<01:38,  1.07s/it]INFO:__main__:Requesting https://en.m.wikipedia.org/wiki/Reed–Solomon_error_correction#Reed_&_Solomon's_original_view:_The_codeword_as_a_sequence_of_values
INFO:__main__:Getting metadata for https://en.m.wikipedia.org/wiki/Reed%E2%80%93Solomon_error_correction#Reed_&_Solomon's_original_view:_The_codeword_as_a_sequence_of_values
 63%|██████▎   | 154/245 [03:35<02:55,  1.93s/it]INFO:__main__:Requesting https://www.youtube.com/watch?v=x1v2tX4_dkQ
INFO:__main__:Getting metadata for https://www.youtube.com/watch?v=x1v2tX4_dkQ
 63%|██████▎   | 155/245 [03:36<02:26,  1.63s/it]INFO:__main__:Requesting https://en.wikipedia.org/wiki/Binary_Golay_code
INFO:__main__:Getting metadata for https://en.wikipedia.org/wiki/Binary_Golay_code
 64%|██████▎   | 156/245 [03:38<02:12,  1.48s/it]INFO:__main__:Requesting https://en.wikipedia.org/wiki/Sporadic_group
INFO:__main__:Getting metadata for https://en.wikipedia.org/wiki/Sporadic_group
 64%|██████▍   | 157/245 [03:39<02:10,  1.49s/it]INFO:__main__:Requesting https://www.amazon.com/Fundamentals-Error-Correcting-Codes-Cary-Huffman/dp/0521131707
INFO:__main__:Getting metadata for https://www.amazon.com/Fundamentals-Error-Correcting-Codes-Cary-Huffman/dp/0521131707
 64%|██████▍   | 158/245 [03:42<02:54,  2.00s/it]INFO:__main__:Requesting https://en.wikipedia.org/wiki/Fountain_code
INFO:__main__:Getting metadata for https://en.wikipedia.org/wiki/Fountain_code
 65%|██████▍   | 159/245 [03:43<02:22,  1.65s/it]INFO:__main__:Requesting https://www.akalin.com/intro-erasure-codes
INFO:__main__:Getting metadata for https://www.akalin.com/intro-erasure-codes
 65%|██████▌   | 160/245 [03:45<02:33,  1.81s/it]INFO:__main__:Requesting https://manuelfi.com/blog/hamming-code-simulator/
INFO:__main__:Getting metadata for https://manuelfi.com/blog/hamming-code-simulator/
 66%|██████▌   | 161/245 [03:46<01:55,  1.38s/it]INFO:__main__:Requesting https://en.wikipedia.org/wiki/Mojette_Transform
INFO:__main__:Getting metadata for https://en.wikipedia.org/wiki/Mojette_Transform
 66%|██████▌   | 162/245 [03:47<01:44,  1.26s/it]INFO:__main__:Requesting https://www.youtube.com/watch?v=fBRMaEAFLE0
INFO:__main__:Getting metadata for https://www.youtube.com/watch?v=fBRMaEAFLE0
 67%|██████▋   | 163/245 [03:48<01:34,  1.15s/it]INFO:__main__:Requesting https://en.wikipedia.org/wiki/8b/10b_encoding
INFO:__main__:Getting metadata for https://en.wikipedia.org/wiki/8b/10b_encoding
 67%|██████▋   | 164/245 [03:49<01:31,  1.13s/it]INFO:__main__:Requesting https://en.wikipedia.org/wiki/64b/66b_encoding
INFO:__main__:Getting metadata for https://en.wikipedia.org/wiki/64b/66b_encoding
 67%|██████▋   | 165/245 [03:50<01:25,  1.07s/it]INFO:__main__:Requesting https://en.wikipedia.org/wiki/Hamming_code
INFO:__main__:Getting metadata for https://en.wikipedia.org/wiki/Hamming_code
 68%|██████▊   | 166/245 [03:51<01:32,  1.17s/it]INFO:__main__:Requesting https://en.wikipedia.org/wiki/Adaptive_Multi-Rate_audio_codec
INFO:__main__:Getting metadata for https://en.wikipedia.org/wiki/Adaptive_Multi-Rate_audio_codec
 68%|██████▊   | 167/245 [03:52<01:32,  1.18s/it]INFO:__main__:Requesting https://en.wikipedia.org/wiki/Adaptive_Multi-Rate_Wideband
INFO:__main__:Getting metadata for https://en.wikipedia.org/wiki/Adaptive_Multi-Rate_Wideband
 69%|██████▊   | 168/245 [03:53<01:29,  1.16s/it]INFO:__main__:Requesting https://en.wikipedia.org/wiki/Raptor_code
INFO:__main__:Getting metadata for https://en.wikipedia.org/wiki/Raptor_code
 69%|██████▉   | 169/245 [03:54<01:18,  1.04s/it]INFO:__main__:Requesting https://en.wikipedia.org/wiki/Turbo_code
INFO:__main__:Getting metadata for https://en.wikipedia.org/wiki/Turbo_code
 69%|██████▉   | 170/245 [03:55<01:21,  1.09s/it]INFO:__main__:Requesting https://blogs.dropbox.com/tech/2016/07/pocket-watch/
INFO:__main__:Getting metadata for https://blogs.dropbox.com/tech/2016/07/pocket-watch/
 70%|██████▉   | 171/245 [03:56<01:23,  1.13s/it]INFO:__main__:Requesting https://perspectives.mvdirona.com/2009/06/erasure-coding-and-cold-storage/
INFO:__main__:Getting metadata for https://perspectives.mvdirona.com/2009/06/erasure-coding-and-cold-storage/
 70%|███████   | 172/245 [03:59<01:51,  1.53s/it]INFO:__main__:Requesting https://en.wikipedia.org/wiki/Low-density_parity-check_code
INFO:__main__:Getting metadata for https://en.wikipedia.org/wiki/Low-density_parity-check_code
 71%|███████   | 173/245 [04:00<01:43,  1.44s/it]INFO:__main__:Requesting https://en.wikipedia.org/wiki/Polar_code_(coding_theory)
INFO:__main__:Getting metadata for https://en.wikipedia.org/wiki/Polar_code_(coding_theory)
 71%|███████   | 174/245 [04:01<01:27,  1.24s/it]INFO:__main__:Requesting https://en.wikipedia.org/wiki/Error_correction_code
INFO:__main__:Getting metadata for https://en.wikipedia.org/wiki/Error_correction_code
 71%|███████▏  | 175/245 [04:02<01:23,  1.20s/it]INFO:__main__:Requesting https://en.wikipedia.org/wiki/Clock_recovery
INFO:__main__:Getting metadata for https://en.wikipedia.org/wiki/Clock_recovery
 72%|███████▏  | 176/245 [04:03<01:13,  1.06s/it]INFO:__main__:Requesting https://fenrirproject.org/Luker/libRaptorQ/wikis/home
INFO:__main__:Getting metadata for https://fenrirproject.org/Luker/libRaptorQ/wikis/home
 72%|███████▏  | 177/245 [04:04<01:22,  1.22s/it]INFO:__main__:Requesting https://github.com/tahoe-lafs/zfec
INFO:__main__:Getting metadata for https://github.com/tahoe-lafs/zfec
 73%|███████▎  | 178/245 [04:05<01:16,  1.14s/it]INFO:__main__:Requesting https://github.com/openstack/liberasurecode
INFO:__main__:Getting metadata for https://github.com/openstack/liberasurecode
 73%|███████▎  | 179/245 [04:06<01:09,  1.05s/it]INFO:__main__:Requesting https://github.com/catid/cm256
INFO:__main__:Getting metadata for https://github.com/catid/cm256
 73%|███████▎  | 180/245 [04:07<01:01,  1.06it/s]INFO:__main__:Requesting http://openrq-team.github.io/openrq/
INFO:__main__:Getting metadata for http://openrq-team.github.io/openrq/
 74%|███████▍  | 181/245 [04:07<00:47,  1.35it/s]INFO:__main__:Requesting http://openfec.org/
INFO:__main__:Getting metadata for http://openfec.org
 74%|███████▍  | 182/245 [04:08<00:58,  1.08it/s]INFO:__main__:Requesting https://github.com/Spriteware/lt-codes-python
INFO:__main__:Getting metadata for https://github.com/Spriteware/lt-codes-python
 75%|███████▍  | 183/245 [04:09<00:54,  1.14it/s]INFO:__main__:Requesting https://www.wsj.com/articles/sec-asks-manhattan-federal-court-to-hold-elon-musk-in-contempt-11551137500
INFO:__main__:Getting metadata for https://www.wsj.com/articles/sec-asks-manhattan-federal-court-to-hold-elon-musk-in-contempt-11551137500
 75%|███████▌  | 184/245 [04:10<00:50,  1.20it/s]INFO:__main__:Requesting https://www.cnbc.com/2019/02/20/tesla-replaces-general-counsel-dane-butswinkas.html
INFO:__main__:Getting metadata for https://www.cnbc.com/2019/02/20/tesla-replaces-general-counsel-dane-butswinkas.html
 76%|███████▌  | 185/245 [04:11<00:45,  1.31it/s]INFO:__main__:Requesting https://www.thestreet.com/investing/stocks/how-elon-musk-controls-tesla-with-only-a-minority-stake-14564491
INFO:__main__:Requesting https://twitter.com/_jameshatfield_/status/1100177298723094528
INFO:__main__:Getting metadata for https://twitter.com/_jameshatfield_/status/1100177298723094528
 76%|███████▋  | 187/245 [04:12<00:41,  1.41it/s]INFO:__main__:Requesting https://www.google.com/search?rlz=1C1CHBF_enUS791US791&biw=1920&bih=969&ei=Ioh0XPmSD4CT0PEPwZCHuAc&q=site%3Awww.tesla.com+twitter+%2B%22%22%22elonmusk%22%22%22&oq=site%3Awww.tesla.com+twitter+%2B%22%22%22elonmusk%22%22%22&gs_l=psy-ab.3...14343.19919..20515...0.0..0.79.495.7......0....1..gws-wiz.......0i71.CaBEIVRzxiI
INFO:__main__:Getting metadata for https://www.google.com/search?rlz=1C1CHBF_enUS791US791&biw=1920&bih=969&ei=Ioh0XPmSD4CT0PEPwZCHuAc&q=site%3Awww.tesla.com+twitter+%2B%22%22%22elonmusk%22%22%22&oq=site%3Awww.tesla.com+twitter+%2B%22%22%22elonmusk%22%22%22&gs_l=psy-ab.3...14343.19919..20515...0.0..0.79.495.7......0....1..gws-wiz.......0i71.CaBEIVRzxiI
 77%|███████▋  | 188/245 [04:14<01:12,  1.28s/it]INFO:__main__:Requesting https://www.sec.gov/Archives/edgar/data/1318605/000119312513427630/d622890d8k.htm
INFO:__main__:Getting metadata for https://www.sec.gov/Archives/edgar/data/1318605/000119312513427630/d622890d8k.htm
 77%|███████▋  | 189/245 [04:15<01:00,  1.07s/it]INFO:__main__:Requesting https://www.documentcloud.org/documents/5750664-Show-Cause.html
INFO:__main__:Getting metadata for https://www.documentcloud.org/documents/5750664-Show-Cause.html
 78%|███████▊  | 190/245 [04:15<00:49,  1.12it/s]INFO:__main__:Requesting https://twitter.com/elonmusk/status/1098009983931707393
INFO:__main__:Getting metadata for https://twitter.com/elonmusk/status/1098009983931707393
 78%|███████▊  | 191/245 [04:17<01:01,  1.14s/it]INFO:__main__:Requesting http://ir.tesla.com/static-files/0b913415-467d-4c0d-be4c-9225c2cb0ae0
INFO:__main__:Getting metadata for http://ir.tesla.com/static-files/0b913415-467d-4c0d-be4c-9225c2cb0ae0
 78%|███████▊  | 192/245 [04:35<05:23,  6.11s/it]INFO:__main__:Requesting https://www.cnbc.com/2019/02/25/tesla-shares-fall-on-report-sec-asks-judge-to-hold-elon-musk-in-contempt-for-violating-deal.html
INFO:__main__:Getting metadata for https://www.cnbc.com/2019/02/25/tesla-shares-fall-on-report-sec-asks-judge-to-hold-elon-musk-in-contempt-for-violating-deal.html
 79%|███████▉  | 193/245 [04:35<03:51,  4.44s/it]INFO:__main__:Requesting https://www.the-tls.co.uk/articles/public/charles-catherine-dickens-asylum/
INFO:__main__:Getting metadata for https://www.the-tls.co.uk/articles/public/charles-catherine-dickens-asylum/
 79%|███████▉  | 194/245 [04:37<03:07,  3.68s/it]INFO:__main__:Requesting https://en.wikipedia.org/wiki/Murder_of_James_Bulger
INFO:__main__:Getting metadata for https://en.wikipedia.org/wiki/Murder_of_James_Bulger
 80%|███████▉  | 195/245 [04:39<02:35,  3.11s/it]INFO:__main__:Requesting https://www.google.com/amp/s/amp.theguardian.com/world/2019/jan/25/david-matheson-former-gay-conversion-therapy-advocate-comes-out
INFO:__main__:Getting metadata for https://www.theguardian.com/world/2019/jan/25/david-matheson-former-gay-conversion-therapy-advocate-comes-out
 80%|████████  | 196/245 [04:39<01:52,  2.30s/it]INFO:__main__:Requesting https://www.reuters.com/article/us-climatechange-temperatures/evidence-for-man-made-global-warming-hits-gold-standard-scientists-idUSKCN1QE1ZU
INFO:__main__:Getting metadata for https://www.reuters.com/article/us-climatechange-temperatures/evidence-for-man-made-global-warming-hits-gold-standard-scientists-idUSKCN1QE1ZU
 80%|████████  | 197/245 [04:40<01:20,  1.68s/it]INFO:__main__:Requesting https://nickgogerty.typepad.com/designing_better_futures/2009/06/great-depression-and-top-marginal-tax-rates-since-1913.html
INFO:__main__:Getting metadata for https://nickgogerty.typepad.com/designing_better_futures/2009/06/great-depression-and-top-marginal-tax-rates-since-1913.html
 81%|████████  | 198/245 [04:41<01:14,  1.59s/it]INFO:__main__:Requesting https://www.brookings.edu/blog/social-mobility-memos/2017/11/02/american-workers-need-a-pay-raise-the-estate-tax-could-help/
INFO:__main__:Getting metadata for https://www.brookings.edu/blog/social-mobility-memos/2017/11/02/american-workers-need-a-pay-raise-the-estate-tax-could-help/
 81%|████████  | 199/245 [04:42<01:02,  1.36s/it]INFO:__main__:Requesting https://inequality.org/facts/income-inequality/
INFO:__main__:Getting metadata for https://inequality.org/facts/income-inequality/
 82%|████████▏ | 200/245 [04:43<00:56,  1.25s/it]INFO:__main__:Requesting https://arxiv.org/abs/1902.06855
INFO:__main__:Getting metadata for https://arxiv.org/abs/1902.06855
 82%|████████▏ | 201/245 [04:44<00:56,  1.28s/it]INFO:__main__:Requesting https://arxiv.org/abs/1811.06992
INFO:__main__:Getting metadata for https://arxiv.org/abs/1811.06992
 82%|████████▏ | 202/245 [04:45<00:51,  1.19s/it]INFO:__main__:Requesting https://www.npr.org/sections/thesalt/2015/03/26/394339284/how-snobbery-helped-take-the-spice-out-of-european-cooking
INFO:__main__:Getting metadata for https://www.npr.org/sections/thesalt/2015/03/26/394339284/how-snobbery-helped-take-the-spice-out-of-european-cooking
 83%|████████▎ | 203/245 [04:45<00:37,  1.11it/s]INFO:__main__:Requesting https://www.snpedia.com/index.php/Rs72921001
INFO:__main__:Getting metadata for https://www.snpedia.com/index.php/Rs72921001
 83%|████████▎ | 204/245 [04:48<01:02,  1.51s/it]INFO:__main__:Requesting https://www.cbc.ca/radio/thecurrent/the-current-for-february-25-2019-1.5032165/starbucks-music-is-driving-employees-nuts-a-writer-says-it-s-a-workers-rights-issue-1.5028163
INFO:__main__:Getting metadata for https://www.cbc.ca/radio/thecurrent/the-current-for-february-25-2019-1.5032165/starbucks-music-is-driving-employees-nuts-a-writer-says-it-s-a-workers-rights-issue-1.5028163
 84%|████████▎ | 205/245 [04:49<00:45,  1.14s/it]INFO:__main__:Requesting https://duckduckgo.com/?q=Future+unevenly+distributed&t=fpas&ia=web
INFO:__main__:Getting metadata for https://duckduckgo.com/?q=Future+unevenly+distributed&t=fpas&ia=web
 84%|████████▍ | 206/245 [04:49<00:40,  1.05s/it]INFO:__main__:Requesting https://en.wikipedia.org/wiki/Fifteen_Million_Merits
INFO:__main__:Getting metadata for https://en.wikipedia.org/wiki/Fifteen_Million_Merits
 84%|████████▍ | 207/245 [04:51<00:41,  1.09s/it]INFO:__main__:Requesting https://archive.org/details/attentionkmartshoppers
INFO:__main__:Getting metadata for https://archive.org/details/attentionkmartshoppers
 85%|████████▍ | 208/245 [04:54<01:08,  1.86s/it]INFO:__main__:Requesting https://www.theatlantic.com/entertainment/archive/2015/02/starbuckss-failed-music-revolution/385937/
INFO:__main__:Getting metadata for https://www.theatlantic.com/entertainment/archive/2015/02/starbuckss-failed-music-revolution/385937/
 85%|████████▌ | 209/245 [04:55<00:52,  1.46s/it]INFO:__main__:Requesting https://www.youtube.com/watch?v=kB4fm_kO1us
INFO:__main__:Getting metadata for https://www.youtube.com/watch?v=kB4fm_kO1us
 86%|████████▌ | 210/245 [04:56<00:48,  1.39s/it]INFO:__main__:Requesting https://www.youtube.com/watch?v=N8-0wQmPeMg
INFO:__main__:Getting metadata for https://www.youtube.com/watch?v=N8-0wQmPeMg
 86%|████████▌ | 211/245 [04:57<00:40,  1.20s/it]INFO:__main__:Requesting https://www.youtube.com/watch?v=5uV1zrZFzZo
INFO:__main__:Getting metadata for https://www.youtube.com/watch?v=5uV1zrZFzZo
 87%|████████▋ | 212/245 [04:58<00:38,  1.17s/it]INFO:__main__:Requesting https://www.youtube.com/watch?v=PEDaRQO5Utk
INFO:__main__:Getting metadata for https://www.youtube.com/watch?v=PEDaRQO5Utk
 87%|████████▋ | 213/245 [04:59<00:34,  1.09s/it]INFO:__main__:Requesting https://youtu.be/JlBnLlKPPGA?t=11
INFO:__main__:Getting metadata for https://www.youtube.com/watch?v=JlBnLlKPPGA&feature=youtu.be&t=11
 87%|████████▋ | 214/245 [05:00<00:32,  1.06s/it]INFO:__main__:Requesting https://www.theguardian.com/music/2014/feb/07/skinny-puppy-payment-guantanamo
INFO:__main__:Getting metadata for https://www.theguardian.com/music/2014/feb/07/skinny-puppy-payment-guantanamo
 88%|████████▊ | 215/245 [05:00<00:27,  1.08it/s]INFO:__main__:Requesting https://coffitivity.com
INFO:__main__:Getting metadata for https://coffitivity.com
 88%|████████▊ | 216/245 [05:01<00:25,  1.15it/s]INFO:__main__:Requesting https://rainymood.com
INFO:__main__:Getting metadata for https://rainymood.com
 89%|████████▊ | 217/245 [05:02<00:20,  1.34it/s]INFO:__main__:Requesting https://www.fastcompany.com/3067250/meet-the-music-nerds-behind-the-tunes-you-hear-at-starbucks
INFO:__main__:Getting metadata for https://www.fastcompany.com/3067250/meet-the-music-nerds-behind-the-tunes-you-hear-at-starbucks
 89%|████████▉ | 218/245 [05:02<00:17,  1.59it/s]INFO:__main__:Requesting https://i.imgur.com/Pzd3lIk.png
INFO:__main__:Getting metadata for https://i.imgur.com/Pzd3lIk.png
 89%|████████▉ | 219/245 [05:09<01:04,  2.50s/it]INFO:__main__:Requesting https://i.imgur.com/qXkEUZl.jpg
INFO:__main__:Getting metadata for https://i.imgur.com/qXkEUZl.jpg
 90%|████████▉ | 220/245 [05:15<01:32,  3.71s/it]INFO:__main__:Requesting https://www.youtube.com/watch?v=iJyYrrDKYZE
INFO:__main__:Getting metadata for https://www.youtube.com/watch?v=iJyYrrDKYZE
 90%|█████████ | 221/245 [05:16<01:08,  2.86s/it]INFO:__main__:Requesting https://www.youtube.com/watch?v=a4QSu1ZHunw
INFO:__main__:Getting metadata for https://www.youtube.com/watch?v=a4QSu1ZHunw
 91%|█████████ | 222/245 [05:17<00:51,  2.25s/it]INFO:__main__:Requesting https://www.youtube.com/watch?v=igGcWRYhr1Y&index=14&list=RD36YlB_6dUic
INFO:__main__:Getting metadata for https://www.youtube.com/watch?v=igGcWRYhr1Y&index=14&list=RD36YlB_6dUic
 91%|█████████ | 223/245 [05:18<00:42,  1.92s/it]INFO:__main__:Requesting https://club.myce.com/t/starbucks-playnetwork-playdisc-aud-format/63734/67
INFO:__main__:Getting metadata for https://club.myce.com/t/starbucks-playnetwork-playdisc-aud-format/63734/67
 91%|█████████▏| 224/245 [05:19<00:33,  1.61s/it]INFO:__main__:Requesting https://support.spotify.com/is/using_spotify/the_basics/use-spotify-in-my-bar-restaurant-store-school-etc/
INFO:__main__:Getting metadata for https://support.spotify.com/is/using_spotify/the_basics/use-spotify-in-my-bar-restaurant-store-school-etc/
 92%|█████████▏| 225/245 [05:19<00:23,  1.19s/it]INFO:__main__:Requesting https://www.youtube.com/watch?v=QnkrL42R7gk
INFO:__main__:Getting metadata for https://www.youtube.com/watch?v=QnkrL42R7gk
 92%|█████████▏| 226/245 [05:20<00:20,  1.10s/it]INFO:__main__:Requesting https://www.theguardian.com/uk-news/2019/feb/08/the-battle-for-the-future-of-stonehenge
INFO:__main__:Getting metadata for https://www.theguardian.com/uk-news/2019/feb/08/the-battle-for-the-future-of-stonehenge
 93%|█████████▎| 227/245 [05:21<00:15,  1.16it/s]INFO:__main__:Requesting http://antirez.com/news/127
INFO:__main__:Getting metadata for http://antirez.com/news/127
 93%|█████████▎| 228/245 [05:22<00:16,  1.06it/s]INFO:__main__:Requesting https://www.minnpost.com/business/2016/08/rise-and-fall-gopher-protocol/
INFO:__main__:Getting metadata for https://www.minnpost.com/business/2016/08/rise-and-fall-gopher-protocol/
 93%|█████████▎| 229/245 [05:23<00:17,  1.10s/it]INFO:__main__:Requesting https://blog.jonlu.ca/posts/experiments-and-growth-hacking?ref=hackernews
INFO:__main__:Getting metadata for https://blog.jonlu.ca/posts/experiments-and-growth-hacking?ref=hackernews
 94%|█████████▍| 230/245 [05:24<00:15,  1.01s/it]INFO:__main__:Requesting https://www.guardsquare.com/en/blog/iOS-SSL-certificate-pinning-bypassing
INFO:__main__:Getting metadata for https://www.guardsquare.com/en/blog/iOS-SSL-certificate-pinning-bypassing
 94%|█████████▍| 231/245 [05:26<00:17,  1.28s/it]INFO:__main__:Requesting https://github.com/iSECPartners/ios-ssl-kill-switch
INFO:__main__:Getting metadata for https://github.com/iSECPartners/ios-ssl-kill-switch
 95%|█████████▍| 232/245 [05:27<00:15,  1.18s/it]INFO:__main__:Requesting https://discordapp.com/api/experiments
INFO:__main__:Getting metadata for https://discordapp.com/api/experiments
 95%|█████████▌| 233/245 [05:27<00:11,  1.00it/s]INFO:__main__:Requesting https://blog.jonlu.ca/posts/ryan-air
INFO:__main__:Getting metadata for https://blog.jonlu.ca/posts/ryan-air
 96%|█████████▌| 234/245 [05:28<00:09,  1.12it/s]INFO:__main__:Requesting https://blog.jonlu.ca/posts/uber-stats
INFO:__main__:Getting metadata for https://blog.jonlu.ca/posts/uber-stats
 96%|█████████▌| 235/245 [05:29<00:08,  1.23it/s]INFO:__main__:Requesting https://www.scmagazine.com/home/security-news/intuit-the-company-behind-tax-preparation-software-turbotax-alerted-users-their-accounts-may-have-been-accessed-by-an-unauthorized-party/
INFO:__main__:Getting metadata for https://www.scmagazine.com/home/security-news/intuit-the-company-behind-tax-preparation-software-turbotax-alerted-users-their-accounts-may-have-been-accessed-by-an-unauthorized-party/
 96%|█████████▋| 236/245 [05:29<00:06,  1.43it/s]INFO:__main__:Requesting https://ttlc.intuit.com/questions/2902682-what-is-two-step-verification
INFO:__main__:Getting metadata for https://ttlc.intuit.com/questions/2902682-what-is-two-step-verification
 97%|█████████▋| 237/245 [05:30<00:06,  1.24it/s]INFO:__main__:Requesting https://community.intuit.com/questions/1752343
INFO:__main__:Getting metadata for https://community.intuit.com/questions/1752343-will-the-new-oauth-banking-interface-be-fixed-to-allow-web-connect-downloads-from-third-party-delegate-users-like-bookkeepers-and-accountants-mostly-use
 97%|█████████▋| 238/245 [05:33<00:10,  1.49s/it]INFO:__main__:Requesting https://www.citylab.com/equity/2019/02/berlin-germany-housing-rent-how-much-price-landlord-policies/582898/
INFO:__main__:Getting metadata for https://www.citylab.com/equity/2019/02/berlin-germany-housing-rent-how-much-price-landlord-policies/582898/
 98%|█████████▊| 239/245 [05:33<00:06,  1.10s/it]INFO:__main__:Requesting https://www.mcsweeneys.net/articles/i-will-do-anything-to-end-homelessness-except-build-more-homes
INFO:__main__:Getting metadata for https://www.mcsweeneys.net/articles/i-will-do-anything-to-end-homelessness-except-build-more-homes
 98%|█████████▊| 240/245 [05:34<00:04,  1.05it/s]INFO:__main__:Requesting https://www.citylab.com/life/2014/04/ranking-most-sprawling-us-metro-areas-and-why-you-should-care/8782/
INFO:__main__:Getting metadata for https://www.citylab.com/life/2014/04/ranking-most-sprawling-us-metro-areas-and-why-you-should-care/8782/
 98%|█████████▊| 241/245 [05:35<00:03,  1.08it/s]INFO:__main__:Requesting https://www.youtube.com/watch?v=1Xq0VEwrSr8
INFO:__main__:Getting metadata for https://www.youtube.com/watch?v=1Xq0VEwrSr8
 99%|█████████▉| 242/245 [05:36<00:02,  1.11it/s]INFO:__main__:Requesting https://www.thedailybeast.com/stuck-in-new-york-city-private-school-wait-list-hell
INFO:__main__:Getting metadata for https://www.thedailybeast.com/stuck-in-new-york-city-private-school-wait-list-hell
 99%|█████████▉| 243/245 [05:36<00:01,  1.32it/s]INFO:__main__:Requesting https://en.wikipedia.org/wiki/Sin_tax
INFO:__main__:Getting metadata for https://en.wikipedia.org/wiki/Sin_tax
100%|█████████▉| 244/245 [05:37<00:00,  1.17it/s]INFO:__main__:Requesting https://en.wikipedia.org/wiki/Land_value_tax
INFO:__main__:Getting metadata for https://en.wikipedia.org/wiki/Land_value_tax
100%|██████████| 245/245 [05:39<00:00,  1.19s/it]
