INFO:__main__:Get urls from stories
  0%|          | 0/30 [00:00<?, ?it/s]  3%|▎         | 1/30 [00:00<00:18,  1.59it/s]  7%|▋         | 2/30 [00:00<00:14,  1.96it/s] 10%|█         | 3/30 [00:01<00:12,  2.24it/s] 20%|██        | 6/30 [00:01<00:08,  2.92it/s] 27%|██▋       | 8/30 [00:01<00:06,  3.41it/s] 33%|███▎      | 10/30 [00:01<00:04,  4.44it/s] 37%|███▋      | 11/30 [00:02<00:08,  2.13it/s] 40%|████      | 12/30 [00:03<00:07,  2.28it/s] 47%|████▋     | 14/30 [00:03<00:06,  2.62it/s] 50%|█████     | 15/30 [00:04<00:04,  3.01it/s] 53%|█████▎    | 16/30 [00:04<00:07,  1.98it/s] 60%|██████    | 18/30 [00:05<00:05,  2.07it/s] 63%|██████▎   | 19/30 [00:05<00:04,  2.68it/s] 70%|███████   | 21/30 [00:06<00:02,  3.39it/s] 73%|███████▎  | 22/30 [00:07<00:04,  1.85it/s] 77%|███████▋  | 23/30 [00:08<00:05,  1.18it/s] 90%|█████████ | 27/30 [00:08<00:01,  1.66it/s] 97%|█████████▋| 29/30 [00:12<00:00,  1.02it/s]100%|██████████| 30/30 [00:12<00:00,  2.36it/s]
  0%|          | 0/194 [00:00<?, ?it/s]INFO:__main__:Requesting https://www.bu.edu/research/articles/researchers-develop-acoustic-metamaterial-noise-cancellation-device/
INFO:__main__:Getting metadata for https://www.bu.edu/research/articles/researchers-develop-acoustic-metamaterial-noise-cancellation-device/
  1%|          | 1/194 [00:00<02:10,  1.48it/s]INFO:__main__:Requesting https://en.wikipedia.org/wiki/Fletcher%E2%80%93Munson_curves
INFO:__main__:Getting metadata for https://en.wikipedia.org/wiki/Fletcher%E2%80%93Munson_curves
  1%|          | 2/194 [00:01<02:14,  1.43it/s]INFO:__main__:Requesting https://www.acousticfields.com/how-do-you-stop-low-frequency-issues-in-a-small-room/
INFO:__main__:Getting metadata for https://www.acousticfields.com/how-do-you-stop-low-frequency-issues-in-a-small-room/
  2%|▏         | 3/194 [00:02<02:06,  1.51it/s]INFO:__main__:Requesting https://www.youtube.com/watch?v=Mv6sBuwzLhk
INFO:__main__:Getting metadata for https://www.youtube.com/watch?v=Mv6sBuwzLhk
  2%|▏         | 4/194 [00:03<02:25,  1.31it/s]INFO:__main__:Requesting https://www.insulationsuperstore.co.uk/product/soundboard-3-acoustic-wall-board-46db-reduction-1-2m-x-1m-x-24mm.html
INFO:__main__:Getting metadata for https://www.insulationsuperstore.co.uk/product/soundboard-3-acoustic-wall-board-46db-reduction-1-2m-x-1m-x-24mm.html
  3%|▎         | 5/194 [00:05<03:39,  1.16s/it]INFO:__main__:Requesting https://www.bu.edu/research/files/2019/02/acoustic-metamaterial-noise-cancellation-device-19-1023-SOUND-060-2.jpg
INFO:__main__:Getting metadata for https://www.bu.edu/research/files/2019/02/acoustic-metamaterial-noise-cancellation-device-19-1023-SOUND-060-2.jpg
  3%|▎         | 6/194 [00:08<05:57,  1.90s/it]INFO:__main__:Requesting https://simple.wikipedia.org/wiki/Decibel
INFO:__main__:Getting metadata for https://simple.wikipedia.org/wiki/Decibel
  4%|▎         | 7/194 [00:09<04:52,  1.56s/it]INFO:__main__:Requesting https://en.wikipedia.org/wiki/Decibel
INFO:__main__:Getting metadata for https://en.wikipedia.org/wiki/Decibel
  4%|▍         | 8/194 [00:11<05:14,  1.69s/it]INFO:__main__:Requesting https://www.amazon.com/dp/B004U4A5RU/
INFO:__main__:Getting metadata for https://www.amazon.com/dp/B004U4A5RU/
  5%|▍         | 9/194 [00:13<05:48,  1.89s/it]INFO:__main__:Requesting https://www.amazon.com/dp/B00RM6Q9XW/
INFO:__main__:Getting metadata for https://www.amazon.com/dp/B00RM6Q9XW/
  5%|▌         | 10/194 [00:16<06:36,  2.15s/it]INFO:__main__:Requesting https://www.amazon.com/dp/B0015PN3W6/
INFO:__main__:Getting metadata for https://www.amazon.com/dp/B0015PN3W6/
  6%|▌         | 11/194 [00:19<07:02,  2.31s/it]INFO:__main__:Requesting https://lucasfcosta.com/2017/07/17/The-Ultimate-Guide-to-JavaScript-Fatigue.html
INFO:__main__:Getting metadata for https://lucasfcosta.com/2017/07/17/The-Ultimate-Guide-to-JavaScript-Fatigue.html
  6%|▌         | 12/194 [00:19<05:17,  1.75s/it]INFO:__main__:Requesting https://en.wikipedia.org/wiki/Invented_here
INFO:__main__:Getting metadata for https://en.wikipedia.org/wiki/Invented_here
  7%|▋         | 13/194 [00:20<04:21,  1.45s/it]INFO:__main__:Requesting https://www.php-fig.org/
INFO:__main__:Getting metadata for https://www.php-fig.org
  7%|▋         | 14/194 [00:21<03:48,  1.27s/it]INFO:__main__:Requesting https://www.reuters.com/article/us-netherlands-pharmaceuticals-insight-idUSKCN1QP0M4
INFO:__main__:Getting metadata for https://www.reuters.com/article/us-netherlands-pharmaceuticals-insight-idUSKCN1QP0M4
  8%|▊         | 15/194 [00:21<03:05,  1.03s/it]INFO:__main__:Requesting http://sourceonhealthcare.org/orphan-drug-act-fostering-innovation-or-abuse/
INFO:__main__:Getting metadata for http://sourceonhealthcare.org/orphan-drug-act-fostering-innovation-or-abuse/
  8%|▊         | 16/194 [00:22<03:00,  1.02s/it]INFO:__main__:Requesting https://philanthropynewsdigest.org/news/cystic-fibrosis-foundation-receives-3.3-billion-royalty-pay-out
INFO:__main__:Getting metadata for https://philanthropynewsdigest.org/news/cystic-fibrosis-foundation-receives-3.3-billion-royalty-pay-out
  9%|▉         | 17/194 [00:23<02:28,  1.19it/s]INFO:__main__:Requesting https://en.wikipedia.org/wiki/ISDS
INFO:__main__:Getting metadata for https://en.wikipedia.org/wiki/ISDS
  9%|▉         | 18/194 [00:24<02:57,  1.01s/it]INFO:__main__:Requesting https://www.oncode.nl/research/programs
ERROR:__main__:Could not reach https://www.oncode.nl/research/programs
Traceback (most recent call last):
  File "/home/travis/virtualenv/python3.6.3/lib/python3.6/site-packages/urllib3/connectionpool.py", line 600, in urlopen
    chunked=chunked)
  File "/home/travis/virtualenv/python3.6.3/lib/python3.6/site-packages/urllib3/connectionpool.py", line 343, in _make_request
    self._validate_conn(conn)
  File "/home/travis/virtualenv/python3.6.3/lib/python3.6/site-packages/urllib3/connectionpool.py", line 839, in _validate_conn
    conn.connect()
  File "/home/travis/virtualenv/python3.6.3/lib/python3.6/site-packages/urllib3/connection.py", line 344, in connect
    ssl_context=context)
  File "/home/travis/virtualenv/python3.6.3/lib/python3.6/site-packages/urllib3/util/ssl_.py", line 344, in ssl_wrap_socket
    return context.wrap_socket(sock, server_hostname=server_hostname)
  File "/opt/python/3.6.3/lib/python3.6/ssl.py", line 407, in wrap_socket
    _context=self, _session=session)
  File "/opt/python/3.6.3/lib/python3.6/ssl.py", line 814, in __init__
    self.do_handshake()
  File "/opt/python/3.6.3/lib/python3.6/ssl.py", line 1068, in do_handshake
    self._sslobj.do_handshake()
  File "/opt/python/3.6.3/lib/python3.6/ssl.py", line 689, in do_handshake
    self._sslobj.do_handshake()
ssl.SSLError: [SSL: CERTIFICATE_VERIFY_FAILED] certificate verify failed (_ssl.c:777)

During handling of the above exception, another exception occurred:

Traceback (most recent call last):
  File "/home/travis/virtualenv/python3.6.3/lib/python3.6/site-packages/requests/adapters.py", line 449, in send
    timeout=timeout
  File "/home/travis/virtualenv/python3.6.3/lib/python3.6/site-packages/urllib3/connectionpool.py", line 638, in urlopen
    _stacktrace=sys.exc_info()[2])
  File "/home/travis/virtualenv/python3.6.3/lib/python3.6/site-packages/urllib3/util/retry.py", line 398, in increment
    raise MaxRetryError(_pool, url, error or ResponseError(cause))
urllib3.exceptions.MaxRetryError: HTTPSConnectionPool(host='www.oncode.nl', port=443): Max retries exceeded with url: /research/programs (Caused by SSLError(SSLError(1, '[SSL: CERTIFICATE_VERIFY_FAILED] certificate verify failed (_ssl.c:777)'),))

During handling of the above exception, another exception occurred:

Traceback (most recent call last):
  File "../_scripts/crawler/crawler.py", line 210, in metafy_url
    response = requests.get(url, timeout=6, headers={'User-Agent': 'Mozilla/5.0'})
  File "/home/travis/virtualenv/python3.6.3/lib/python3.6/site-packages/requests/api.py", line 75, in get
    return request('get', url, params=params, **kwargs)
  File "/home/travis/virtualenv/python3.6.3/lib/python3.6/site-packages/requests/api.py", line 60, in request
    return session.request(method=method, url=url, **kwargs)
  File "/home/travis/virtualenv/python3.6.3/lib/python3.6/site-packages/requests/sessions.py", line 533, in request
    resp = self.send(prep, **send_kwargs)
  File "/home/travis/virtualenv/python3.6.3/lib/python3.6/site-packages/requests/sessions.py", line 646, in send
    r = adapter.send(request, **kwargs)
  File "/home/travis/virtualenv/python3.6.3/lib/python3.6/site-packages/requests/adapters.py", line 514, in send
    raise SSLError(e, request=request)
requests.exceptions.SSLError: HTTPSConnectionPool(host='www.oncode.nl', port=443): Max retries exceeded with url: /research/programs (Caused by SSLError(SSLError(1, '[SSL: CERTIFICATE_VERIFY_FAILED] certificate verify failed (_ssl.c:777)'),))
 10%|▉         | 19/194 [00:25<02:26,  1.19it/s]INFO:__main__:Requesting https://github.com/CypherpunkArmory/UserLAnd
INFO:__main__:Getting metadata for https://github.com/CypherpunkArmory/UserLAnd
 10%|█         | 20/194 [00:25<02:26,  1.19it/s]INFO:__main__:Requesting https://maruos.com
INFO:__main__:Getting metadata for https://maruos.com
 11%|█         | 21/194 [00:26<02:27,  1.18it/s]INFO:__main__:Requesting https://github.com/fsquillace/junest
INFO:__main__:Getting metadata for https://github.com/fsquillace/junest
 11%|█▏        | 22/194 [00:27<02:29,  1.15it/s]INFO:__main__:Requesting https://blog.floydhub.com/best-deep-learning-courses-updated-for-2019/
INFO:__main__:Getting metadata for https://blog.floydhub.com/best-deep-learning-courses-updated-for-2019/
 12%|█▏        | 23/194 [00:29<02:55,  1.02s/it]INFO:__main__:Requesting https://blog.acolyer.org/2019/03/08/a-generalised-solution-to-distributed-consensus/
ERROR:__main__:Could not reach https://blog.acolyer.org/2019/03/08/a-generalised-solution-to-distributed-consensus/
Traceback (most recent call last):
  File "/home/travis/virtualenv/python3.6.3/lib/python3.6/site-packages/urllib3/connectionpool.py", line 600, in urlopen
    chunked=chunked)
  File "/home/travis/virtualenv/python3.6.3/lib/python3.6/site-packages/urllib3/connectionpool.py", line 384, in _make_request
    six.raise_from(e, None)
  File "<string>", line 2, in raise_from
  File "/home/travis/virtualenv/python3.6.3/lib/python3.6/site-packages/urllib3/connectionpool.py", line 380, in _make_request
    httplib_response = conn.getresponse()
  File "/opt/python/3.6.3/lib/python3.6/http/client.py", line 1331, in getresponse
    response.begin()
  File "/opt/python/3.6.3/lib/python3.6/http/client.py", line 297, in begin
    version, status, reason = self._read_status()
  File "/opt/python/3.6.3/lib/python3.6/http/client.py", line 266, in _read_status
    raise RemoteDisconnected("Remote end closed connection without"
http.client.RemoteDisconnected: Remote end closed connection without response

During handling of the above exception, another exception occurred:

Traceback (most recent call last):
  File "/home/travis/virtualenv/python3.6.3/lib/python3.6/site-packages/requests/adapters.py", line 449, in send
    timeout=timeout
  File "/home/travis/virtualenv/python3.6.3/lib/python3.6/site-packages/urllib3/connectionpool.py", line 638, in urlopen
    _stacktrace=sys.exc_info()[2])
  File "/home/travis/virtualenv/python3.6.3/lib/python3.6/site-packages/urllib3/util/retry.py", line 367, in increment
    raise six.reraise(type(error), error, _stacktrace)
  File "/home/travis/virtualenv/python3.6.3/lib/python3.6/site-packages/urllib3/packages/six.py", line 685, in reraise
    raise value.with_traceback(tb)
  File "/home/travis/virtualenv/python3.6.3/lib/python3.6/site-packages/urllib3/connectionpool.py", line 600, in urlopen
    chunked=chunked)
  File "/home/travis/virtualenv/python3.6.3/lib/python3.6/site-packages/urllib3/connectionpool.py", line 384, in _make_request
    six.raise_from(e, None)
  File "<string>", line 2, in raise_from
  File "/home/travis/virtualenv/python3.6.3/lib/python3.6/site-packages/urllib3/connectionpool.py", line 380, in _make_request
    httplib_response = conn.getresponse()
  File "/opt/python/3.6.3/lib/python3.6/http/client.py", line 1331, in getresponse
    response.begin()
  File "/opt/python/3.6.3/lib/python3.6/http/client.py", line 297, in begin
    version, status, reason = self._read_status()
  File "/opt/python/3.6.3/lib/python3.6/http/client.py", line 266, in _read_status
    raise RemoteDisconnected("Remote end closed connection without"
urllib3.exceptions.ProtocolError: ('Connection aborted.', RemoteDisconnected('Remote end closed connection without response',))

During handling of the above exception, another exception occurred:

Traceback (most recent call last):
  File "../_scripts/crawler/crawler.py", line 210, in metafy_url
    response = requests.get(url, timeout=6, headers={'User-Agent': 'Mozilla/5.0'})
  File "/home/travis/virtualenv/python3.6.3/lib/python3.6/site-packages/requests/api.py", line 75, in get
    return request('get', url, params=params, **kwargs)
  File "/home/travis/virtualenv/python3.6.3/lib/python3.6/site-packages/requests/api.py", line 60, in request
    return session.request(method=method, url=url, **kwargs)
  File "/home/travis/virtualenv/python3.6.3/lib/python3.6/site-packages/requests/sessions.py", line 533, in request
    resp = self.send(prep, **send_kwargs)
  File "/home/travis/virtualenv/python3.6.3/lib/python3.6/site-packages/requests/sessions.py", line 646, in send
    r = adapter.send(request, **kwargs)
  File "/home/travis/virtualenv/python3.6.3/lib/python3.6/site-packages/requests/adapters.py", line 498, in send
    raise ConnectionError(err, request=request)
requests.exceptions.ConnectionError: ('Connection aborted.', RemoteDisconnected('Remote end closed connection without response',))
 12%|█▏        | 24/194 [00:29<02:11,  1.29it/s]INFO:__main__:Requesting http://hh360.user.srcf.net/blog/2016/08/majority-agreement-is-not-necessary/
INFO:__main__:Getting metadata for http://hh360.user.srcf.net/blog/2016/08/majority-agreement-is-not-necessary/
 13%|█▎        | 25/194 [00:31<03:02,  1.08s/it]INFO:__main__:Requesting https://youtu.be/gYkueS5sKqo
INFO:__main__:Getting metadata for https://www.youtube.com/watch?v=gYkueS5sKqo&feature=youtu.be
 13%|█▎        | 26/194 [00:32<02:58,  1.06s/it]INFO:__main__:Requesting https://www.brianstorti.com/raft/
INFO:__main__:Getting metadata for https://www.brianstorti.com/raft/
 14%|█▍        | 27/194 [00:32<02:43,  1.02it/s]INFO:__main__:Requesting https://vadosware.io/post/paxosmon-gotta-concensus-them-all/
INFO:__main__:Getting metadata for https://vadosware.io/post/paxosmon-gotta-concensus-them-all/
 14%|█▍        | 28/194 [00:34<03:05,  1.11s/it]INFO:__main__:Requesting https://en.bitcoin.it/wiki/Block_chain
INFO:__main__:Getting metadata for https://en.bitcoin.it/wiki/Block_chain
 15%|█▍        | 29/194 [00:35<03:07,  1.14s/it]INFO:__main__:Requesting https://en.m.wikipedia.org/wiki/Byzantine_fault
INFO:__main__:Getting metadata for https://en.m.wikipedia.org/wiki/Byzantine_fault
 15%|█▌        | 30/194 [00:36<02:51,  1.04s/it]INFO:__main__:Requesting https://en.jeffprod.com/blog/2019/web-scraping-with-electron/
INFO:__main__:Getting metadata for https://en.jeffprod.com/blog/2019/web-scraping-with-electron/
 16%|█▌        | 31/194 [00:37<02:59,  1.10s/it]INFO:__main__:Requesting https://mathml.igalia.com/news/2019/02/12/launch-of-the-project/
INFO:__main__:Getting metadata for https://mathml.igalia.com/news/2019/02/12/launch-of-the-project/
 16%|█▋        | 32/194 [00:39<04:01,  1.49s/it]INFO:__main__:Requesting http://fred-wang.github.io/MathUI2014/demos/7-web-component.html
INFO:__main__:Getting metadata for http://fred-wang.github.io/MathUI2014/demos/7-web-component.html
 17%|█▋        | 33/194 [00:40<02:56,  1.10s/it]INFO:__main__:Requesting https://github.com/fred-wang/MathUI2014/blob/master/demos/7-web-component.html
INFO:__main__:Getting metadata for https://github.com/fred-wang/MathUI2014/blob/master/demos/7-web-component.html
 18%|█▊        | 34/194 [00:40<02:33,  1.04it/s]INFO:__main__:Requesting https://github.com/fred-wang/x-tex
INFO:__main__:Getting metadata for https://github.com/fred-wang/x-tex
 18%|█▊        | 35/194 [00:41<02:24,  1.10it/s]INFO:__main__:Requesting https://runarberg.github.io/ascii2mathml/
INFO:__main__:Getting metadata for https://runarberg.github.io/ascii2mathml/
 19%|█▊        | 36/194 [00:42<02:13,  1.19it/s]INFO:__main__:Requesting https://webkit.org/blog/6803/improvements-in-mathml-rendering/
INFO:__main__:Getting metadata for https://webkit.org/blog/6803/improvements-in-mathml-rendering/
 19%|█▉        | 37/194 [00:43<02:18,  1.14it/s]INFO:__main__:Requesting https://en.m.wikipedia.org/wiki/Help:Displaying_a_formula#Native_MathML
INFO:__main__:Getting metadata for https://en.m.wikipedia.org/wiki/Help:Displaying_a_formula#Native_MathML
 20%|█▉        | 38/194 [00:49<06:25,  2.47s/it]INFO:__main__:Requesting http://www.w3.org/1998/Math/MathML">
 20%|██        | 39/194 [00:49<04:33,  1.77s/it]INFO:__main__:Requesting https://github.com/Microsoft/reactxp
INFO:__main__:Getting metadata for https://github.com/Microsoft/reactxp
 21%|██        | 40/194 [00:50<03:51,  1.51s/it]INFO:__main__:Requesting http://fred-wang.github.io/MathUI2014/demos/2-mathml-in-svg.svg
INFO:__main__:Getting metadata for http://fred-wang.github.io/MathUI2014/demos/2-mathml-in-svg.svg
 21%|██        | 41/194 [00:50<02:51,  1.12s/it]INFO:__main__:Requesting http://fred-wang.github.io/MathUI2014/demos/6-mathml-in-webgl.html
INFO:__main__:Getting metadata for http://fred-wang.github.io/MathUI2014/demos/6-mathml-in-webgl.html
 22%|██▏       | 42/194 [00:50<02:07,  1.20it/s]INFO:__main__:Requesting https://www.mediawiki.org/wiki/Extension:Math/advancedSettings#CSS_for_the_MathML_with_SVG_fallback_mode
INFO:__main__:Getting metadata for https://www.mediawiki.org/wiki/Extension:Math/advancedSettings#CSS_for_the_MathML_with_SVG_fallback_mode
 22%|██▏       | 43/194 [00:51<02:12,  1.14it/s]INFO:__main__:Requesting https://ncatlab.org/nlab/show/HomePage
INFO:__main__:Getting metadata for https://ncatlab.org/nlab/show/HomePage
 23%|██▎       | 44/194 [00:53<02:31,  1.01s/it]INFO:__main__:Requesting http://www.yosefk.com/blog/its-done-in-hardware-so-its-cheap.html
INFO:__main__:Getting metadata for http://yosefk.com/blog/its-done-in-hardware-so-its-cheap.html
 23%|██▎       | 45/194 [00:54<02:41,  1.08s/it]INFO:__main__:Requesting https://www.latimes.com/local/lanow/la-me-ln-pmmc-rescued-animals-20190308-story.html
INFO:__main__:Getting metadata for https://www.latimes.com/local/lanow/la-me-ln-pmmc-rescued-animals-20190308-story.html
 24%|██▎       | 46/194 [00:54<02:14,  1.10it/s]INFO:__main__:Requesting https://abc7news.com/health/toxic-algae-bloom-in-oaklands-lake-temescal-prompts-closure/2156561/
INFO:__main__:Getting metadata for https://abc7news.com/health/toxic-algae-bloom-in-oaklands-lake-temescal-prompts-closure/2156561/
 24%|██▍       | 47/194 [00:55<01:52,  1.31it/s]INFO:__main__:Requesting http://claycord.com/2017/08/07/contra-costa-residents-experiencing-taste-and-odor-issues-with-their-water/
INFO:__main__:Getting metadata for http://claycord.com/2017/08/07/contra-costa-residents-experiencing-taste-and-odor-issues-with-their-water/
 25%|██▍       | 48/194 [00:59<04:08,  1.70s/it]INFO:__main__:Requesting https://coastalscience.noaa.gov/news/four-different-algal-toxins-found-san-francisco-bay-mussels/
INFO:__main__:Getting metadata for https://coastalscience.noaa.gov/news/four-different-algal-toxins-found-san-francisco-bay-mussels/
 25%|██▌       | 49/194 [01:00<03:31,  1.46s/it]INFO:__main__:Requesting https://www.sfchronicle.com/bayarea/article/toxic-algae-clearlake-oaks-lake-co-cyanobacteria-13095521.php
INFO:__main__:Getting metadata for https://www.sfchronicle.com/bayarea/article/toxic-algae-clearlake-oaks-lake-co-cyanobacteria-13095521.php
 26%|██▌       | 50/194 [01:00<02:58,  1.24s/it]INFO:__main__:Requesting https://www.bridgemi.com/michigan-environment-watch/lake-eries-algae-bloom-growing-again-after-paralyzing-toledo-water-system
INFO:__main__:Getting metadata for https://www.bridgemi.com/michigan-environment-watch/lake-eries-algae-bloom-growing-again-after-paralyzing-toledo-water-system
 26%|██▋       | 51/194 [01:03<03:58,  1.66s/it]INFO:__main__:Requesting https://triplebyte.com/blog/how-to-pass-a-programming-interview
INFO:__main__:Getting metadata for https://triplebyte.com/blog/how-to-pass-a-programming-interview
 27%|██▋       | 52/194 [01:03<03:07,  1.32s/it]INFO:__main__:Requesting https://builttoadapt.io/the-developer-hiring-process-is-broken-672bf273c183
INFO:__main__:Getting metadata for https://builttoadapt.io/the-developer-hiring-process-is-broken-672bf273c183?gi=60918442417e
 27%|██▋       | 53/194 [01:05<03:00,  1.28s/it]INFO:__main__:Requesting https://blog.jonrshar.pe/2016/Dec/05/pivotal-interviews.html
INFO:__main__:Getting metadata for https://blog.jonrshar.pe/2016/Dec/05/pivotal-interviews.html
 28%|██▊       | 54/194 [01:05<02:20,  1.01s/it]INFO:__main__:Requesting https://en.wikipedia.org/wiki/Bellman%E2%80%93Ford_algorithm
INFO:__main__:Getting metadata for https://en.wikipedia.org/wiki/Bellman%E2%80%93Ford_algorithm
 28%|██▊       | 55/194 [01:06<02:23,  1.03s/it]INFO:__main__:Requesting https://en.wikipedia.org/wiki/A*_search_algorithm
INFO:__main__:Getting metadata for https://en.wikipedia.org/wiki/A*_search_algorithm
 29%|██▉       | 56/194 [01:08<02:44,  1.19s/it]INFO:__main__:Requesting https://en.wikipedia.org/wiki/Approximate_string_matching
INFO:__main__:Getting metadata for https://en.wikipedia.org/wiki/Approximate_string_matching
 29%|██▉       | 57/194 [01:09<02:36,  1.14s/it]INFO:__main__:Requesting https://en.wikipedia.org/wiki/Viterbi_algorithm
INFO:__main__:Getting metadata for https://en.wikipedia.org/wiki/Viterbi_algorithm
 30%|██▉       | 58/194 [01:10<03:01,  1.34s/it]INFO:__main__:Requesting https://en.wikipedia.org/wiki/Earley_parser
INFO:__main__:Getting metadata for https://en.wikipedia.org/wiki/Earley_parser
 30%|███       | 59/194 [01:12<02:49,  1.25s/it]INFO:__main__:Requesting https://en.wikipedia.org/wiki/Dynamic_time_warping
INFO:__main__:Getting metadata for https://en.wikipedia.org/wiki/Dynamic_time_warping
 31%|███       | 60/194 [01:13<02:42,  1.22s/it]INFO:__main__:Requesting https://en.wikipedia.org/wiki/Schreier%E2%80%93Sims_algorithm
INFO:__main__:Getting metadata for https://en.wikipedia.org/wiki/Schreier%E2%80%93Sims_algorithm
 31%|███▏      | 61/194 [01:14<02:27,  1.11s/it]INFO:__main__:Requesting https://en.m.wikipedia.org/wiki/Intelligence_quotient
INFO:__main__:Getting metadata for https://en.m.wikipedia.org/wiki/Intelligence_quotient
 32%|███▏      | 62/194 [01:16<03:05,  1.41s/it]INFO:__main__:Requesting https://www.joelonsoftware.com/2006/09/06/finding-great-developers-2/
INFO:__main__:Getting metadata for https://www.joelonsoftware.com/2006/09/06/finding-great-developers-2/
 32%|███▏      | 63/194 [01:17<02:44,  1.25s/it]INFO:__main__:Requesting https://www.quora.com/Why-dont-companies-give-interview-feedback
INFO:__main__:Getting metadata for https://www.quora.com/Why-dont-companies-give-interview-feedback
 33%|███▎      | 64/194 [01:20<03:52,  1.79s/it]INFO:__main__:Requesting https://youtu.be/tj_sBZw9nS0
INFO:__main__:Getting metadata for https://www.youtube.com/watch?v=tj_sBZw9nS0&feature=youtu.be
 34%|███▎      | 65/194 [01:21<03:20,  1.55s/it]INFO:__main__:Requesting https://twitter.com/mxcl/status/608682016205344768?lang=en
INFO:__main__:Getting metadata for https://twitter.com/mxcl/status/608682016205344768?lang=en
 34%|███▍      | 66/194 [01:22<03:00,  1.41s/it]INFO:__main__:Requesting https://userinterfacing.com/tag/algorithms
INFO:__main__:Getting metadata for https://userinterfacing.com/tag/algorithms/
 35%|███▍      | 67/194 [01:22<02:22,  1.12s/it]INFO:__main__:Requesting https://github.com/pjimenezmateo/curriculum-bootloader#
INFO:__main__:Getting metadata for https://github.com/pjimenezmateo/curriculum-bootloader
 35%|███▌      | 68/194 [01:23<02:07,  1.01s/it]INFO:__main__:Requesting https://www.businessinsider.com/why-this-is-an-excellent-resume-2013-11
INFO:__main__:Getting metadata for https://www.businessinsider.com/why-this-is-an-excellent-resume-2013-11
 36%|███▌      | 69/194 [01:23<01:45,  1.18it/s]INFO:__main__:Requesting https://www.alchemistowl.org/pocorgtfo/
INFO:__main__:Getting metadata for https://www.alchemistowl.org/pocorgtfo/
 36%|███▌      | 70/194 [01:26<03:06,  1.50s/it]INFO:__main__:Requesting https://www.quaxio.com/bootable_cd_retro_game_tweet/
INFO:__main__:Getting metadata for https://www.quaxio.com/bootable_cd_retro_game_tweet/
 37%|███▋      | 71/194 [01:27<02:25,  1.19s/it]INFO:__main__:Requesting https://news.ycombinator.com/newsguidelines.html
INFO:__main__:Getting metadata for https://news.ycombinator.com/newsguidelines.html
 37%|███▋      | 72/194 [01:28<02:21,  1.16s/it]INFO:__main__:Requesting https://news.ycombinator.com/showhn.html
INFO:__main__:Getting metadata for https://news.ycombinator.com/showhn.html
 38%|███▊      | 73/194 [01:29<02:17,  1.14s/it]INFO:__main__:Requesting https://github.com/tlrobinson/evil.css/
INFO:__main__:Getting metadata for https://github.com/tlrobinson/evil.css/
 38%|███▊      | 74/194 [01:30<02:00,  1.00s/it]INFO:__main__:Requesting https://www.theatlantic.com/technology/archive/2019/03/ai-created-art-invades-chelsea-gallery-scene/584134/
INFO:__main__:Getting metadata for https://www.theatlantic.com/technology/archive/2019/03/ai-created-art-invades-chelsea-gallery-scene/584134/
 39%|███▊      | 75/194 [01:30<01:33,  1.28it/s]INFO:__main__:Requesting https://www.cdc.gov/mmwr/volumes/68/wr/mm6809a1.htm
INFO:__main__:Getting metadata for https://www.cdc.gov/mmwr/volumes/68/wr/mm6809a1.htm
 39%|███▉      | 76/194 [01:30<01:17,  1.53it/s]INFO:__main__:Requesting https://news.gallup.com/poll/164618/desire-children-norm.aspx
INFO:__main__:Getting metadata for https://news.gallup.com/poll/164618/desire-children-norm.aspx
 40%|███▉      | 77/194 [01:33<02:41,  1.38s/it]INFO:__main__:Requesting https://i.imgur.com/Ct0wv5D.png
INFO:__main__:Getting metadata for https://i.imgur.com/Ct0wv5D.png
 40%|████      | 78/194 [01:38<04:48,  2.49s/it]INFO:__main__:Requesting https://www.dailymail.co.uk/news/article-2730947/Americans-paid-vacation-time-world-countries-enjoy-FORTY-days-year.html
INFO:__main__:Getting metadata for https://www.dailymail.co.uk/news/article-2730947/Americans-paid-vacation-time-world-countries-enjoy-FORTY-days-year.html
 41%|████      | 79/194 [01:40<04:22,  2.28s/it]INFO:__main__:Requesting https://www.mercurynews.com/2019/03/08/h-1b-outsourcing-giant-games-visa-system-to-discriminate-against-non-south-asians-in-hiring-lawsuit-claims/
INFO:__main__:Getting metadata for https://www.mercurynews.com/2019/03/08/h-1b-outsourcing-giant-games-visa-system-to-discriminate-against-non-south-asians-in-hiring-lawsuit-claims/
 41%|████      | 80/194 [01:41<03:16,  1.72s/it]INFO:__main__:Requesting https://m.economictimes.com/nri/visa-and-immigration/h-1b-extension-rejections-rob-indian-it-firms-of-visa-power/articleshow/68312136.cms
INFO:__main__:Getting metadata for https://economictimes.indiatimes.com/nri/visa-and-immigration/h-1b-extension-rejections-rob-indian-it-firms-of-visa-power/articleshow/68312136.cms?from=mdr
 42%|████▏     | 81/194 [01:42<03:12,  1.70s/it]INFO:__main__:Requesting https://m.timesofindia.com/business/india-business/tcs-among-top-10-firms-to-get-foreign-labour-certification-for-h-1b-visas/articleshow/66328540.cms
INFO:__main__:Getting metadata for https://timesofindia.indiatimes.com/business/india-business/tcs-among-top-10-firms-to-get-foreign-labour-certification-for-h-1b-visas/articleshow/66328540.cms?from=mdr
 42%|████▏     | 82/194 [01:44<03:08,  1.69s/it]INFO:__main__:Requesting https://sysadmincasts.com/episodes/51-mechanics-of-building-a-carpooling-service-introduction
INFO:__main__:Getting metadata for https://sysadmincasts.com/episodes/51-mechanics-of-building-a-carpooling-service-introduction
 43%|████▎     | 83/194 [01:45<02:39,  1.44s/it]INFO:__main__:Requesting https://automatetheboringstuff.com/
INFO:__main__:Getting metadata for https://automatetheboringstuff.com
 43%|████▎     | 84/194 [01:46<02:22,  1.30s/it]INFO:__main__:Requesting https://www.fabfile.org/
INFO:__main__:Getting metadata for https://www.fabfile.org
 44%|████▍     | 85/194 [01:47<02:20,  1.29s/it]INFO:__main__:Requesting https://www.djangoproject.com/
INFO:__main__:Getting metadata for https://www.djangoproject.com
 44%|████▍     | 86/194 [01:48<02:10,  1.21s/it]INFO:__main__:Requesting https://github.com/themaxsandelin/todo
INFO:__main__:Getting metadata for https://github.com/themaxsandelin/todo
 45%|████▍     | 87/194 [01:49<01:53,  1.06s/it]INFO:__main__:Requesting https://projecteuler.net/
INFO:__main__:Getting metadata for https://projecteuler.net
 45%|████▌     | 88/194 [01:52<02:57,  1.68s/it]INFO:__main__:Requesting https://rodrigohgpontes.github.io/
INFO:__main__:Getting metadata for https://rodrigohgpontes.github.io
 46%|████▌     | 89/194 [01:53<02:25,  1.39s/it]INFO:__main__:Requesting https://lambdaschool.com/
INFO:__main__:Getting metadata for https://lambdaschool.com
 46%|████▋     | 90/194 [01:55<02:46,  1.61s/it]INFO:__main__:Requesting https://hello.processing.org/
INFO:__main__:Getting metadata for https://hello.processing.org
 47%|████▋     | 91/194 [01:55<02:08,  1.25s/it]INFO:__main__:Requesting https://www.railstutorial.org/book
INFO:__main__:Getting metadata for https://www.railstutorial.org/book
 47%|████▋     | 92/194 [01:58<02:50,  1.67s/it]INFO:__main__:Requesting https://yoember.com
INFO:__main__:Getting metadata for https://yoember.com
 48%|████▊     | 93/194 [02:01<03:26,  2.04s/it]INFO:__main__:Requesting http://nautil.us/issue/70/variables/cloudy-with-a-chance-of-war-rp
INFO:__main__:Getting metadata for http://nautil.us/issue/70/variables/cloudy-with-a-chance-of-war-rp
 48%|████▊     | 94/194 [02:03<03:28,  2.09s/it]INFO:__main__:Requesting https://protonmail.com/blog/eu-funding/
INFO:__main__:Getting metadata for https://protonmail.com/blog/eu-funding/
 49%|████▉     | 95/194 [02:05<03:33,  2.15s/it]INFO:__main__:Requesting https://en.wikipedia.org/wiki/Framework_Programmes_for_Research_and_Technological_Development#Horizon_2020
INFO:__main__:Getting metadata for https://en.wikipedia.org/wiki/Framework_Programmes_for_Research_and_Technological_Development#Horizon_2020
 49%|████▉     | 96/194 [02:06<03:01,  1.85s/it]INFO:__main__:Requesting https://www.reuters.com/article/us-swiss-secrecy/era-of-bank-secrecy-ends-as-swiss-start-sharing-account-data-idUSKCN1MF13O
INFO:__main__:Getting metadata for https://www.reuters.com/article/us-swiss-secrecy/era-of-bank-secrecy-ends-as-swiss-start-sharing-account-data-idUSKCN1MF13O
 50%|█████     | 97/194 [02:07<02:12,  1.36s/it]INFO:__main__:Requesting https://www.theguardian.com/technology/2015/nov/05/protonmail-service-held-ransom-by-hackers
INFO:__main__:Getting metadata for https://www.theguardian.com/technology/2015/nov/05/protonmail-service-held-ransom-by-hackers
 51%|█████     | 98/194 [02:07<01:44,  1.09s/it]INFO:__main__:Requesting https://www.theregister.co.uk/2014/07/07/protonmail_fail_javascript/
INFO:__main__:Getting metadata for https://www.theregister.co.uk/2014/07/07/protonmail_fail_javascript/
 51%|█████     | 99/194 [02:08<01:26,  1.10it/s]INFO:__main__:Requesting https://motherboard.vice.com/en_us/article/qvvke7/email-provider-protonmail-says-it-hacked-back-then-walks-claim-back
INFO:__main__:Getting metadata for https://motherboard.vice.com/en_us/article/qvvke7/email-provider-protonmail-says-it-hacked-back-then-walks-claim-back
 52%|█████▏    | 100/194 [02:08<01:21,  1.15it/s]INFO:__main__:Requesting https://www.sbfi.admin.ch/sbfi/en/home/news/medienmitteilungen.msg-id-72251.html
INFO:__main__:Getting metadata for https://www.sbfi.admin.ch/sbfi/en/home/news/medienmitteilungen.msg-id-72251.html
 52%|█████▏    | 101/194 [02:13<02:54,  1.88s/it]INFO:__main__:Requesting https://www.cbsnews.com/news/healthcare-gov-has-already-cost-840-million-report/
INFO:__main__:Getting metadata for https://www.cbsnews.com/news/healthcare-gov-has-already-cost-840-million-report/
 53%|█████▎    | 102/194 [02:14<02:48,  1.83s/it]INFO:__main__:Requesting https://protonmail.com/blog/diversity-in-tech-why-it-matters/
INFO:__main__:Getting metadata for https://protonmail.com/blog/diversity-in-tech-why-it-matters/
 53%|█████▎    | 103/194 [02:17<03:01,  1.99s/it]INFO:__main__:Requesting https://github.com/vladimiry/email-securely-app
INFO:__main__:Getting metadata for https://github.com/vladimiry/email-securely-app
 54%|█████▎    | 104/194 [02:18<02:33,  1.71s/it]INFO:__main__:Requesting http://protondrive.com
INFO:__main__:Getting metadata for http://protondrive.com
 54%|█████▍    | 105/194 [02:18<01:57,  1.32s/it]INFO:__main__:Requesting https://www.laquadrature.net/censureterro/
INFO:__main__:Getting metadata for https://www.laquadrature.net/censureterro/
 55%|█████▍    | 106/194 [02:20<02:23,  1.63s/it]INFO:__main__:Requesting https://en.wikipedia.org/wiki/Tax_haven
INFO:__main__:Getting metadata for https://en.wikipedia.org/wiki/Tax_haven
 55%|█████▌    | 107/194 [02:23<02:57,  2.04s/it]INFO:__main__:Requesting https://www.nytimes.com/2019/03/08/science/asteroids-nuclear-weapons.html
INFO:__main__:Getting metadata for https://www.nytimes.com/2019/03/08/science/asteroids-nuclear-weapons.html
 56%|█████▌    | 108/194 [02:24<02:08,  1.50s/it]INFO:__main__:Requesting https://en.m.wikipedia.org/wiki/(53319)_1999_JM8
INFO:__main__:Getting metadata for https://en.m.wikipedia.org/wiki/(53319)_1999_JM8
 56%|█████▌    | 109/194 [02:24<01:46,  1.25s/it]INFO:__main__:Requesting https://en.wikipedia.org/wiki/Gravity_tractor
INFO:__main__:Getting metadata for https://en.wikipedia.org/wiki/Gravity_tractor
 57%|█████▋    | 110/194 [02:25<01:39,  1.18s/it]INFO:__main__:Requesting https://b612foundation.org
INFO:__main__:Getting metadata for https://b612foundation.org
 57%|█████▋    | 111/194 [02:26<01:19,  1.04it/s]INFO:__main__:Requesting https://mino-games.workable.com/j/4B58AD66BE
INFO:__main__:Getting metadata for https://mino-games.workable.com/j/4B58AD66BE
 58%|█████▊    | 112/194 [02:26<01:10,  1.17it/s]INFO:__main__:Requesting https://www.pentestpartners.com/security-blog/gone-in-six-seconds-exploiting-car-alarms/
INFO:__main__:Getting metadata for https://www.pentestpartners.com/security-blog/gone-in-six-seconds-exploiting-car-alarms/
 58%|█████▊    | 113/194 [02:30<02:04,  1.54s/it]INFO:__main__:Requesting https://www.thatcham.org/what-we-do/security/
INFO:__main__:Getting metadata for https://www.thatcham.org/what-we-do/security/
 59%|█████▉    | 114/194 [02:33<02:39,  2.00s/it]INFO:__main__:Requesting https://jalopnik.com/how-the-nissan-leaf-can-be-hacked-via-web-browser-from-1761044716
INFO:__main__:Getting metadata for https://jalopnik.com/how-the-nissan-leaf-can-be-hacked-via-web-browser-from-1761044716
 59%|█████▉    | 115/194 [02:33<01:58,  1.50s/it]INFO:__main__:Requesting https://repairpal.com/recall/14V583000
INFO:__main__:Getting metadata for https://repairpal.com/recall/14V583000
 60%|█████▉    | 116/194 [02:34<01:49,  1.40s/it]INFO:__main__:Requesting https://www.scientificamerican.com/article/spacex-crew-dragon-splashes-down-after-historic-test-flight/
INFO:__main__:Getting metadata for https://www.scientificamerican.com/article/spacex-crew-dragon-splashes-down-after-historic-test-flight/
 60%|██████    | 117/194 [02:35<01:33,  1.22s/it]INFO:__main__:Requesting https://www.bigelowspaceops.com/
INFO:__main__:Getting metadata for https://www.bigelowspaceops.com
 61%|██████    | 118/194 [02:36<01:18,  1.03s/it]INFO:__main__:Requesting https://youtu.be/HuXPLtJXd14
INFO:__main__:Getting metadata for https://www.youtube.com/watch?v=HuXPLtJXd14&feature=youtu.be
 61%|██████▏   | 119/194 [02:37<01:16,  1.02s/it]INFO:__main__:Requesting https://en.wikipedia.org/wiki/Keweenaw_Rocket_Range
INFO:__main__:Getting metadata for https://en.wikipedia.org/wiki/Keweenaw_Rocket_Range
 62%|██████▏   | 120/194 [02:37<01:09,  1.06it/s]INFO:__main__:Requesting http://news.mit.edu/2015/shockwave-process-desalination-water-1112
INFO:__main__:Getting metadata for http://news.mit.edu/2015/shockwave-process-desalination-water-1112
 62%|██████▏   | 121/194 [02:39<01:24,  1.15s/it]INFO:__main__:Requesting https://www.youtube.com/watch?v=zqE-ultsWt0
INFO:__main__:Getting metadata for https://www.youtube.com/watch?v=zqE-ultsWt0
 63%|██████▎   | 122/194 [02:40<01:15,  1.05s/it]INFO:__main__:Requesting https://nuclearsecrecy.com/nukemap/
INFO:__main__:Getting metadata for https://nuclearsecrecy.com/nukemap/
 63%|██████▎   | 123/194 [02:40<01:03,  1.12it/s]INFO:__main__:Requesting https://www.fueleconomy.gov/feg/contentIncludes/co2_inc.htm
INFO:__main__:Getting metadata for https://www.fueleconomy.gov/feg/contentIncludes/co2_inc.htm
 64%|██████▍   | 124/194 [02:41<01:06,  1.06it/s]INFO:__main__:Requesting https://www.smithsonianmag.com/science-nature/spacex-environmentally-responsible-180968098/
INFO:__main__:Getting metadata for https://www.smithsonianmag.com/science-nature/spacex-environmentally-responsible-180968098/
 64%|██████▍   | 125/194 [02:42<00:56,  1.22it/s]INFO:__main__:Requesting https://www.epa.gov/greenvehicles/greenhouse-gas-emissions-typical-passenger-vehicle
INFO:__main__:Getting metadata for https://www.epa.gov/greenvehicles/greenhouse-gas-emissions-typical-passenger-vehicle
 65%|██████▍   | 126/194 [02:42<00:46,  1.47it/s]INFO:__main__:Requesting https://space.stackexchange.com/questions/13082/calculate-falcon-9-co2-emissions
INFO:__main__:Getting metadata for https://space.stackexchange.com/questions/13082/calculate-falcon-9-co2-emissions
 65%|██████▌   | 127/194 [02:43<00:38,  1.73it/s]INFO:__main__:Requesting https://en.m.wikipedia.org/wiki/List_of_Falcon_9_and_Falcon_Heavy_launches
INFO:__main__:Getting metadata for https://en.m.wikipedia.org/wiki/List_of_Falcon_9_and_Falcon_Heavy_launches
 66%|██████▌   | 128/194 [02:47<01:59,  1.81s/it]INFO:__main__:Requesting https://www.youtube.com/watch?v=1B6oiLNyKKI
INFO:__main__:Getting metadata for https://www.youtube.com/watch?v=1B6oiLNyKKI
 66%|██████▋   | 129/194 [02:48<01:41,  1.56s/it]INFO:__main__:Requesting https://www.reddit.com/r/spacex
INFO:__main__:Getting metadata for https://www.reddit.com/r/spacex
 67%|██████▋   | 130/194 [02:51<02:06,  1.98s/it]INFO:__main__:Requesting https://www.youtube.com/watch?v=8aAe0GWIWGI
INFO:__main__:Getting metadata for https://www.youtube.com/watch?v=8aAe0GWIWGI
 68%|██████▊   | 131/194 [02:52<01:41,  1.61s/it]INFO:__main__:Requesting https://youtu.be/8aAe0GWIWGI?t=6219
INFO:__main__:Getting metadata for https://www.youtube.com/watch?v=8aAe0GWIWGI&feature=youtu.be&t=6219
 68%|██████▊   | 132/194 [02:53<01:29,  1.45s/it]INFO:__main__:Requesting https://youtu.be/8aAe0GWIWGI?t=4303
INFO:__main__:Getting metadata for https://www.youtube.com/watch?v=8aAe0GWIWGI&feature=youtu.be&t=4303
 69%|██████▊   | 133/194 [02:54<01:18,  1.28s/it]INFO:__main__:Requesting https://www.youtube.com/watch?v=AqeJzItldSQ
INFO:__main__:Getting metadata for https://www.youtube.com/watch?v=AqeJzItldSQ
 69%|██████▉   | 134/194 [02:55<01:09,  1.15s/it]INFO:__main__:Requesting https://en.wikipedia.org/wiki/Moon_Machines
INFO:__main__:Getting metadata for https://en.wikipedia.org/wiki/Moon_Machines
 70%|██████▉   | 135/194 [02:55<01:01,  1.04s/it]INFO:__main__:Requesting https://en.wikipedia.org/wiki/Soyuz_7K-ST_No._16L
INFO:__main__:Getting metadata for https://en.wikipedia.org/wiki/Soyuz_7K-ST_No._16L
 70%|███████   | 136/194 [02:57<01:02,  1.07s/it]INFO:__main__:Requesting https://youtu.be/gsIkeFaC1vg
INFO:__main__:Getting metadata for https://www.youtube.com/watch?v=gsIkeFaC1vg&feature=youtu.be
 71%|███████   | 137/194 [02:58<00:57,  1.01s/it]INFO:__main__:Requesting https://blog.ycombinator.com/updates-from-yc/
INFO:__main__:Getting metadata for https://blog.ycombinator.com/updates-from-yc/
 71%|███████   | 138/194 [02:58<00:47,  1.19it/s]INFO:__main__:Requesting https://www.iasplus.com/en/standards/ifrs/ifrs9
INFO:__main__:Getting metadata for https://www.iasplus.com/en/standards/ifrs/ifrs9
 72%|███████▏  | 139/194 [02:59<00:51,  1.07it/s]INFO:__main__:Requesting https://www.mercurynews.com/2017/08/14/proposed-dumbarton-rail-bridge-could-be-first-transbay-railroad-crossing-since-bart-tube/
INFO:__main__:Getting metadata for https://www.mercurynews.com/2017/08/14/proposed-dumbarton-rail-bridge-could-be-first-transbay-railroad-crossing-since-bart-tube/
 72%|███████▏  | 140/194 [03:00<00:53,  1.00it/s]INFO:__main__:Requesting http://www.ktvu.com/news/bart-investigating-3-violent-deaths-in-the-past-week
INFO:__main__:Getting metadata for http://www.ktvu.com/news/bart-investigating-3-violent-deaths-in-the-past-week
 73%|███████▎  | 141/194 [03:02<01:05,  1.23s/it]INFO:__main__:Requesting https://www.sfchronicle.com/bayarea/article/BART-s-approval-rating-plummets-as-riders-13550578.php
INFO:__main__:Getting metadata for https://www.sfchronicle.com/bayarea/article/BART-s-approval-rating-plummets-as-riders-13550578.php
 73%|███████▎  | 142/194 [03:03<00:55,  1.07s/it]INFO:__main__:Requesting http://marketurbanism.com/2017/01/27/the-disconnect-between-liberal-aspirations-and-liberal-housing-policy-is-killing-coastal-u-s-cities/
INFO:__main__:Getting metadata for http://marketurbanism.com/2017/01/27/the-disconnect-between-liberal-aspirations-and-liberal-housing-policy-is-killing-coastal-u-s-cities/
 74%|███████▎  | 143/194 [03:03<00:43,  1.17it/s]INFO:__main__:Requesting https://imgur.com/2p9BX1b
INFO:__main__:Getting metadata for https://imgur.com/2p9BX1b
 74%|███████▍  | 144/194 [03:03<00:33,  1.49it/s]INFO:__main__:Requesting https://www.cbsnews.com/pictures/the-most-dangerous-cities-in-america/32/
INFO:__main__:Getting metadata for https://www.cbsnews.com/pictures/the-most-dangerous-cities-in-america/32/
 75%|███████▍  | 145/194 [03:05<00:43,  1.12it/s]INFO:__main__:Requesting https://www.areavibes.com/oakland-ca/crime/
INFO:__main__:Getting metadata for https://www.areavibes.com/oakland-ca/crime/
 75%|███████▌  | 146/194 [03:08<01:21,  1.69s/it]INFO:__main__:Requesting https://sfgov.org/scorecards/public-safety/violent-crime-rate-and-property-crime-rate
INFO:__main__:Getting metadata for https://sfgov.org/scorecards/public-safety/violent-crime-rate-and-property-crime-rate
 76%|███████▌  | 147/194 [03:13<02:01,  2.59s/it]INFO:__main__:Requesting https://www.areavibes.com/san+francisco-ca/crime/
INFO:__main__:Getting metadata for https://www.areavibes.com/san+francisco-ca/crime/
 76%|███████▋  | 148/194 [03:16<02:04,  2.72s/it]INFO:__main__:Requesting https://en.m.wikipedia.org/wiki/Sam_Altman
INFO:__main__:Getting metadata for https://en.m.wikipedia.org/wiki/Sam_Altman
 77%|███████▋  | 149/194 [03:17<01:34,  2.11s/it]INFO:__main__:Requesting https://techiavellian.com/the-map-to-nowhere
INFO:__main__:Getting metadata for https://techiavellian.com/the-map-to-nowhere
 77%|███████▋  | 150/194 [03:17<01:12,  1.65s/it]INFO:__main__:Requesting https://earlymodernmedicine.com/the-man-with-an-elephants-nose/
 78%|███████▊  | 151/194 [03:18<00:53,  1.24s/it]INFO:__main__:Requesting https://medium.com/fishbrain/tensorflow-7c7b1b815bd8
INFO:__main__:Getting metadata for https://medium.com/fishbrain/tensorflow-7c7b1b815bd8
 78%|███████▊  | 152/194 [03:18<00:41,  1.01it/s]INFO:__main__:Requesting https://github.com/pwaller/go2ll-talk
INFO:__main__:Getting metadata for https://github.com/pwaller/go2ll-talk
 79%|███████▉  | 153/194 [03:19<00:37,  1.09it/s]INFO:__main__:Requesting https://github.com/pwaller/go2ll-talk/blob/master/Makefile
INFO:__main__:Getting metadata for https://github.com/pwaller/go2ll-talk/blob/master/Makefile
 79%|███████▉  | 154/194 [03:19<00:34,  1.16it/s]INFO:__main__:Requesting https://krebsonsecurity.com/2019/03/myequifax-com-bypasses-credit-freeze-pin/
INFO:__main__:Getting metadata for https://krebsonsecurity.com/2019/03/myequifax-com-bypasses-credit-freeze-pin/
 80%|███████▉  | 155/194 [03:20<00:27,  1.44it/s]INFO:__main__:Requesting https://www.fastcompany.com/90312551/watch-a-congresswoman-destroy-equifax-ceo-mark-begor-in-an-epic-privacy-burn
INFO:__main__:Getting metadata for https://www.fastcompany.com/90312551/watch-a-congresswoman-destroy-equifax-ceo-mark-begor-in-an-epic-privacy-burn
 80%|████████  | 156/194 [03:20<00:23,  1.64it/s]INFO:__main__:Requesting http://fortune.com/2018/09/07/equifax-data-breach-one-year-anniversary/
INFO:__main__:Getting metadata for http://fortune.com/2018/09/07/equifax-data-breach-one-year-anniversary/
 81%|████████  | 157/194 [03:21<00:21,  1.74it/s]INFO:__main__:Requesting https://www.reddit.com/r/personalfinance/comments/ay7aoy/identity_thief_is_unfreezing_my_credit_freeze/
INFO:__main__:Getting metadata for https://www.reddit.com/r/personalfinance/comments/ay7aoy/identity_thief_is_unfreezing_my_credit_freeze/
 81%|████████▏ | 158/194 [03:22<00:28,  1.25it/s]INFO:__main__:Requesting https://i.imgur.com/Mr8gOOA.jpg
INFO:__main__:Getting metadata for https://i.imgur.com/Mr8gOOA.jpg
 82%|████████▏ | 159/194 [03:23<00:29,  1.19it/s]INFO:__main__:Requesting https://fonts.adobe.com/fonts/ff-meta
INFO:__main__:Getting metadata for https://fonts.adobe.com/fonts/ff-meta
 82%|████████▏ | 160/194 [03:25<00:43,  1.27s/it]INFO:__main__:Requesting https://fonts.google.com/specimen/Lato
INFO:__main__:Getting metadata for https://fonts.google.com/specimen/Lato
 83%|████████▎ | 161/194 [03:25<00:31,  1.05it/s]INFO:__main__:Requesting https://www.occ.gov/topics/consumer-protection/depository-services/writing-check.html
INFO:__main__:Getting metadata for https://www.occ.gov/topics/consumer-protection/depository-services/writing-check.html
 84%|████████▎ | 162/194 [03:28<00:45,  1.43s/it]INFO:__main__:Requesting https://xkcd.com/936/
INFO:__main__:Getting metadata for https://xkcd.com/936/
 84%|████████▍ | 163/194 [03:28<00:35,  1.14s/it]INFO:__main__:Requesting https://krebsonsecurity.com/2016/08/united-airlines-sets-minimum-bar-on-security/
INFO:__main__:Getting metadata for https://krebsonsecurity.com/2016/08/united-airlines-sets-minimum-bar-on-security/
 85%|████████▍ | 164/194 [03:31<00:45,  1.52s/it]INFO:__main__:Requesting https://www.npr.org/sections/money/2018/03/14/593620579/episode-830-xxx-xx-xxxx
INFO:__main__:Getting metadata for https://www.npr.org/sections/money/2018/03/14/593620579/episode-830-xxx-xx-xxxx
 85%|████████▌ | 165/194 [03:31<00:33,  1.16s/it]INFO:__main__:Requesting https://www.ssa.gov/foia/html/EO9397.htm
INFO:__main__:Getting metadata for https://www.ssa.gov/foia/html/EO9397.htm
 86%|████████▌ | 166/194 [03:32<00:29,  1.06s/it]INFO:__main__:Requesting https://www.pcworld.com/article/3004654/a-tale-of-two-women-same-birthday-same-social-security-number-same-big-data-mess.html
INFO:__main__:Getting metadata for https://www.pcworld.com/article/3004654/a-tale-of-two-women-same-birthday-same-social-security-number-same-big-data-mess.html
 86%|████████▌ | 167/194 [03:32<00:22,  1.22it/s]INFO:__main__:Requesting https://krebsonsecurity.com/2013/10/experian-sold-consumer-data-to-id-theft-service/
INFO:__main__:Getting metadata for https://krebsonsecurity.com/2013/10/experian-sold-consumer-data-to-id-theft-service/
 87%|████████▋ | 168/194 [03:35<00:37,  1.45s/it]INFO:__main__:Requesting https://risk.nexis.com/AMLSolutions/help/GLBA_Permissible_Use.htm
INFO:__main__:Getting metadata for https://risk.nexis.com/AMLSolutions/help/GLBA_Permissible_Use.htm
 87%|████████▋ | 169/194 [03:37<00:37,  1.48s/it]INFO:__main__:Requesting https://www.nytimes.com/2019/03/08/opinion/sunday/emotions-animals-humans.html
INFO:__main__:Getting metadata for https://www.nytimes.com/2019/03/08/opinion/sunday/emotions-animals-humans.html
 88%|████████▊ | 170/194 [03:37<00:26,  1.11s/it]INFO:__main__:Requesting https://www.youtube.com/watch?v=al-f_WWoHI4
INFO:__main__:Getting metadata for https://www.youtube.com/watch?v=al-f_WWoHI4
 88%|████████▊ | 171/194 [03:38<00:24,  1.06s/it]INFO:__main__:Requesting https://inews.co.uk/news/world/michal-prasek-czech-man-killed-by-lion-pet-back-garden/
INFO:__main__:Getting metadata for https://inews.co.uk/news/world/michal-prasek-czech-man-killed-by-lion-pet-back-garden/
 89%|████████▊ | 172/194 [03:39<00:25,  1.14s/it]INFO:__main__:Requesting https://abcnews.go.com/US/mother-accused-killing-14-year-daughter-girl-dialed/story?id=59924444
INFO:__main__:Getting metadata for https://abcnews.go.com/US/mother-accused-killing-14-year-daughter-girl-dialed/story?id=59924444
 89%|████████▉ | 173/194 [03:40<00:21,  1.01s/it]INFO:__main__:Requesting https://www.youtube.com/watch?v=gJ_3BN0m7S8
INFO:__main__:Getting metadata for https://www.youtube.com/watch?v=gJ_3BN0m7S8
 90%|████████▉ | 174/194 [03:41<00:19,  1.05it/s]INFO:__main__:Requesting https://www.youtube.com/watch?v=gMqZR3pqMjg
INFO:__main__:Getting metadata for https://www.youtube.com/watch?v=gMqZR3pqMjg
 90%|█████████ | 175/194 [03:42<00:18,  1.03it/s]INFO:__main__:Requesting https://www.youtube.com/watch?v=GorgFtCqPEs
INFO:__main__:Getting metadata for https://www.youtube.com/watch?v=GorgFtCqPEs
 91%|█████████ | 176/194 [03:43<00:16,  1.06it/s]INFO:__main__:Requesting http://time.com/5412458/are-dogs-smart/
INFO:__main__:Getting metadata for http://time.com/5412458/are-dogs-smart/
 91%|█████████ | 177/194 [03:43<00:12,  1.41it/s]INFO:__main__:Requesting http://www.abc.net.au/science/news/stories/s1497634.htm
INFO:__main__:Getting metadata for http://www.abc.net.au/science/news/stories/s1497634.htm
 92%|█████████▏| 178/194 [03:44<00:13,  1.20it/s]INFO:__main__:Requesting https://www.mnn.com/earth-matters/animals/photos/12-facts-change-way-see-elephants/elephants-honor-bones-their-dead
INFO:__main__:Getting metadata for https://www.mnn.com/earth-matters/animals/photos/12-facts-change-way-see-elephants/elephants-honor-bones-their-dead
 92%|█████████▏| 179/194 [03:45<00:12,  1.22it/s]INFO:__main__:Requesting https://en.wikipedia.org/wiki/Pythagoreanism#Vegetarianism
INFO:__main__:Getting metadata for https://en.wikipedia.org/wiki/Pythagoreanism#Vegetarianism
 93%|█████████▎| 180/194 [03:47<00:17,  1.25s/it]INFO:__main__:Requesting http://openworm.org
INFO:__main__:Getting metadata for http://openworm.org
 93%|█████████▎| 181/194 [03:47<00:13,  1.01s/it]INFO:__main__:Requesting https://en.wikipedia.org/wiki/Elephant_cognition#Death_ritual
INFO:__main__:Getting metadata for https://en.wikipedia.org/wiki/Elephant_cognition#Death_ritual
 94%|█████████▍| 182/194 [03:49<00:14,  1.19s/it]INFO:__main__:Requesting https://www.popsci.com/science/article/2013-09/orangutans-plan-and-announce-their-direction-travel-day-ahead
 94%|█████████▍| 183/194 [03:49<00:10,  1.08it/s]INFO:__main__:Requesting https://www.vegansociety.com/go-vegan/how-go-vegan
INFO:__main__:Getting metadata for https://www.vegansociety.com/go-vegan/how-go-vegan
 95%|█████████▍| 184/194 [03:51<00:11,  1.10s/it]INFO:__main__:Requesting https://rightasrain.uwmedicine.org/body/food/want-go-vegan-heres-how-do-it-healthy-way
INFO:__main__:Getting metadata for https://rightasrain.uwmedicine.org/body/food/want-go-vegan-heres-how-do-it-healthy-way
 95%|█████████▌| 185/194 [03:51<00:08,  1.08it/s]INFO:__main__:Requesting https://plato.stanford.edu/entries/consciousness-animal/
INFO:__main__:Getting metadata for https://plato.stanford.edu/entries/consciousness-animal/
 96%|█████████▌| 186/194 [03:55<00:13,  1.69s/it]INFO:__main__:Requesting https://www.amazon.com/New-Science-Consciousness-Exploring-Complexity/dp/1633882195
INFO:__main__:Getting metadata for https://www.amazon.com/New-Science-Consciousness-Exploring-Complexity/dp/1633882195
 96%|█████████▋| 187/194 [03:57<00:13,  1.86s/it]INFO:__main__:Requesting https://www.smh.com.au/national/feeling-our-way-to-decision-20090227-8k8v.html
INFO:__main__:Getting metadata for https://www.smh.com.au/national/feeling-our-way-to-decision-20090227-8k8v.html
 97%|█████████▋| 188/194 [03:58<00:09,  1.56s/it]INFO:__main__:Requesting https://en.wikipedia.org/wiki/John_Wayne_Gacy
INFO:__main__:Getting metadata for https://en.wikipedia.org/wiki/John_Wayne_Gacy
 97%|█████████▋| 189/194 [04:01<00:09,  1.95s/it]INFO:__main__:Requesting https://outline.com/Dumckz
INFO:__main__:Getting metadata for https://outline.com/Dumckz
 98%|█████████▊| 190/194 [04:02<00:06,  1.63s/it]INFO:__main__:Requesting https://www.youtube.com/watch?v=65e2qScV_K8
INFO:__main__:Getting metadata for https://www.youtube.com/watch?v=65e2qScV_K8
 98%|█████████▊| 191/194 [04:03<00:04,  1.40s/it]INFO:__main__:Requesting https://www.youtube.com/watch?v=SHKC958R8Z8
INFO:__main__:Getting metadata for https://www.youtube.com/watch?v=SHKC958R8Z8
 99%|█████████▉| 192/194 [04:04<00:02,  1.28s/it]INFO:__main__:Requesting https://archive.org/details/in.ernet.dli.2015.43657/page/n3
INFO:__main__:Getting metadata for https://archive.org/details/in.ernet.dli.2015.43657/page/n3
 99%|█████████▉| 193/194 [04:05<00:01,  1.26s/it]INFO:__main__:Requesting https://www.nature.com/articles/nature04171
INFO:__main__:Getting metadata for https://www.nature.com/articles/nature04171
100%|██████████| 194/194 [04:07<00:00,  1.64s/it]
