INFO:__main__:Get urls from stories
  0%|          | 0/30 [00:00<?, ?it/s]  3%|▎         | 1/30 [00:00<00:05,  5.48it/s]  7%|▋         | 2/30 [00:00<00:04,  6.33it/s] 10%|█         | 3/30 [00:01<00:09,  2.84it/s] 13%|█▎        | 4/30 [00:01<00:10,  2.40it/s] 17%|█▋        | 5/30 [00:01<00:09,  2.69it/s] 20%|██        | 6/30 [00:02<00:08,  3.00it/s] 23%|██▎       | 7/30 [00:02<00:06,  3.59it/s] 27%|██▋       | 8/30 [00:02<00:07,  3.13it/s] 30%|███       | 9/30 [00:02<00:05,  3.51it/s] 37%|███▋      | 11/30 [00:03<00:06,  2.85it/s] 40%|████      | 12/30 [00:04<00:05,  3.53it/s] 53%|█████▎    | 16/30 [00:04<00:03,  4.61it/s] 57%|█████▋    | 17/30 [00:04<00:02,  4.86it/s] 60%|██████    | 18/30 [00:04<00:02,  4.00it/s] 63%|██████▎   | 19/30 [00:05<00:04,  2.54it/s] 70%|███████   | 21/30 [00:05<00:02,  3.06it/s] 77%|███████▋  | 23/30 [00:06<00:01,  3.83it/s] 80%|████████  | 24/30 [00:06<00:01,  4.25it/s] 83%|████████▎ | 25/30 [00:07<00:02,  2.20it/s] 87%|████████▋ | 26/30 [00:07<00:01,  2.79it/s] 90%|█████████ | 27/30 [00:07<00:01,  2.50it/s] 93%|█████████▎| 28/30 [00:09<00:01,  1.58it/s] 97%|█████████▋| 29/30 [00:10<00:00,  1.34it/s]100%|██████████| 30/30 [00:10<00:00,  2.95it/s]
  0%|          | 0/191 [00:00<?, ?it/s]INFO:__main__:Requesting https://www.artificiallawyer.com/2019/02/26/algorithmic-justice-could-clear-250000-convictions-in-california/
INFO:__main__:Getting metadata for https://www.artificiallawyer.com/2019/02/26/algorithmic-justice-could-clear-250000-convictions-in-california/
  1%|          | 1/191 [00:03<12:13,  3.86s/it]INFO:__main__:Requesting https://youtu.be/inPcQeYWVT8
INFO:__main__:Getting metadata for https://www.youtube.com/watch?v=inPcQeYWVT8&feature=youtu.be
  1%|          | 2/191 [00:04<09:24,  2.99s/it]INFO:__main__:Requesting https://youtu.be/4ap6Kmo69lQ
INFO:__main__:Getting metadata for https://www.youtube.com/watch?v=4ap6Kmo69lQ&feature=youtu.be
  2%|▏         | 3/191 [00:05<07:28,  2.38s/it]INFO:__main__:Requesting https://www.codeforamerica.org/
INFO:__main__:Getting metadata for https://www.codeforamerica.org
  2%|▏         | 4/191 [00:06<05:35,  1.79s/it]INFO:__main__:Requesting https://bofh.org.uk/2019/02/25/baking-with-emacs/
INFO:__main__:Getting metadata for https://bofh.org.uk/2019/02/25/baking-with-emacs/
  3%|▎         | 5/191 [00:11<09:01,  2.91s/it]INFO:__main__:Requesting https://orgmode.org/worg/org-tutorials/org-spreadsheet-intro.html
INFO:__main__:Getting metadata for https://orgmode.org/worg/org-tutorials/org-spreadsheet-intro.html
  3%|▎         | 6/191 [00:12<07:07,  2.31s/it]INFO:__main__:Requesting https://github.com/wasmerio/wasmer
INFO:__main__:Getting metadata for https://github.com/wasmerio/wasmer
  4%|▎         | 7/191 [00:13<05:50,  1.90s/it]INFO:__main__:Requesting https://words.steveklabnik.com/is-webassembly-the-return-of-java-applets-flash
INFO:__main__:Getting metadata for https://words.steveklabnik.com/is-webassembly-the-return-of-java-applets-flash
  4%|▍         | 8/191 [00:14<04:32,  1.49s/it]INFO:__main__:Requesting https://www.destroyallsoftware.com/talks/the-birth-and-death-of-javascript
INFO:__main__:Getting metadata for https://www.destroyallsoftware.com/talks/the-birth-and-death-of-javascript
  5%|▍         | 9/191 [00:15<04:05,  1.35s/it]INFO:__main__:Requesting https://www.destroyallsoftware.com/talks/wat
INFO:__main__:Getting metadata for https://www.destroyallsoftware.com/talks/wat
  5%|▌         | 10/191 [00:16<03:41,  1.22s/it]INFO:__main__:Requesting https://github.com/AssemblyScript/assemblyscript
INFO:__main__:Getting metadata for https://github.com/AssemblyScript/assemblyscript
  6%|▌         | 11/191 [00:17<03:38,  1.21s/it]INFO:__main__:Requesting https://blog.cloudflare.com/cloud-computing-without-containers/
INFO:__main__:Getting metadata for https://blog.cloudflare.com/cloud-computing-without-containers/
  6%|▋         | 12/191 [00:17<02:59,  1.00s/it]INFO:__main__:Requesting https://medium.com/wasmer/webassembly-cloudabi-b573047fd0a9
INFO:__main__:Getting metadata for https://medium.com/wasmer/webassembly-cloudabi-b573047fd0a9
  7%|▋         | 13/191 [00:18<02:35,  1.15it/s]INFO:__main__:Requesting https://github.com/nebulet/nebulet
INFO:__main__:Getting metadata for https://github.com/nebulet/nebulet
  7%|▋         | 14/191 [00:19<02:38,  1.11it/s]INFO:__main__:Requesting https://webassembly.org/docs/faq/#is-webassembly-trying-to-replace-javascript
INFO:__main__:Getting metadata for https://webassembly.org/docs/faq/#is-webassembly-trying-to-replace-javascript
  8%|▊         | 15/191 [00:19<02:15,  1.29it/s]INFO:__main__:Requesting https://webassembly.org/docs/js/
INFO:__main__:Getting metadata for https://webassembly.org/docs/js/
  8%|▊         | 16/191 [00:20<02:18,  1.27it/s]INFO:__main__:Requesting https://webassembly.org/docs/non-web/
INFO:__main__:Getting metadata for https://webassembly.org/docs/non-web/
  9%|▉         | 17/191 [00:20<01:54,  1.52it/s]INFO:__main__:Requesting https://hookrace.net/blog/linux-desktop-setup/
INFO:__main__:Getting metadata for https://hookrace.net/blog/linux-desktop-setup/
  9%|▉         | 18/191 [00:23<03:28,  1.20s/it]INFO:__main__:Requesting https://en.wikipedia.org/wiki/Desktop_metaphor
INFO:__main__:Getting metadata for https://en.wikipedia.org/wiki/Desktop_metaphor
 10%|▉         | 19/191 [00:24<03:16,  1.14s/it]INFO:__main__:Requesting https://gist.github.com/XVilka/8346728
INFO:__main__:Getting metadata for https://gist.github.com/XVilka/8346728
 10%|█         | 20/191 [00:29<06:44,  2.36s/it]INFO:__main__:Requesting https://github.com/adambyrtek/dotfiles
INFO:__main__:Getting metadata for https://github.com/adambyrtek/dotfiles
 11%|█         | 21/191 [00:30<05:29,  1.94s/it]INFO:__main__:Requesting https://hookrace.net/blog/cycling-to-work/
INFO:__main__:Getting metadata for https://hookrace.net/blog/cycling-to-work/
 12%|█▏        | 22/191 [00:32<05:49,  2.07s/it]INFO:__main__:Requesting https://hisham.hm/htop/
INFO:__main__:Getting metadata for https://hisham.hm/htop/
 12%|█▏        | 23/191 [00:34<05:31,  1.97s/it]INFO:__main__:Requesting https://www.youtube.com/channel/UC2eYFnH61tmytImy1mTYvhA
INFO:__main__:Getting metadata for https://www.youtube.com/channel/UC2eYFnH61tmytImy1mTYvhA
 13%|█▎        | 24/191 [00:37<06:06,  2.19s/it]INFO:__main__:Requesting https://www.bloombergquint.com/onweb/spain-tops-italy-as-world-s-healthiest-nation-while-u-s-slips
INFO:__main__:Getting metadata for https://www.bloombergquint.com/onweb/spain-tops-italy-as-world-s-healthiest-nation-while-u-s-slips
 13%|█▎        | 25/191 [00:37<04:36,  1.67s/it]INFO:__main__:Requesting http://www.mscbs.gob.es/en/estadEstudios/estadisticas/inforRecopilaciones/gastoSanitario2005/home.htm
INFO:__main__:Getting metadata for http://www.mscbs.gob.es/en/estadEstudios/estadisticas/inforRecopilaciones/gastoSanitario2005/home.htm
 14%|█▎        | 26/191 [00:41<05:59,  2.18s/it]INFO:__main__:Requesting https://en.wikipedia.org/wiki/List_of_countries_by_cigarette_consumption_per_capita
INFO:__main__:Getting metadata for https://en.wikipedia.org/wiki/List_of_countries_by_cigarette_consumption_per_capita
 14%|█▍        | 27/191 [00:42<05:35,  2.05s/it]INFO:__main__:Requesting https://blog.the-pans.com/amazon-aurora/
INFO:__main__:Getting metadata for https://blog.the-pans.com/amazon-aurora/
 15%|█▍        | 28/191 [00:43<04:30,  1.66s/it]INFO:__main__:Requesting https://www.cockroachlabs.com/docs/stable/architecture/overview.html#layers
INFO:__main__:Getting metadata for https://www.cockroachlabs.com/docs/stable/architecture/overview.html#layers
 15%|█▌        | 29/191 [00:45<04:40,  1.73s/it]INFO:__main__:Requesting https://www.pingcap.com/docs/architecture/
INFO:__main__:Getting metadata for https://www.pingcap.com/docs/architecture/
 16%|█▌        | 30/191 [00:46<04:04,  1.52s/it]INFO:__main__:Requesting https://docs.datomic.com/on-prem/storage.html#storage-services
INFO:__main__:Getting metadata for https://docs.datomic.com/on-prem/storage.html#storage-services
 16%|█▌        | 31/191 [00:47<03:35,  1.34s/it]INFO:__main__:Requesting https://aws.amazon.com/blogs/database/amazon-rds-under-the-hood-multi-az/
INFO:__main__:Getting metadata for https://aws.amazon.com/blogs/database/amazon-rds-under-the-hood-multi-az/
 17%|█▋        | 32/191 [00:47<02:46,  1.05s/it]INFO:__main__:Requesting https://entomologytoday.org/2019/02/21/inside-look-how-varroa-mite-diet-discovered/
ERROR:__main__:Could not reach https://entomologytoday.org/2019/02/21/inside-look-how-varroa-mite-diet-discovered/
Traceback (most recent call last):
  File "/home/travis/virtualenv/python3.6.3/lib/python3.6/site-packages/urllib3/connectionpool.py", line 600, in urlopen
    chunked=chunked)
  File "/home/travis/virtualenv/python3.6.3/lib/python3.6/site-packages/urllib3/connectionpool.py", line 384, in _make_request
    six.raise_from(e, None)
  File "<string>", line 2, in raise_from
  File "/home/travis/virtualenv/python3.6.3/lib/python3.6/site-packages/urllib3/connectionpool.py", line 380, in _make_request
    httplib_response = conn.getresponse()
  File "/opt/python/3.6.3/lib/python3.6/http/client.py", line 1331, in getresponse
    response.begin()
  File "/opt/python/3.6.3/lib/python3.6/http/client.py", line 297, in begin
    version, status, reason = self._read_status()
  File "/opt/python/3.6.3/lib/python3.6/http/client.py", line 266, in _read_status
    raise RemoteDisconnected("Remote end closed connection without"
http.client.RemoteDisconnected: Remote end closed connection without response

During handling of the above exception, another exception occurred:

Traceback (most recent call last):
  File "/home/travis/virtualenv/python3.6.3/lib/python3.6/site-packages/requests/adapters.py", line 449, in send
    timeout=timeout
  File "/home/travis/virtualenv/python3.6.3/lib/python3.6/site-packages/urllib3/connectionpool.py", line 638, in urlopen
    _stacktrace=sys.exc_info()[2])
  File "/home/travis/virtualenv/python3.6.3/lib/python3.6/site-packages/urllib3/util/retry.py", line 367, in increment
    raise six.reraise(type(error), error, _stacktrace)
  File "/home/travis/virtualenv/python3.6.3/lib/python3.6/site-packages/urllib3/packages/six.py", line 685, in reraise
    raise value.with_traceback(tb)
  File "/home/travis/virtualenv/python3.6.3/lib/python3.6/site-packages/urllib3/connectionpool.py", line 600, in urlopen
    chunked=chunked)
  File "/home/travis/virtualenv/python3.6.3/lib/python3.6/site-packages/urllib3/connectionpool.py", line 384, in _make_request
    six.raise_from(e, None)
  File "<string>", line 2, in raise_from
  File "/home/travis/virtualenv/python3.6.3/lib/python3.6/site-packages/urllib3/connectionpool.py", line 380, in _make_request
    httplib_response = conn.getresponse()
  File "/opt/python/3.6.3/lib/python3.6/http/client.py", line 1331, in getresponse
    response.begin()
  File "/opt/python/3.6.3/lib/python3.6/http/client.py", line 297, in begin
    version, status, reason = self._read_status()
  File "/opt/python/3.6.3/lib/python3.6/http/client.py", line 266, in _read_status
    raise RemoteDisconnected("Remote end closed connection without"
urllib3.exceptions.ProtocolError: ('Connection aborted.', RemoteDisconnected('Remote end closed connection without response',))

During handling of the above exception, another exception occurred:

Traceback (most recent call last):
  File "../_scripts/crawler/crawler.py", line 209, in metafy_url
    response = requests.get(url, timeout=6, headers={'User-Agent': 'Mozilla/5.0'})
  File "/home/travis/virtualenv/python3.6.3/lib/python3.6/site-packages/requests/api.py", line 75, in get
    return request('get', url, params=params, **kwargs)
  File "/home/travis/virtualenv/python3.6.3/lib/python3.6/site-packages/requests/api.py", line 60, in request
    return session.request(method=method, url=url, **kwargs)
  File "/home/travis/virtualenv/python3.6.3/lib/python3.6/site-packages/requests/sessions.py", line 533, in request
    resp = self.send(prep, **send_kwargs)
  File "/home/travis/virtualenv/python3.6.3/lib/python3.6/site-packages/requests/sessions.py", line 646, in send
    r = adapter.send(request, **kwargs)
  File "/home/travis/virtualenv/python3.6.3/lib/python3.6/site-packages/requests/adapters.py", line 498, in send
    raise ConnectionError(err, request=request)
requests.exceptions.ConnectionError: ('Connection aborted.', RemoteDisconnected('Remote end closed connection without response',))
 17%|█▋        | 33/191 [00:48<02:03,  1.28it/s]INFO:__main__:Requesting http://scientificbeekeeping.com
INFO:__main__:Getting metadata for http://scientificbeekeeping.com
 18%|█▊        | 34/191 [00:53<05:50,  2.23s/it]INFO:__main__:Requesting https://www.nzbees.net/forums/topic/10061-oxalic-and-glycerine/?page=103
INFO:__main__:Getting metadata for https://www.nzbees.net/forums/topic/10061-oxalic-and-glycerine/?page=103
 18%|█▊        | 35/191 [00:56<05:56,  2.29s/it]INFO:__main__:Requesting https://crazyoscarchang.github.io/2019/02/16/seven-myths-in-machine-learning-research/
INFO:__main__:Getting metadata for https://crazyoscarchang.github.io/2019/02/16/seven-myths-in-machine-learning-research/
 19%|█▉        | 36/191 [00:56<04:26,  1.72s/it]INFO:__main__:Requesting https://blog.evjang.com/2019/02/bagnet.html
INFO:__main__:Getting metadata for https://blog.evjang.com/2019/02/bagnet.html
 19%|█▉        | 37/191 [00:56<03:26,  1.34s/it]INFO:__main__:Requesting https://www.technologyreview.com/s/538111/why-and-how-baidu-cheated-an-artificial-intelligence-test/
INFO:__main__:Getting metadata for https://www.technologyreview.com/s/538111/why-and-how-baidu-cheated-an-artificial-intelligence-test/
 20%|█▉        | 38/191 [00:57<02:52,  1.12s/it]INFO:__main__:Requesting http://hunch.net/?p=22
INFO:__main__:Getting metadata for http://hunch.net/?p=22
 20%|██        | 39/191 [01:03<06:15,  2.47s/it]INFO:__main__:Requesting https://www.theguardian.com/technology/2013/aug/07/google-chrome-password-security-flaw
INFO:__main__:Getting metadata for https://www.theguardian.com/technology/2013/aug/07/google-chrome-password-security-flaw
 21%|██        | 40/191 [01:03<04:46,  1.90s/it]INFO:__main__:Requesting https://theoreticalminimum.com/courses/general-relativity/2012/fall
INFO:__main__:Getting metadata for https://theoreticalminimum.com/courses/general-relativity/2012/fall
 21%|██▏       | 41/191 [01:04<03:41,  1.48s/it]INFO:__main__:Requesting https://arxiv.org/pdf/1711.02114.pdf);
INFO:__main__:Getting metadata for https://arxiv.org/pdf/1711.02114.pdf)
 22%|██▏       | 42/191 [01:32<23:19,  9.39s/it]INFO:__main__:Requesting https://math.stackexchange.com/questions/412423/what-are-the-differences-between-a-matrix-and-a-tensor
INFO:__main__:Getting metadata for https://math.stackexchange.com/questions/412423/what-are-the-differences-between-a-matrix-and-a-tensor
 23%|██▎       | 43/191 [01:32<16:40,  6.76s/it]INFO:__main__:Requesting https://github.com/Mckinsey666/bullet
INFO:__main__:Getting metadata for https://github.com/Mckinsey666/bullet
 23%|██▎       | 44/191 [01:33<12:10,  4.97s/it]INFO:__main__:Requesting http://www.unixcl.com/2009/12/linux-dialog-utility-short-tutorial.html
INFO:__main__:Getting metadata for http://www.unixcl.com/2009/12/linux-dialog-utility-short-tutorial.html
 24%|██▎       | 45/191 [01:34<09:19,  3.83s/it]INFO:__main__:Requesting http://pythondialog.sourceforge.net/doc/
INFO:__main__:Getting metadata for http://pythondialog.sourceforge.net/doc/
 24%|██▍       | 46/191 [01:35<07:04,  2.93s/it]INFO:__main__:Requesting https://github.com/mitsuhiko/dialoguer
INFO:__main__:Getting metadata for https://github.com/mitsuhiko/dialoguer
 25%|██▍       | 47/191 [01:36<05:24,  2.25s/it]INFO:__main__:Requesting https://twitter.com/rajasimon/status/902894641770618880
INFO:__main__:Getting metadata for https://twitter.com/rajasimon/status/902894641770618880
 25%|██▌       | 48/191 [01:36<04:16,  1.79s/it]INFO:__main__:Requesting https://pypi.org/project/Gooey/
INFO:__main__:Getting metadata for https://pypi.org/project/Gooey/
 26%|██▌       | 49/191 [01:37<03:05,  1.31s/it]INFO:__main__:Requesting https://python-prompt-toolkit.readthedocs.io/en/stable
INFO:__main__:Getting metadata for https://python-prompt-toolkit.readthedocs.io/en/stable/
 26%|██▌       | 50/191 [01:38<03:02,  1.29s/it]INFO:__main__:Requesting https://github.com/larsyencken/questioner/
INFO:__main__:Getting metadata for https://github.com/larsyencken/questioner/
 27%|██▋       | 51/191 [01:39<02:42,  1.16s/it]INFO:__main__:Requesting https://googleblog.blogspot.com/2005/12/about-aol-announcement.html
INFO:__main__:Getting metadata for https://googleblog.blogspot.com/2005/12/about-aol-announcement.html
 27%|██▋       | 52/191 [01:39<02:03,  1.12it/s]INFO:__main__:Requesting https://mashable.com/2012/08/28/google-homepage-ad
INFO:__main__:Getting metadata for https://mashable.com/2012/08/28/google-homepage-ad/
 28%|██▊       | 53/191 [01:40<01:49,  1.26it/s]INFO:__main__:Requesting https://www.theguardian.com/technology/2013/oct/24/google-breaks-promise-banner-ads-search-results
INFO:__main__:Getting metadata for https://www.theguardian.com/technology/2013/oct/24/google-breaks-promise-banner-ads-search-results
 28%|██▊       | 54/191 [01:40<01:41,  1.35it/s]INFO:__main__:Requesting http://googlepress.blogspot.com/2005/12/time-warners-aol-and-google-to-expand_20.html
INFO:__main__:Getting metadata for http://googlepress.blogspot.com/2005/12/time-warners-aol-and-google-to-expand_20.html
 29%|██▉       | 55/191 [01:41<01:26,  1.58it/s]INFO:__main__:Requesting https://twitter.com/glenngabe/status/1098939747018461184
INFO:__main__:Getting metadata for https://twitter.com/glenngabe/status/1098939747018461184
 29%|██▉       | 56/191 [01:41<01:29,  1.50it/s]INFO:__main__:Requesting https://srconstantin.wordpress.com/2019/02/25/humans-who-are-not-concentrating-are-not-general-intelligences/
ERROR:__main__:Could not reach https://srconstantin.wordpress.com/2019/02/25/humans-who-are-not-concentrating-are-not-general-intelligences/
Traceback (most recent call last):
  File "/home/travis/virtualenv/python3.6.3/lib/python3.6/site-packages/urllib3/connectionpool.py", line 600, in urlopen
    chunked=chunked)
  File "/home/travis/virtualenv/python3.6.3/lib/python3.6/site-packages/urllib3/connectionpool.py", line 384, in _make_request
    six.raise_from(e, None)
  File "<string>", line 2, in raise_from
  File "/home/travis/virtualenv/python3.6.3/lib/python3.6/site-packages/urllib3/connectionpool.py", line 380, in _make_request
    httplib_response = conn.getresponse()
  File "/opt/python/3.6.3/lib/python3.6/http/client.py", line 1331, in getresponse
    response.begin()
  File "/opt/python/3.6.3/lib/python3.6/http/client.py", line 297, in begin
    version, status, reason = self._read_status()
  File "/opt/python/3.6.3/lib/python3.6/http/client.py", line 266, in _read_status
    raise RemoteDisconnected("Remote end closed connection without"
http.client.RemoteDisconnected: Remote end closed connection without response

During handling of the above exception, another exception occurred:

Traceback (most recent call last):
  File "/home/travis/virtualenv/python3.6.3/lib/python3.6/site-packages/requests/adapters.py", line 449, in send
    timeout=timeout
  File "/home/travis/virtualenv/python3.6.3/lib/python3.6/site-packages/urllib3/connectionpool.py", line 638, in urlopen
    _stacktrace=sys.exc_info()[2])
  File "/home/travis/virtualenv/python3.6.3/lib/python3.6/site-packages/urllib3/util/retry.py", line 367, in increment
    raise six.reraise(type(error), error, _stacktrace)
  File "/home/travis/virtualenv/python3.6.3/lib/python3.6/site-packages/urllib3/packages/six.py", line 685, in reraise
    raise value.with_traceback(tb)
  File "/home/travis/virtualenv/python3.6.3/lib/python3.6/site-packages/urllib3/connectionpool.py", line 600, in urlopen
    chunked=chunked)
  File "/home/travis/virtualenv/python3.6.3/lib/python3.6/site-packages/urllib3/connectionpool.py", line 384, in _make_request
    six.raise_from(e, None)
  File "<string>", line 2, in raise_from
  File "/home/travis/virtualenv/python3.6.3/lib/python3.6/site-packages/urllib3/connectionpool.py", line 380, in _make_request
    httplib_response = conn.getresponse()
  File "/opt/python/3.6.3/lib/python3.6/http/client.py", line 1331, in getresponse
    response.begin()
  File "/opt/python/3.6.3/lib/python3.6/http/client.py", line 297, in begin
    version, status, reason = self._read_status()
  File "/opt/python/3.6.3/lib/python3.6/http/client.py", line 266, in _read_status
    raise RemoteDisconnected("Remote end closed connection without"
urllib3.exceptions.ProtocolError: ('Connection aborted.', RemoteDisconnected('Remote end closed connection without response',))

During handling of the above exception, another exception occurred:

Traceback (most recent call last):
  File "../_scripts/crawler/crawler.py", line 209, in metafy_url
    response = requests.get(url, timeout=6, headers={'User-Agent': 'Mozilla/5.0'})
  File "/home/travis/virtualenv/python3.6.3/lib/python3.6/site-packages/requests/api.py", line 75, in get
    return request('get', url, params=params, **kwargs)
  File "/home/travis/virtualenv/python3.6.3/lib/python3.6/site-packages/requests/api.py", line 60, in request
    return session.request(method=method, url=url, **kwargs)
  File "/home/travis/virtualenv/python3.6.3/lib/python3.6/site-packages/requests/sessions.py", line 533, in request
    resp = self.send(prep, **send_kwargs)
  File "/home/travis/virtualenv/python3.6.3/lib/python3.6/site-packages/requests/sessions.py", line 646, in send
    r = adapter.send(request, **kwargs)
  File "/home/travis/virtualenv/python3.6.3/lib/python3.6/site-packages/requests/adapters.py", line 498, in send
    raise ConnectionError(err, request=request)
requests.exceptions.ConnectionError: ('Connection aborted.', RemoteDisconnected('Remote end closed connection without response',))
 30%|██▉       | 57/191 [01:41<01:07,  1.98it/s]INFO:__main__:Requesting https://en.wikipedia.org/wiki/Cottingley_Fairies
INFO:__main__:Getting metadata for https://en.wikipedia.org/wiki/Cottingley_Fairies
 30%|███       | 58/191 [01:43<01:43,  1.29it/s]INFO:__main__:Requesting https://www.theregister.co.uk/2019/02/25/ai_roundup/
INFO:__main__:Getting metadata for https://www.theregister.co.uk/2019/02/25/ai_roundup/
 31%|███       | 59/191 [01:43<01:33,  1.42it/s]INFO:__main__:Requesting https://en.wikipedia.org/wiki/Turing_test#Na%C3%AFvet%C3%A9_of_interrogators_and_the_anthropomorphic_fallacy
INFO:__main__:Getting metadata for https://en.wikipedia.org/wiki/Turing_test#Na%C3%AFvet%C3%A9_of_interrogators_and_the_anthropomorphic_fallacy
 31%|███▏      | 60/191 [01:46<02:54,  1.33s/it]INFO:__main__:Requesting https://slatestarcodex.com/2019/02/19/gpt-2-as-step-toward-general-intelligence/
INFO:__main__:Getting metadata for https://slatestarcodex.com/2019/02/19/gpt-2-as-step-toward-general-intelligence/
 32%|███▏      | 61/191 [01:47<02:41,  1.24s/it]INFO:__main__:Requesting https://slatestarcodex.com/2017/09/05/book-review-surfing-uncertainty/
INFO:__main__:Getting metadata for https://slatestarcodex.com/2017/09/05/book-review-surfing-uncertainty/
 32%|███▏      | 62/191 [01:49<03:03,  1.43s/it]INFO:__main__:Requesting https://en.wikipedia.org/wiki/Pascal's_Wager
INFO:__main__:Getting metadata for https://en.wikipedia.org/wiki/Pascal's_Wager
 33%|███▎      | 63/191 [01:51<03:39,  1.71s/it]INFO:__main__:Requesting https://www.youtube.com/watch?v=B91tozyQs9M
INFO:__main__:Getting metadata for https://www.youtube.com/watch?v=B91tozyQs9M
 34%|███▎      | 64/191 [01:52<03:10,  1.50s/it]INFO:__main__:Requesting https://en.wikipedia.org/wiki/Fisherian_runaway
INFO:__main__:Getting metadata for https://en.wikipedia.org/wiki/Fisherian_runaway
 34%|███▍      | 65/191 [01:54<02:58,  1.42s/it]INFO:__main__:Requesting https://en.wikipedia.org/wiki/Mafia_%28party_game%29
INFO:__main__:Getting metadata for https://en.wikipedia.org/wiki/Mafia_%28party_game%29
 35%|███▍      | 66/191 [01:55<03:05,  1.48s/it]INFO:__main__:Requesting https://en.m.wikipedia.org/wiki/Thinking,_Fast_and_Slow
INFO:__main__:Getting metadata for https://en.m.wikipedia.org/wiki/Thinking,_Fast_and_Slow
 35%|███▌      | 67/191 [01:56<02:44,  1.33s/it]INFO:__main__:Requesting https://www.goodreads.com/book/show/35887237-reader-come-home
INFO:__main__:Getting metadata for https://www.goodreads.com/book/show/35887237-reader-come-home
 36%|███▌      | 68/191 [01:59<03:37,  1.77s/it]INFO:__main__:Requesting https://slatestarcodex.com/2019/02/25/wage-stagnation-much-more-than-you-wanted-to-know/
INFO:__main__:Getting metadata for https://slatestarcodex.com/2019/02/25/wage-stagnation-much-more-than-you-wanted-to-know/
 36%|███▌      | 69/191 [02:00<02:49,  1.39s/it]INFO:__main__:Requesting https://hackaday.com/2019/02/25/a-raspberry-pi-grimoire-for-the-command-line-wizard/
ERROR:__main__:Could not reach https://hackaday.com/2019/02/25/a-raspberry-pi-grimoire-for-the-command-line-wizard/
Traceback (most recent call last):
  File "/home/travis/virtualenv/python3.6.3/lib/python3.6/site-packages/urllib3/connectionpool.py", line 600, in urlopen
    chunked=chunked)
  File "/home/travis/virtualenv/python3.6.3/lib/python3.6/site-packages/urllib3/connectionpool.py", line 384, in _make_request
    six.raise_from(e, None)
  File "<string>", line 2, in raise_from
  File "/home/travis/virtualenv/python3.6.3/lib/python3.6/site-packages/urllib3/connectionpool.py", line 380, in _make_request
    httplib_response = conn.getresponse()
  File "/opt/python/3.6.3/lib/python3.6/http/client.py", line 1331, in getresponse
    response.begin()
  File "/opt/python/3.6.3/lib/python3.6/http/client.py", line 297, in begin
    version, status, reason = self._read_status()
  File "/opt/python/3.6.3/lib/python3.6/http/client.py", line 266, in _read_status
    raise RemoteDisconnected("Remote end closed connection without"
http.client.RemoteDisconnected: Remote end closed connection without response

During handling of the above exception, another exception occurred:

Traceback (most recent call last):
  File "/home/travis/virtualenv/python3.6.3/lib/python3.6/site-packages/requests/adapters.py", line 449, in send
    timeout=timeout
  File "/home/travis/virtualenv/python3.6.3/lib/python3.6/site-packages/urllib3/connectionpool.py", line 638, in urlopen
    _stacktrace=sys.exc_info()[2])
  File "/home/travis/virtualenv/python3.6.3/lib/python3.6/site-packages/urllib3/util/retry.py", line 367, in increment
    raise six.reraise(type(error), error, _stacktrace)
  File "/home/travis/virtualenv/python3.6.3/lib/python3.6/site-packages/urllib3/packages/six.py", line 685, in reraise
    raise value.with_traceback(tb)
  File "/home/travis/virtualenv/python3.6.3/lib/python3.6/site-packages/urllib3/connectionpool.py", line 600, in urlopen
    chunked=chunked)
  File "/home/travis/virtualenv/python3.6.3/lib/python3.6/site-packages/urllib3/connectionpool.py", line 384, in _make_request
    six.raise_from(e, None)
  File "<string>", line 2, in raise_from
  File "/home/travis/virtualenv/python3.6.3/lib/python3.6/site-packages/urllib3/connectionpool.py", line 380, in _make_request
    httplib_response = conn.getresponse()
  File "/opt/python/3.6.3/lib/python3.6/http/client.py", line 1331, in getresponse
    response.begin()
  File "/opt/python/3.6.3/lib/python3.6/http/client.py", line 297, in begin
    version, status, reason = self._read_status()
  File "/opt/python/3.6.3/lib/python3.6/http/client.py", line 266, in _read_status
    raise RemoteDisconnected("Remote end closed connection without"
urllib3.exceptions.ProtocolError: ('Connection aborted.', RemoteDisconnected('Remote end closed connection without response',))

During handling of the above exception, another exception occurred:

Traceback (most recent call last):
  File "../_scripts/crawler/crawler.py", line 209, in metafy_url
    response = requests.get(url, timeout=6, headers={'User-Agent': 'Mozilla/5.0'})
  File "/home/travis/virtualenv/python3.6.3/lib/python3.6/site-packages/requests/api.py", line 75, in get
    return request('get', url, params=params, **kwargs)
  File "/home/travis/virtualenv/python3.6.3/lib/python3.6/site-packages/requests/api.py", line 60, in request
    return session.request(method=method, url=url, **kwargs)
  File "/home/travis/virtualenv/python3.6.3/lib/python3.6/site-packages/requests/sessions.py", line 533, in request
    resp = self.send(prep, **send_kwargs)
  File "/home/travis/virtualenv/python3.6.3/lib/python3.6/site-packages/requests/sessions.py", line 646, in send
    r = adapter.send(request, **kwargs)
  File "/home/travis/virtualenv/python3.6.3/lib/python3.6/site-packages/requests/adapters.py", line 498, in send
    raise ConnectionError(err, request=request)
requests.exceptions.ConnectionError: ('Connection aborted.', RemoteDisconnected('Remote end closed connection without response',))
 37%|███▋      | 70/191 [02:00<02:02,  1.01s/it]INFO:__main__:Requesting http://wiki.c2.com/?HistoryOfIterative
INFO:__main__:Getting metadata for http://wiki.c2.com/?HistoryOfIterative
 37%|███▋      | 71/191 [02:00<01:33,  1.29it/s]INFO:__main__:Requesting https://web.archive.org/web/20190225144916/http://wiki.c2.com/?HistoryOfIterative
INFO:__main__:Getting metadata for https://web.archive.org/web/20190225144916/http://wiki.c2.com/?HistoryOfIterative
 38%|███▊      | 72/191 [02:02<02:08,  1.08s/it]INFO:__main__:Requesting https://www.reuters.com/article/us-space-spacex-boeing/nasa-clears-spacex-test-flight-to-space-station-idUSKCN1QB2OT
INFO:__main__:Getting metadata for https://www.reuters.com/article/us-space-spacex-boeing/nasa-clears-spacex-test-flight-to-space-station-idUSKCN1QB2OT
 38%|███▊      | 73/191 [02:02<01:40,  1.17it/s]INFO:__main__:Requesting https://www.nasaspaceflight.com/2019/02/spacex-gains-frr-green-light-dm-1-iss/
INFO:__main__:Getting metadata for https://www.nasaspaceflight.com/2019/02/spacex-gains-frr-green-light-dm-1-iss/
 39%|███▊      | 74/191 [02:03<01:38,  1.19it/s]INFO:__main__:Requesting http://mentalfloss.com/article/94569/clair-patterson-scientist-who-determined-age-earth-and-then-saved-it
INFO:__main__:Getting metadata for http://mentalfloss.com/article/94569/clair-patterson-scientist-who-determined-age-earth-and-then-saved-it
 39%|███▉      | 75/191 [02:03<01:29,  1.29it/s]INFO:__main__:Requesting https://en.wikipedia.org/wiki/Thomas_Midgley_Jr
INFO:__main__:Getting metadata for https://en.wikipedia.org/wiki/Thomas_Midgley_Jr
 40%|███▉      | 76/191 [02:05<01:42,  1.12it/s]INFO:__main__:Requesting https://www.scientificamerican.com/article/lead-in-aviation-fuel/
INFO:__main__:Getting metadata for https://www.scientificamerican.com/article/lead-in-aviation-fuel/
 40%|████      | 77/191 [02:05<01:33,  1.22it/s]INFO:__main__:Requesting http://booksdl.org/scimag/get.php?doi=10.1016%2F0016-7037%2856%2990036-9
ERROR:__main__:Could not reach http://booksdl.org/scimag/get.php?doi=10.1016%2F0016-7037%2856%2990036-9
Traceback (most recent call last):
  File "/home/travis/virtualenv/python3.6.3/lib/python3.6/site-packages/urllib3/connectionpool.py", line 384, in _make_request
    six.raise_from(e, None)
  File "<string>", line 2, in raise_from
  File "/home/travis/virtualenv/python3.6.3/lib/python3.6/site-packages/urllib3/connectionpool.py", line 380, in _make_request
    httplib_response = conn.getresponse()
  File "/opt/python/3.6.3/lib/python3.6/http/client.py", line 1331, in getresponse
    response.begin()
  File "/opt/python/3.6.3/lib/python3.6/http/client.py", line 297, in begin
    version, status, reason = self._read_status()
  File "/opt/python/3.6.3/lib/python3.6/http/client.py", line 258, in _read_status
    line = str(self.fp.readline(_MAXLINE + 1), "iso-8859-1")
  File "/opt/python/3.6.3/lib/python3.6/socket.py", line 586, in readinto
    return self._sock.recv_into(b)
socket.timeout: timed out

During handling of the above exception, another exception occurred:

Traceback (most recent call last):
  File "/home/travis/virtualenv/python3.6.3/lib/python3.6/site-packages/requests/adapters.py", line 449, in send
    timeout=timeout
  File "/home/travis/virtualenv/python3.6.3/lib/python3.6/site-packages/urllib3/connectionpool.py", line 638, in urlopen
    _stacktrace=sys.exc_info()[2])
  File "/home/travis/virtualenv/python3.6.3/lib/python3.6/site-packages/urllib3/util/retry.py", line 367, in increment
    raise six.reraise(type(error), error, _stacktrace)
  File "/home/travis/virtualenv/python3.6.3/lib/python3.6/site-packages/urllib3/packages/six.py", line 686, in reraise
    raise value
  File "/home/travis/virtualenv/python3.6.3/lib/python3.6/site-packages/urllib3/connectionpool.py", line 600, in urlopen
    chunked=chunked)
  File "/home/travis/virtualenv/python3.6.3/lib/python3.6/site-packages/urllib3/connectionpool.py", line 386, in _make_request
    self._raise_timeout(err=e, url=url, timeout_value=read_timeout)
  File "/home/travis/virtualenv/python3.6.3/lib/python3.6/site-packages/urllib3/connectionpool.py", line 306, in _raise_timeout
    raise ReadTimeoutError(self, url, "Read timed out. (read timeout=%s)" % timeout_value)
urllib3.exceptions.ReadTimeoutError: HTTPConnectionPool(host='booksdescr.org', port=80): Read timed out. (read timeout=6)

During handling of the above exception, another exception occurred:

Traceback (most recent call last):
  File "../_scripts/crawler/crawler.py", line 209, in metafy_url
    response = requests.get(url, timeout=6, headers={'User-Agent': 'Mozilla/5.0'})
  File "/home/travis/virtualenv/python3.6.3/lib/python3.6/site-packages/requests/api.py", line 75, in get
    return request('get', url, params=params, **kwargs)
  File "/home/travis/virtualenv/python3.6.3/lib/python3.6/site-packages/requests/api.py", line 60, in request
    return session.request(method=method, url=url, **kwargs)
  File "/home/travis/virtualenv/python3.6.3/lib/python3.6/site-packages/requests/sessions.py", line 533, in request
    resp = self.send(prep, **send_kwargs)
  File "/home/travis/virtualenv/python3.6.3/lib/python3.6/site-packages/requests/sessions.py", line 668, in send
    history = [resp for resp in gen] if allow_redirects else []
  File "/home/travis/virtualenv/python3.6.3/lib/python3.6/site-packages/requests/sessions.py", line 668, in <listcomp>
    history = [resp for resp in gen] if allow_redirects else []
  File "/home/travis/virtualenv/python3.6.3/lib/python3.6/site-packages/requests/sessions.py", line 247, in resolve_redirects
    **adapter_kwargs
  File "/home/travis/virtualenv/python3.6.3/lib/python3.6/site-packages/requests/sessions.py", line 646, in send
    r = adapter.send(request, **kwargs)
  File "/home/travis/virtualenv/python3.6.3/lib/python3.6/site-packages/requests/adapters.py", line 529, in send
    raise ReadTimeout(e, request=request)
requests.exceptions.ReadTimeout: HTTPConnectionPool(host='booksdescr.org', port=80): Read timed out. (read timeout=6)
 41%|████      | 78/191 [02:12<05:00,  2.66s/it]INFO:__main__:Requesting https://en.wikipedia.org/wiki/Metallothionein
INFO:__main__:Getting metadata for https://en.wikipedia.org/wiki/Metallothionein
 41%|████▏     | 79/191 [02:13<04:07,  2.21s/it]INFO:__main__:Requesting https://www.taiwannews.com.tw/en/news/3644433
INFO:__main__:Getting metadata for https://www.taiwannews.com.tw/en/news/3644433
 42%|████▏     | 80/191 [02:15<03:52,  2.09s/it]INFO:__main__:Requesting https://www.bbc.com/news/science-environment-47311186
INFO:__main__:Getting metadata for https://www.bbc.com/news/science-environment-47311186
 42%|████▏     | 81/191 [02:16<02:52,  1.57s/it]INFO:__main__:Requesting https://mashable.com/article/fernandina-giant-tortoise-galapagos-extinct-discovery
INFO:__main__:Getting metadata for https://mashable.com/article/fernandina-giant-tortoise-galapagos-extinct-discovery/
 43%|████▎     | 82/191 [02:16<02:18,  1.27s/it]INFO:__main__:Requesting https://www.newyorker.com/magazine/2018/07/02/the-obsessive-search-for-the-tasmanian-tiger
INFO:__main__:Getting metadata for https://www.newyorker.com/magazine/2018/07/02/the-obsessive-search-for-the-tasmanian-tiger
 43%|████▎     | 83/191 [02:18<02:42,  1.51s/it]INFO:__main__:Requesting https://www.upi.com/Science_News/2019/02/21/Worlds-biggest-bee-thought-extinct-rediscovered-in-Indonesia/6641550765035/
INFO:__main__:Getting metadata for https://www.upi.com/Science_News/2019/02/21/Worlds-biggest-bee-thought-extinct-rediscovered-in-Indonesia/6641550765035/
 44%|████▍     | 84/191 [02:19<02:05,  1.17s/it]INFO:__main__:Requesting https://abcnews.go.com/US/video/tortoise-thought-extinct-discovered-galapagos-islands-61215358
INFO:__main__:Getting metadata for https://abcnews.go.com/US/video/tortoise-thought-extinct-discovered-galapagos-islands-61215358
 45%|████▍     | 85/191 [02:19<01:48,  1.02s/it]INFO:__main__:Requesting https://www.youtube.com/watch?v=OT0ZIq-yWEM
INFO:__main__:Getting metadata for https://www.youtube.com/watch?v=OT0ZIq-yWEM
 45%|████▌     | 86/191 [02:20<01:42,  1.02it/s]INFO:__main__:Requesting https://www.animalplanet.com/tv-shows/extinct-or-alive/
INFO:__main__:Getting metadata for https://www.animalplanet.com/tv-shows/extinct-or-alive/
 46%|████▌     | 87/191 [02:21<01:36,  1.08it/s]INFO:__main__:Requesting https://analytics-bypassing-adblockers.netlify.com/
INFO:__main__:Getting metadata for https://analytics-bypassing-adblockers.netlify.com
 46%|████▌     | 88/191 [02:21<01:15,  1.36it/s]INFO:__main__:Requesting https://vip.wordpress.com/plugins/yavli/
ERROR:__main__:Could not reach https://vip.wordpress.com/plugins/yavli/
Traceback (most recent call last):
  File "/home/travis/virtualenv/python3.6.3/lib/python3.6/site-packages/urllib3/connectionpool.py", line 600, in urlopen
    chunked=chunked)
  File "/home/travis/virtualenv/python3.6.3/lib/python3.6/site-packages/urllib3/connectionpool.py", line 384, in _make_request
    six.raise_from(e, None)
  File "<string>", line 2, in raise_from
  File "/home/travis/virtualenv/python3.6.3/lib/python3.6/site-packages/urllib3/connectionpool.py", line 380, in _make_request
    httplib_response = conn.getresponse()
  File "/opt/python/3.6.3/lib/python3.6/http/client.py", line 1331, in getresponse
    response.begin()
  File "/opt/python/3.6.3/lib/python3.6/http/client.py", line 297, in begin
    version, status, reason = self._read_status()
  File "/opt/python/3.6.3/lib/python3.6/http/client.py", line 266, in _read_status
    raise RemoteDisconnected("Remote end closed connection without"
http.client.RemoteDisconnected: Remote end closed connection without response

During handling of the above exception, another exception occurred:

Traceback (most recent call last):
  File "/home/travis/virtualenv/python3.6.3/lib/python3.6/site-packages/requests/adapters.py", line 449, in send
    timeout=timeout
  File "/home/travis/virtualenv/python3.6.3/lib/python3.6/site-packages/urllib3/connectionpool.py", line 638, in urlopen
    _stacktrace=sys.exc_info()[2])
  File "/home/travis/virtualenv/python3.6.3/lib/python3.6/site-packages/urllib3/util/retry.py", line 367, in increment
    raise six.reraise(type(error), error, _stacktrace)
  File "/home/travis/virtualenv/python3.6.3/lib/python3.6/site-packages/urllib3/packages/six.py", line 685, in reraise
    raise value.with_traceback(tb)
  File "/home/travis/virtualenv/python3.6.3/lib/python3.6/site-packages/urllib3/connectionpool.py", line 600, in urlopen
    chunked=chunked)
  File "/home/travis/virtualenv/python3.6.3/lib/python3.6/site-packages/urllib3/connectionpool.py", line 384, in _make_request
    six.raise_from(e, None)
  File "<string>", line 2, in raise_from
  File "/home/travis/virtualenv/python3.6.3/lib/python3.6/site-packages/urllib3/connectionpool.py", line 380, in _make_request
    httplib_response = conn.getresponse()
  File "/opt/python/3.6.3/lib/python3.6/http/client.py", line 1331, in getresponse
    response.begin()
  File "/opt/python/3.6.3/lib/python3.6/http/client.py", line 297, in begin
    version, status, reason = self._read_status()
  File "/opt/python/3.6.3/lib/python3.6/http/client.py", line 266, in _read_status
    raise RemoteDisconnected("Remote end closed connection without"
urllib3.exceptions.ProtocolError: ('Connection aborted.', RemoteDisconnected('Remote end closed connection without response',))

During handling of the above exception, another exception occurred:

Traceback (most recent call last):
  File "../_scripts/crawler/crawler.py", line 209, in metafy_url
    response = requests.get(url, timeout=6, headers={'User-Agent': 'Mozilla/5.0'})
  File "/home/travis/virtualenv/python3.6.3/lib/python3.6/site-packages/requests/api.py", line 75, in get
    return request('get', url, params=params, **kwargs)
  File "/home/travis/virtualenv/python3.6.3/lib/python3.6/site-packages/requests/api.py", line 60, in request
    return session.request(method=method, url=url, **kwargs)
  File "/home/travis/virtualenv/python3.6.3/lib/python3.6/site-packages/requests/sessions.py", line 533, in request
    resp = self.send(prep, **send_kwargs)
  File "/home/travis/virtualenv/python3.6.3/lib/python3.6/site-packages/requests/sessions.py", line 646, in send
    r = adapter.send(request, **kwargs)
  File "/home/travis/virtualenv/python3.6.3/lib/python3.6/site-packages/requests/adapters.py", line 498, in send
    raise ConnectionError(err, request=request)
requests.exceptions.ConnectionError: ('Connection aborted.', RemoteDisconnected('Remote end closed connection without response',))
 47%|████▋     | 89/191 [02:21<00:56,  1.80it/s]INFO:__main__:Requesting https://easylist.to/2015/08/19/issues-with-yavli-advertising.html
INFO:__main__:Getting metadata for https://easylist.to/2015/08/19/issues-with-yavli-advertising.html
 47%|████▋     | 90/191 [02:22<00:54,  1.85it/s]INFO:__main__:Requesting https://ga-dev-tools.appspot.com/hit-builder/
INFO:__main__:Getting metadata for https://ga-dev-tools.appspot.com/hit-builder/
 48%|████▊     | 91/191 [02:22<00:44,  2.25it/s]INFO:__main__:Requesting https://www.google-analytics.com/r/collect
INFO:__main__:Getting metadata for https://www.google-analytics.com/r/collect
 48%|████▊     | 92/191 [02:22<00:34,  2.87it/s]INFO:__main__:Requesting https://analytics-bypassing-adblockers.netlify.com/proxy/https://www.google-analytics.com/r/collect?..
INFO:__main__:Getting metadata for https://analytics-bypassing-adblockers.netlify.com/proxy/https://www.google-analytics.com/r/collect?..
 49%|████▊     | 93/191 [02:23<00:46,  2.12it/s]INFO:__main__:Requesting https://support.google.com/analytics/answer/2700409
INFO:__main__:Getting metadata for https://support.google.com/analytics/answer/2700409
 49%|████▉     | 94/191 [02:24<00:58,  1.66it/s]INFO:__main__:Requesting https://rrregain.com
INFO:__main__:Getting metadata for https://rrregain.com
 50%|████▉     | 95/191 [02:24<00:55,  1.74it/s]INFO:__main__:Requesting https://github.com/easylist/easylist/pull/900
INFO:__main__:Getting metadata for https://github.com/easylist/easylist/pull/900
 50%|█████     | 96/191 [02:27<01:50,  1.17s/it]INFO:__main__:Requesting https://blog.golang.org/go1.12
INFO:__main__:Getting metadata for https://blog.golang.org/go1.12
 51%|█████     | 97/191 [02:27<01:23,  1.12it/s]INFO:__main__:Requesting https://github.com/mholt/caddy/pull/2399
INFO:__main__:Getting metadata for https://github.com/mholt/caddy/pull/2399
 51%|█████▏    | 98/191 [02:31<02:43,  1.76s/it]INFO:__main__:Requesting https://github.com/golang/go/issues/25807
INFO:__main__:Getting metadata for https://github.com/golang/go/issues/25807
 52%|█████▏    | 99/191 [02:33<02:38,  1.73s/it]INFO:__main__:Requesting https://tools.ietf.org/html/draft-krawczyk-cfrg-opaque-01#section-4
INFO:__main__:Getting metadata for https://tools.ietf.org/html/draft-krawczyk-cfrg-opaque-01#section-4
 52%|█████▏    | 100/191 [02:38<04:04,  2.69s/it]INFO:__main__:Requesting https://github.com/pions/dtls
INFO:__main__:Getting metadata for https://github.com/pions/dtls
 53%|█████▎    | 101/191 [02:39<03:21,  2.24s/it]INFO:__main__:Requesting https://blog.gopheracademy.com/advent-2016/exposing-go-on-the-internet/
INFO:__main__:Getting metadata for https://blog.gopheracademy.com/advent-2016/exposing-go-on-the-internet/
 53%|█████▎    | 102/191 [02:40<02:42,  1.82s/it]INFO:__main__:Requesting https://www.cloudflare.com/learning-resources/tls-1-3/
INFO:__main__:Getting metadata for https://www.cloudflare.com/learning-resources/tls-1-3/
 54%|█████▍    | 103/191 [02:40<02:02,  1.39s/it]INFO:__main__:Requesting https://en.wikipedia.org/wiki/Transport_Layer_Security
INFO:__main__:Getting metadata for https://en.wikipedia.org/wiki/Transport_Layer_Security
 54%|█████▍    | 104/191 [02:48<05:00,  3.45s/it]INFO:__main__:Requesting http://tim.dierks.org/2014/05/security-standards-and-name-changes-in.html
INFO:__main__:Getting metadata for http://tim.dierks.org/2014/05/security-standards-and-name-changes-in.html
 55%|█████▍    | 105/191 [02:48<03:33,  2.48s/it]INFO:__main__:Requesting https://github.com/golang/go/issues/26650
INFO:__main__:Getting metadata for https://github.com/golang/go/issues/26650
 55%|█████▌    | 106/191 [02:52<03:51,  2.72s/it]INFO:__main__:Requesting https://github.com/boyter/scc
INFO:__main__:Getting metadata for https://github.com/boyter/scc
 56%|█████▌    | 107/191 [02:53<03:01,  2.16s/it]INFO:__main__:Requesting https://golang.org/doc/go1.12#runtime
INFO:__main__:Getting metadata for https://golang.org/doc/go1.12#runtime
 57%|█████▋    | 108/191 [02:53<02:14,  1.62s/it]INFO:__main__:Requesting https://docs.python.org/3/whatsnew/3.6.html#whatsnew36-compactdict
INFO:__main__:Getting metadata for https://docs.python.org/3/whatsnew/3.6.html#whatsnew36-compactdict
 57%|█████▋    | 109/191 [02:55<02:23,  1.75s/it]INFO:__main__:Requesting https://docs.python.org/3/whatsnew/3.7.html
INFO:__main__:Getting metadata for https://docs.python.org/3/whatsnew/3.7.html
 58%|█████▊    | 110/191 [02:57<02:22,  1.76s/it]INFO:__main__:Requesting https://mail.python.org/pipermail/python-dev/2017-December/151283.html
INFO:__main__:Getting metadata for https://mail.python.org/pipermail/python-dev/2017-December/151283.html
 58%|█████▊    | 111/191 [02:59<02:30,  1.88s/it]INFO:__main__:Requesting https://NewReleases.io
INFO:__main__:Getting metadata for https://newreleases.io
 59%|█████▊    | 112/191 [02:59<01:55,  1.46s/it]INFO:__main__:Requesting https://github.com/travis-ci/gimme
INFO:__main__:Getting metadata for https://github.com/travis-ci/gimme
 59%|█████▉    | 113/191 [03:00<01:43,  1.33s/it]INFO:__main__:Requesting https://golang.org/doc/contribute.html
INFO:__main__:Getting metadata for https://golang.org/doc/contribute.html
 60%|█████▉    | 114/191 [03:01<01:20,  1.04s/it]INFO:__main__:Requesting https://github.com/golang/go/wiki/Mobile#building-and-deploying-to-ios
INFO:__main__:Getting metadata for https://github.com/golang/go/wiki/Mobile#building-and-deploying-to-ios
 60%|██████    | 115/191 [03:02<01:21,  1.07s/it]INFO:__main__:Requesting https://github.com/golang/go/issues/29934
INFO:__main__:Getting metadata for https://github.com/golang/go/issues/29934
 61%|██████    | 116/191 [03:06<02:18,  1.85s/it]INFO:__main__:Requesting https://news.ycombinator.com/newsguidelines.html
INFO:__main__:Getting metadata for https://news.ycombinator.com/newsguidelines.html
 61%|██████▏   | 117/191 [03:07<02:03,  1.67s/it]INFO:__main__:Requesting https://www.are.na/blog/the-internet%27s-back-to-the-land-movement
INFO:__main__:Getting metadata for https://www.are.na/blog/the-internet%27s-back-to-the-land-movement
 62%|██████▏   | 118/191 [03:07<01:37,  1.33s/it]INFO:__main__:Requesting https://www.youtube.com/watch?v=KTKmcToqKRs
INFO:__main__:Getting metadata for https://www.youtube.com/watch?v=KTKmcToqKRs
 62%|██████▏   | 119/191 [03:08<01:24,  1.18s/it]INFO:__main__:Requesting https://www.nytimes.com/1996/09/09/business/programming-languages-survivors-and-wannabes.html
INFO:__main__:Getting metadata for https://www.nytimes.com/1996/09/09/business/programming-languages-survivors-and-wannabes.html
 63%|██████▎   | 120/191 [03:08<01:03,  1.12it/s]INFO:__main__:Requesting http://teavm.org/
INFO:__main__:Getting metadata for http://teavm.org
 63%|██████▎   | 121/191 [03:10<01:07,  1.04it/s]INFO:__main__:Requesting https://www.adacore.com/press/saab-signs-corporate-wide-software-license-with-adacore
INFO:__main__:Getting metadata for https://www.adacore.com/press/saab-signs-corporate-wide-software-license-with-adacore
 64%|██████▍   | 122/191 [03:12<01:43,  1.49s/it]INFO:__main__:Requesting http://spiller.si/new-york-times/
INFO:__main__:Getting metadata for http://spiller.si/new-york-times/
 64%|██████▍   | 123/191 [03:14<01:40,  1.48s/it]INFO:__main__:Requesting http://www.avasdemon.com/2112.php
INFO:__main__:Getting metadata for http://www.avasdemon.com/2112.php
 65%|██████▍   | 124/191 [03:15<01:37,  1.45s/it]INFO:__main__:Requesting https://www.newrafael.com/websites/
INFO:__main__:Getting metadata for https://www.newrafael.com/websites/
 65%|██████▌   | 125/191 [03:17<01:49,  1.65s/it]INFO:__main__:Requesting https://www.theguardian.com/uk-news/2019/feb/08/the-battle-for-the-future-of-stonehenge
INFO:__main__:Getting metadata for https://www.theguardian.com/uk-news/2019/feb/08/the-battle-for-the-future-of-stonehenge
 66%|██████▌   | 126/191 [03:18<01:31,  1.41s/it]INFO:__main__:Requesting https://www.google.fr/maps/place/51°10'38.8"N+1°49'33.4"W/@51.177448,-1.8281397,549m/
INFO:__main__:Getting metadata for https://www.google.fr/maps/place/51%C2%B010'38.8%22N+1%C2%B049'33.4%22W/@51.177448,-1.8281397,549m/
 66%|██████▋   | 127/191 [03:19<01:16,  1.20s/it]INFO:__main__:Requesting http://carhenge.com/wp-content/gallery/carhenge-1/FOC_bw-pic.jpg
INFO:__main__:Getting metadata for http://carhenge.com/wp-content/gallery/carhenge-1/FOC_bw-pic.jpg
 67%|██████▋   | 128/191 [03:26<03:00,  2.86s/it]INFO:__main__:Requesting https://en.wikipedia.org/wiki/Maryhill_Stonehenge
INFO:__main__:Getting metadata for https://en.wikipedia.org/wiki/Maryhill_Stonehenge
 68%|██████▊   | 129/191 [03:26<02:18,  2.23s/it]INFO:__main__:Requesting https://media.gettyimages.com/photos/remains-of-the-olive-oil-presses-and-mill-in-sufetula-sbeitla-tunisia-picture-id568569055
INFO:__main__:Getting metadata for https://media.gettyimages.com/photos/remains-of-the-olive-oil-presses-and-mill-in-sufetula-sbeitla-tunisia-picture-id568569055
 68%|██████▊   | 130/191 [03:39<05:23,  5.30s/it]INFO:__main__:Requesting https://www.researchgate.net/publication/259417162_Roman_Sites_on_the_Tarhuna_Plateau_of_Tripolitania
 69%|██████▊   | 131/191 [03:39<03:48,  3.80s/it]INFO:__main__:Requesting http://git.kernel.dk/cgit/linux-block/commit/?h=for-next&id=8923ebc04818fcb506829591aa8704baefd661ec
INFO:__main__:Getting metadata for http://git.kernel.dk/cgit/linux-block/commit/?h=for-next&id=8923ebc04818fcb506829591aa8704baefd661ec
 69%|██████▉   | 132/191 [03:41<03:08,  3.19s/it]INFO:__main__:Requesting https://lwn.net/Articles/776703/
INFO:__main__:Getting metadata for https://lwn.net/Articles/776703/
 70%|██████▉   | 133/191 [03:42<02:22,  2.45s/it]INFO:__main__:Requesting https://www.epicgames.com/fortnite/forums/news/announcements/132642-epic-services-stability-update
INFO:__main__:Getting metadata for https://www.epicgames.com/fortnite/forums/news/announcements/132642-epic-services-stability-update
 70%|███████   | 134/191 [03:44<02:11,  2.30s/it]INFO:__main__:Requesting https://www.anandtech.com/show/13301/spectre-and-meltdown-in-hardware-intel-clarifies-whiskey-lake-and-amber-lake
INFO:__main__:Getting metadata for https://www.anandtech.com/show/13301/spectre-and-meltdown-in-hardware-intel-clarifies-whiskey-lake-and-amber-lake
 71%|███████   | 135/191 [03:44<01:39,  1.78s/it]INFO:__main__:Requesting https://github.com/smacke/subsync
INFO:__main__:Getting metadata for https://github.com/smacke/subsync
 71%|███████   | 136/191 [03:45<01:23,  1.51s/it]INFO:__main__:Requesting https://en.wikipedia.org/wiki/Convolution
INFO:__main__:Getting metadata for https://en.wikipedia.org/wiki/Convolution
 72%|███████▏  | 137/191 [03:47<01:36,  1.80s/it]INFO:__main__:Requesting https://en.wikipedia.org/wiki/Convolution_theorem
INFO:__main__:Getting metadata for https://en.wikipedia.org/wiki/Convolution_theorem
 72%|███████▏  | 138/191 [03:49<01:36,  1.81s/it]INFO:__main__:Requesting https://github.com/SubtitleEdit/subtitleedit
INFO:__main__:Getting metadata for https://github.com/SubtitleEdit/subtitleedit
 73%|███████▎  | 139/191 [03:50<01:21,  1.57s/it]INFO:__main__:Requesting https://gist.github.com/satori99/2cb06938bfe8532ecc00e60906509052
INFO:__main__:Getting metadata for https://gist.github.com/satori99/2cb06938bfe8532ecc00e60906509052
 73%|███████▎  | 140/191 [03:51<01:06,  1.30s/it]INFO:__main__:Requesting https://github.com/AlbertoSabater/subtitle-synchronization
INFO:__main__:Getting metadata for https://github.com/AlbertoSabater/subtitle-synchronization
 74%|███████▍  | 141/191 [03:52<00:56,  1.12s/it]INFO:__main__:Requesting https://en.wikipedia.org/wiki/Smith%E2%80%93Waterman_algorithm
INFO:__main__:Getting metadata for https://en.wikipedia.org/wiki/Smith%E2%80%93Waterman_algorithm
 74%|███████▍  | 142/191 [03:53<01:02,  1.28s/it]INFO:__main__:Requesting https://journals.plos.org/ploscompbiol/article?id=10.1371/journal.pcbi.1005944
INFO:__main__:Getting metadata for https://journals.plos.org/ploscompbiol/article?id=10.1371/journal.pcbi.1005944
 75%|███████▍  | 143/191 [03:56<01:18,  1.63s/it]INFO:__main__:Requesting https://gist.github.com/jgthms/7dfc20db3478a938069a0191c4e30843
INFO:__main__:Getting metadata for https://gist.github.com/jgthms/7dfc20db3478a938069a0191c4e30843
 75%|███████▌  | 144/191 [03:56<01:01,  1.31s/it]INFO:__main__:Requesting https://github.com/kaegi/aligner
INFO:__main__:Getting metadata for https://github.com/kaegi/aligner
 76%|███████▌  | 145/191 [03:57<00:56,  1.24s/it]INFO:__main__:Requesting https://www.descript.com/
INFO:__main__:Getting metadata for https://www.descript.com
 76%|███████▋  | 146/191 [03:58<00:44,  1.02it/s]INFO:__main__:Requesting https://gist.github.com/chanux/2042676
INFO:__main__:Getting metadata for https://gist.github.com/chanux/2042676
 77%|███████▋  | 147/191 [03:58<00:37,  1.16it/s]INFO:__main__:Requesting https://github.com/pettarin/forced-alignment-tools/blob/master/README.md
INFO:__main__:Getting metadata for https://github.com/pettarin/forced-alignment-tools/blob/master/README.md
 77%|███████▋  | 148/191 [04:00<00:41,  1.04it/s]INFO:__main__:Requesting https://www.futurice.com/blog/improving-documentation-of-open-source-software/
INFO:__main__:Getting metadata for https://www.futurice.com/blog/improving-documentation-of-open-source-software/
 78%|███████▊  | 149/191 [04:00<00:36,  1.16it/s]INFO:__main__:Requesting https://www.writethedocs.org
INFO:__main__:Getting metadata for https://www.writethedocs.org
 79%|███████▊  | 150/191 [04:01<00:40,  1.01it/s]INFO:__main__:Requesting https://www.nature.com/articles/s41598-019-39558-8
INFO:__main__:Getting metadata for https://www.nature.com/articles/s41598-019-39558-8
 79%|███████▉  | 151/191 [04:04<00:58,  1.46s/it]INFO:__main__:Requesting https://en.wikipedia.org/wiki/Fermi_paradox
INFO:__main__:Getting metadata for https://en.wikipedia.org/wiki/Fermi_paradox
 80%|███████▉  | 152/191 [04:06<01:06,  1.71s/it]INFO:__main__:Requesting https://en.wikipedia.org/wiki/Great_Filter
INFO:__main__:Getting metadata for https://en.wikipedia.org/wiki/Great_Filter
 80%|████████  | 153/191 [04:07<00:58,  1.53s/it]INFO:__main__:Requesting https://www.youtube.com/watch?v=amjuJJwI3iM
INFO:__main__:Getting metadata for https://www.youtube.com/watch?v=amjuJJwI3iM
 81%|████████  | 154/191 [04:08<00:50,  1.36s/it]INFO:__main__:Requesting https://en.wikipedia.org/wiki/Self-replicating_spacecraft
INFO:__main__:Getting metadata for https://en.wikipedia.org/wiki/Self-replicating_spacecraft
 81%|████████  | 155/191 [04:10<00:48,  1.35s/it]INFO:__main__:Requesting https://www.newscientist.com/article/mg21028184-300-lab-yeast-make-evolutionary-leap-to-multicellularity/
INFO:__main__:Getting metadata for https://www.newscientist.com/article/mg21028184-300-lab-yeast-make-evolutionary-leap-to-multicellularity/
 82%|████████▏ | 156/191 [04:12<01:01,  1.74s/it]INFO:__main__:Requesting https://en.wikipedia.org/wiki/Multicellular_organism#Occurrence
INFO:__main__:Getting metadata for https://en.wikipedia.org/wiki/Multicellular_organism#Occurrence
 82%|████████▏ | 157/191 [04:14<00:54,  1.62s/it]INFO:__main__:Requesting https://en.wikipedia.org/wiki/Stellar_population#Population_I_stars
INFO:__main__:Getting metadata for https://en.wikipedia.org/wiki/Stellar_population#Population_I_stars
 83%|████████▎ | 158/191 [04:15<00:51,  1.56s/it]INFO:__main__:Requesting https://en.m.wikipedia.org/wiki/Volvox
INFO:__main__:Getting metadata for https://en.m.wikipedia.org/wiki/Volvox
 83%|████████▎ | 159/191 [04:16<00:41,  1.28s/it]INFO:__main__:Requesting https://en.wikipedia.org/wiki/Chlamydomonadales
INFO:__main__:Getting metadata for https://en.wikipedia.org/wiki/Chlamydomonadales
 84%|████████▍ | 160/191 [04:17<00:35,  1.13s/it]INFO:__main__:Requesting https://en.wikipedia.org/wiki/Caulerpa
INFO:__main__:Getting metadata for https://en.wikipedia.org/wiki/Caulerpa
 84%|████████▍ | 161/191 [04:17<00:32,  1.07s/it]INFO:__main__:Requesting https://www.talospace.com/2019/02/the-last-power1-on-mars-is-dead.html
INFO:__main__:Getting metadata for https://www.talospace.com/2019/02/the-last-power1-on-mars-is-dead.html
 85%|████████▍ | 162/191 [04:18<00:23,  1.23it/s]INFO:__main__:Requesting https://en.wikipedia.org/wiki/Intergalactic_Computer_Network
INFO:__main__:Getting metadata for https://en.wikipedia.org/wiki/Intergalactic_Computer_Network
 85%|████████▌ | 163/191 [04:18<00:22,  1.25it/s]INFO:__main__:Requesting https://en.wikipedia.org/wiki/CCSDS_File_Delivery_Protocol
INFO:__main__:Getting metadata for https://en.wikipedia.org/wiki/CCSDS_File_Delivery_Protocol
 86%|████████▌ | 164/191 [04:19<00:20,  1.30it/s]INFO:__main__:Requesting https://en.wikipedia.org/wiki/Rumi_calendar#/media/File:1911_Ottoman_Calendar.jpg
INFO:__main__:Getting metadata for https://en.wikipedia.org/wiki/Rumi_calendar#/media/File:1911_Ottoman_Calendar.jpg
 86%|████████▋ | 165/191 [04:20<00:22,  1.14it/s]INFO:__main__:Requesting https://en.wikipedia.org/wiki/Royal_Observatory,_Greenwich#Observatory_museum
INFO:__main__:Getting metadata for https://en.wikipedia.org/wiki/Royal_Observatory,_Greenwich#Observatory_museum
 87%|████████▋ | 166/191 [04:22<00:28,  1.16s/it]INFO:__main__:Requesting https://en.m.wikipedia.org/wiki/Proper_time
INFO:__main__:Getting metadata for https://en.m.wikipedia.org/wiki/Proper_time
 87%|████████▋ | 167/191 [04:23<00:29,  1.23s/it]INFO:__main__:Requesting http://www.jb.man.ac.uk/distance/frontiers/pulsars/section4.html
INFO:__main__:Getting metadata for http://www.jb.man.ac.uk/distance/frontiers/pulsars/section4.html
 88%|████████▊ | 168/191 [04:26<00:35,  1.55s/it]INFO:__main__:Requesting http://physicscentral.com/explore/writers/will.cfm
INFO:__main__:Getting metadata for http://physicscentral.com/explore/writers/will.cfm
 88%|████████▊ | 169/191 [04:26<00:25,  1.16s/it]INFO:__main__:Requesting https://space.stackexchange.com/questions/33590/time-dilation-between-mars-and-earth-due-to-different-mass
INFO:__main__:Getting metadata for https://space.stackexchange.com/questions/33590/time-dilation-between-mars-and-earth-due-to-different-mass
 89%|████████▉ | 170/191 [04:27<00:20,  1.01it/s]INFO:__main__:Requesting https://en.wikipedia.org/wiki/Pulsar#Precise_clocks
INFO:__main__:Getting metadata for https://en.wikipedia.org/wiki/Pulsar#Precise_clocks
 90%|████████▉ | 171/191 [04:29<00:25,  1.28s/it]INFO:__main__:Requesting https://en.wikipedia.org/wiki/Pulsar_clock
INFO:__main__:Getting metadata for https://en.wikipedia.org/wiki/Pulsar_clock
 90%|█████████ | 172/191 [04:29<00:21,  1.11s/it]INFO:__main__:Requesting https://www.w3.org/TR/html52/textlevel-semantics.html#the-time-element
INFO:__main__:Getting metadata for https://www.w3.org/TR/html52/textlevel-semantics.html#the-time-element
 91%|█████████ | 173/191 [04:51<02:13,  7.42s/it]INFO:__main__:Requesting https://en.wikipedia.org/wiki/Barycentric_Coordinate_Time
INFO:__main__:Getting metadata for https://en.wikipedia.org/wiki/Barycentric_Coordinate_Time
 91%|█████████ | 174/191 [04:52<01:32,  5.44s/it]INFO:__main__:Requesting https://en.wikipedia.org/wiki/International_System_of_Units#Base_units
INFO:__main__:Getting metadata for https://en.wikipedia.org/wiki/International_System_of_Units#Base_units
 92%|█████████▏| 175/191 [04:55<01:15,  4.71s/it]INFO:__main__:Requesting https://en.wikipedia.org/wiki/Swatch_Internet_Time
INFO:__main__:Getting metadata for https://en.wikipedia.org/wiki/Swatch_Internet_Time
 92%|█████████▏| 176/191 [04:56<00:53,  3.54s/it]INFO:__main__:Requesting https://stackoverflow.com/questions/1024711/hidden-features-of-tcl-tk#comment838620_1026619
INFO:__main__:Getting metadata for https://stackoverflow.com/questions/1024711/hidden-features-of-tcl-tk#comment838620_1026619
 93%|█████████▎| 177/191 [04:58<00:42,  3.03s/it]INFO:__main__:Requesting https://en.wikipedia.org/wiki/Stardate
INFO:__main__:Getting metadata for https://en.wikipedia.org/wiki/Stardate
 93%|█████████▎| 178/191 [04:59<00:32,  2.47s/it]INFO:__main__:Requesting http://ops-alaska.com/time/gangale_mst/abstract.htm
INFO:__main__:Getting metadata for http://ops-alaska.com/time/gangale_mst/abstract.htm
 94%|█████████▎| 179/191 [04:59<00:22,  1.84s/it]INFO:__main__:Requesting https://www.powerpc-notebook.org/
INFO:__main__:Getting metadata for https://www.powerpc-notebook.org/en/
 94%|█████████▍| 180/191 [05:02<00:21,  1.97s/it]INFO:__main__:Requesting https://mars.nasa.gov/mer/mission/rover-status/opportunity/recent/all/
INFO:__main__:Getting metadata for https://mars.nasa.gov/mer/mission/rover-status/opportunity/recent/all/
 95%|█████████▍| 181/191 [05:02<00:15,  1.51s/it]INFO:__main__:Requesting https://pudding.cool/2019/02/gyllenhaal/
INFO:__main__:Getting metadata for https://pudding.cool/2019/02/gyllenhaal/
 95%|█████████▌| 182/191 [05:02<00:10,  1.13s/it]INFO:__main__:Requesting http://www.lel.ed.ac.uk/ihd/elalme/elalme_frames.html
INFO:__main__:Getting metadata for http://www.lel.ed.ac.uk/ihd/elalme/elalme_frames.html
 96%|█████████▌| 183/191 [05:04<00:09,  1.19s/it]INFO:__main__:Requesting http://www.amc.lel.ed.ac.uk/?page_id=563
INFO:__main__:Getting metadata for http://www.amc.lel.ed.ac.uk/?page_id=563
 96%|█████████▋| 184/191 [05:08<00:15,  2.24s/it]INFO:__main__:Requesting https://mashedradish.com/2017/05/16/the-bureau-of-etymological-investigation/
ERROR:__main__:Could not reach https://mashedradish.com/2017/05/16/the-bureau-of-etymological-investigation/
Traceback (most recent call last):
  File "/home/travis/virtualenv/python3.6.3/lib/python3.6/site-packages/urllib3/connectionpool.py", line 600, in urlopen
    chunked=chunked)
  File "/home/travis/virtualenv/python3.6.3/lib/python3.6/site-packages/urllib3/connectionpool.py", line 384, in _make_request
    six.raise_from(e, None)
  File "<string>", line 2, in raise_from
  File "/home/travis/virtualenv/python3.6.3/lib/python3.6/site-packages/urllib3/connectionpool.py", line 380, in _make_request
    httplib_response = conn.getresponse()
  File "/opt/python/3.6.3/lib/python3.6/http/client.py", line 1331, in getresponse
    response.begin()
  File "/opt/python/3.6.3/lib/python3.6/http/client.py", line 297, in begin
    version, status, reason = self._read_status()
  File "/opt/python/3.6.3/lib/python3.6/http/client.py", line 266, in _read_status
    raise RemoteDisconnected("Remote end closed connection without"
http.client.RemoteDisconnected: Remote end closed connection without response

During handling of the above exception, another exception occurred:

Traceback (most recent call last):
  File "/home/travis/virtualenv/python3.6.3/lib/python3.6/site-packages/requests/adapters.py", line 449, in send
    timeout=timeout
  File "/home/travis/virtualenv/python3.6.3/lib/python3.6/site-packages/urllib3/connectionpool.py", line 638, in urlopen
    _stacktrace=sys.exc_info()[2])
  File "/home/travis/virtualenv/python3.6.3/lib/python3.6/site-packages/urllib3/util/retry.py", line 367, in increment
    raise six.reraise(type(error), error, _stacktrace)
  File "/home/travis/virtualenv/python3.6.3/lib/python3.6/site-packages/urllib3/packages/six.py", line 685, in reraise
    raise value.with_traceback(tb)
  File "/home/travis/virtualenv/python3.6.3/lib/python3.6/site-packages/urllib3/connectionpool.py", line 600, in urlopen
    chunked=chunked)
  File "/home/travis/virtualenv/python3.6.3/lib/python3.6/site-packages/urllib3/connectionpool.py", line 384, in _make_request
    six.raise_from(e, None)
  File "<string>", line 2, in raise_from
  File "/home/travis/virtualenv/python3.6.3/lib/python3.6/site-packages/urllib3/connectionpool.py", line 380, in _make_request
    httplib_response = conn.getresponse()
  File "/opt/python/3.6.3/lib/python3.6/http/client.py", line 1331, in getresponse
    response.begin()
  File "/opt/python/3.6.3/lib/python3.6/http/client.py", line 297, in begin
    version, status, reason = self._read_status()
  File "/opt/python/3.6.3/lib/python3.6/http/client.py", line 266, in _read_status
    raise RemoteDisconnected("Remote end closed connection without"
urllib3.exceptions.ProtocolError: ('Connection aborted.', RemoteDisconnected('Remote end closed connection without response',))

During handling of the above exception, another exception occurred:

Traceback (most recent call last):
  File "../_scripts/crawler/crawler.py", line 209, in metafy_url
    response = requests.get(url, timeout=6, headers={'User-Agent': 'Mozilla/5.0'})
  File "/home/travis/virtualenv/python3.6.3/lib/python3.6/site-packages/requests/api.py", line 75, in get
    return request('get', url, params=params, **kwargs)
  File "/home/travis/virtualenv/python3.6.3/lib/python3.6/site-packages/requests/api.py", line 60, in request
    return session.request(method=method, url=url, **kwargs)
  File "/home/travis/virtualenv/python3.6.3/lib/python3.6/site-packages/requests/sessions.py", line 533, in request
    resp = self.send(prep, **send_kwargs)
  File "/home/travis/virtualenv/python3.6.3/lib/python3.6/site-packages/requests/sessions.py", line 646, in send
    r = adapter.send(request, **kwargs)
  File "/home/travis/virtualenv/python3.6.3/lib/python3.6/site-packages/requests/adapters.py", line 498, in send
    raise ConnectionError(err, request=request)
requests.exceptions.ConnectionError: ('Connection aborted.', RemoteDisconnected('Remote end closed connection without response',))
 97%|█████████▋| 185/191 [05:09<00:09,  1.62s/it]INFO:__main__:Requesting http://www.thesmokinggun.com/documents/crime/actor-mcconaughey-nude-bongo-bust-0
INFO:__main__:Getting metadata for http://www.thesmokinggun.com/documents/crime/actor-mcconaughey-nude-bongo-bust-0
 97%|█████████▋| 186/191 [05:09<00:06,  1.32s/it]INFO:__main__:Requesting https://chuckpalahniuk.net/author/frequently-asked-questions-about-chuck-palahniuk#biographical-1
INFO:__main__:Getting metadata for https://chuckpalahniuk.net/author/frequently-asked-questions-about-chuck-palahniuk#biographical-1
 98%|█████████▊| 187/191 [05:10<00:04,  1.17s/it]INFO:__main__:Requesting https://en.wikipedia.org/wiki/Ukrainian_alphabet#Letter_names_and_pronunciation
INFO:__main__:Getting metadata for https://en.wikipedia.org/wiki/Ukrainian_alphabet#Letter_names_and_pronunciation
 98%|█████████▊| 188/191 [05:11<00:03,  1.26s/it]INFO:__main__:Requesting https://en.wiktionary.org/wiki/ɦ
INFO:__main__:Getting metadata for https://en.wiktionary.org/wiki/%C9%A6
 99%|█████████▉| 189/191 [05:12<00:02,  1.12s/it]INFO:__main__:Requesting https://en.wikipedia.org/wiki/Romanization_of_Ukrainian#Tables_of_romanization_systems
INFO:__main__:Getting metadata for https://en.wikipedia.org/wiki/Romanization_of_Ukrainian#Tables_of_romanization_systems
 99%|█████████▉| 190/191 [05:14<00:01,  1.16s/it]INFO:__main__:Requesting https://en.wikipedia.org/wiki/Irish_name
INFO:__main__:Getting metadata for https://en.wikipedia.org/wiki/Irish_name
100%|██████████| 191/191 [05:15<00:00,  1.29s/it]
