INFO:__main__:Get urls from stories
  0%|          | 0/30 [00:00<?, ?it/s]  3%|▎         | 1/30 [00:00<00:05,  5.13it/s]  7%|▋         | 2/30 [00:00<00:06,  4.21it/s] 13%|█▎        | 4/30 [00:01<00:08,  3.15it/s] 17%|█▋        | 5/30 [00:02<00:12,  2.07it/s] 20%|██        | 6/30 [00:02<00:10,  2.25it/s] 23%|██▎       | 7/30 [00:03<00:09,  2.51it/s] 27%|██▋       | 8/30 [00:03<00:09,  2.36it/s] 30%|███       | 9/30 [00:04<00:09,  2.26it/s] 33%|███▎      | 10/30 [00:05<00:13,  1.52it/s] 40%|████      | 12/30 [00:06<00:11,  1.57it/s] 47%|████▋     | 14/30 [00:06<00:07,  2.13it/s] 57%|█████▋    | 17/30 [00:06<00:04,  2.84it/s] 60%|██████    | 18/30 [00:06<00:03,  3.19it/s] 63%|██████▎   | 19/30 [00:09<00:10,  1.08it/s] 67%|██████▋   | 20/30 [00:09<00:07,  1.31it/s] 73%|███████▎  | 22/30 [00:09<00:04,  1.74it/s] 77%|███████▋  | 23/30 [00:10<00:04,  1.51it/s] 80%|████████  | 24/30 [00:11<00:03,  1.84it/s] 83%|████████▎ | 25/30 [00:11<00:02,  2.28it/s] 87%|████████▋ | 26/30 [00:12<00:02,  1.57it/s] 90%|█████████ | 27/30 [00:12<00:01,  2.05it/s] 93%|█████████▎| 28/30 [00:13<00:01,  1.93it/s] 97%|█████████▋| 29/30 [00:14<00:00,  1.37it/s]100%|██████████| 30/30 [00:16<00:00,  1.17s/it]
  0%|          | 0/193 [00:00<?, ?it/s]INFO:__main__:Requesting https://www.artificiallawyer.com/2019/02/26/algorithmic-justice-could-clear-250000-convictions-in-california/
INFO:__main__:Getting metadata for https://www.artificiallawyer.com/2019/02/26/algorithmic-justice-could-clear-250000-convictions-in-california/
  1%|          | 1/193 [00:03<12:06,  3.78s/it]INFO:__main__:Requesting https://youtu.be/inPcQeYWVT8
INFO:__main__:Getting metadata for https://www.youtube.com/watch?v=inPcQeYWVT8&feature=youtu.be
  1%|          | 2/193 [00:04<09:18,  2.93s/it]INFO:__main__:Requesting https://youtu.be/4ap6Kmo69lQ
INFO:__main__:Getting metadata for https://www.youtube.com/watch?v=4ap6Kmo69lQ&feature=youtu.be
  2%|▏         | 3/193 [00:05<07:14,  2.29s/it]INFO:__main__:Requesting https://www.codeforamerica.org/
INFO:__main__:Getting metadata for https://www.codeforamerica.org
  2%|▏         | 4/193 [00:05<05:29,  1.74s/it]INFO:__main__:Requesting https://codeforall.org/
INFO:__main__:Getting metadata for https://codeforall.org
  3%|▎         | 5/193 [00:07<05:13,  1.67s/it]INFO:__main__:Requesting https://bofh.org.uk/2019/02/25/baking-with-emacs/
INFO:__main__:Getting metadata for https://bofh.org.uk/2019/02/25/baking-with-emacs/
  3%|▎         | 6/193 [00:10<06:52,  2.21s/it]INFO:__main__:Requesting https://orgmode.org/worg/org-tutorials/org-spreadsheet-intro.html
INFO:__main__:Getting metadata for https://orgmode.org/worg/org-tutorials/org-spreadsheet-intro.html
  4%|▎         | 7/193 [00:11<05:33,  1.79s/it]INFO:__main__:Requesting https://gist.github.com/moyix/dda9c3180198fcb68ad64c3e6bc7afbc
INFO:__main__:Getting metadata for https://gist.github.com/moyix/dda9c3180198fcb68ad64c3e6bc7afbc
  4%|▍         | 8/193 [00:12<04:26,  1.44s/it]INFO:__main__:Requesting https://github.com/wasmerio/wasmer
INFO:__main__:Getting metadata for https://github.com/wasmerio/wasmer
  5%|▍         | 9/193 [00:13<04:17,  1.40s/it]INFO:__main__:Requesting https://www.destroyallsoftware.com/talks/the-birth-and-death-of-javascript
INFO:__main__:Getting metadata for https://www.destroyallsoftware.com/talks/the-birth-and-death-of-javascript
  5%|▌         | 10/193 [00:14<03:53,  1.27s/it]INFO:__main__:Requesting https://www.destroyallsoftware.com/talks/wat
INFO:__main__:Getting metadata for https://www.destroyallsoftware.com/talks/wat
  6%|▌         | 11/193 [00:15<03:36,  1.19s/it]INFO:__main__:Requesting https://words.steveklabnik.com/is-webassembly-the-return-of-java-applets-flash
INFO:__main__:Getting metadata for https://words.steveklabnik.com/is-webassembly-the-return-of-java-applets-flash
  6%|▌         | 12/193 [00:18<04:51,  1.61s/it]INFO:__main__:Requesting https://github.com/AssemblyScript/assemblyscript
INFO:__main__:Getting metadata for https://github.com/AssemblyScript/assemblyscript
  7%|▋         | 13/193 [00:19<04:25,  1.48s/it]INFO:__main__:Requesting https://blog.cloudflare.com/cloud-computing-without-containers/
INFO:__main__:Getting metadata for https://blog.cloudflare.com/cloud-computing-without-containers/
  7%|▋         | 14/193 [00:19<03:26,  1.15s/it]INFO:__main__:Requesting https://medium.com/wasmer/webassembly-cloudabi-b573047fd0a9
INFO:__main__:Getting metadata for https://medium.com/wasmer/webassembly-cloudabi-b573047fd0a9
  8%|▊         | 15/193 [00:20<03:01,  1.02s/it]INFO:__main__:Requesting https://github.com/nebulet/nebulet
INFO:__main__:Getting metadata for https://github.com/nebulet/nebulet
  8%|▊         | 16/193 [00:21<03:09,  1.07s/it]INFO:__main__:Requesting https://webassembly.org/docs/faq/#is-webassembly-trying-to-replace-javascript
INFO:__main__:Getting metadata for https://webassembly.org/docs/faq/#is-webassembly-trying-to-replace-javascript
  9%|▉         | 17/193 [00:22<02:44,  1.07it/s]INFO:__main__:Requesting https://webassembly.org/docs/js/
INFO:__main__:Getting metadata for https://webassembly.org/docs/js/
  9%|▉         | 18/193 [00:23<02:37,  1.11it/s]INFO:__main__:Requesting https://webassembly.org/docs/non-web/
INFO:__main__:Getting metadata for https://webassembly.org/docs/non-web/
 10%|▉         | 19/193 [00:23<02:09,  1.34it/s]INFO:__main__:Requesting https://hookrace.net/blog/linux-desktop-setup/
INFO:__main__:Getting metadata for https://hookrace.net/blog/linux-desktop-setup/
 10%|█         | 20/193 [00:26<04:21,  1.51s/it]INFO:__main__:Requesting https://en.wikipedia.org/wiki/Desktop_metaphor
INFO:__main__:Getting metadata for https://en.wikipedia.org/wiki/Desktop_metaphor
 11%|█         | 21/193 [00:27<03:47,  1.32s/it]INFO:__main__:Requesting https://gist.github.com/XVilka/8346728
INFO:__main__:Getting metadata for https://gist.github.com/XVilka/8346728
 11%|█▏        | 22/193 [00:33<07:50,  2.75s/it]INFO:__main__:Requesting https://github.com/adambyrtek/dotfiles
INFO:__main__:Getting metadata for https://github.com/adambyrtek/dotfiles
 12%|█▏        | 23/193 [00:34<06:06,  2.15s/it]INFO:__main__:Requesting https://hookrace.net/blog/cycling-to-work/
INFO:__main__:Getting metadata for https://hookrace.net/blog/cycling-to-work/
 12%|█▏        | 24/193 [00:37<06:26,  2.29s/it]INFO:__main__:Requesting https://hisham.hm/htop/
INFO:__main__:Getting metadata for https://hisham.hm/htop/
 13%|█▎        | 25/193 [00:38<05:58,  2.13s/it]INFO:__main__:Requesting https://www.youtube.com/channel/UC2eYFnH61tmytImy1mTYvhA
INFO:__main__:Getting metadata for https://www.youtube.com/channel/UC2eYFnH61tmytImy1mTYvhA
 13%|█▎        | 26/193 [00:41<06:34,  2.36s/it]INFO:__main__:Requesting https://www.bloombergquint.com/onweb/spain-tops-italy-as-world-s-healthiest-nation-while-u-s-slips
INFO:__main__:Getting metadata for https://www.bloombergquint.com/onweb/spain-tops-italy-as-world-s-healthiest-nation-while-u-s-slips
 14%|█▍        | 27/193 [00:42<04:50,  1.75s/it]INFO:__main__:Requesting http://www.mscbs.gob.es/en/estadEstudios/estadisticas/inforRecopilaciones/gastoSanitario2005/home.htm
INFO:__main__:Getting metadata for http://www.mscbs.gob.es/en/estadEstudios/estadisticas/inforRecopilaciones/gastoSanitario2005/home.htm
 15%|█▍        | 28/193 [00:49<09:46,  3.55s/it]INFO:__main__:Requesting https://en.wikipedia.org/wiki/List_of_countries_by_cigarette_consumption_per_capita
INFO:__main__:Getting metadata for https://en.wikipedia.org/wiki/List_of_countries_by_cigarette_consumption_per_capita
 15%|█▌        | 29/193 [00:51<08:13,  3.01s/it]INFO:__main__:Requesting https://blog.the-pans.com/amazon-aurora/
INFO:__main__:Getting metadata for https://blog.the-pans.com/amazon-aurora/
 16%|█▌        | 30/193 [00:52<06:25,  2.36s/it]INFO:__main__:Requesting https://www.cockroachlabs.com/docs/stable/architecture/overview.html#layers
INFO:__main__:Getting metadata for https://www.cockroachlabs.com/docs/stable/architecture/overview.html#layers
 16%|█▌        | 31/193 [00:53<05:16,  1.96s/it]INFO:__main__:Requesting https://www.pingcap.com/docs/architecture/
INFO:__main__:Getting metadata for https://www.pingcap.com/docs/architecture/
 17%|█▋        | 32/193 [00:54<04:34,  1.71s/it]INFO:__main__:Requesting https://docs.datomic.com/on-prem/storage.html#storage-services
INFO:__main__:Getting metadata for https://docs.datomic.com/on-prem/storage.html#storage-services
 17%|█▋        | 33/193 [00:55<03:47,  1.42s/it]INFO:__main__:Requesting https://aws.amazon.com/blogs/database/amazon-rds-under-the-hood-multi-az/
INFO:__main__:Getting metadata for https://aws.amazon.com/blogs/database/amazon-rds-under-the-hood-multi-az/
 18%|█▊        | 34/193 [00:55<03:05,  1.16s/it]INFO:__main__:Requesting https://entomologytoday.org/2019/02/21/inside-look-how-varroa-mite-diet-discovered/
ERROR:__main__:Could not reach https://entomologytoday.org/2019/02/21/inside-look-how-varroa-mite-diet-discovered/
Traceback (most recent call last):
  File "/home/travis/virtualenv/python3.6.3/lib/python3.6/site-packages/urllib3/connectionpool.py", line 600, in urlopen
    chunked=chunked)
  File "/home/travis/virtualenv/python3.6.3/lib/python3.6/site-packages/urllib3/connectionpool.py", line 384, in _make_request
    six.raise_from(e, None)
  File "<string>", line 2, in raise_from
  File "/home/travis/virtualenv/python3.6.3/lib/python3.6/site-packages/urllib3/connectionpool.py", line 380, in _make_request
    httplib_response = conn.getresponse()
  File "/opt/python/3.6.3/lib/python3.6/http/client.py", line 1331, in getresponse
    response.begin()
  File "/opt/python/3.6.3/lib/python3.6/http/client.py", line 297, in begin
    version, status, reason = self._read_status()
  File "/opt/python/3.6.3/lib/python3.6/http/client.py", line 266, in _read_status
    raise RemoteDisconnected("Remote end closed connection without"
http.client.RemoteDisconnected: Remote end closed connection without response

During handling of the above exception, another exception occurred:

Traceback (most recent call last):
  File "/home/travis/virtualenv/python3.6.3/lib/python3.6/site-packages/requests/adapters.py", line 449, in send
    timeout=timeout
  File "/home/travis/virtualenv/python3.6.3/lib/python3.6/site-packages/urllib3/connectionpool.py", line 638, in urlopen
    _stacktrace=sys.exc_info()[2])
  File "/home/travis/virtualenv/python3.6.3/lib/python3.6/site-packages/urllib3/util/retry.py", line 367, in increment
    raise six.reraise(type(error), error, _stacktrace)
  File "/home/travis/virtualenv/python3.6.3/lib/python3.6/site-packages/urllib3/packages/six.py", line 685, in reraise
    raise value.with_traceback(tb)
  File "/home/travis/virtualenv/python3.6.3/lib/python3.6/site-packages/urllib3/connectionpool.py", line 600, in urlopen
    chunked=chunked)
  File "/home/travis/virtualenv/python3.6.3/lib/python3.6/site-packages/urllib3/connectionpool.py", line 384, in _make_request
    six.raise_from(e, None)
  File "<string>", line 2, in raise_from
  File "/home/travis/virtualenv/python3.6.3/lib/python3.6/site-packages/urllib3/connectionpool.py", line 380, in _make_request
    httplib_response = conn.getresponse()
  File "/opt/python/3.6.3/lib/python3.6/http/client.py", line 1331, in getresponse
    response.begin()
  File "/opt/python/3.6.3/lib/python3.6/http/client.py", line 297, in begin
    version, status, reason = self._read_status()
  File "/opt/python/3.6.3/lib/python3.6/http/client.py", line 266, in _read_status
    raise RemoteDisconnected("Remote end closed connection without"
urllib3.exceptions.ProtocolError: ('Connection aborted.', RemoteDisconnected('Remote end closed connection without response',))

During handling of the above exception, another exception occurred:

Traceback (most recent call last):
  File "../_scripts/crawler/crawler.py", line 209, in metafy_url
    response = requests.get(url, timeout=6, headers={'User-Agent': 'Mozilla/5.0'})
  File "/home/travis/virtualenv/python3.6.3/lib/python3.6/site-packages/requests/api.py", line 75, in get
    return request('get', url, params=params, **kwargs)
  File "/home/travis/virtualenv/python3.6.3/lib/python3.6/site-packages/requests/api.py", line 60, in request
    return session.request(method=method, url=url, **kwargs)
  File "/home/travis/virtualenv/python3.6.3/lib/python3.6/site-packages/requests/sessions.py", line 533, in request
    resp = self.send(prep, **send_kwargs)
  File "/home/travis/virtualenv/python3.6.3/lib/python3.6/site-packages/requests/sessions.py", line 646, in send
    r = adapter.send(request, **kwargs)
  File "/home/travis/virtualenv/python3.6.3/lib/python3.6/site-packages/requests/adapters.py", line 498, in send
    raise ConnectionError(err, request=request)
requests.exceptions.ConnectionError: ('Connection aborted.', RemoteDisconnected('Remote end closed connection without response',))
 18%|█▊        | 35/193 [00:56<02:16,  1.16it/s]INFO:__main__:Requesting http://scientificbeekeeping.com
INFO:__main__:Getting metadata for http://scientificbeekeeping.com
 19%|█▊        | 36/193 [01:02<06:43,  2.57s/it]INFO:__main__:Requesting https://www.nzbees.net/forums/topic/10061-oxalic-and-glycerine/?page=103
INFO:__main__:Getting metadata for https://www.nzbees.net/forums/topic/10061-oxalic-and-glycerine/?page=103
 19%|█▉        | 37/193 [01:05<06:47,  2.61s/it]INFO:__main__:Requesting https://crazyoscarchang.github.io/2019/02/16/seven-myths-in-machine-learning-research/
INFO:__main__:Getting metadata for https://crazyoscarchang.github.io/2019/02/16/seven-myths-in-machine-learning-research/
 20%|█▉        | 38/193 [01:06<05:48,  2.25s/it]INFO:__main__:Requesting https://blog.evjang.com/2019/02/bagnet.html
INFO:__main__:Getting metadata for https://blog.evjang.com/2019/02/bagnet.html
 20%|██        | 39/193 [01:07<04:13,  1.65s/it]INFO:__main__:Requesting https://www.technologyreview.com/s/538111/why-and-how-baidu-cheated-an-artificial-intelligence-test/
INFO:__main__:Getting metadata for https://www.technologyreview.com/s/538111/why-and-how-baidu-cheated-an-artificial-intelligence-test/
 21%|██        | 40/193 [01:07<03:26,  1.35s/it]INFO:__main__:Requesting http://hunch.net/?p=22
INFO:__main__:Getting metadata for http://hunch.net/?p=22
 21%|██        | 41/193 [01:13<06:31,  2.57s/it]INFO:__main__:Requesting https://www.theguardian.com/technology/2013/aug/07/google-chrome-password-security-flaw
INFO:__main__:Getting metadata for https://www.theguardian.com/technology/2013/aug/07/google-chrome-password-security-flaw
 22%|██▏       | 42/193 [01:13<04:44,  1.88s/it]INFO:__main__:Requesting https://theoreticalminimum.com/courses/general-relativity/2012/fall
INFO:__main__:Getting metadata for https://theoreticalminimum.com/courses/general-relativity/2012/fall
 22%|██▏       | 43/193 [01:13<03:39,  1.46s/it]INFO:__main__:Requesting https://arxiv.org/pdf/1711.02114.pdf);
INFO:__main__:Getting metadata for https://arxiv.org/pdf/1711.02114.pdf)
 23%|██▎       | 44/193 [01:41<23:10,  9.33s/it]INFO:__main__:Requesting https://math.stackexchange.com/questions/412423/what-are-the-differences-between-a-matrix-and-a-tensor
INFO:__main__:Getting metadata for https://math.stackexchange.com/questions/412423/what-are-the-differences-between-a-matrix-and-a-tensor
 23%|██▎       | 45/193 [01:42<16:27,  6.67s/it]INFO:__main__:Requesting https://github.com/Mckinsey666/bullet
INFO:__main__:Getting metadata for https://github.com/Mckinsey666/bullet
 24%|██▍       | 46/193 [01:42<11:57,  4.88s/it]INFO:__main__:Requesting http://www.unixcl.com/2009/12/linux-dialog-utility-short-tutorial.html
INFO:__main__:Getting metadata for http://www.unixcl.com/2009/12/linux-dialog-utility-short-tutorial.html
 24%|██▍       | 47/193 [01:44<09:48,  4.03s/it]INFO:__main__:Requesting http://pythondialog.sourceforge.net/doc/
INFO:__main__:Getting metadata for http://pythondialog.sourceforge.net/doc/
 25%|██▍       | 48/193 [01:45<07:21,  3.04s/it]INFO:__main__:Requesting https://github.com/mitsuhiko/dialoguer
INFO:__main__:Getting metadata for https://github.com/mitsuhiko/dialoguer
 25%|██▌       | 49/193 [01:46<05:43,  2.38s/it]INFO:__main__:Requesting https://twitter.com/rajasimon/status/902894641770618880
INFO:__main__:Getting metadata for https://twitter.com/rajasimon/status/902894641770618880
 26%|██▌       | 50/193 [01:47<04:28,  1.88s/it]INFO:__main__:Requesting https://pypi.org/project/Gooey/
INFO:__main__:Getting metadata for https://pypi.org/project/Gooey/
 26%|██▋       | 51/193 [01:47<03:15,  1.38s/it]INFO:__main__:Requesting https://python-prompt-toolkit.readthedocs.io/en/stable
INFO:__main__:Getting metadata for https://python-prompt-toolkit.readthedocs.io/en/stable/
 27%|██▋       | 52/193 [01:48<03:05,  1.32s/it]INFO:__main__:Requesting https://github.com/larsyencken/questioner/
INFO:__main__:Getting metadata for https://github.com/larsyencken/questioner/
 27%|██▋       | 53/193 [01:49<02:41,  1.15s/it]INFO:__main__:Requesting https://googleblog.blogspot.com/2005/12/about-aol-announcement.html
INFO:__main__:Getting metadata for https://googleblog.blogspot.com/2005/12/about-aol-announcement.html
 28%|██▊       | 54/193 [01:49<02:03,  1.12it/s]INFO:__main__:Requesting https://mashable.com/2012/08/28/google-homepage-ad
INFO:__main__:Getting metadata for https://mashable.com/2012/08/28/google-homepage-ad/
 28%|██▊       | 55/193 [01:50<01:51,  1.24it/s]INFO:__main__:Requesting https://www.theguardian.com/technology/2013/oct/24/google-breaks-promise-banner-ads-search-results
INFO:__main__:Getting metadata for https://www.theguardian.com/technology/2013/oct/24/google-breaks-promise-banner-ads-search-results
 29%|██▉       | 56/193 [01:50<01:29,  1.53it/s]INFO:__main__:Requesting http://googlepress.blogspot.com/2005/12/time-warners-aol-and-google-to-expand_20.html
INFO:__main__:Getting metadata for http://googlepress.blogspot.com/2005/12/time-warners-aol-and-google-to-expand_20.html
 30%|██▉       | 57/193 [01:50<01:17,  1.76it/s]INFO:__main__:Requesting https://twitter.com/glenngabe/status/1098939747018461184
INFO:__main__:Getting metadata for https://twitter.com/glenngabe/status/1098939747018461184
 30%|███       | 58/193 [01:51<01:22,  1.65it/s]INFO:__main__:Requesting https://srconstantin.wordpress.com/2019/02/25/humans-who-are-not-concentrating-are-not-general-intelligences/
ERROR:__main__:Could not reach https://srconstantin.wordpress.com/2019/02/25/humans-who-are-not-concentrating-are-not-general-intelligences/
Traceback (most recent call last):
  File "/home/travis/virtualenv/python3.6.3/lib/python3.6/site-packages/urllib3/connectionpool.py", line 600, in urlopen
    chunked=chunked)
  File "/home/travis/virtualenv/python3.6.3/lib/python3.6/site-packages/urllib3/connectionpool.py", line 384, in _make_request
    six.raise_from(e, None)
  File "<string>", line 2, in raise_from
  File "/home/travis/virtualenv/python3.6.3/lib/python3.6/site-packages/urllib3/connectionpool.py", line 380, in _make_request
    httplib_response = conn.getresponse()
  File "/opt/python/3.6.3/lib/python3.6/http/client.py", line 1331, in getresponse
    response.begin()
  File "/opt/python/3.6.3/lib/python3.6/http/client.py", line 297, in begin
    version, status, reason = self._read_status()
  File "/opt/python/3.6.3/lib/python3.6/http/client.py", line 266, in _read_status
    raise RemoteDisconnected("Remote end closed connection without"
http.client.RemoteDisconnected: Remote end closed connection without response

During handling of the above exception, another exception occurred:

Traceback (most recent call last):
  File "/home/travis/virtualenv/python3.6.3/lib/python3.6/site-packages/requests/adapters.py", line 449, in send
    timeout=timeout
  File "/home/travis/virtualenv/python3.6.3/lib/python3.6/site-packages/urllib3/connectionpool.py", line 638, in urlopen
    _stacktrace=sys.exc_info()[2])
  File "/home/travis/virtualenv/python3.6.3/lib/python3.6/site-packages/urllib3/util/retry.py", line 367, in increment
    raise six.reraise(type(error), error, _stacktrace)
  File "/home/travis/virtualenv/python3.6.3/lib/python3.6/site-packages/urllib3/packages/six.py", line 685, in reraise
    raise value.with_traceback(tb)
  File "/home/travis/virtualenv/python3.6.3/lib/python3.6/site-packages/urllib3/connectionpool.py", line 600, in urlopen
    chunked=chunked)
  File "/home/travis/virtualenv/python3.6.3/lib/python3.6/site-packages/urllib3/connectionpool.py", line 384, in _make_request
    six.raise_from(e, None)
  File "<string>", line 2, in raise_from
  File "/home/travis/virtualenv/python3.6.3/lib/python3.6/site-packages/urllib3/connectionpool.py", line 380, in _make_request
    httplib_response = conn.getresponse()
  File "/opt/python/3.6.3/lib/python3.6/http/client.py", line 1331, in getresponse
    response.begin()
  File "/opt/python/3.6.3/lib/python3.6/http/client.py", line 297, in begin
    version, status, reason = self._read_status()
  File "/opt/python/3.6.3/lib/python3.6/http/client.py", line 266, in _read_status
    raise RemoteDisconnected("Remote end closed connection without"
urllib3.exceptions.ProtocolError: ('Connection aborted.', RemoteDisconnected('Remote end closed connection without response',))

During handling of the above exception, another exception occurred:

Traceback (most recent call last):
  File "../_scripts/crawler/crawler.py", line 209, in metafy_url
    response = requests.get(url, timeout=6, headers={'User-Agent': 'Mozilla/5.0'})
  File "/home/travis/virtualenv/python3.6.3/lib/python3.6/site-packages/requests/api.py", line 75, in get
    return request('get', url, params=params, **kwargs)
  File "/home/travis/virtualenv/python3.6.3/lib/python3.6/site-packages/requests/api.py", line 60, in request
    return session.request(method=method, url=url, **kwargs)
  File "/home/travis/virtualenv/python3.6.3/lib/python3.6/site-packages/requests/sessions.py", line 533, in request
    resp = self.send(prep, **send_kwargs)
  File "/home/travis/virtualenv/python3.6.3/lib/python3.6/site-packages/requests/sessions.py", line 646, in send
    r = adapter.send(request, **kwargs)
  File "/home/travis/virtualenv/python3.6.3/lib/python3.6/site-packages/requests/adapters.py", line 498, in send
    raise ConnectionError(err, request=request)
requests.exceptions.ConnectionError: ('Connection aborted.', RemoteDisconnected('Remote end closed connection without response',))
 31%|███       | 59/193 [01:51<01:02,  2.15it/s]INFO:__main__:Requesting https://en.wikipedia.org/wiki/Cottingley_Fairies
INFO:__main__:Getting metadata for https://en.wikipedia.org/wiki/Cottingley_Fairies
 31%|███       | 60/193 [01:52<01:38,  1.35it/s]INFO:__main__:Requesting https://www.theregister.co.uk/2019/02/25/ai_roundup/
INFO:__main__:Getting metadata for https://www.theregister.co.uk/2019/02/25/ai_roundup/
 32%|███▏      | 61/193 [01:53<01:31,  1.45it/s]INFO:__main__:Requesting https://en.wikipedia.org/wiki/Turing_test#Na%C3%AFvet%C3%A9_of_interrogators_and_the_anthropomorphic_fallacy
INFO:__main__:Getting metadata for https://en.wikipedia.org/wiki/Turing_test#Na%C3%AFvet%C3%A9_of_interrogators_and_the_anthropomorphic_fallacy
 32%|███▏      | 62/193 [01:55<02:13,  1.02s/it]INFO:__main__:Requesting https://slatestarcodex.com/2019/02/19/gpt-2-as-step-toward-general-intelligence/
INFO:__main__:Getting metadata for https://slatestarcodex.com/2019/02/19/gpt-2-as-step-toward-general-intelligence/
 33%|███▎      | 63/193 [01:56<02:06,  1.03it/s]INFO:__main__:Requesting https://slatestarcodex.com/2017/09/05/book-review-surfing-uncertainty/
INFO:__main__:Getting metadata for https://slatestarcodex.com/2017/09/05/book-review-surfing-uncertainty/
 33%|███▎      | 64/193 [01:56<01:57,  1.10it/s]INFO:__main__:Requesting https://en.wikipedia.org/wiki/Pascal's_Wager
INFO:__main__:Getting metadata for https://en.wikipedia.org/wiki/Pascal's_Wager
 34%|███▎      | 65/193 [02:00<03:31,  1.65s/it]INFO:__main__:Requesting https://www.youtube.com/watch?v=B91tozyQs9M
INFO:__main__:Getting metadata for https://www.youtube.com/watch?v=B91tozyQs9M
 34%|███▍      | 66/193 [02:01<03:00,  1.42s/it]INFO:__main__:Requesting https://en.wikipedia.org/wiki/Fisherian_runaway
INFO:__main__:Getting metadata for https://en.wikipedia.org/wiki/Fisherian_runaway
 35%|███▍      | 67/193 [02:02<02:52,  1.37s/it]INFO:__main__:Requesting https://en.wikipedia.org/wiki/Mafia_%28party_game%29
INFO:__main__:Getting metadata for https://en.wikipedia.org/wiki/Mafia_%28party_game%29
 35%|███▌      | 68/193 [02:04<03:06,  1.49s/it]INFO:__main__:Requesting https://en.m.wikipedia.org/wiki/Thinking,_Fast_and_Slow
INFO:__main__:Getting metadata for https://en.m.wikipedia.org/wiki/Thinking,_Fast_and_Slow
 36%|███▌      | 69/193 [02:05<02:48,  1.36s/it]INFO:__main__:Requesting https://www.goodreads.com/book/show/35887237-reader-come-home
INFO:__main__:Getting metadata for https://www.goodreads.com/book/show/35887237-reader-come-home
 36%|███▋      | 70/193 [02:06<02:40,  1.30s/it]INFO:__main__:Requesting http://wiki.c2.com/?HistoryOfIterative
INFO:__main__:Getting metadata for http://wiki.c2.com/?HistoryOfIterative
 37%|███▋      | 71/193 [02:06<01:59,  1.02it/s]INFO:__main__:Requesting https://web.archive.org/web/20190225144916/http://wiki.c2.com/?HistoryOfIterative
INFO:__main__:Getting metadata for https://web.archive.org/web/20190225144916/http://wiki.c2.com/?HistoryOfIterative
 37%|███▋      | 72/193 [02:08<02:10,  1.08s/it]INFO:__main__:Requesting https://slatestarcodex.com/2019/02/25/wage-stagnation-much-more-than-you-wanted-to-know/
INFO:__main__:Getting metadata for https://slatestarcodex.com/2019/02/25/wage-stagnation-much-more-than-you-wanted-to-know/
 38%|███▊      | 73/193 [02:08<01:48,  1.11it/s]INFO:__main__:Requesting https://hackaday.com/2019/02/25/a-raspberry-pi-grimoire-for-the-command-line-wizard/
ERROR:__main__:Could not reach https://hackaday.com/2019/02/25/a-raspberry-pi-grimoire-for-the-command-line-wizard/
Traceback (most recent call last):
  File "/home/travis/virtualenv/python3.6.3/lib/python3.6/site-packages/urllib3/connectionpool.py", line 600, in urlopen
    chunked=chunked)
  File "/home/travis/virtualenv/python3.6.3/lib/python3.6/site-packages/urllib3/connectionpool.py", line 384, in _make_request
    six.raise_from(e, None)
  File "<string>", line 2, in raise_from
  File "/home/travis/virtualenv/python3.6.3/lib/python3.6/site-packages/urllib3/connectionpool.py", line 380, in _make_request
    httplib_response = conn.getresponse()
  File "/opt/python/3.6.3/lib/python3.6/http/client.py", line 1331, in getresponse
    response.begin()
  File "/opt/python/3.6.3/lib/python3.6/http/client.py", line 297, in begin
    version, status, reason = self._read_status()
  File "/opt/python/3.6.3/lib/python3.6/http/client.py", line 266, in _read_status
    raise RemoteDisconnected("Remote end closed connection without"
http.client.RemoteDisconnected: Remote end closed connection without response

During handling of the above exception, another exception occurred:

Traceback (most recent call last):
  File "/home/travis/virtualenv/python3.6.3/lib/python3.6/site-packages/requests/adapters.py", line 449, in send
    timeout=timeout
  File "/home/travis/virtualenv/python3.6.3/lib/python3.6/site-packages/urllib3/connectionpool.py", line 638, in urlopen
    _stacktrace=sys.exc_info()[2])
  File "/home/travis/virtualenv/python3.6.3/lib/python3.6/site-packages/urllib3/util/retry.py", line 367, in increment
    raise six.reraise(type(error), error, _stacktrace)
  File "/home/travis/virtualenv/python3.6.3/lib/python3.6/site-packages/urllib3/packages/six.py", line 685, in reraise
    raise value.with_traceback(tb)
  File "/home/travis/virtualenv/python3.6.3/lib/python3.6/site-packages/urllib3/connectionpool.py", line 600, in urlopen
    chunked=chunked)
  File "/home/travis/virtualenv/python3.6.3/lib/python3.6/site-packages/urllib3/connectionpool.py", line 384, in _make_request
    six.raise_from(e, None)
  File "<string>", line 2, in raise_from
  File "/home/travis/virtualenv/python3.6.3/lib/python3.6/site-packages/urllib3/connectionpool.py", line 380, in _make_request
    httplib_response = conn.getresponse()
  File "/opt/python/3.6.3/lib/python3.6/http/client.py", line 1331, in getresponse
    response.begin()
  File "/opt/python/3.6.3/lib/python3.6/http/client.py", line 297, in begin
    version, status, reason = self._read_status()
  File "/opt/python/3.6.3/lib/python3.6/http/client.py", line 266, in _read_status
    raise RemoteDisconnected("Remote end closed connection without"
urllib3.exceptions.ProtocolError: ('Connection aborted.', RemoteDisconnected('Remote end closed connection without response',))

During handling of the above exception, another exception occurred:

Traceback (most recent call last):
  File "../_scripts/crawler/crawler.py", line 209, in metafy_url
    response = requests.get(url, timeout=6, headers={'User-Agent': 'Mozilla/5.0'})
  File "/home/travis/virtualenv/python3.6.3/lib/python3.6/site-packages/requests/api.py", line 75, in get
    return request('get', url, params=params, **kwargs)
  File "/home/travis/virtualenv/python3.6.3/lib/python3.6/site-packages/requests/api.py", line 60, in request
    return session.request(method=method, url=url, **kwargs)
  File "/home/travis/virtualenv/python3.6.3/lib/python3.6/site-packages/requests/sessions.py", line 533, in request
    resp = self.send(prep, **send_kwargs)
  File "/home/travis/virtualenv/python3.6.3/lib/python3.6/site-packages/requests/sessions.py", line 646, in send
    r = adapter.send(request, **kwargs)
  File "/home/travis/virtualenv/python3.6.3/lib/python3.6/site-packages/requests/adapters.py", line 498, in send
    raise ConnectionError(err, request=request)
requests.exceptions.ConnectionError: ('Connection aborted.', RemoteDisconnected('Remote end closed connection without response',))
 38%|███▊      | 74/193 [02:08<01:21,  1.46it/s]INFO:__main__:Requesting https://www.reuters.com/article/us-space-spacex-boeing/nasa-clears-spacex-test-flight-to-space-station-idUSKCN1QB2OT
INFO:__main__:Getting metadata for https://www.reuters.com/article/us-space-spacex-boeing/nasa-clears-spacex-test-flight-to-space-station-idUSKCN1QB2OT
 39%|███▉      | 75/193 [02:08<01:04,  1.82it/s]INFO:__main__:Requesting https://www.nasaspaceflight.com/2019/02/spacex-gains-frr-green-light-dm-1-iss/
INFO:__main__:Getting metadata for https://www.nasaspaceflight.com/2019/02/spacex-gains-frr-green-light-dm-1-iss/
 39%|███▉      | 76/193 [02:09<01:16,  1.54it/s]INFO:__main__:Requesting http://mentalfloss.com/article/94569/clair-patterson-scientist-who-determined-age-earth-and-then-saved-it
INFO:__main__:Getting metadata for http://mentalfloss.com/article/94569/clair-patterson-scientist-who-determined-age-earth-and-then-saved-it
 40%|███▉      | 77/193 [02:10<01:11,  1.63it/s]INFO:__main__:Requesting https://en.wikipedia.org/wiki/Thomas_Midgley_Jr
INFO:__main__:Getting metadata for https://en.wikipedia.org/wiki/Thomas_Midgley_Jr
 40%|████      | 78/193 [02:12<02:04,  1.08s/it]INFO:__main__:Requesting https://www.scientificamerican.com/article/lead-in-aviation-fuel/
INFO:__main__:Getting metadata for https://www.scientificamerican.com/article/lead-in-aviation-fuel/
 41%|████      | 79/193 [02:13<01:48,  1.05it/s]INFO:__main__:Requesting http://booksdl.org/scimag/get.php?doi=10.1016%2F0016-7037%2856%2990036-9
INFO:__main__:Getting metadata for http://booksdescr.org/scimag/get.php?doi=10.1016%2F0016-7037%2856%2990036-9
 41%|████▏     | 80/193 [03:26<42:38, 22.64s/it]INFO:__main__:Requesting https://en.wikipedia.org/wiki/Metallothionein
INFO:__main__:Getting metadata for https://en.wikipedia.org/wiki/Metallothionein
 42%|████▏     | 81/193 [03:27<30:15, 16.21s/it]INFO:__main__:Requesting https://www.taiwannews.com.tw/en/news/3644433
INFO:__main__:Getting metadata for https://www.taiwannews.com.tw/en/news/3644433
 42%|████▏     | 82/193 [03:29<22:04, 11.93s/it]INFO:__main__:Requesting https://www.bbc.com/news/science-environment-47311186
INFO:__main__:Getting metadata for https://www.bbc.com/news/science-environment-47311186
 43%|████▎     | 83/193 [03:29<15:26,  8.42s/it]INFO:__main__:Requesting https://mashable.com/article/fernandina-giant-tortoise-galapagos-extinct-discovery
INFO:__main__:Getting metadata for https://mashable.com/article/fernandina-giant-tortoise-galapagos-extinct-discovery/
 44%|████▎     | 84/193 [03:31<11:29,  6.32s/it]INFO:__main__:Requesting https://www.newyorker.com/magazine/2018/07/02/the-obsessive-search-for-the-tasmanian-tiger
INFO:__main__:Getting metadata for https://www.newyorker.com/magazine/2018/07/02/the-obsessive-search-for-the-tasmanian-tiger
 44%|████▍     | 85/193 [03:31<08:09,  4.53s/it]INFO:__main__:Requesting https://www.upi.com/Science_News/2019/02/21/Worlds-biggest-bee-thought-extinct-rediscovered-in-Indonesia/6641550765035/
INFO:__main__:Getting metadata for https://www.upi.com/Science_News/2019/02/21/Worlds-biggest-bee-thought-extinct-rediscovered-in-Indonesia/6641550765035/
 45%|████▍     | 86/193 [03:32<06:06,  3.43s/it]INFO:__main__:Requesting https://abcnews.go.com/US/video/tortoise-thought-extinct-discovered-galapagos-islands-61215358
INFO:__main__:Getting metadata for https://abcnews.go.com/US/video/tortoise-thought-extinct-discovered-galapagos-islands-61215358
 45%|████▌     | 87/193 [03:33<04:39,  2.64s/it]INFO:__main__:Requesting https://www.youtube.com/watch?v=OT0ZIq-yWEM
INFO:__main__:Getting metadata for https://www.youtube.com/watch?v=OT0ZIq-yWEM
 46%|████▌     | 88/193 [03:34<03:41,  2.11s/it]INFO:__main__:Requesting https://www.animalplanet.com/tv-shows/extinct-or-alive/
INFO:__main__:Getting metadata for https://www.animalplanet.com/tv-shows/extinct-or-alive/
 46%|████▌     | 89/193 [03:34<02:57,  1.71s/it]INFO:__main__:Requesting https://blog.golang.org/go1.12
INFO:__main__:Getting metadata for https://blog.golang.org/go1.12
 47%|████▋     | 90/193 [03:35<02:09,  1.25s/it]INFO:__main__:Requesting https://github.com/mholt/caddy/pull/2399
INFO:__main__:Getting metadata for https://github.com/mholt/caddy/pull/2399
 47%|████▋     | 91/193 [03:38<03:22,  1.98s/it]INFO:__main__:Requesting https://github.com/golang/go/issues/25807
INFO:__main__:Getting metadata for https://github.com/golang/go/issues/25807
 48%|████▊     | 92/193 [03:40<03:06,  1.85s/it]INFO:__main__:Requesting https://tools.ietf.org/html/draft-krawczyk-cfrg-opaque-01#section-4
INFO:__main__:Getting metadata for https://tools.ietf.org/html/draft-krawczyk-cfrg-opaque-01#section-4
 48%|████▊     | 93/193 [03:45<04:40,  2.80s/it]INFO:__main__:Requesting https://github.com/pions/dtls
INFO:__main__:Getting metadata for https://github.com/pions/dtls
 49%|████▊     | 94/193 [03:47<04:07,  2.50s/it]INFO:__main__:Requesting https://blog.gopheracademy.com/advent-2016/exposing-go-on-the-internet/
INFO:__main__:Getting metadata for https://blog.gopheracademy.com/advent-2016/exposing-go-on-the-internet/
 49%|████▉     | 95/193 [03:47<03:16,  2.00s/it]INFO:__main__:Requesting https://www.cloudflare.com/learning-resources/tls-1-3/
INFO:__main__:Getting metadata for https://www.cloudflare.com/learning-resources/tls-1-3/
 50%|████▉     | 96/193 [03:48<02:27,  1.52s/it]INFO:__main__:Requesting https://en.wikipedia.org/wiki/Transport_Layer_Security
INFO:__main__:Getting metadata for https://en.wikipedia.org/wiki/Transport_Layer_Security
 50%|█████     | 97/193 [03:56<05:40,  3.54s/it]INFO:__main__:Requesting http://tim.dierks.org/2014/05/security-standards-and-name-changes-in.html
INFO:__main__:Getting metadata for http://tim.dierks.org/2014/05/security-standards-and-name-changes-in.html
 51%|█████     | 98/193 [03:56<04:01,  2.54s/it]INFO:__main__:Requesting https://github.com/golang/go/issues/26650
INFO:__main__:Getting metadata for https://github.com/golang/go/issues/26650
 51%|█████▏    | 99/193 [03:59<03:58,  2.54s/it]INFO:__main__:Requesting https://github.com/boyter/scc
INFO:__main__:Getting metadata for https://github.com/boyter/scc
 52%|█████▏    | 100/193 [04:00<03:08,  2.03s/it]INFO:__main__:Requesting https://golang.org/doc/go1.12#runtime
INFO:__main__:Getting metadata for https://golang.org/doc/go1.12#runtime
 52%|█████▏    | 101/193 [04:00<02:21,  1.53s/it]INFO:__main__:Requesting https://docs.python.org/3/whatsnew/3.6.html#whatsnew36-compactdict
INFO:__main__:Getting metadata for https://docs.python.org/3/whatsnew/3.6.html#whatsnew36-compactdict
 53%|█████▎    | 102/193 [04:02<02:36,  1.72s/it]INFO:__main__:Requesting https://docs.python.org/3/whatsnew/3.7.html
INFO:__main__:Getting metadata for https://docs.python.org/3/whatsnew/3.7.html
 53%|█████▎    | 103/193 [04:04<02:36,  1.74s/it]INFO:__main__:Requesting https://mail.python.org/pipermail/python-dev/2017-December/151283.html
INFO:__main__:Getting metadata for https://mail.python.org/pipermail/python-dev/2017-December/151283.html
 54%|█████▍    | 104/193 [04:06<02:47,  1.88s/it]INFO:__main__:Requesting https://NewReleases.io
INFO:__main__:Getting metadata for https://newreleases.io
 54%|█████▍    | 105/193 [04:07<02:08,  1.45s/it]INFO:__main__:Requesting https://github.com/travis-ci/gimme
INFO:__main__:Getting metadata for https://github.com/travis-ci/gimme
 55%|█████▍    | 106/193 [04:08<01:55,  1.33s/it]INFO:__main__:Requesting https://golang.org/doc/contribute.html
INFO:__main__:Getting metadata for https://golang.org/doc/contribute.html
 55%|█████▌    | 107/193 [04:08<01:27,  1.01s/it]INFO:__main__:Requesting https://github.com/golang/go/wiki/Mobile#building-and-deploying-to-ios
INFO:__main__:Getting metadata for https://github.com/golang/go/wiki/Mobile#building-and-deploying-to-ios
 56%|█████▌    | 108/193 [04:09<01:33,  1.10s/it]INFO:__main__:Requesting https://github.com/golang/go/issues/29934
INFO:__main__:Getting metadata for https://github.com/golang/go/issues/29934
 56%|█████▋    | 109/193 [04:13<02:48,  2.01s/it]INFO:__main__:Requesting https://news.ycombinator.com/newsguidelines.html
INFO:__main__:Getting metadata for https://news.ycombinator.com/newsguidelines.html
 57%|█████▋    | 110/193 [04:15<02:28,  1.79s/it]INFO:__main__:Requesting https://analytics-bypassing-adblockers.netlify.com/
INFO:__main__:Getting metadata for https://analytics-bypassing-adblockers.netlify.com
 58%|█████▊    | 111/193 [04:15<01:50,  1.34s/it]INFO:__main__:Requesting https://vip.wordpress.com/plugins/yavli/
ERROR:__main__:Could not reach https://vip.wordpress.com/plugins/yavli/
Traceback (most recent call last):
  File "/home/travis/virtualenv/python3.6.3/lib/python3.6/site-packages/urllib3/connectionpool.py", line 600, in urlopen
    chunked=chunked)
  File "/home/travis/virtualenv/python3.6.3/lib/python3.6/site-packages/urllib3/connectionpool.py", line 384, in _make_request
    six.raise_from(e, None)
  File "<string>", line 2, in raise_from
  File "/home/travis/virtualenv/python3.6.3/lib/python3.6/site-packages/urllib3/connectionpool.py", line 380, in _make_request
    httplib_response = conn.getresponse()
  File "/opt/python/3.6.3/lib/python3.6/http/client.py", line 1331, in getresponse
    response.begin()
  File "/opt/python/3.6.3/lib/python3.6/http/client.py", line 297, in begin
    version, status, reason = self._read_status()
  File "/opt/python/3.6.3/lib/python3.6/http/client.py", line 266, in _read_status
    raise RemoteDisconnected("Remote end closed connection without"
http.client.RemoteDisconnected: Remote end closed connection without response

During handling of the above exception, another exception occurred:

Traceback (most recent call last):
  File "/home/travis/virtualenv/python3.6.3/lib/python3.6/site-packages/requests/adapters.py", line 449, in send
    timeout=timeout
  File "/home/travis/virtualenv/python3.6.3/lib/python3.6/site-packages/urllib3/connectionpool.py", line 638, in urlopen
    _stacktrace=sys.exc_info()[2])
  File "/home/travis/virtualenv/python3.6.3/lib/python3.6/site-packages/urllib3/util/retry.py", line 367, in increment
    raise six.reraise(type(error), error, _stacktrace)
  File "/home/travis/virtualenv/python3.6.3/lib/python3.6/site-packages/urllib3/packages/six.py", line 685, in reraise
    raise value.with_traceback(tb)
  File "/home/travis/virtualenv/python3.6.3/lib/python3.6/site-packages/urllib3/connectionpool.py", line 600, in urlopen
    chunked=chunked)
  File "/home/travis/virtualenv/python3.6.3/lib/python3.6/site-packages/urllib3/connectionpool.py", line 384, in _make_request
    six.raise_from(e, None)
  File "<string>", line 2, in raise_from
  File "/home/travis/virtualenv/python3.6.3/lib/python3.6/site-packages/urllib3/connectionpool.py", line 380, in _make_request
    httplib_response = conn.getresponse()
  File "/opt/python/3.6.3/lib/python3.6/http/client.py", line 1331, in getresponse
    response.begin()
  File "/opt/python/3.6.3/lib/python3.6/http/client.py", line 297, in begin
    version, status, reason = self._read_status()
  File "/opt/python/3.6.3/lib/python3.6/http/client.py", line 266, in _read_status
    raise RemoteDisconnected("Remote end closed connection without"
urllib3.exceptions.ProtocolError: ('Connection aborted.', RemoteDisconnected('Remote end closed connection without response',))

During handling of the above exception, another exception occurred:

Traceback (most recent call last):
  File "../_scripts/crawler/crawler.py", line 209, in metafy_url
    response = requests.get(url, timeout=6, headers={'User-Agent': 'Mozilla/5.0'})
  File "/home/travis/virtualenv/python3.6.3/lib/python3.6/site-packages/requests/api.py", line 75, in get
    return request('get', url, params=params, **kwargs)
  File "/home/travis/virtualenv/python3.6.3/lib/python3.6/site-packages/requests/api.py", line 60, in request
    return session.request(method=method, url=url, **kwargs)
  File "/home/travis/virtualenv/python3.6.3/lib/python3.6/site-packages/requests/sessions.py", line 533, in request
    resp = self.send(prep, **send_kwargs)
  File "/home/travis/virtualenv/python3.6.3/lib/python3.6/site-packages/requests/sessions.py", line 646, in send
    r = adapter.send(request, **kwargs)
  File "/home/travis/virtualenv/python3.6.3/lib/python3.6/site-packages/requests/adapters.py", line 498, in send
    raise ConnectionError(err, request=request)
requests.exceptions.ConnectionError: ('Connection aborted.', RemoteDisconnected('Remote end closed connection without response',))
 58%|█████▊    | 112/193 [04:15<01:19,  1.02it/s]INFO:__main__:Requesting https://easylist.to/2015/08/19/issues-with-yavli-advertising.html
INFO:__main__:Getting metadata for https://easylist.to/2015/08/19/issues-with-yavli-advertising.html
 59%|█████▊    | 113/193 [04:16<01:07,  1.19it/s]INFO:__main__:Requesting https://ga-dev-tools.appspot.com/hit-builder/
INFO:__main__:Getting metadata for https://ga-dev-tools.appspot.com/hit-builder/
 59%|█████▉    | 114/193 [04:16<00:51,  1.54it/s]INFO:__main__:Requesting https://www.google-analytics.com/r/collect
INFO:__main__:Getting metadata for https://www.google-analytics.com/r/collect
 60%|█████▉    | 115/193 [04:16<00:38,  2.04it/s]INFO:__main__:Requesting https://analytics-bypassing-adblockers.netlify.com/proxy/https://www.google-analytics.com/r/collect?..
INFO:__main__:Getting metadata for https://analytics-bypassing-adblockers.netlify.com/proxy/https://www.google-analytics.com/r/collect?..
 60%|██████    | 116/193 [04:17<00:43,  1.76it/s]INFO:__main__:Requesting https://support.google.com/analytics/answer/2700409
INFO:__main__:Getting metadata for https://support.google.com/analytics/answer/2700409
 61%|██████    | 117/193 [04:17<00:48,  1.58it/s]INFO:__main__:Requesting https://rrregain.com
INFO:__main__:Getting metadata for https://rrregain.com
 61%|██████    | 118/193 [04:18<00:44,  1.69it/s]INFO:__main__:Requesting https://github.com/easylist/easylist/pull/900
INFO:__main__:Getting metadata for https://github.com/easylist/easylist/pull/900
 62%|██████▏   | 119/193 [04:21<01:33,  1.26s/it]INFO:__main__:Requesting https://www.are.na/blog/the-internet%27s-back-to-the-land-movement
INFO:__main__:Getting metadata for https://www.are.na/blog/the-internet%27s-back-to-the-land-movement
 62%|██████▏   | 120/193 [04:21<01:16,  1.05s/it]INFO:__main__:Requesting https://www.youtube.com/watch?v=KTKmcToqKRs
INFO:__main__:Getting metadata for https://www.youtube.com/watch?v=KTKmcToqKRs
 63%|██████▎   | 121/193 [04:22<01:10,  1.03it/s]INFO:__main__:Requesting https://www.theguardian.com/uk-news/2019/feb/08/the-battle-for-the-future-of-stonehenge
INFO:__main__:Getting metadata for https://www.theguardian.com/uk-news/2019/feb/08/the-battle-for-the-future-of-stonehenge
 63%|██████▎   | 122/193 [04:22<00:54,  1.30it/s]INFO:__main__:Requesting https://www.google.fr/maps/place/51°10'38.8"N+1°49'33.4"W/@51.177448,-1.8281397,549m/
INFO:__main__:Getting metadata for https://www.google.fr/maps/place/51%C2%B010'38.8%22N+1%C2%B049'33.4%22W/@51.177448,-1.8281397,549m/
 64%|██████▎   | 123/193 [04:23<00:49,  1.42it/s]INFO:__main__:Requesting http://carhenge.com/wp-content/gallery/carhenge-1/FOC_bw-pic.jpg
INFO:__main__:Getting metadata for http://carhenge.com/wp-content/gallery/carhenge-1/FOC_bw-pic.jpg
 64%|██████▍   | 124/193 [04:30<02:50,  2.48s/it]INFO:__main__:Requesting https://en.wikipedia.org/wiki/Maryhill_Stonehenge
INFO:__main__:Getting metadata for https://en.wikipedia.org/wiki/Maryhill_Stonehenge
 65%|██████▍   | 125/193 [04:30<02:13,  1.97s/it]INFO:__main__:Requesting https://media.gettyimages.com/photos/remains-of-the-olive-oil-presses-and-mill-in-sufetula-sbeitla-tunisia-picture-id568569055
INFO:__main__:Getting metadata for https://media.gettyimages.com/photos/remains-of-the-olive-oil-presses-and-mill-in-sufetula-sbeitla-tunisia-picture-id568569055
 65%|██████▌   | 126/193 [04:42<05:29,  4.92s/it]INFO:__main__:Requesting https://www.researchgate.net/publication/259417162_Roman_Sites_on_the_Tarhuna_Plateau_of_Tripolitania
INFO:__main__:Getting metadata for https://www.researchgate.net/publication/259417162_Roman_Sites_on_the_Tarhuna_Plateau_of_Tripolitania
 66%|██████▌   | 127/193 [04:43<03:58,  3.62s/it]INFO:__main__:Requesting https://www.nytimes.com/1996/09/09/business/programming-languages-survivors-and-wannabes.html
INFO:__main__:Getting metadata for https://www.nytimes.com/1996/09/09/business/programming-languages-survivors-and-wannabes.html
 66%|██████▋   | 128/193 [04:43<02:48,  2.59s/it]INFO:__main__:Requesting http://teavm.org/
INFO:__main__:Getting metadata for http://teavm.org
 67%|██████▋   | 129/193 [04:44<02:18,  2.16s/it]INFO:__main__:Requesting https://www.adacore.com/press/saab-signs-corporate-wide-software-license-with-adacore
INFO:__main__:Getting metadata for https://www.adacore.com/press/saab-signs-corporate-wide-software-license-with-adacore
 67%|██████▋   | 130/193 [04:47<02:32,  2.42s/it]INFO:__main__:Requesting http://spiller.si/new-york-times/
INFO:__main__:Getting metadata for http://spiller.si/new-york-times/
 68%|██████▊   | 131/193 [04:49<02:15,  2.19s/it]INFO:__main__:Requesting http://www.avasdemon.com/2112.php
INFO:__main__:Getting metadata for http://www.avasdemon.com/2112.php
 68%|██████▊   | 132/193 [04:51<02:18,  2.28s/it]INFO:__main__:Requesting https://www.newrafael.com/websites/
INFO:__main__:Getting metadata for https://www.newrafael.com/websites/
 69%|██████▉   | 133/193 [04:53<02:10,  2.18s/it]INFO:__main__:Requesting http://git.kernel.dk/cgit/linux-block/commit/?h=for-next&id=8923ebc04818fcb506829591aa8704baefd661ec
INFO:__main__:Getting metadata for http://git.kernel.dk/cgit/linux-block/commit/?h=for-next&id=8923ebc04818fcb506829591aa8704baefd661ec
 69%|██████▉   | 134/193 [04:55<02:02,  2.08s/it]INFO:__main__:Requesting https://lwn.net/Articles/776703/
INFO:__main__:Getting metadata for https://lwn.net/Articles/776703/
 70%|██████▉   | 135/193 [04:56<01:37,  1.68s/it]INFO:__main__:Requesting https://www.epicgames.com/fortnite/forums/news/announcements/132642-epic-services-stability-update
INFO:__main__:Getting metadata for https://www.epicgames.com/fortnite/forums/news/announcements/132642-epic-services-stability-update
 70%|███████   | 136/193 [04:58<01:41,  1.78s/it]INFO:__main__:Requesting https://www.anandtech.com/show/13301/spectre-and-meltdown-in-hardware-intel-clarifies-whiskey-lake-and-amber-lake
INFO:__main__:Getting metadata for https://www.anandtech.com/show/13301/spectre-and-meltdown-in-hardware-intel-clarifies-whiskey-lake-and-amber-lake
 71%|███████   | 137/193 [04:58<01:17,  1.39s/it]INFO:__main__:Requesting https://github.com/smacke/subsync
INFO:__main__:Getting metadata for https://github.com/smacke/subsync
 72%|███████▏  | 138/193 [04:59<01:11,  1.31s/it]INFO:__main__:Requesting https://en.wikipedia.org/wiki/Convolution
INFO:__main__:Getting metadata for https://en.wikipedia.org/wiki/Convolution
 72%|███████▏  | 139/193 [05:02<01:27,  1.62s/it]INFO:__main__:Requesting https://en.wikipedia.org/wiki/Convolution_theorem
INFO:__main__:Getting metadata for https://en.wikipedia.org/wiki/Convolution_theorem
 73%|███████▎  | 140/193 [05:04<01:29,  1.69s/it]INFO:__main__:Requesting https://github.com/SubtitleEdit/subtitleedit
INFO:__main__:Getting metadata for https://github.com/SubtitleEdit/subtitleedit
 73%|███████▎  | 141/193 [05:05<01:27,  1.68s/it]INFO:__main__:Requesting https://gist.github.com/satori99/2cb06938bfe8532ecc00e60906509052
INFO:__main__:Getting metadata for https://gist.github.com/satori99/2cb06938bfe8532ecc00e60906509052
 74%|███████▎  | 142/193 [05:06<01:12,  1.41s/it]INFO:__main__:Requesting https://github.com/AlbertoSabater/subtitle-synchronization
INFO:__main__:Getting metadata for https://github.com/AlbertoSabater/subtitle-synchronization
 74%|███████▍  | 143/193 [05:07<01:01,  1.23s/it]INFO:__main__:Requesting https://en.wikipedia.org/wiki/Smith%E2%80%93Waterman_algorithm
INFO:__main__:Getting metadata for https://en.wikipedia.org/wiki/Smith%E2%80%93Waterman_algorithm
 75%|███████▍  | 144/193 [05:08<01:05,  1.33s/it]INFO:__main__:Requesting https://journals.plos.org/ploscompbiol/article?id=10.1371/journal.pcbi.1005944
INFO:__main__:Getting metadata for https://journals.plos.org/ploscompbiol/article?id=10.1371/journal.pcbi.1005944
 75%|███████▌  | 145/193 [05:11<01:16,  1.59s/it]INFO:__main__:Requesting https://gist.github.com/jgthms/7dfc20db3478a938069a0191c4e30843
INFO:__main__:Getting metadata for https://gist.github.com/jgthms/7dfc20db3478a938069a0191c4e30843
 76%|███████▌  | 146/193 [05:11<01:02,  1.34s/it]INFO:__main__:Requesting https://github.com/kaegi/aligner
INFO:__main__:Getting metadata for https://github.com/kaegi/aligner
 76%|███████▌  | 147/193 [05:12<00:54,  1.18s/it]INFO:__main__:Requesting https://www.descript.com/
INFO:__main__:Getting metadata for https://www.descript.com
 77%|███████▋  | 148/193 [05:13<00:41,  1.07it/s]INFO:__main__:Requesting https://gist.github.com/chanux/2042676
INFO:__main__:Getting metadata for https://gist.github.com/chanux/2042676
 77%|███████▋  | 149/193 [05:13<00:35,  1.25it/s]INFO:__main__:Requesting https://github.com/pettarin/forced-alignment-tools/blob/master/README.md
INFO:__main__:Getting metadata for https://github.com/pettarin/forced-alignment-tools/blob/master/README.md
 78%|███████▊  | 150/193 [05:14<00:35,  1.22it/s]INFO:__main__:Requesting https://www.futurice.com/blog/improving-documentation-of-open-source-software/
INFO:__main__:Getting metadata for https://www.futurice.com/blog/improving-documentation-of-open-source-software/
 78%|███████▊  | 151/193 [05:15<00:31,  1.34it/s]INFO:__main__:Requesting https://www.writethedocs.org
INFO:__main__:Getting metadata for https://www.writethedocs.org
 79%|███████▉  | 152/193 [05:16<00:35,  1.15it/s]INFO:__main__:Requesting https://www.nature.com/articles/s41598-019-39558-8
INFO:__main__:Getting metadata for https://www.nature.com/articles/s41598-019-39558-8
 79%|███████▉  | 153/193 [05:18<00:58,  1.46s/it]INFO:__main__:Requesting https://en.wikipedia.org/wiki/Fermi_paradox
INFO:__main__:Getting metadata for https://en.wikipedia.org/wiki/Fermi_paradox
 80%|███████▉  | 154/193 [05:21<01:04,  1.66s/it]INFO:__main__:Requesting https://en.wikipedia.org/wiki/Great_Filter
INFO:__main__:Getting metadata for https://en.wikipedia.org/wiki/Great_Filter
 80%|████████  | 155/193 [05:22<00:56,  1.47s/it]INFO:__main__:Requesting https://www.youtube.com/watch?v=amjuJJwI3iM
INFO:__main__:Getting metadata for https://www.youtube.com/watch?v=amjuJJwI3iM
 81%|████████  | 156/193 [05:23<00:49,  1.33s/it]INFO:__main__:Requesting https://en.wikipedia.org/wiki/Self-replicating_spacecraft
INFO:__main__:Getting metadata for https://en.wikipedia.org/wiki/Self-replicating_spacecraft
 81%|████████▏ | 157/193 [05:24<00:46,  1.29s/it]INFO:__main__:Requesting https://www.newscientist.com/article/mg21028184-300-lab-yeast-make-evolutionary-leap-to-multicellularity/
INFO:__main__:Getting metadata for https://www.newscientist.com/article/mg21028184-300-lab-yeast-make-evolutionary-leap-to-multicellularity/
 82%|████████▏ | 158/193 [05:28<01:10,  2.02s/it]INFO:__main__:Requesting https://en.wikipedia.org/wiki/Multicellular_organism#Occurrence
INFO:__main__:Getting metadata for https://en.wikipedia.org/wiki/Multicellular_organism#Occurrence
 82%|████████▏ | 159/193 [05:29<01:00,  1.78s/it]INFO:__main__:Requesting https://en.wikipedia.org/wiki/Stellar_population#Population_I_stars
INFO:__main__:Getting metadata for https://en.wikipedia.org/wiki/Stellar_population#Population_I_stars
 83%|████████▎ | 160/193 [05:30<00:54,  1.65s/it]INFO:__main__:Requesting https://en.m.wikipedia.org/wiki/Volvox
INFO:__main__:Getting metadata for https://en.m.wikipedia.org/wiki/Volvox
 83%|████████▎ | 161/193 [05:31<00:44,  1.40s/it]INFO:__main__:Requesting https://en.wikipedia.org/wiki/Chlamydomonadales
INFO:__main__:Getting metadata for https://en.wikipedia.org/wiki/Chlamydomonadales
 84%|████████▍ | 162/193 [05:32<00:37,  1.21s/it]INFO:__main__:Requesting https://en.wikipedia.org/wiki/Caulerpa
INFO:__main__:Getting metadata for https://en.wikipedia.org/wiki/Caulerpa
 84%|████████▍ | 163/193 [05:33<00:33,  1.13s/it]INFO:__main__:Requesting https://www.talospace.com/2019/02/the-last-power1-on-mars-is-dead.html
INFO:__main__:Getting metadata for https://www.talospace.com/2019/02/the-last-power1-on-mars-is-dead.html
 85%|████████▍ | 164/193 [05:33<00:25,  1.14it/s]INFO:__main__:Requesting https://en.wikipedia.org/wiki/Intergalactic_Computer_Network
INFO:__main__:Getting metadata for https://en.wikipedia.org/wiki/Intergalactic_Computer_Network
 85%|████████▌ | 165/193 [05:34<00:23,  1.19it/s]INFO:__main__:Requesting https://en.wikipedia.org/wiki/CCSDS_File_Delivery_Protocol
INFO:__main__:Getting metadata for https://en.wikipedia.org/wiki/CCSDS_File_Delivery_Protocol
 86%|████████▌ | 166/193 [05:34<00:21,  1.26it/s]INFO:__main__:Requesting https://en.wikipedia.org/wiki/Rumi_calendar#/media/File:1911_Ottoman_Calendar.jpg
INFO:__main__:Getting metadata for https://en.wikipedia.org/wiki/Rumi_calendar#/media/File:1911_Ottoman_Calendar.jpg
 87%|████████▋ | 167/193 [05:35<00:23,  1.13it/s]INFO:__main__:Requesting https://en.wikipedia.org/wiki/Royal_Observatory,_Greenwich#Observatory_museum
INFO:__main__:Getting metadata for https://en.wikipedia.org/wiki/Royal_Observatory,_Greenwich#Observatory_museum
 87%|████████▋ | 168/193 [05:37<00:29,  1.17s/it]INFO:__main__:Requesting https://en.m.wikipedia.org/wiki/Proper_time
INFO:__main__:Getting metadata for https://en.m.wikipedia.org/wiki/Proper_time
 88%|████████▊ | 169/193 [05:39<00:32,  1.37s/it]INFO:__main__:Requesting http://www.jb.man.ac.uk/distance/frontiers/pulsars/section4.html
INFO:__main__:Getting metadata for http://www.jb.man.ac.uk/distance/frontiers/pulsars/section4.html
 88%|████████▊ | 170/193 [05:42<00:38,  1.69s/it]INFO:__main__:Requesting http://physicscentral.com/explore/writers/will.cfm
INFO:__main__:Getting metadata for http://physicscentral.com/explore/writers/will.cfm
 89%|████████▊ | 171/193 [05:42<00:27,  1.27s/it]INFO:__main__:Requesting https://space.stackexchange.com/questions/33590/time-dilation-between-mars-and-earth-due-to-different-mass
INFO:__main__:Getting metadata for https://space.stackexchange.com/questions/33590/time-dilation-between-mars-and-earth-due-to-different-mass
 89%|████████▉ | 172/193 [05:43<00:23,  1.14s/it]INFO:__main__:Requesting https://en.wikipedia.org/wiki/Pulsar#Precise_clocks
INFO:__main__:Getting metadata for https://en.wikipedia.org/wiki/Pulsar#Precise_clocks
 90%|████████▉ | 173/193 [05:45<00:27,  1.38s/it]INFO:__main__:Requesting https://en.wikipedia.org/wiki/Pulsar_clock
INFO:__main__:Getting metadata for https://en.wikipedia.org/wiki/Pulsar_clock
 90%|█████████ | 174/193 [05:45<00:22,  1.18s/it]INFO:__main__:Requesting https://www.w3.org/TR/html52/textlevel-semantics.html#the-time-element
INFO:__main__:Getting metadata for https://www.w3.org/TR/html52/textlevel-semantics.html#the-time-element
 91%|█████████ | 175/193 [06:08<02:14,  7.48s/it]INFO:__main__:Requesting https://en.wikipedia.org/wiki/Barycentric_Coordinate_Time
INFO:__main__:Getting metadata for https://en.wikipedia.org/wiki/Barycentric_Coordinate_Time
 91%|█████████ | 176/193 [06:08<01:33,  5.48s/it]INFO:__main__:Requesting https://en.wikipedia.org/wiki/International_System_of_Units#Base_units
INFO:__main__:Getting metadata for https://en.wikipedia.org/wiki/International_System_of_Units#Base_units
 92%|█████████▏| 177/193 [06:11<01:12,  4.53s/it]INFO:__main__:Requesting https://en.wikipedia.org/wiki/Swatch_Internet_Time
INFO:__main__:Getting metadata for https://en.wikipedia.org/wiki/Swatch_Internet_Time
 92%|█████████▏| 178/193 [06:11<00:51,  3.41s/it]INFO:__main__:Requesting https://stackoverflow.com/questions/1024711/hidden-features-of-tcl-tk#comment838620_1026619
INFO:__main__:Getting metadata for https://stackoverflow.com/questions/1024711/hidden-features-of-tcl-tk#comment838620_1026619
 93%|█████████▎| 179/193 [06:12<00:35,  2.53s/it]INFO:__main__:Requesting https://en.wikipedia.org/wiki/Stardate
INFO:__main__:Getting metadata for https://en.wikipedia.org/wiki/Stardate
 93%|█████████▎| 180/193 [06:13<00:27,  2.12s/it]INFO:__main__:Requesting http://ops-alaska.com/time/gangale_mst/abstract.htm
INFO:__main__:Getting metadata for http://ops-alaska.com/time/gangale_mst/abstract.htm
 94%|█████████▍| 181/193 [06:14<00:19,  1.62s/it]INFO:__main__:Requesting https://www.powerpc-notebook.org/
INFO:__main__:Getting metadata for https://www.powerpc-notebook.org/en/
 94%|█████████▍| 182/193 [06:16<00:20,  1.84s/it]INFO:__main__:Requesting https://mars.nasa.gov/mer/mission/rover-status/opportunity/recent/all/
INFO:__main__:Getting metadata for https://mars.nasa.gov/mer/mission/rover-status/opportunity/recent/all/
 95%|█████████▍| 183/193 [06:16<00:13,  1.38s/it]INFO:__main__:Requesting https://pudding.cool/2019/02/gyllenhaal/
INFO:__main__:Getting metadata for https://pudding.cool/2019/02/gyllenhaal/
 95%|█████████▌| 184/193 [06:16<00:09,  1.03s/it]INFO:__main__:Requesting http://www.lel.ed.ac.uk/ihd/elalme/elalme_frames.html
INFO:__main__:Getting metadata for http://www.lel.ed.ac.uk/ihd/elalme/elalme_frames.html
 96%|█████████▌| 185/193 [06:18<00:08,  1.09s/it]INFO:__main__:Requesting http://www.amc.lel.ed.ac.uk/?page_id=563
INFO:__main__:Getting metadata for http://www.amc.lel.ed.ac.uk/?page_id=563
 96%|█████████▋| 186/193 [06:22<00:15,  2.17s/it]INFO:__main__:Requesting https://mashedradish.com/2017/05/16/the-bureau-of-etymological-investigation/
ERROR:__main__:Could not reach https://mashedradish.com/2017/05/16/the-bureau-of-etymological-investigation/
Traceback (most recent call last):
  File "/home/travis/virtualenv/python3.6.3/lib/python3.6/site-packages/urllib3/connectionpool.py", line 600, in urlopen
    chunked=chunked)
  File "/home/travis/virtualenv/python3.6.3/lib/python3.6/site-packages/urllib3/connectionpool.py", line 384, in _make_request
    six.raise_from(e, None)
  File "<string>", line 2, in raise_from
  File "/home/travis/virtualenv/python3.6.3/lib/python3.6/site-packages/urllib3/connectionpool.py", line 380, in _make_request
    httplib_response = conn.getresponse()
  File "/opt/python/3.6.3/lib/python3.6/http/client.py", line 1331, in getresponse
    response.begin()
  File "/opt/python/3.6.3/lib/python3.6/http/client.py", line 297, in begin
    version, status, reason = self._read_status()
  File "/opt/python/3.6.3/lib/python3.6/http/client.py", line 266, in _read_status
    raise RemoteDisconnected("Remote end closed connection without"
http.client.RemoteDisconnected: Remote end closed connection without response

During handling of the above exception, another exception occurred:

Traceback (most recent call last):
  File "/home/travis/virtualenv/python3.6.3/lib/python3.6/site-packages/requests/adapters.py", line 449, in send
    timeout=timeout
  File "/home/travis/virtualenv/python3.6.3/lib/python3.6/site-packages/urllib3/connectionpool.py", line 638, in urlopen
    _stacktrace=sys.exc_info()[2])
  File "/home/travis/virtualenv/python3.6.3/lib/python3.6/site-packages/urllib3/util/retry.py", line 367, in increment
    raise six.reraise(type(error), error, _stacktrace)
  File "/home/travis/virtualenv/python3.6.3/lib/python3.6/site-packages/urllib3/packages/six.py", line 685, in reraise
    raise value.with_traceback(tb)
  File "/home/travis/virtualenv/python3.6.3/lib/python3.6/site-packages/urllib3/connectionpool.py", line 600, in urlopen
    chunked=chunked)
  File "/home/travis/virtualenv/python3.6.3/lib/python3.6/site-packages/urllib3/connectionpool.py", line 384, in _make_request
    six.raise_from(e, None)
  File "<string>", line 2, in raise_from
  File "/home/travis/virtualenv/python3.6.3/lib/python3.6/site-packages/urllib3/connectionpool.py", line 380, in _make_request
    httplib_response = conn.getresponse()
  File "/opt/python/3.6.3/lib/python3.6/http/client.py", line 1331, in getresponse
    response.begin()
  File "/opt/python/3.6.3/lib/python3.6/http/client.py", line 297, in begin
    version, status, reason = self._read_status()
  File "/opt/python/3.6.3/lib/python3.6/http/client.py", line 266, in _read_status
    raise RemoteDisconnected("Remote end closed connection without"
urllib3.exceptions.ProtocolError: ('Connection aborted.', RemoteDisconnected('Remote end closed connection without response',))

During handling of the above exception, another exception occurred:

Traceback (most recent call last):
  File "../_scripts/crawler/crawler.py", line 209, in metafy_url
    response = requests.get(url, timeout=6, headers={'User-Agent': 'Mozilla/5.0'})
  File "/home/travis/virtualenv/python3.6.3/lib/python3.6/site-packages/requests/api.py", line 75, in get
    return request('get', url, params=params, **kwargs)
  File "/home/travis/virtualenv/python3.6.3/lib/python3.6/site-packages/requests/api.py", line 60, in request
    return session.request(method=method, url=url, **kwargs)
  File "/home/travis/virtualenv/python3.6.3/lib/python3.6/site-packages/requests/sessions.py", line 533, in request
    resp = self.send(prep, **send_kwargs)
  File "/home/travis/virtualenv/python3.6.3/lib/python3.6/site-packages/requests/sessions.py", line 646, in send
    r = adapter.send(request, **kwargs)
  File "/home/travis/virtualenv/python3.6.3/lib/python3.6/site-packages/requests/adapters.py", line 498, in send
    raise ConnectionError(err, request=request)
requests.exceptions.ConnectionError: ('Connection aborted.', RemoteDisconnected('Remote end closed connection without response',))
 97%|█████████▋| 187/193 [06:22<00:09,  1.56s/it]INFO:__main__:Requesting http://www.thesmokinggun.com/documents/crime/actor-mcconaughey-nude-bongo-bust-0
INFO:__main__:Getting metadata for http://www.thesmokinggun.com/documents/crime/actor-mcconaughey-nude-bongo-bust-0
 97%|█████████▋| 188/193 [06:23<00:06,  1.29s/it]INFO:__main__:Requesting https://chuckpalahniuk.net/author/frequently-asked-questions-about-chuck-palahniuk#biographical-1
INFO:__main__:Getting metadata for https://chuckpalahniuk.net/author/frequently-asked-questions-about-chuck-palahniuk#biographical-1
 98%|█████████▊| 189/193 [06:24<00:04,  1.13s/it]INFO:__main__:Requesting https://en.wikipedia.org/wiki/Ukrainian_alphabet#Letter_names_and_pronunciation
INFO:__main__:Getting metadata for https://en.wikipedia.org/wiki/Ukrainian_alphabet#Letter_names_and_pronunciation
 98%|█████████▊| 190/193 [06:25<00:03,  1.22s/it]INFO:__main__:Requesting https://en.wiktionary.org/wiki/ɦ
INFO:__main__:Getting metadata for https://en.wiktionary.org/wiki/%C9%A6
 99%|█████████▉| 191/193 [06:26<00:02,  1.04s/it]INFO:__main__:Requesting https://en.wikipedia.org/wiki/Romanization_of_Ukrainian#Tables_of_romanization_systems
INFO:__main__:Getting metadata for https://en.wikipedia.org/wiki/Romanization_of_Ukrainian#Tables_of_romanization_systems
 99%|█████████▉| 192/193 [06:27<00:01,  1.11s/it]INFO:__main__:Requesting https://en.wikipedia.org/wiki/Irish_name
INFO:__main__:Getting metadata for https://en.wikipedia.org/wiki/Irish_name
100%|██████████| 193/193 [06:29<00:00,  1.22s/it]
