INFO:__main__:Get urls from stories
  0%|          | 0/30 [00:00<?, ?it/s]  3%|▎         | 1/30 [00:01<00:33,  1.17s/it]  7%|▋         | 2/30 [00:02<00:30,  1.08s/it] 10%|█         | 3/30 [00:02<00:24,  1.09it/s] 13%|█▎        | 4/30 [00:05<00:36,  1.41s/it] 20%|██        | 6/30 [00:05<00:24,  1.03s/it] 23%|██▎       | 7/30 [00:05<00:17,  1.29it/s] 27%|██▋       | 8/30 [00:05<00:12,  1.71it/s] 30%|███       | 9/30 [00:05<00:09,  2.15it/s] 33%|███▎      | 10/30 [00:06<00:07,  2.53it/s] 37%|███▋      | 11/30 [00:06<00:09,  2.10it/s] 40%|████      | 12/30 [00:07<00:06,  2.67it/s] 47%|████▋     | 14/30 [00:09<00:10,  1.60it/s] 50%|█████     | 15/30 [00:09<00:08,  1.86it/s] 57%|█████▋    | 17/30 [00:10<00:05,  2.22it/s] 60%|██████    | 18/30 [00:10<00:05,  2.05it/s] 63%|██████▎   | 19/30 [00:10<00:04,  2.67it/s] 70%|███████   | 21/30 [00:11<00:02,  3.43it/s] 77%|███████▋  | 23/30 [00:12<00:02,  2.89it/s] 80%|████████  | 24/30 [00:13<00:04,  1.50it/s] 83%|████████▎ | 25/30 [00:13<00:02,  1.67it/s] 90%|█████████ | 27/30 [00:14<00:01,  2.30it/s] 93%|█████████▎| 28/30 [00:14<00:00,  2.81it/s] 97%|█████████▋| 29/30 [00:15<00:00,  2.01it/s]100%|██████████| 30/30 [00:16<00:00,  1.14it/s]
  0%|          | 0/208 [00:00<?, ?it/s]INFO:__main__:Requesting https://www.economist.com/international/2019/03/09/first-class-air-travel-is-in-decline
INFO:__main__:Getting metadata for https://www.economist.com/international/2019/03/09/first-class-air-travel-is-in-decline
  0%|          | 1/208 [00:00<01:37,  2.13it/s]INFO:__main__:Requesting https://www.joelonsoftware.com/2006/09/07/a-field-guide-to-developers-2/
INFO:__main__:Getting metadata for https://www.joelonsoftware.com/2006/09/07/a-field-guide-to-developers-2/
  1%|          | 2/208 [00:01<02:03,  1.67it/s]INFO:__main__:Requesting https://www.heathrowvip.com/
INFO:__main__:Getting metadata for https://www.heathrowvip.com
  1%|▏         | 3/208 [00:03<03:57,  1.16s/it]INFO:__main__:Requesting https://onemileatatime.com/united-airlines-premium-economy/
INFO:__main__:Getting metadata for https://onemileatatime.com/united-airlines-premium-economy/
  2%|▏         | 4/208 [00:04<03:13,  1.06it/s]INFO:__main__:Requesting https://www.thisisinsider.com/fake-private-jet-interior-inside-los-angeles-fred-segal-store-for-instagram-photos-2018-11
INFO:__main__:Getting metadata for https://www.thisisinsider.com/fake-private-jet-interior-inside-los-angeles-fred-segal-store-for-instagram-photos-2018-11
  2%|▏         | 5/208 [00:04<02:26,  1.38it/s]INFO:__main__:Requesting https://www.nytimes.com/2017/07/27/climate/airplane-pollution-global-warming.html
INFO:__main__:Getting metadata for https://www.nytimes.com/2017/07/27/climate/airplane-pollution-global-warming.html
  3%|▎         | 6/208 [00:04<01:58,  1.71it/s]INFO:__main__:Requesting https://www.youtube.com/watch?v=BzB5xtGGsTc
INFO:__main__:Getting metadata for https://www.youtube.com/watch?v=BzB5xtGGsTc
  3%|▎         | 7/208 [00:05<02:17,  1.46it/s]INFO:__main__:Requesting https://outline.com/mqZDVV
INFO:__main__:Getting metadata for https://outline.com/mqZDVV
  4%|▍         | 8/208 [00:06<02:26,  1.37it/s]INFO:__main__:Requesting https://onemileatatime.com/emirates-a380-first-class-vs-business-class/
INFO:__main__:Getting metadata for https://onemileatatime.com/emirates-a380-first-class-vs-business-class/
  4%|▍         | 9/208 [00:06<02:10,  1.53it/s]INFO:__main__:Requesting https://www.seatguru.com/airlines/United_Airlines/United_Airlines_Boeing_777-200_9.php
INFO:__main__:Getting metadata for https://www.seatguru.com/airlines/United_Airlines/United_Airlines_Boeing_777-200_9.php
  5%|▍         | 10/208 [00:10<05:03,  1.53s/it]INFO:__main__:Requesting https://www.seatguru.com/airlines/United_Airlines/United_Airlines_Boeing_777-300ER.php
INFO:__main__:Getting metadata for https://www.seatguru.com/airlines/United_Airlines/United_Airlines_Boeing_777-300ER.php
  5%|▌         | 11/208 [00:14<07:04,  2.15s/it]INFO:__main__:Requesting https://apenwarr.ca/log/20190207
INFO:__main__:Getting metadata for https://apenwarr.ca/log/20190207
  6%|▌         | 12/208 [00:14<05:28,  1.68s/it]INFO:__main__:Requesting https://www.cringely.com/tag/accidental-empires/
INFO:__main__:Getting metadata for https://www.cringely.com/tag/accidental-empires/
  6%|▋         | 13/208 [00:15<04:14,  1.31s/it]INFO:__main__:Requesting https://en.m.wikipedia.org/wiki/Hover%21
INFO:__main__:Getting metadata for https://en.m.wikipedia.org/wiki/Hover%21
  7%|▋         | 14/208 [00:15<03:40,  1.14s/it]INFO:__main__:Requesting http://www.hover.ie/
INFO:__main__:Getting metadata for http://www.hover.ie
  7%|▋         | 15/208 [00:16<02:56,  1.09it/s]INFO:__main__:Requesting https://blogs.msdn.microsoft.com/oldnewthing/20121218-00/?p=5803/
INFO:__main__:Getting metadata for https://blogs.msdn.microsoft.com/oldnewthing/20121218-00/?p=5803/
  8%|▊         | 16/208 [00:18<04:05,  1.28s/it]INFO:__main__:Requesting https://www.youtube.com/channel/UCkJ6eQKpHZgsZBla4JgKj3A
INFO:__main__:Getting metadata for https://www.youtube.com/channel/UCkJ6eQKpHZgsZBla4JgKj3A
  8%|▊         | 17/208 [00:21<06:13,  1.95s/it]INFO:__main__:Requesting https://en.wikipedia.org/wiki/Triumph_of_the_Nerds
INFO:__main__:Getting metadata for https://en.wikipedia.org/wiki/Triumph_of_the_Nerds
  9%|▊         | 18/208 [00:22<05:12,  1.64s/it]INFO:__main__:Requesting https://youtu.be/sX5g0kidk3Y
INFO:__main__:Getting metadata for https://www.youtube.com/watch?v=sX5g0kidk3Y&feature=youtu.be
  9%|▉         | 19/208 [00:23<04:31,  1.43s/it]INFO:__main__:Requesting https://youtu.be/Pk2BWphDfvc
INFO:__main__:Getting metadata for https://www.youtube.com/watch?v=Pk2BWphDfvc&feature=youtu.be
 10%|▉         | 20/208 [00:24<03:54,  1.25s/it]INFO:__main__:Requesting https://en.wikipedia.org/wiki/Apricot_PC
INFO:__main__:Getting metadata for https://en.wikipedia.org/wiki/Apricot_PC
 10%|█         | 21/208 [00:25<03:28,  1.11s/it]INFO:__main__:Requesting https://en.wikipedia.org/wiki/SuperDisk
INFO:__main__:Getting metadata for https://en.wikipedia.org/wiki/SuperDisk
 11%|█         | 22/208 [00:26<03:09,  1.02s/it]INFO:__main__:Requesting https://www.amazon.com/dp/0887308554/
INFO:__main__:Getting metadata for https://www.amazon.com/dp/0887308554/
 11%|█         | 23/208 [00:34<09:55,  3.22s/it]INFO:__main__:Requesting https://meet.libbyapp.com/
INFO:__main__:Getting metadata for https://meet.libbyapp.com
 12%|█▏        | 24/208 [00:35<07:41,  2.51s/it]INFO:__main__:Requesting https://help.libbyapp.com/6059.htm
INFO:__main__:Getting metadata for https://help.libbyapp.com/6059.htm
 12%|█▏        | 25/208 [00:36<05:59,  1.97s/it]INFO:__main__:Requesting http://www.obelisk.me.uk/6502/instructions.html
INFO:__main__:Getting metadata for http://www.obelisk.me.uk/6502/instructions.html
 12%|█▎        | 26/208 [00:37<05:31,  1.82s/it]INFO:__main__:Requesting https://www.expunctis.com/2019/03/07/Not-so-random.html
INFO:__main__:Getting metadata for https://www.expunctis.com/2019/03/07/Not-so-random.html
 13%|█▎        | 27/208 [00:37<04:01,  1.34s/it]INFO:__main__:Requesting https://en.wikipedia.org/wiki/De_Bruijn_sequence
INFO:__main__:Getting metadata for https://en.wikipedia.org/wiki/De_Bruijn_sequence
 13%|█▎        | 28/208 [00:39<03:55,  1.31s/it]INFO:__main__:Requesting https://www.expunctis.com/2019/03/07/Not-so-random.html"
INFO:__main__:Requesting https://gist.github.com/kkwteh/b81d8e599ec46a2d64b096f953a11e63
INFO:__main__:Getting metadata for https://gist.github.com/kkwteh/b81d8e599ec46a2d64b096f953a11e63
 14%|█▍        | 30/208 [00:39<03:04,  1.04s/it]INFO:__main__:Requesting http://people.ischool.berkeley.edu/~nick/aaronson-oracle/
INFO:__main__:Getting metadata for http://people.ischool.berkeley.edu/~nick/aaronson-oracle/
 15%|█▍        | 31/208 [00:50<11:48,  4.00s/it]INFO:__main__:Requesting https://dilbert.com/strip/2001-10-25
INFO:__main__:Getting metadata for https://dilbert.com/strip/2001-10-25
 15%|█▌        | 32/208 [00:51<09:07,  3.11s/it]INFO:__main__:Requesting https://i.imgur.com/O3EggFY.png
INFO:__main__:Getting metadata for https://i.imgur.com/O3EggFY.png
 16%|█▌        | 33/208 [00:52<07:05,  2.43s/it]INFO:__main__:Requesting https://www.afiniti.com/corporate/rock-paper-scissors
INFO:__main__:Getting metadata for https://www.afiniti.com/corporate/rock-paper-scissors
 16%|█▋        | 34/208 [00:53<05:42,  1.97s/it]INFO:__main__:Requesting https://www.nytimes.com/2019/03/08/us/politics/elizabeth-warren-amazon.html
INFO:__main__:Getting metadata for https://www.nytimes.com/2019/03/08/us/politics/elizabeth-warren-amazon.html
 17%|█▋        | 35/208 [00:53<04:09,  1.44s/it]INFO:__main__:Requesting https://www.theguardian.com/technology/2015/apr/21/google-comcast-lobbying-soars
INFO:__main__:Getting metadata for https://www.theguardian.com/technology/2015/apr/21/google-comcast-lobbying-soars
 17%|█▋        | 36/208 [00:54<03:24,  1.19s/it]INFO:__main__:Requesting https://www.economist.com/briefing/2016/03/26/too-much-of-a-good-thing
INFO:__main__:Getting metadata for https://www.economist.com/briefing/2016/03/26/too-much-of-a-good-thing
 18%|█▊        | 37/208 [00:54<02:45,  1.03it/s]INFO:__main__:Requesting https://en.wikipedia.org/wiki/Boeing
INFO:__main__:Getting metadata for https://en.wikipedia.org/wiki/Boeing
 18%|█▊        | 38/208 [00:57<04:06,  1.45s/it]INFO:__main__:Requesting https://i.imgur.com/rMFqmbt.jpg
INFO:__main__:Getting metadata for https://i.imgur.com/rMFqmbt.jpg
 19%|█▉        | 39/208 [01:07<11:08,  3.95s/it]INFO:__main__:Requesting https://www.motherjones.com/politics/2019/03/att-time-warner-doj-donald-trump-monopolies/
INFO:__main__:Getting metadata for https://www.motherjones.com/politics/2019/03/att-time-warner-doj-donald-trump-monopolies/
 19%|█▉        | 40/208 [01:07<08:03,  2.88s/it]INFO:__main__:Requesting https://www.propublica.org/article/these-professors-make-more-than-thousand-bucks-hour-peddling-mega-mergers
INFO:__main__:Getting metadata for https://www.propublica.org/article/these-professors-make-more-than-thousand-bucks-hour-peddling-mega-mergers
 20%|█▉        | 41/208 [01:07<05:52,  2.11s/it]INFO:__main__:Requesting https://en.wikipedia.org/wiki/Air_Mail_scandal#Effects_on_the_airline_industry
INFO:__main__:Getting metadata for https://en.wikipedia.org/wiki/Air_Mail_scandal#Effects_on_the_airline_industry
 20%|██        | 42/208 [01:10<06:17,  2.28s/it]INFO:__main__:Requesting https://medium.com/@teamwarren/heres-how-we-can-break-up-big-tech-9ad9e0da324c
INFO:__main__:Getting metadata for https://medium.com/@teamwarren/heres-how-we-can-break-up-big-tech-9ad9e0da324c
 21%|██        | 43/208 [01:10<04:43,  1.72s/it]INFO:__main__:Requesting https://stratechery.com/2017/amazons-new-customer/
INFO:__main__:Getting metadata for https://stratechery.com/2017/amazons-new-customer/
 21%|██        | 44/208 [01:11<03:48,  1.39s/it]INFO:__main__:Requesting https://stratechery.com/wp-content/uploads/2017/06/stratechery-Year-One-270.png
INFO:__main__:Getting metadata for https://stratechery.com/wp-content/uploads/2017/06/stratechery-Year-One-270.png
 22%|██▏       | 45/208 [01:20<10:04,  3.71s/it]INFO:__main__:Requesting https://techcrunch.com/2017/06/27/google-fined-e2-42bn-for-eu-antitrust-violations-over-shopping-searches/
ERROR:__main__:Could not reach https://techcrunch.com/2017/06/27/google-fined-e2-42bn-for-eu-antitrust-violations-over-shopping-searches/
Traceback (most recent call last):
  File "/home/travis/virtualenv/python3.6.3/lib/python3.6/site-packages/urllib3/connectionpool.py", line 600, in urlopen
    chunked=chunked)
  File "/home/travis/virtualenv/python3.6.3/lib/python3.6/site-packages/urllib3/connectionpool.py", line 384, in _make_request
    six.raise_from(e, None)
  File "<string>", line 2, in raise_from
  File "/home/travis/virtualenv/python3.6.3/lib/python3.6/site-packages/urllib3/connectionpool.py", line 380, in _make_request
    httplib_response = conn.getresponse()
  File "/opt/python/3.6.3/lib/python3.6/http/client.py", line 1331, in getresponse
    response.begin()
  File "/opt/python/3.6.3/lib/python3.6/http/client.py", line 297, in begin
    version, status, reason = self._read_status()
  File "/opt/python/3.6.3/lib/python3.6/http/client.py", line 266, in _read_status
    raise RemoteDisconnected("Remote end closed connection without"
http.client.RemoteDisconnected: Remote end closed connection without response

During handling of the above exception, another exception occurred:

Traceback (most recent call last):
  File "/home/travis/virtualenv/python3.6.3/lib/python3.6/site-packages/requests/adapters.py", line 449, in send
    timeout=timeout
  File "/home/travis/virtualenv/python3.6.3/lib/python3.6/site-packages/urllib3/connectionpool.py", line 638, in urlopen
    _stacktrace=sys.exc_info()[2])
  File "/home/travis/virtualenv/python3.6.3/lib/python3.6/site-packages/urllib3/util/retry.py", line 367, in increment
    raise six.reraise(type(error), error, _stacktrace)
  File "/home/travis/virtualenv/python3.6.3/lib/python3.6/site-packages/urllib3/packages/six.py", line 685, in reraise
    raise value.with_traceback(tb)
  File "/home/travis/virtualenv/python3.6.3/lib/python3.6/site-packages/urllib3/connectionpool.py", line 600, in urlopen
    chunked=chunked)
  File "/home/travis/virtualenv/python3.6.3/lib/python3.6/site-packages/urllib3/connectionpool.py", line 384, in _make_request
    six.raise_from(e, None)
  File "<string>", line 2, in raise_from
  File "/home/travis/virtualenv/python3.6.3/lib/python3.6/site-packages/urllib3/connectionpool.py", line 380, in _make_request
    httplib_response = conn.getresponse()
  File "/opt/python/3.6.3/lib/python3.6/http/client.py", line 1331, in getresponse
    response.begin()
  File "/opt/python/3.6.3/lib/python3.6/http/client.py", line 297, in begin
    version, status, reason = self._read_status()
  File "/opt/python/3.6.3/lib/python3.6/http/client.py", line 266, in _read_status
    raise RemoteDisconnected("Remote end closed connection without"
urllib3.exceptions.ProtocolError: ('Connection aborted.', RemoteDisconnected('Remote end closed connection without response',))

During handling of the above exception, another exception occurred:

Traceback (most recent call last):
  File "../_scripts/crawler/crawler.py", line 210, in metafy_url
    response = requests.get(url, timeout=6, headers={'User-Agent': 'Mozilla/5.0'})
  File "/home/travis/virtualenv/python3.6.3/lib/python3.6/site-packages/requests/api.py", line 75, in get
    return request('get', url, params=params, **kwargs)
  File "/home/travis/virtualenv/python3.6.3/lib/python3.6/site-packages/requests/api.py", line 60, in request
    return session.request(method=method, url=url, **kwargs)
  File "/home/travis/virtualenv/python3.6.3/lib/python3.6/site-packages/requests/sessions.py", line 533, in request
    resp = self.send(prep, **send_kwargs)
  File "/home/travis/virtualenv/python3.6.3/lib/python3.6/site-packages/requests/sessions.py", line 646, in send
    r = adapter.send(request, **kwargs)
  File "/home/travis/virtualenv/python3.6.3/lib/python3.6/site-packages/requests/adapters.py", line 498, in send
    raise ConnectionError(err, request=request)
requests.exceptions.ConnectionError: ('Connection aborted.', RemoteDisconnected('Remote end closed connection without response',))
 22%|██▏       | 46/208 [01:20<07:07,  2.64s/it]INFO:__main__:Requesting https://en.wikipedia.org/wiki/United_States_v._Microsoft_Corp.#Settlement
INFO:__main__:Getting metadata for https://en.wikipedia.org/wiki/United_States_v._Microsoft_Corp.#Settlement
 23%|██▎       | 47/208 [01:22<06:21,  2.37s/it]INFO:__main__:Requesting https://twitter.com/paulg/status/886953410356011008
INFO:__main__:Getting metadata for https://twitter.com/paulg/status/886953410356011008
 23%|██▎       | 48/208 [01:23<05:13,  1.96s/it]INFO:__main__:Requesting https://www.npr.org/sections/money/2019/02/22/697170790/antitrust-3-big-tech
INFO:__main__:Getting metadata for https://www.npr.org/sections/money/2019/02/22/697170790/antitrust-3-big-tech
 24%|██▎       | 49/208 [01:23<03:51,  1.46s/it]INFO:__main__:Requesting https://www.npr.org/sections/money/2019/02/15/695131832/antitrust-1-standard-oil
INFO:__main__:Getting metadata for https://www.npr.org/sections/money/2019/02/15/695131832/antitrust-1-standard-oil
 24%|██▍       | 50/208 [01:24<03:03,  1.16s/it]INFO:__main__:Requesting https://www.npr.org/sections/money/2019/02/20/696342011/antitrust-2-the-paradox
INFO:__main__:Getting metadata for https://www.npr.org/sections/money/2019/02/20/696342011/antitrust-2-the-paradox
 25%|██▍       | 51/208 [01:24<02:26,  1.07it/s]INFO:__main__:Requesting https://www.justice.gov/atr/non-horizontal-merger-guidelines
INFO:__main__:Getting metadata for https://www.justice.gov/atr/non-horizontal-merger-guidelines
 25%|██▌       | 52/208 [01:25<01:58,  1.32it/s]INFO:__main__:Requesting https://www.nytimes.com/2018/12/26/technology/india-amazon-walmart-online-retail.html
INFO:__main__:Getting metadata for https://www.nytimes.com/2018/12/26/technology/india-amazon-walmart-online-retail.html
 25%|██▌       | 53/208 [01:26<02:05,  1.24it/s]INFO:__main__:Requesting https://youtu.be/OzXnVSZbvAw
INFO:__main__:Getting metadata for https://www.youtube.com/watch?v=OzXnVSZbvAw&feature=youtu.be
 26%|██▌       | 54/208 [01:26<02:11,  1.17it/s]INFO:__main__:Requesting https://medium.com/@teamwarren/9ad9e0da324c
INFO:__main__:Getting metadata for https://medium.com/@teamwarren/heres-how-we-can-break-up-big-tech-9ad9e0da324c
 26%|██▋       | 55/208 [01:27<01:57,  1.31it/s]INFO:__main__:Requesting https://en.wikipedia.org/wiki/Regulatory_capture
INFO:__main__:Getting metadata for https://en.wikipedia.org/wiki/Regulatory_capture
 27%|██▋       | 56/208 [01:29<02:48,  1.11s/it]INFO:__main__:Requesting https://en.wikipedia.org/wiki/Evergreening
INFO:__main__:Getting metadata for https://en.wikipedia.org/wiki/Evergreening
 27%|██▋       | 57/208 [01:30<02:45,  1.09s/it]INFO:__main__:Requesting https://www.quantamagazine.org/galaxy-simulations-offer-a-new-solution-to-the-fermi-paradox-20190307/
INFO:__main__:Getting metadata for https://www.quantamagazine.org/galaxy-simulations-offer-a-new-solution-to-the-fermi-paradox-20190307/
 28%|██▊       | 58/208 [01:30<02:07,  1.18it/s]INFO:__main__:Requesting https://www.youtube.com/watch?v=rDPj5zI66LA
INFO:__main__:Getting metadata for https://www.youtube.com/watch?v=rDPj5zI66LA
 28%|██▊       | 59/208 [01:31<02:08,  1.16it/s]INFO:__main__:Requesting https://www.bloomberg.com/news/articles/2019-03-08/austin-is-building-a-mini-silicon-valley-with-some-of-the-same-problems
INFO:__main__:Getting metadata for https://www.bloomberg.com/tosv2.html?vid=&uuid=17414620-41c4-11e9-ac33-bb4d71830dbe&url=L25ld3MvYXJ0aWNsZXMvMjAxOS0wMy0wOC9hdXN0aW4taXMtYnVpbGRpbmctYS1taW5pLXNpbGljb24tdmFsbGV5LXdpdGgtc29tZS1vZi10aGUtc2FtZS1wcm9ibGVtcw==
 29%|██▉       | 60/208 [01:33<02:44,  1.11s/it]INFO:__main__:Requesting https://slatestarcodex.com/2017/03/16/book-review-seeing-like-a-state/
INFO:__main__:Getting metadata for https://slatestarcodex.com/2017/03/16/book-review-seeing-like-a-state/
 29%|██▉       | 61/208 [01:34<02:46,  1.13s/it]INFO:__main__:Requesting https://ai.googleblog.com/2019/03/rnn-based-handwriting-recognition-in.html
INFO:__main__:Getting metadata for https://ai.googleblog.com/2019/03/rnn-based-handwriting-recognition-in.html
 30%|██▉       | 62/208 [01:34<02:08,  1.13it/s]INFO:__main__:Requesting https://www.johndcook.com/blog/2019/03/07/cpu-time/
INFO:__main__:Getting metadata for https://www.johndcook.com/blog/2019/03/07/cpu-time/
 30%|███       | 63/208 [01:36<02:50,  1.18s/it]INFO:__main__:Requesting https://www.citylab.com/life/2019/03/cities-economic-performance-data-suburbs-urban-research/584284/
INFO:__main__:Getting metadata for https://www.citylab.com/life/2019/03/cities-economic-performance-data-suburbs-urban-research/584284/
 31%|███       | 64/208 [01:36<02:08,  1.12it/s]INFO:__main__:Requesting https://en.wikipedia.org/wiki/Law_of_rent
INFO:__main__:Getting metadata for https://en.wikipedia.org/wiki/Law_of_rent
 31%|███▏      | 65/208 [01:37<02:05,  1.14it/s]INFO:__main__:Requesting https://www.nybooks.com/daily/2019/03/02/the-banality-of-empathy/
INFO:__main__:Getting metadata for https://www.nybooks.com/daily/2019/03/02/the-banality-of-empathy/
 32%|███▏      | 66/208 [01:38<01:44,  1.36it/s]INFO:__main__:Requesting https://twitter.com/page88/status/1100441460934131717
INFO:__main__:Getting metadata for https://twitter.com/page88/status/1100441460934131717
 32%|███▏      | 67/208 [01:39<01:58,  1.19it/s]INFO:__main__:Requesting https://press.princeton.edu/titles/6675.html
INFO:__main__:Getting metadata for https://press.princeton.edu/titles/6675.html
 33%|███▎      | 68/208 [01:39<01:31,  1.52it/s]INFO:__main__:Requesting https://www.npr.org/2014/07/03/328230231/a-machine-that-generates-empathy-roger-ebert-gets-his-own-documentary
INFO:__main__:Getting metadata for https://www.npr.org/2014/07/03/328230231/a-machine-that-generates-empathy-roger-ebert-gets-his-own-documentary
 33%|███▎      | 69/208 [01:40<01:25,  1.62it/s]INFO:__main__:Requesting https://www.weeklystandard.com/adam-rubenstein/steven-pinker-identity-politics-is-an-enemy-of-reason-and-enlightenment-values
INFO:__main__:Getting metadata for https://www.weeklystandard.com/adam-rubenstein/steven-pinker-identity-politics-is-an-enemy-of-reason-and-enlightenment-values
 34%|███▎      | 70/208 [01:40<01:19,  1.74it/s]INFO:__main__:Requesting https://www.reddit.com/r/dataisbeautiful/comments/aydqig/is_it_a_duck_or_a_rabbit_for_google_cloud_vision/
INFO:__main__:Getting metadata for https://www.reddit.com/r/dataisbeautiful/comments/aydqig/is_it_a_duck_or_a_rabbit_for_google_cloud_vision/
 34%|███▍      | 71/208 [01:42<02:06,  1.08it/s]INFO:__main__:Requesting https://en.wikipedia.org/wiki/Scale-invariant_feature_transform
INFO:__main__:Getting metadata for https://en.wikipedia.org/wiki/Scale-invariant_feature_transform
 35%|███▍      | 72/208 [01:43<02:37,  1.16s/it]INFO:__main__:Requesting https://reddit.com/r/dataisbeautiful/comments/aydqig/_/ehzyozr/?context=1
INFO:__main__:Getting metadata for https://www.reddit.com/r/dataisbeautiful/comments/aydqig/_/ehzyozr/?context=1
 35%|███▌      | 73/208 [01:45<03:07,  1.39s/it]INFO:__main__:Requesting https://youtu.be/9-k5J4RxQdE
INFO:__main__:Getting metadata for https://www.youtube.com/watch?v=9-k5J4RxQdE&feature=youtu.be
 36%|███▌      | 74/208 [01:46<02:44,  1.23s/it]INFO:__main__:Requesting https://images.baklol.com/13_jpegbd9cb76b39e925881bdb2956fd32ac91.jpeg
INFO:__main__:Getting metadata for https://images.baklol.com/13_jpegbd9cb76b39e925881bdb2956fd32ac91.jpeg
 36%|███▌      | 75/208 [01:49<03:33,  1.60s/it]INFO:__main__:Requesting https://clarifai.com/models/nsfw-image-recognition-model-e9576d86d2004ed1a38ba0cf39ecb4b1
INFO:__main__:Getting metadata for https://clarifai.com/models/nsfw-image-recognition-model-e9576d86d2004ed1a38ba0cf39ecb4b1
 37%|███▋      | 76/208 [01:49<02:48,  1.27s/it]INFO:__main__:Requesting https://towardsdatascience.com/breaking-neural-networks-with-adversarial-attacks-f4290a9a45aa
INFO:__main__:Getting metadata for https://towardsdatascience.com/breaking-neural-networks-with-adversarial-attacks-f4290a9a45aa?gi=6cc993f2733e
 37%|███▋      | 77/208 [01:51<02:56,  1.35s/it]INFO:__main__:Requesting https://en.wikipedia.org/wiki/Rabbit%E2%80%93duck_illusion
INFO:__main__:Getting metadata for https://en.wikipedia.org/wiki/Rabbit%E2%80%93duck_illusion
 38%|███▊      | 78/208 [01:51<02:30,  1.16s/it]INFO:__main__:Requesting https://www.amazon.com/Duck-Rabbit-Amy-Krouse-Rosenthal/dp/0811868656
INFO:__main__:Getting metadata for https://www.amazon.com/Duck-Rabbit-Amy-Krouse-Rosenthal/dp/0811868656
 38%|███▊      | 79/208 [02:03<09:03,  4.21s/it]INFO:__main__:Requesting https://int64software.com/blog/2018/11/21/hardening-website-security-part-3-website-database-security/
INFO:__main__:Getting metadata for https://int64software.com/blog/2018/11/21/hardening-website-security-part-3-website-database-security/
 38%|███▊      | 80/208 [02:03<06:33,  3.07s/it]INFO:__main__:Requesting http://phrack.org/issues/54/8.html#article
INFO:__main__:Getting metadata for http://phrack.org/issues/54/8.html#article
 39%|███▉      | 81/208 [02:06<06:07,  2.90s/it]INFO:__main__:Requesting https://blog.hagander.net/postgresql-and-the-openssl-heartbleed-vulnerability-219/
INFO:__main__:Getting metadata for https://blog.hagander.net/postgresql-and-the-openssl-heartbleed-vulnerability-219/
 39%|███▉      | 82/208 [02:08<05:52,  2.80s/it]INFO:__main__:Requesting https://arxiv.org/abs/1902.08982
INFO:__main__:Getting metadata for https://arxiv.org/abs/1902.08982
 40%|███▉      | 83/208 [02:09<04:44,  2.27s/it]INFO:__main__:Requesting https://techcrunch.com/2019/03/07/ycs-latest-moonshot-bet-is-a-startup-building-a-380k-flying-motorcycle/
ERROR:__main__:Could not reach https://techcrunch.com/2019/03/07/ycs-latest-moonshot-bet-is-a-startup-building-a-380k-flying-motorcycle/
Traceback (most recent call last):
  File "/home/travis/virtualenv/python3.6.3/lib/python3.6/site-packages/urllib3/connectionpool.py", line 600, in urlopen
    chunked=chunked)
  File "/home/travis/virtualenv/python3.6.3/lib/python3.6/site-packages/urllib3/connectionpool.py", line 384, in _make_request
    six.raise_from(e, None)
  File "<string>", line 2, in raise_from
  File "/home/travis/virtualenv/python3.6.3/lib/python3.6/site-packages/urllib3/connectionpool.py", line 380, in _make_request
    httplib_response = conn.getresponse()
  File "/opt/python/3.6.3/lib/python3.6/http/client.py", line 1331, in getresponse
    response.begin()
  File "/opt/python/3.6.3/lib/python3.6/http/client.py", line 297, in begin
    version, status, reason = self._read_status()
  File "/opt/python/3.6.3/lib/python3.6/http/client.py", line 266, in _read_status
    raise RemoteDisconnected("Remote end closed connection without"
http.client.RemoteDisconnected: Remote end closed connection without response

During handling of the above exception, another exception occurred:

Traceback (most recent call last):
  File "/home/travis/virtualenv/python3.6.3/lib/python3.6/site-packages/requests/adapters.py", line 449, in send
    timeout=timeout
  File "/home/travis/virtualenv/python3.6.3/lib/python3.6/site-packages/urllib3/connectionpool.py", line 638, in urlopen
    _stacktrace=sys.exc_info()[2])
  File "/home/travis/virtualenv/python3.6.3/lib/python3.6/site-packages/urllib3/util/retry.py", line 367, in increment
    raise six.reraise(type(error), error, _stacktrace)
  File "/home/travis/virtualenv/python3.6.3/lib/python3.6/site-packages/urllib3/packages/six.py", line 685, in reraise
    raise value.with_traceback(tb)
  File "/home/travis/virtualenv/python3.6.3/lib/python3.6/site-packages/urllib3/connectionpool.py", line 600, in urlopen
    chunked=chunked)
  File "/home/travis/virtualenv/python3.6.3/lib/python3.6/site-packages/urllib3/connectionpool.py", line 384, in _make_request
    six.raise_from(e, None)
  File "<string>", line 2, in raise_from
  File "/home/travis/virtualenv/python3.6.3/lib/python3.6/site-packages/urllib3/connectionpool.py", line 380, in _make_request
    httplib_response = conn.getresponse()
  File "/opt/python/3.6.3/lib/python3.6/http/client.py", line 1331, in getresponse
    response.begin()
  File "/opt/python/3.6.3/lib/python3.6/http/client.py", line 297, in begin
    version, status, reason = self._read_status()
  File "/opt/python/3.6.3/lib/python3.6/http/client.py", line 266, in _read_status
    raise RemoteDisconnected("Remote end closed connection without"
urllib3.exceptions.ProtocolError: ('Connection aborted.', RemoteDisconnected('Remote end closed connection without response',))

During handling of the above exception, another exception occurred:

Traceback (most recent call last):
  File "../_scripts/crawler/crawler.py", line 210, in metafy_url
    response = requests.get(url, timeout=6, headers={'User-Agent': 'Mozilla/5.0'})
  File "/home/travis/virtualenv/python3.6.3/lib/python3.6/site-packages/requests/api.py", line 75, in get
    return request('get', url, params=params, **kwargs)
  File "/home/travis/virtualenv/python3.6.3/lib/python3.6/site-packages/requests/api.py", line 60, in request
    return session.request(method=method, url=url, **kwargs)
  File "/home/travis/virtualenv/python3.6.3/lib/python3.6/site-packages/requests/sessions.py", line 533, in request
    resp = self.send(prep, **send_kwargs)
  File "/home/travis/virtualenv/python3.6.3/lib/python3.6/site-packages/requests/sessions.py", line 646, in send
    r = adapter.send(request, **kwargs)
  File "/home/travis/virtualenv/python3.6.3/lib/python3.6/site-packages/requests/adapters.py", line 498, in send
    raise ConnectionError(err, request=request)
requests.exceptions.ConnectionError: ('Connection aborted.', RemoteDisconnected('Remote end closed connection without response',))
 40%|████      | 84/208 [02:09<03:21,  1.63s/it]INFO:__main__:Requesting https://www.youtube.com/watch?v=7feIt5PRvUw
INFO:__main__:Getting metadata for https://www.youtube.com/watch?v=7feIt5PRvUw
 41%|████      | 85/208 [02:10<02:55,  1.43s/it]INFO:__main__:Requesting http://nyethermodynamics.com/jfs100/index.html
INFO:__main__:Getting metadata for http://nyethermodynamics.com/jfs100/index.html
 41%|████▏     | 86/208 [02:11<02:32,  1.25s/it]INFO:__main__:Requesting https://www.youtube.com/watch?v=_VxwRo9jzwg
INFO:__main__:Getting metadata for https://www.youtube.com/watch?v=_VxwRo9jzwg
 42%|████▏     | 87/208 [02:12<02:15,  1.12s/it]INFO:__main__:Requesting https://www.youtube.com/watch?v=WQzLrvz4DKQ
INFO:__main__:Getting metadata for https://www.youtube.com/watch?v=WQzLrvz4DKQ
 42%|████▏     | 88/208 [02:13<02:05,  1.04s/it]INFO:__main__:Requesting http://www.zedjet.com/jetcat-turbines.html
INFO:__main__:Getting metadata for http://www.zedjet.com/jetcat-turbines.html
 43%|████▎     | 89/208 [02:15<02:36,  1.32s/it]INFO:__main__:Requesting https://www.youtube.com/channel/UC68MUrNZtEgn9wHyZhcnJjw
INFO:__main__:Getting metadata for https://www.youtube.com/channel/UC68MUrNZtEgn9wHyZhcnJjw
 43%|████▎     | 90/208 [02:16<02:27,  1.25s/it]INFO:__main__:Requesting https://pbs.cz/en/our-business/aerospace/aircraftgines/jetgine-pbs-tj100
INFO:__main__:Getting metadata for https://pbs.cz/en/our-business/aerospace/aircraftgines/jetgine-pbs-tj100
 44%|████▍     | 91/208 [02:17<02:31,  1.30s/it]INFO:__main__:Requesting https://www.cnet.com/roadshow/news/kitty-hawk-flyer-electric-ultralight/
INFO:__main__:Getting metadata for https://www.cnet.com/roadshow/news/kitty-hawk-flyer-electric-ultralight/
 44%|████▍     | 92/208 [02:19<02:57,  1.53s/it]INFO:__main__:Requesting http://www.ronpatrickstuff.com/
INFO:__main__:Getting metadata for http://www.ronpatrickstuff.com
 45%|████▍     | 93/208 [02:20<02:37,  1.37s/it]INFO:__main__:Requesting https://pharm.ucsf.edu/kidney
INFO:__main__:Getting metadata for https://pharm.ucsf.edu/kidney
 45%|████▌     | 94/208 [02:22<02:28,  1.30s/it]INFO:__main__:Requesting https://www.nature.com/articles/nmat4782
INFO:__main__:Getting metadata for https://www.nature.com/articles/nmat4782
 46%|████▌     | 95/208 [02:26<04:05,  2.18s/it]INFO:__main__:Requesting https://www.detroitnews.com/story/news/local/michigan-history/2015/04/26/auto-traffic-history-detroit/26312107/
INFO:__main__:Getting metadata for https://www.detroitnews.com/story/news/local/michigan-history/2015/04/26/auto-traffic-history-detroit/26312107/
 46%|████▌     | 96/208 [02:30<05:25,  2.91s/it]INFO:__main__:Requesting https://marvelcinematicuniverse.fandom.com/wiki/Containment_Module
INFO:__main__:Getting metadata for https://marvelcinematicuniverse.fandom.com/wiki/Containment_Module
 47%|████▋     | 97/208 [02:31<03:53,  2.11s/it]INFO:__main__:Requesting http://www.martinjetpack.com/
INFO:__main__:Getting metadata for http://www.martinjetpack.com
 47%|████▋     | 98/208 [02:34<04:32,  2.48s/it]INFO:__main__:Requesting https://www.nzherald.co.nz/business/news/article.cfm?c_id=3&objectid=12132568
INFO:__main__:Getting metadata for https://www.nzherald.co.nz/business/news/article.cfm?c_id=3&objectid=12132568
 48%|████▊     | 99/208 [02:37<04:42,  2.59s/it]INFO:__main__:Requesting https://techcrunch.com/2018/07/08/the-electric-aircraft-is-taking-off/
ERROR:__main__:Could not reach https://techcrunch.com/2018/07/08/the-electric-aircraft-is-taking-off/
Traceback (most recent call last):
  File "/home/travis/virtualenv/python3.6.3/lib/python3.6/site-packages/urllib3/connectionpool.py", line 600, in urlopen
    chunked=chunked)
  File "/home/travis/virtualenv/python3.6.3/lib/python3.6/site-packages/urllib3/connectionpool.py", line 384, in _make_request
    six.raise_from(e, None)
  File "<string>", line 2, in raise_from
  File "/home/travis/virtualenv/python3.6.3/lib/python3.6/site-packages/urllib3/connectionpool.py", line 380, in _make_request
    httplib_response = conn.getresponse()
  File "/opt/python/3.6.3/lib/python3.6/http/client.py", line 1331, in getresponse
    response.begin()
  File "/opt/python/3.6.3/lib/python3.6/http/client.py", line 297, in begin
    version, status, reason = self._read_status()
  File "/opt/python/3.6.3/lib/python3.6/http/client.py", line 266, in _read_status
    raise RemoteDisconnected("Remote end closed connection without"
http.client.RemoteDisconnected: Remote end closed connection without response

During handling of the above exception, another exception occurred:

Traceback (most recent call last):
  File "/home/travis/virtualenv/python3.6.3/lib/python3.6/site-packages/requests/adapters.py", line 449, in send
    timeout=timeout
  File "/home/travis/virtualenv/python3.6.3/lib/python3.6/site-packages/urllib3/connectionpool.py", line 638, in urlopen
    _stacktrace=sys.exc_info()[2])
  File "/home/travis/virtualenv/python3.6.3/lib/python3.6/site-packages/urllib3/util/retry.py", line 367, in increment
    raise six.reraise(type(error), error, _stacktrace)
  File "/home/travis/virtualenv/python3.6.3/lib/python3.6/site-packages/urllib3/packages/six.py", line 685, in reraise
    raise value.with_traceback(tb)
  File "/home/travis/virtualenv/python3.6.3/lib/python3.6/site-packages/urllib3/connectionpool.py", line 600, in urlopen
    chunked=chunked)
  File "/home/travis/virtualenv/python3.6.3/lib/python3.6/site-packages/urllib3/connectionpool.py", line 384, in _make_request
    six.raise_from(e, None)
  File "<string>", line 2, in raise_from
  File "/home/travis/virtualenv/python3.6.3/lib/python3.6/site-packages/urllib3/connectionpool.py", line 380, in _make_request
    httplib_response = conn.getresponse()
  File "/opt/python/3.6.3/lib/python3.6/http/client.py", line 1331, in getresponse
    response.begin()
  File "/opt/python/3.6.3/lib/python3.6/http/client.py", line 297, in begin
    version, status, reason = self._read_status()
  File "/opt/python/3.6.3/lib/python3.6/http/client.py", line 266, in _read_status
    raise RemoteDisconnected("Remote end closed connection without"
urllib3.exceptions.ProtocolError: ('Connection aborted.', RemoteDisconnected('Remote end closed connection without response',))

During handling of the above exception, another exception occurred:

Traceback (most recent call last):
  File "../_scripts/crawler/crawler.py", line 210, in metafy_url
    response = requests.get(url, timeout=6, headers={'User-Agent': 'Mozilla/5.0'})
  File "/home/travis/virtualenv/python3.6.3/lib/python3.6/site-packages/requests/api.py", line 75, in get
    return request('get', url, params=params, **kwargs)
  File "/home/travis/virtualenv/python3.6.3/lib/python3.6/site-packages/requests/api.py", line 60, in request
    return session.request(method=method, url=url, **kwargs)
  File "/home/travis/virtualenv/python3.6.3/lib/python3.6/site-packages/requests/sessions.py", line 533, in request
    resp = self.send(prep, **send_kwargs)
  File "/home/travis/virtualenv/python3.6.3/lib/python3.6/site-packages/requests/sessions.py", line 646, in send
    r = adapter.send(request, **kwargs)
  File "/home/travis/virtualenv/python3.6.3/lib/python3.6/site-packages/requests/adapters.py", line 498, in send
    raise ConnectionError(err, request=request)
requests.exceptions.ConnectionError: ('Connection aborted.', RemoteDisconnected('Remote end closed connection without response',))
 48%|████▊     | 100/208 [02:37<03:19,  1.85s/it]INFO:__main__:Requesting https://www.wbdg.org/resources/microturbines
INFO:__main__:Getting metadata for https://www.wbdg.org/resources/microturbines
 49%|████▊     | 101/208 [02:39<03:09,  1.77s/it]INFO:__main__:Requesting https://www.iqasport.com/what-is-quidditch/
INFO:__main__:Getting metadata for https://www.iqasport.com/what-is-quidditch/
 49%|████▉     | 102/208 [02:40<02:46,  1.57s/it]INFO:__main__:Requesting https://www.flyingmag.com/boeing-air-taxi-prototype-test-flight
INFO:__main__:Getting metadata for https://www.flyingmag.com/boeing-air-taxi-prototype-test-flight
 50%|████▉     | 103/208 [02:40<02:08,  1.23s/it]INFO:__main__:Requesting https://jetpackaviation.com/fly-a-jetpack/
INFO:__main__:Getting metadata for https://jetpackaviation.com/fly-a-jetpack/
 50%|█████     | 104/208 [02:42<02:37,  1.52s/it]INFO:__main__:Requesting https://www.youtube.com/watch?v=jFwXvVtyHcI
INFO:__main__:Getting metadata for https://www.youtube.com/watch?v=jFwXvVtyHcI
 50%|█████     | 105/208 [02:43<02:14,  1.30s/it]INFO:__main__:Requesting https://youtu.be/URgznwTph6M
INFO:__main__:Getting metadata for https://www.youtube.com/watch?v=URgznwTph6M&feature=youtu.be
 51%|█████     | 106/208 [02:44<02:00,  1.18s/it]INFO:__main__:Requesting https://www.youtube.com/watch?v=iXYmFqEkCGQ
INFO:__main__:Getting metadata for https://www.youtube.com/watch?v=iXYmFqEkCGQ
 51%|█████▏    | 107/208 [02:45<01:49,  1.09s/it]INFO:__main__:Requesting https://www.nbcnews.com/news/us-news/family-4-people-killed-when-plane-crashed-calif-house-are-n968646
INFO:__main__:Getting metadata for https://www.nbcnews.com/news/us-news/family-4-people-killed-when-plane-crashed-calif-house-are-n968646
 52%|█████▏    | 108/208 [02:45<01:24,  1.18it/s]INFO:__main__:Requesting https://abcnews.go.com/US/911-call-captures-race-free-woman-trapped-wall/story?id=61306645
INFO:__main__:Getting metadata for https://abcnews.go.com/US/911-call-captures-race-free-woman-trapped-wall/story?id=61306645
 52%|█████▏    | 109/208 [02:46<01:13,  1.34it/s]INFO:__main__:Requesting http://www.bbc.com/travel/story/20190307-the-tiny-indian-village-that-banned-shoes
INFO:__main__:Getting metadata for http://www.bbc.com/travel/story/20190307-the-tiny-indian-village-that-banned-shoes
 53%|█████▎    | 110/208 [02:46<01:15,  1.30it/s]INFO:__main__:Requesting http://pib.nic.in/newsite/printrelease.aspx?relid=149833
INFO:__main__:Getting metadata for http://pib.nic.in/newsite/printrelease.aspx?relid=149833
 53%|█████▎    | 111/208 [02:49<01:56,  1.20s/it]INFO:__main__:Requesting https://gizmodo.com/philadelphia-just-banned-most-cashless-stores-a-first-1833145078
INFO:__main__:Getting metadata for https://gizmodo.com/philadelphia-just-banned-most-cashless-stores-a-first-1833145078
 54%|█████▍    | 112/208 [02:49<01:29,  1.07it/s]INFO:__main__:Requesting https://www.citylab.com/equity/2019/03/cashless-cash-free-ban-bill-new-york-retail-discrimination/584203/
INFO:__main__:Getting metadata for https://www.citylab.com/equity/2019/03/cashless-cash-free-ban-bill-new-york-retail-discrimination/584203/
 54%|█████▍    | 113/208 [02:49<01:07,  1.41it/s]INFO:__main__:Requesting https://www.wsj.com/articles/philadelphia-is-first-u-s-city-to-ban-cashless-stores-11551967201
INFO:__main__:Getting metadata for https://www.wsj.com/articles/philadelphia-is-first-u-s-city-to-ban-cashless-stores-11551967201
 55%|█████▍    | 114/208 [02:50<01:07,  1.38it/s]INFO:__main__:Requesting https://git.kernel.org/pub/scm/linux/kernel/git/torvalds/linux.git/commit/?id=eac616557050737a8d6ef6fe0322d0980ff0ffde
INFO:__main__:Getting metadata for https://git.kernel.org/pub/scm/linux/kernel/git/torvalds/linux.git/commit/?id=eac616557050737a8d6ef6fe0322d0980ff0ffde
 55%|█████▌    | 115/208 [02:50<01:01,  1.52it/s]INFO:__main__:Requesting https://en.wikipedia.org/wiki/A.out
INFO:__main__:Getting metadata for https://en.wikipedia.org/wiki/A.out
 56%|█████▌    | 116/208 [02:51<01:04,  1.43it/s]INFO:__main__:Requesting http://www.jargon.net/jargonfile/s/softwarerot.html
INFO:__main__:Getting metadata for http://www.jargon.net/jargonfile/s/softwarerot.html
 56%|█████▋    | 117/208 [02:53<01:40,  1.11s/it]INFO:__main__:Requesting https://lore.kernel.org/lkml/20190305145717.GD8256@zn.tnic/
INFO:__main__:Getting metadata for https://lore.kernel.org/lkml/20190305145717.GD8256@zn.tnic/
 57%|█████▋    | 118/208 [02:55<01:48,  1.20s/it]INFO:__main__:Requesting https://felipec.wordpress.com/2013/10/07/the-linux-way/
ERROR:__main__:Could not reach https://felipec.wordpress.com/2013/10/07/the-linux-way/
Traceback (most recent call last):
  File "/home/travis/virtualenv/python3.6.3/lib/python3.6/site-packages/urllib3/connectionpool.py", line 600, in urlopen
    chunked=chunked)
  File "/home/travis/virtualenv/python3.6.3/lib/python3.6/site-packages/urllib3/connectionpool.py", line 384, in _make_request
    six.raise_from(e, None)
  File "<string>", line 2, in raise_from
  File "/home/travis/virtualenv/python3.6.3/lib/python3.6/site-packages/urllib3/connectionpool.py", line 380, in _make_request
    httplib_response = conn.getresponse()
  File "/opt/python/3.6.3/lib/python3.6/http/client.py", line 1331, in getresponse
    response.begin()
  File "/opt/python/3.6.3/lib/python3.6/http/client.py", line 297, in begin
    version, status, reason = self._read_status()
  File "/opt/python/3.6.3/lib/python3.6/http/client.py", line 266, in _read_status
    raise RemoteDisconnected("Remote end closed connection without"
http.client.RemoteDisconnected: Remote end closed connection without response

During handling of the above exception, another exception occurred:

Traceback (most recent call last):
  File "/home/travis/virtualenv/python3.6.3/lib/python3.6/site-packages/requests/adapters.py", line 449, in send
    timeout=timeout
  File "/home/travis/virtualenv/python3.6.3/lib/python3.6/site-packages/urllib3/connectionpool.py", line 638, in urlopen
    _stacktrace=sys.exc_info()[2])
  File "/home/travis/virtualenv/python3.6.3/lib/python3.6/site-packages/urllib3/util/retry.py", line 367, in increment
    raise six.reraise(type(error), error, _stacktrace)
  File "/home/travis/virtualenv/python3.6.3/lib/python3.6/site-packages/urllib3/packages/six.py", line 685, in reraise
    raise value.with_traceback(tb)
  File "/home/travis/virtualenv/python3.6.3/lib/python3.6/site-packages/urllib3/connectionpool.py", line 600, in urlopen
    chunked=chunked)
  File "/home/travis/virtualenv/python3.6.3/lib/python3.6/site-packages/urllib3/connectionpool.py", line 384, in _make_request
    six.raise_from(e, None)
  File "<string>", line 2, in raise_from
  File "/home/travis/virtualenv/python3.6.3/lib/python3.6/site-packages/urllib3/connectionpool.py", line 380, in _make_request
    httplib_response = conn.getresponse()
  File "/opt/python/3.6.3/lib/python3.6/http/client.py", line 1331, in getresponse
    response.begin()
  File "/opt/python/3.6.3/lib/python3.6/http/client.py", line 297, in begin
    version, status, reason = self._read_status()
  File "/opt/python/3.6.3/lib/python3.6/http/client.py", line 266, in _read_status
    raise RemoteDisconnected("Remote end closed connection without"
urllib3.exceptions.ProtocolError: ('Connection aborted.', RemoteDisconnected('Remote end closed connection without response',))

During handling of the above exception, another exception occurred:

Traceback (most recent call last):
  File "../_scripts/crawler/crawler.py", line 210, in metafy_url
    response = requests.get(url, timeout=6, headers={'User-Agent': 'Mozilla/5.0'})
  File "/home/travis/virtualenv/python3.6.3/lib/python3.6/site-packages/requests/api.py", line 75, in get
    return request('get', url, params=params, **kwargs)
  File "/home/travis/virtualenv/python3.6.3/lib/python3.6/site-packages/requests/api.py", line 60, in request
    return session.request(method=method, url=url, **kwargs)
  File "/home/travis/virtualenv/python3.6.3/lib/python3.6/site-packages/requests/sessions.py", line 533, in request
    resp = self.send(prep, **send_kwargs)
  File "/home/travis/virtualenv/python3.6.3/lib/python3.6/site-packages/requests/sessions.py", line 646, in send
    r = adapter.send(request, **kwargs)
  File "/home/travis/virtualenv/python3.6.3/lib/python3.6/site-packages/requests/adapters.py", line 498, in send
    raise ConnectionError(err, request=request)
requests.exceptions.ConnectionError: ('Connection aborted.', RemoteDisconnected('Remote end closed connection without response',))
 57%|█████▋    | 119/208 [02:55<01:18,  1.13it/s]INFO:__main__:Requesting https://www.wsj.com/articles/nintendo-to-smartphone-gamers-dont-spend-too-much-on-us-11551864160
INFO:__main__:Getting metadata for https://www.wsj.com/articles/nintendo-to-smartphone-gamers-dont-spend-too-much-on-us-11551864160
 58%|█████▊    | 120/208 [02:56<01:17,  1.13it/s]INFO:__main__:Requesting https://psprices.com/region-us/game/1838981/horizon-zero-dawn-complete-edition
INFO:__main__:Getting metadata for https://psprices.com/region-us/game/1838981/horizon-zero-dawn-complete-edition
 58%|█████▊    | 121/208 [02:57<01:30,  1.04s/it]INFO:__main__:Requesting https://www.reddit.com/r/patientgamers
INFO:__main__:Getting metadata for https://www.reddit.com/r/patientgamers
 59%|█████▊    | 122/208 [03:00<02:10,  1.51s/it]INFO:__main__:Requesting https://www.nintendo.com/games/detail/the-legend-of-zelda-twilight-princess-hd-wii-u
INFO:__main__:Getting metadata for https://www.nintendo.com/games/detail/the-legend-of-zelda-twilight-princess-hd-wii-u
 59%|█████▉    | 123/208 [03:01<01:56,  1.37s/it]INFO:__main__:Requesting https://www.reddit.com/r/PS4Deals/comments/axn3f7/ubisoft_publisher_sale_na_psn/
INFO:__main__:Getting metadata for https://www.reddit.com/r/PS4Deals/comments/axn3f7/ubisoft_publisher_sale_na_psn/
 60%|█████▉    | 124/208 [03:02<02:01,  1.45s/it]INFO:__main__:Requesting https://www.nintendo.com/games/detail/the-legend-of-zelda-tw...
 60%|██████    | 125/208 [03:03<01:29,  1.08s/it]INFO:__main__:Requesting https://xkcd.com/606/
INFO:__main__:Getting metadata for https://xkcd.com/606/
 61%|██████    | 126/208 [03:03<01:12,  1.14it/s]INFO:__main__:Requesting https://www.youtube.com/watch?v=dOrKtZsoy30
INFO:__main__:Getting metadata for https://www.youtube.com/watch?v=dOrKtZsoy30
 61%|██████    | 127/208 [03:04<01:11,  1.14it/s]INFO:__main__:Requesting https://www.reddit.com/r/StarWarsBattlefront/comments/7cff0b/seriously_i_paid_80_to_have_vader_locked/dppum98/?st=JH2MUORV&sh=5997c5a5
INFO:__main__:Getting metadata for https://www.reddit.com/r/StarWarsBattlefront/comments/7cff0b/seriously_i_paid_80_to_have_vader_locked/dppum98/?st=JH2MUORV&sh=5997c5a5
 62%|██████▏   | 128/208 [03:06<01:35,  1.19s/it]INFO:__main__:Requesting https://en.wikipedia.org/wiki/Nintendo_Badge_Arcade
INFO:__main__:Getting metadata for https://en.wikipedia.org/wiki/Nintendo_Badge_Arcade
 62%|██████▏   | 129/208 [03:07<01:23,  1.05s/it]INFO:__main__:Requesting https://outline.com/Zu4cBe
INFO:__main__:Getting metadata for https://outline.com/Zu4cBe
 62%|██████▎   | 130/208 [03:08<01:29,  1.15s/it]INFO:__main__:Requesting https://variety.com/2019/gaming/news/nintendo-mobile-microtransactions-1203156557/
ERROR:__main__:Could not reach https://variety.com/2019/gaming/news/nintendo-mobile-microtransactions-1203156557/
Traceback (most recent call last):
  File "/home/travis/virtualenv/python3.6.3/lib/python3.6/site-packages/urllib3/connectionpool.py", line 600, in urlopen
    chunked=chunked)
  File "/home/travis/virtualenv/python3.6.3/lib/python3.6/site-packages/urllib3/connectionpool.py", line 384, in _make_request
    six.raise_from(e, None)
  File "<string>", line 2, in raise_from
  File "/home/travis/virtualenv/python3.6.3/lib/python3.6/site-packages/urllib3/connectionpool.py", line 380, in _make_request
    httplib_response = conn.getresponse()
  File "/opt/python/3.6.3/lib/python3.6/http/client.py", line 1331, in getresponse
    response.begin()
  File "/opt/python/3.6.3/lib/python3.6/http/client.py", line 297, in begin
    version, status, reason = self._read_status()
  File "/opt/python/3.6.3/lib/python3.6/http/client.py", line 266, in _read_status
    raise RemoteDisconnected("Remote end closed connection without"
http.client.RemoteDisconnected: Remote end closed connection without response

During handling of the above exception, another exception occurred:

Traceback (most recent call last):
  File "/home/travis/virtualenv/python3.6.3/lib/python3.6/site-packages/requests/adapters.py", line 449, in send
    timeout=timeout
  File "/home/travis/virtualenv/python3.6.3/lib/python3.6/site-packages/urllib3/connectionpool.py", line 638, in urlopen
    _stacktrace=sys.exc_info()[2])
  File "/home/travis/virtualenv/python3.6.3/lib/python3.6/site-packages/urllib3/util/retry.py", line 367, in increment
    raise six.reraise(type(error), error, _stacktrace)
  File "/home/travis/virtualenv/python3.6.3/lib/python3.6/site-packages/urllib3/packages/six.py", line 685, in reraise
    raise value.with_traceback(tb)
  File "/home/travis/virtualenv/python3.6.3/lib/python3.6/site-packages/urllib3/connectionpool.py", line 600, in urlopen
    chunked=chunked)
  File "/home/travis/virtualenv/python3.6.3/lib/python3.6/site-packages/urllib3/connectionpool.py", line 384, in _make_request
    six.raise_from(e, None)
  File "<string>", line 2, in raise_from
  File "/home/travis/virtualenv/python3.6.3/lib/python3.6/site-packages/urllib3/connectionpool.py", line 380, in _make_request
    httplib_response = conn.getresponse()
  File "/opt/python/3.6.3/lib/python3.6/http/client.py", line 1331, in getresponse
    response.begin()
  File "/opt/python/3.6.3/lib/python3.6/http/client.py", line 297, in begin
    version, status, reason = self._read_status()
  File "/opt/python/3.6.3/lib/python3.6/http/client.py", line 266, in _read_status
    raise RemoteDisconnected("Remote end closed connection without"
urllib3.exceptions.ProtocolError: ('Connection aborted.', RemoteDisconnected('Remote end closed connection without response',))

During handling of the above exception, another exception occurred:

Traceback (most recent call last):
  File "../_scripts/crawler/crawler.py", line 210, in metafy_url
    response = requests.get(url, timeout=6, headers={'User-Agent': 'Mozilla/5.0'})
  File "/home/travis/virtualenv/python3.6.3/lib/python3.6/site-packages/requests/api.py", line 75, in get
    return request('get', url, params=params, **kwargs)
  File "/home/travis/virtualenv/python3.6.3/lib/python3.6/site-packages/requests/api.py", line 60, in request
    return session.request(method=method, url=url, **kwargs)
  File "/home/travis/virtualenv/python3.6.3/lib/python3.6/site-packages/requests/sessions.py", line 533, in request
    resp = self.send(prep, **send_kwargs)
  File "/home/travis/virtualenv/python3.6.3/lib/python3.6/site-packages/requests/sessions.py", line 646, in send
    r = adapter.send(request, **kwargs)
  File "/home/travis/virtualenv/python3.6.3/lib/python3.6/site-packages/requests/adapters.py", line 498, in send
    raise ConnectionError(err, request=request)
requests.exceptions.ConnectionError: ('Connection aborted.', RemoteDisconnected('Remote end closed connection without response',))
 63%|██████▎   | 131/208 [03:08<01:05,  1.18it/s]INFO:__main__:Requesting https://phys.org/news/2019-03-nasa-captures-unprecedented-images-supersonic.html
INFO:__main__:Getting metadata for https://phys.org/news/2019-03-nasa-captures-unprecedented-images-supersonic.html
 63%|██████▎   | 132/208 [03:09<01:01,  1.23it/s]INFO:__main__:Requesting https://www.youtube.com/watch?v=AnaASTBn_K4
INFO:__main__:Getting metadata for https://www.youtube.com/watch?v=AnaASTBn_K4
 64%|██████▍   | 133/208 [03:10<01:05,  1.15it/s]INFO:__main__:Requesting https://technology.nasa.gov/patent/TOP2-271
INFO:__main__:Getting metadata for https://technology.nasa.gov/patent/TOP2-271
 64%|██████▍   | 134/208 [03:11<01:05,  1.13it/s]INFO:__main__:Requesting https://www.nasa.gov/QSF18
INFO:__main__:Getting metadata for https://www.nasa.gov/QSF18/
 65%|██████▍   | 135/208 [03:11<00:54,  1.33it/s]INFO:__main__:Requesting https://www.nasa.gov/centers/armstrong/features/supersonic-shockwave-interaction.html
INFO:__main__:Getting metadata for https://www.nasa.gov/centers/armstrong/features/supersonic-shockwave-interaction.html
 65%|██████▌   | 136/208 [03:12<00:44,  1.63it/s]INFO:__main__:Requesting https://nasasearch.nasa.gov/search/images?affiliate=nasa&query=
INFO:__main__:Getting metadata for https://nasasearch.nasa.gov/search/images?affiliate=nasa&query=
 66%|██████▌   | 137/208 [03:13<01:04,  1.11it/s]INFO:__main__:Requesting https://www.flickr.com/photos/nasahqphoto/
INFO:__main__:Getting metadata for https://www.flickr.com/photos/nasahqphoto/
 66%|██████▋   | 138/208 [03:16<01:45,  1.51s/it]INFO:__main__:Requesting https://www.nasa.gov/multimedia/guidelines/index.html
INFO:__main__:Getting metadata for https://www.nasa.gov/multimedia/guidelines/index.html
 67%|██████▋   | 139/208 [03:16<01:18,  1.14s/it]INFO:__main__:Requesting http://www.wired.com/2014/07/history-of-autocorrect/
INFO:__main__:Getting metadata for https://www.wired.com/2014/07/history-of-autocorrect/
 67%|██████▋   | 140/208 [03:17<00:59,  1.14it/s]INFO:__main__:Requesting https://youtu.be/xxBc1c3uAJw?t=4m55s
INFO:__main__:Getting metadata for https://www.youtube.com/watch?v=xxBc1c3uAJw&feature=youtu.be&t=4m55s
 68%|██████▊   | 141/208 [03:18<01:01,  1.10it/s]INFO:__main__:Requesting https://www.wired.com/story/opinion-i-invented-autocorrect/
INFO:__main__:Getting metadata for https://www.wired.com/story/opinion-i-invented-autocorrect/
 68%|██████▊   | 142/208 [03:19<01:06,  1.01s/it]INFO:__main__:Requesting https://en.wikipedia.org/wiki/Intelligent_code_completion
INFO:__main__:Getting metadata for https://en.wikipedia.org/wiki/Intelligent_code_completion
 69%|██████▉   | 143/208 [03:20<01:05,  1.01s/it]INFO:__main__:Requesting https://www.vice.com/en_us/article/7xnmme/sf-bay-area-scene-intimacy-party
INFO:__main__:Getting metadata for https://www.vice.com/en_us/article/7xnmme/sf-bay-area-scene-intimacy-party
 69%|██████▉   | 144/208 [03:20<00:49,  1.28it/s]INFO:__main__:Requesting https://en.wikipedia.org/wiki/Hang_the_DJ_(Black_Mirror)
INFO:__main__:Getting metadata for https://en.wikipedia.org/wiki/Hang_the_DJ_(Black_Mirror)
 70%|██████▉   | 145/208 [03:21<00:53,  1.17it/s]INFO:__main__:Requesting https://www.hindawi.com/journals/aot/2010/372652/
INFO:__main__:Getting metadata for https://www.hindawi.com/journals/aot/2010/372652/
 70%|███████   | 146/208 [03:25<01:43,  1.67s/it]INFO:__main__:Requesting https://www.theverge.com/2019/3/8/18255848/skype-for-web-hd-video-calling-recording-search-gallery-chrome-edge
INFO:__main__:Getting metadata for https://www.theverge.com/2019/3/8/18255848/skype-for-web-hd-video-calling-recording-search-gallery-chrome-edge
 71%|███████   | 147/208 [03:25<01:15,  1.23s/it]INFO:__main__:Requesting https://old.reddit.com/r/firefox/comments/apu2u6/the_bad_old_days_are_back_according_to_skype_web/
INFO:__main__:Getting metadata for https://old.reddit.com/r/firefox/comments/apu2u6/the_bad_old_days_are_back_according_to_skype_web/
 71%|███████   | 148/208 [03:26<01:09,  1.15s/it]INFO:__main__:Requesting https://old.reddit.com/r/firefox/comments/aw1umv/skype_web_is_now_blocked_in_firefox/ehjhfbq/
INFO:__main__:Getting metadata for https://old.reddit.com/r/firefox/comments/aw1umv/skype_web_is_now_blocked_in_firefox/ehjhfbq/
 72%|███████▏  | 149/208 [03:27<01:15,  1.29s/it]INFO:__main__:Requesting https://blogs.windows.com/msedgedev/2015/06/17/building-a-more-interoperable-web-with-microsoft-edge/
INFO:__main__:Getting metadata for https://blogs.windows.com/msedgedev/2015/06/17/building-a-more-interoperable-web-with-microsoft-edge/
 72%|███████▏  | 150/208 [03:28<00:57,  1.02it/s]INFO:__main__:Requesting https://github.com/webcompat/web-bugs/issues/27435
INFO:__main__:Getting metadata for https://github.com/webcompat/web-bugs/issues/27435
 73%|███████▎  | 151/208 [03:29<00:57,  1.02s/it]INFO:__main__:Requesting https://developer.mozilla.org/en-US/docs/Learn/Tools_and_testing/Cross_browser_testing/Feature_detection
INFO:__main__:Getting metadata for https://developer.mozilla.org/en-US/docs/Learn/Tools_and_testing/Cross_browser_testing/Feature_detection
 73%|███████▎  | 152/208 [03:29<00:48,  1.15it/s]INFO:__main__:Requesting https://robert.ocallahan.org/2014/08/choose-firefox-now-or-later-you-wont.html
INFO:__main__:Getting metadata for https://robert.ocallahan.org/2014/08/choose-firefox-now-or-later-you-wont.html
 74%|███████▎  | 153/208 [03:31<00:57,  1.04s/it]INFO:__main__:Requesting https://get.slack.help/hc/en-us/articles/115002037526-Minimum-requirements-for-using-Slack
INFO:__main__:Getting metadata for https://get.slack.help/hc/en-us/articles/115002037526-Minimum-requirements-for-using-Slack
 74%|███████▍  | 154/208 [03:31<00:46,  1.15it/s]INFO:__main__:Requesting https://twitter.com/auchenberg/status/1088587621721231361
INFO:__main__:Getting metadata for https://twitter.com/auchenberg/status/1088587621721231361
 75%|███████▍  | 155/208 [03:33<00:53,  1.01s/it]INFO:__main__:Requesting https://microsoft.github.io/reactxp/
INFO:__main__:Getting metadata for https://microsoft.github.io/reactxp/
 75%|███████▌  | 156/208 [03:33<00:39,  1.33it/s]INFO:__main__:Requesting https://www.skype.com/en/legal/broadcast/
INFO:__main__:Getting metadata for https://www.skype.com/en/legal/broadcast/
 75%|███████▌  | 157/208 [03:33<00:38,  1.33it/s]INFO:__main__:Requesting https://appear.in
INFO:__main__:Getting metadata for https://appear.in
 76%|███████▌  | 158/208 [03:34<00:41,  1.22it/s]INFO:__main__:Requesting https://meet.jit.si
INFO:__main__:Getting metadata for https://meet.jit.si
 76%|███████▋  | 159/208 [03:35<00:37,  1.32it/s]INFO:__main__:Requesting https://appear.in/
INFO:__main__:Getting metadata for https://appear.in
 77%|███████▋  | 160/208 [03:36<00:38,  1.25it/s]INFO:__main__:Requesting https://www.businessinsider.com/apple-ceo-tim-cook-why-college-degree-isnt-necessary-2019-3
INFO:__main__:Getting metadata for https://www.businessinsider.com/apple-ceo-tim-cook-why-college-degree-isnt-necessary-2019-3
 77%|███████▋  | 161/208 [03:36<00:29,  1.58it/s]INFO:__main__:Requesting https://royalsocietypublishing.org/doi/abs/10.1098/rsnr.2014.0027
INFO:__main__:Getting metadata for https://royalsocietypublishing.org/doi/abs/10.1098/rsnr.2014.0027
 78%|███████▊  | 162/208 [03:40<01:13,  1.60s/it]INFO:__main__:Requesting https://en.wikipedia.org/wiki/List_of_autodidacts
INFO:__main__:Getting metadata for https://en.wikipedia.org/wiki/List_of_autodidacts
 78%|███████▊  | 163/208 [03:41<01:06,  1.48s/it]INFO:__main__:Requesting https://www.youtube.com/watch?v=-DMCsXq_mYw
INFO:__main__:Getting metadata for https://www.youtube.com/watch?v=-DMCsXq_mYw
 79%|███████▉  | 164/208 [03:42<00:55,  1.27s/it]INFO:__main__:Requesting https://www.prospects.ac.uk/jobs-and-work-experience/job-sectors/accountancy-banking-and-finance/top-uk-banking-apprenticeships
INFO:__main__:Getting metadata for https://www.prospects.ac.uk/jobs-and-work-experience/job-sectors/accountancy-banking-and-finance/top-uk-banking-apprenticeships
 79%|███████▉  | 165/208 [03:47<01:39,  2.31s/it]INFO:__main__:Requesting https://pando.com/2014/03/22/revealed-apple-and-googles-wage-fixing-cartel-involved-dozens-more-companies-over-one-million-employees/
INFO:__main__:Getting metadata for https://pando.com/2014/03/22/revealed-apple-and-googles-wage-fixing-cartel-involved-dozens-more-companies-over-one-million-employees/
 80%|███████▉  | 166/208 [03:48<01:17,  1.86s/it]INFO:__main__:Requesting https://i.redd.it/3j2yogn12cwz.png
INFO:__main__:Getting metadata for https://i.redd.it/3j2yogn12cwz.png
 80%|████████  | 167/208 [04:41<11:50, 17.33s/it]INFO:__main__:Requesting http://www.pewresearch.org/fact-tank/2017/08/24/5-facts-about-student-loans/
INFO:__main__:Getting metadata for http://www.pewresearch.org/fact-tank/2017/08/24/5-facts-about-student-loans/
 81%|████████  | 168/208 [04:41<08:08, 12.21s/it]INFO:__main__:Requesting http://www.er-doctor.com/doctor_income.html
INFO:__main__:Getting metadata for http://www.er-doctor.com/doctor_income.html
 81%|████████▏ | 169/208 [04:42<05:40,  8.74s/it]INFO:__main__:Requesting https://www.truckdriverssalary.com/ups-driver-salary/
INFO:__main__:Getting metadata for https://www.truckdriverssalary.com/ups-driver-salary/
 82%|████████▏ | 170/208 [04:44<04:11,  6.61s/it]INFO:__main__:Requesting https://www.usnews.com/news/health-care-news/articles/2018-04-11/report-despite-physician-salary-increases-wage-gaps-still-exist
 82%|████████▏ | 171/208 [04:44<02:53,  4.68s/it]INFO:__main__:Requesting https://www.personalrobots.biz/
INFO:__main__:Getting metadata for https://www.personalrobots.biz
 83%|████████▎ | 172/208 [04:45<02:07,  3.53s/it]INFO:__main__:Requesting https://www.anki.com/en-us/vector
INFO:__main__:Getting metadata for https://www.anki.com/en-us/vector
 83%|████████▎ | 173/208 [04:46<01:36,  2.76s/it]INFO:__main__:Requesting https://www.youtube.com/watch?v=yzTIp2tHwgs
INFO:__main__:Getting metadata for https://www.youtube.com/watch?v=yzTIp2tHwgs
 84%|████████▎ | 174/208 [04:46<01:13,  2.16s/it]INFO:__main__:Requesting https://www.digikey.com/product-detail/en/seeed-technology-co.,-ltd/110060865/1597-1565-ND/7650479&?gclid=CjwKCAiAwojkBRBbEiwAeRcJZH3M9fMmtpgazupGJd7K9E0By3gqrtSALiyMCFUToxRiakitw7rjWRoCRNgQAvD_BwE
INFO:__main__:Getting metadata for https://www.digikey.com/product-detail/en/seeed-technology-co.,-ltd/110060865/1597-1565-ND/7650479&?gclid=CjwKCAiAwojkBRBbEiwAeRcJZH3M9fMmtpgazupGJd7K9E0By3gqrtSALiyMCFUToxRiakitw7rjWRoCRNgQAvD_BwE
 84%|████████▍ | 175/208 [04:47<01:01,  1.85s/it]INFO:__main__:Requesting http://www.loomo.com/en/
INFO:__main__:Getting metadata for http://www.loomo.com/en/
 85%|████████▍ | 176/208 [04:50<01:04,  2.02s/it]INFO:__main__:Requesting https://www.wedesoft.de/robot/2018/06/21/zumo/
ERROR:__main__:Could not reach https://www.wedesoft.de/robot/2018/06/21/zumo/
Traceback (most recent call last):
  File "/home/travis/virtualenv/python3.6.3/lib/python3.6/site-packages/urllib3/connectionpool.py", line 600, in urlopen
    chunked=chunked)
  File "/home/travis/virtualenv/python3.6.3/lib/python3.6/site-packages/urllib3/connectionpool.py", line 343, in _make_request
    self._validate_conn(conn)
  File "/home/travis/virtualenv/python3.6.3/lib/python3.6/site-packages/urllib3/connectionpool.py", line 839, in _validate_conn
    conn.connect()
  File "/home/travis/virtualenv/python3.6.3/lib/python3.6/site-packages/urllib3/connection.py", line 344, in connect
    ssl_context=context)
  File "/home/travis/virtualenv/python3.6.3/lib/python3.6/site-packages/urllib3/util/ssl_.py", line 344, in ssl_wrap_socket
    return context.wrap_socket(sock, server_hostname=server_hostname)
  File "/opt/python/3.6.3/lib/python3.6/ssl.py", line 407, in wrap_socket
    _context=self, _session=session)
  File "/opt/python/3.6.3/lib/python3.6/ssl.py", line 814, in __init__
    self.do_handshake()
  File "/opt/python/3.6.3/lib/python3.6/ssl.py", line 1068, in do_handshake
    self._sslobj.do_handshake()
  File "/opt/python/3.6.3/lib/python3.6/ssl.py", line 689, in do_handshake
    self._sslobj.do_handshake()
ssl.SSLError: [SSL: CERTIFICATE_VERIFY_FAILED] certificate verify failed (_ssl.c:777)

During handling of the above exception, another exception occurred:

Traceback (most recent call last):
  File "/home/travis/virtualenv/python3.6.3/lib/python3.6/site-packages/requests/adapters.py", line 449, in send
    timeout=timeout
  File "/home/travis/virtualenv/python3.6.3/lib/python3.6/site-packages/urllib3/connectionpool.py", line 638, in urlopen
    _stacktrace=sys.exc_info()[2])
  File "/home/travis/virtualenv/python3.6.3/lib/python3.6/site-packages/urllib3/util/retry.py", line 398, in increment
    raise MaxRetryError(_pool, url, error or ResponseError(cause))
urllib3.exceptions.MaxRetryError: HTTPSConnectionPool(host='www.wedesoft.de', port=443): Max retries exceeded with url: /robot/2018/06/21/zumo/ (Caused by SSLError(SSLError(1, '[SSL: CERTIFICATE_VERIFY_FAILED] certificate verify failed (_ssl.c:777)'),))

During handling of the above exception, another exception occurred:

Traceback (most recent call last):
  File "../_scripts/crawler/crawler.py", line 210, in metafy_url
    response = requests.get(url, timeout=6, headers={'User-Agent': 'Mozilla/5.0'})
  File "/home/travis/virtualenv/python3.6.3/lib/python3.6/site-packages/requests/api.py", line 75, in get
    return request('get', url, params=params, **kwargs)
  File "/home/travis/virtualenv/python3.6.3/lib/python3.6/site-packages/requests/api.py", line 60, in request
    return session.request(method=method, url=url, **kwargs)
  File "/home/travis/virtualenv/python3.6.3/lib/python3.6/site-packages/requests/sessions.py", line 533, in request
    resp = self.send(prep, **send_kwargs)
  File "/home/travis/virtualenv/python3.6.3/lib/python3.6/site-packages/requests/sessions.py", line 646, in send
    r = adapter.send(request, **kwargs)
  File "/home/travis/virtualenv/python3.6.3/lib/python3.6/site-packages/requests/adapters.py", line 514, in send
    raise SSLError(e, request=request)
requests.exceptions.SSLError: HTTPSConnectionPool(host='www.wedesoft.de', port=443): Max retries exceeded with url: /robot/2018/06/21/zumo/ (Caused by SSLError(SSLError(1, '[SSL: CERTIFICATE_VERIFY_FAILED] certificate verify failed (_ssl.c:777)'),))
 85%|████████▌ | 177/208 [04:50<00:47,  1.53s/it]INFO:__main__:Requesting https://www.youtube.com/watch?v=AZSiqj0NZgU
INFO:__main__:Getting metadata for https://www.youtube.com/watch?v=AZSiqj0NZgU
 86%|████████▌ | 178/208 [04:51<00:39,  1.31s/it]INFO:__main__:Requesting https://www.youtube.com/watch?v=9Pos9pE8xwU
INFO:__main__:Getting metadata for https://www.youtube.com/watch?v=9Pos9pE8xwU
 86%|████████▌ | 179/208 [04:52<00:35,  1.23s/it]INFO:__main__:Requesting https://www.facebook.com/personalhomerobots
INFO:__main__:Getting metadata for https://www.facebook.com/personalhomerobots
 87%|████████▋ | 180/208 [04:55<00:48,  1.73s/it]INFO:__main__:Requesting https://stratechery.com/2019/facebooks-privacy-cake/
INFO:__main__:Getting metadata for https://stratechery.com/2019/facebooks-privacy-cake/
INFO:__main__:Requesting https://www.cortes.design/post/high-ticket-saas
INFO:__main__:Getting metadata for https://www.cortes.design/post/high-ticket-saas
 88%|████████▊ | 182/208 [04:55<00:33,  1.28s/it]INFO:__main__:Requesting https://twitter.com/Commercial_Crew/status/1104015953531203584
INFO:__main__:Getting metadata for https://twitter.com/Commercial_Crew/status/1104015953531203584
 88%|████████▊ | 183/208 [04:56<00:29,  1.20s/it]INFO:__main__:Requesting https://twitter.com/TheFavoritist/status/1104023515630571531
INFO:__main__:Getting metadata for https://twitter.com/TheFavoritist/status/1104023515630571531
 88%|████████▊ | 184/208 [04:57<00:25,  1.07s/it]INFO:__main__:Requesting http://www.ktvu.com/news/doctor-tells-patient-he-doesn-t-have-long-to-live-through-hospital-robot-s-video-screen
INFO:__main__:Getting metadata for http://www.ktvu.com/news/doctor-tells-patient-he-doesn-t-have-long-to-live-through-hospital-robot-s-video-screen
 89%|████████▉ | 185/208 [04:57<00:18,  1.26it/s]INFO:__main__:Requesting https://99percentinvisible.org/episode/breaking-bad-news/
INFO:__main__:Getting metadata for https://99percentinvisible.org/episode/breaking-bad-news/
 89%|████████▉ | 186/208 [05:00<00:31,  1.42s/it]INFO:__main__:Requesting https://securitydiscovery.com/800-million-emails-leaked-online-by-email-verification-service/
INFO:__main__:Getting metadata for https://securitydiscovery.com/800-million-emails-leaked-online-by-email-verification-service/
 90%|████████▉ | 187/208 [05:02<00:29,  1.39s/it]INFO:__main__:Requesting https://app.livestorm.co/api/v1/utils/email-enrichment/?email=emailaddresshere
INFO:__main__:Getting metadata for https://app.livestorm.co/api/v1/utils/email-enrichment/?email=emailaddresshere
 90%|█████████ | 188/208 [05:04<00:33,  1.66s/it]INFO:__main__:Requesting https://docs.enrich.email/
INFO:__main__:Getting metadata for https://docs.enrich.email/api/v1/
 91%|█████████ | 189/208 [05:06<00:31,  1.67s/it]INFO:__main__:Requesting https://clearbit.com/enrichment
INFO:__main__:Getting metadata for https://clearbit.com/enrichment
 91%|█████████▏| 190/208 [05:06<00:23,  1.32s/it]INFO:__main__:Requesting https://clearbit.com/our-data
INFO:__main__:Getting metadata for https://clearbit.com/our-data
 92%|█████████▏| 191/208 [05:06<00:18,  1.07s/it]INFO:__main__:Requesting https://clearbit.com/gdpr
INFO:__main__:Getting metadata for https://clearbit.com/gdpr
 92%|█████████▏| 192/208 [05:07<00:14,  1.12it/s]INFO:__main__:Requesting https://claim.clearbit.com/claim
INFO:__main__:Getting metadata for https://claim.clearbit.com/claim
 93%|█████████▎| 193/208 [05:08<00:13,  1.10it/s]INFO:__main__:Requesting https://clearbit.com/
INFO:__main__:Getting metadata for https://clearbit.com
 93%|█████████▎| 194/208 [05:09<00:11,  1.22it/s]INFO:__main__:Requesting https://fullcontact.com
INFO:__main__:Getting metadata for https://www.fullcontact.com
 94%|█████████▍| 195/208 [05:09<00:09,  1.30it/s]INFO:__main__:Requesting https://www.eff.org/press/releases/appeals-court-overturns-andrew-weev-auernheimer-conviction
INFO:__main__:Getting metadata for https://www.eff.org/press/releases/appeals-court-overturns-andrew-weev-auernheimer-conviction
 94%|█████████▍| 196/208 [05:10<00:09,  1.26it/s]INFO:__main__:Requesting https://idbloc.co
INFO:__main__:Getting metadata for https://idbloc.co
 95%|█████████▍| 197/208 [05:12<00:11,  1.05s/it]INFO:__main__:Requesting https://www.fastmail.com/help/account/limits.html
INFO:__main__:Getting metadata for https://www.fastmail.com/help/account/limits.html
 95%|█████████▌| 198/208 [05:12<00:08,  1.16it/s]INFO:__main__:Requesting https://www.troyhunt.com/im-sorry-but-your-email-address-is-not/
INFO:__main__:Getting metadata for https://www.troyhunt.com/im-sorry-but-your-email-address-is-not/
 96%|█████████▌| 199/208 [05:13<00:08,  1.09it/s]INFO:__main__:Requesting https://idbloc.co/privacy
INFO:__main__:Getting metadata for https://idbloc.co/privacy
 96%|█████████▌| 200/208 [05:15<00:08,  1.06s/it]INFO:__main__:Requesting https://www.abine.com/
INFO:__main__:Getting metadata for https://www.abine.com
 97%|█████████▋| 201/208 [05:16<00:07,  1.06s/it]INFO:__main__:Requesting https://burnermail.io
INFO:__main__:Getting metadata for https://burnermail.io
 97%|█████████▋| 202/208 [05:16<00:05,  1.03it/s]INFO:__main__:Requesting http://gishpuppy.com
INFO:__main__:Getting metadata for http://gishpuppy.com
 98%|█████████▊| 203/208 [05:17<00:04,  1.15it/s]INFO:__main__:Requesting https://www.wired.com/story/email-marketing-company-809-million-records-exposed-online/
INFO:__main__:Getting metadata for https://www.wired.com/story/email-marketing-company-809-million-records-exposed-online/
 98%|█████████▊| 204/208 [05:17<00:02,  1.47it/s]INFO:__main__:Requesting https://blog.shodan.io/its-still-the-data-stupid/
INFO:__main__:Getting metadata for https://blog.shodan.io/its-still-the-data-stupid/
 99%|█████████▊| 205/208 [05:18<00:01,  1.73it/s]INFO:__main__:Requesting https://web.archive.org/web/20190307231618/https://securitydiscovery.com/800-million-emails-leaked-online-by-email-verification-service/
INFO:__main__:Getting metadata for https://web.archive.org/web/20190307231618/https://securitydiscovery.com/800-million-emails-leaked-online-by-email-verification-service/
 99%|█████████▉| 206/208 [05:18<00:01,  1.59it/s]INFO:__main__:Requesting https://haveibeenpwned.com/PwnedWebsites
INFO:__main__:Getting metadata for https://haveibeenpwned.com/PwnedWebsites
100%|█████████▉| 207/208 [05:19<00:00,  1.67it/s]INFO:__main__:Requesting http://plaintextoffenders.com/
INFO:__main__:Getting metadata for http://plaintextoffenders.com
100%|██████████| 208/208 [05:19<00:00,  1.89it/s]
