INFO:__main__:Get urls from stories
  0%|          | 0/30 [00:00<?, ?it/s]  3%|▎         | 1/30 [00:00<00:12,  2.38it/s]  7%|▋         | 2/30 [00:01<00:16,  1.73it/s] 10%|█         | 3/30 [00:01<00:14,  1.90it/s] 13%|█▎        | 4/30 [00:02<00:12,  2.06it/s] 17%|█▋        | 5/30 [00:03<00:19,  1.31it/s] 20%|██        | 6/30 [00:03<00:15,  1.54it/s] 27%|██▋       | 8/30 [00:04<00:10,  2.12it/s] 30%|███       | 9/30 [00:04<00:07,  2.65it/s] 33%|███▎      | 10/30 [00:04<00:09,  2.10it/s] 37%|███▋      | 11/30 [00:05<00:08,  2.13it/s] 40%|████      | 12/30 [00:05<00:07,  2.44it/s] 43%|████▎     | 13/30 [00:06<00:09,  1.72it/s] 53%|█████▎    | 16/30 [00:07<00:06,  2.25it/s] 57%|█████▋    | 17/30 [00:07<00:05,  2.48it/s] 67%|██████▋   | 20/30 [00:08<00:03,  2.50it/s] 70%|███████   | 21/30 [00:10<00:06,  1.32it/s] 73%|███████▎  | 22/30 [00:10<00:04,  1.75it/s] 77%|███████▋  | 23/30 [00:11<00:05,  1.35it/s] 87%|████████▋ | 26/30 [00:13<00:03,  1.32it/s] 97%|█████████▋| 29/30 [00:14<00:00,  1.80it/s]100%|██████████| 30/30 [00:15<00:00,  1.26it/s]
  0%|          | 0/209 [00:00<?, ?it/s]INFO:__main__:Requesting https://github.com/CypherpunkArmory/UserLAnd
INFO:__main__:Getting metadata for https://github.com/CypherpunkArmory/UserLAnd
  0%|          | 1/209 [00:01<03:32,  1.02s/it]INFO:__main__:Requesting https://wiki.termux.com/wiki/Main_Page
INFO:__main__:Getting metadata for https://wiki.termux.com/wiki/Main_Page
  1%|          | 2/209 [00:04<06:05,  1.77s/it]INFO:__main__:Requesting https://github.com/termux/termux-app
INFO:__main__:Getting metadata for https://github.com/termux/termux-app
  1%|▏         | 3/209 [00:05<05:18,  1.54s/it]INFO:__main__:Requesting https://www.reddit.com/r/termux/
INFO:__main__:Getting metadata for https://www.reddit.com/r/termux/
  2%|▏         | 4/209 [00:07<05:22,  1.57s/it]INFO:__main__:Requesting https://github.com/sp4rkie/debian-on-termux
INFO:__main__:Getting metadata for https://github.com/sp4rkie/debian-on-termux
  2%|▏         | 5/209 [00:07<04:29,  1.32s/it]INFO:__main__:Requesting https://github.com/termux/termux-app/issues/954#issuecomment-448199494
INFO:__main__:Getting metadata for https://github.com/termux/termux-app/issues/954#issuecomment-448199494
  3%|▎         | 6/209 [00:08<04:06,  1.21s/it]INFO:__main__:Requesting https://github.com/its-pointless/gcc_termux
INFO:__main__:Getting metadata for https://github.com/its-pointless/gcc_termux
  3%|▎         | 7/209 [00:09<03:42,  1.10s/it]INFO:__main__:Requesting https://play.google.com/store/apps/details?id=org.connectbot
INFO:__main__:Getting metadata for https://play.google.com/store/apps/details?id=org.connectbot
  4%|▍         | 8/209 [00:10<03:14,  1.03it/s]INFO:__main__:Requesting https://play.google.com/store/apps/details?id=org.pocketworkstation.pckeyboard
INFO:__main__:Getting metadata for https://play.google.com/store/apps/details?id=org.pocketworkstation.pckeyboard
  4%|▍         | 9/209 [00:11<02:56,  1.14it/s]INFO:__main__:Requesting https://www.microsoft.com/en-gb/windows/continuum
INFO:__main__:Getting metadata for https://www.microsoft.com/en-gb/windows/continuum
  5%|▍         | 10/209 [00:11<02:56,  1.12it/s]INFO:__main__:Requesting https://maruos.com
INFO:__main__:Getting metadata for https://maruos.com
  5%|▌         | 11/209 [00:12<02:58,  1.11it/s]INFO:__main__:Requesting https://ubports.com/
INFO:__main__:Getting metadata for https://ubports.com
  6%|▌         | 12/209 [00:15<04:26,  1.35s/it]INFO:__main__:Requesting https://github.com/tbodt/ish
INFO:__main__:Getting metadata for https://github.com/tbodt/ish
  6%|▌         | 13/209 [00:16<03:56,  1.21s/it]INFO:__main__:Requesting https://liliputing.com/2018/07/gpd-pocket-2-preview.html
INFO:__main__:Getting metadata for https://liliputing.com/2018/07/gpd-pocket-2-preview.html
  7%|▋         | 14/209 [00:16<02:56,  1.11it/s]INFO:__main__:Requesting https://github.com/fsquillace/junest
INFO:__main__:Getting metadata for https://github.com/fsquillace/junest
  7%|▋         | 15/209 [00:17<03:01,  1.07it/s]INFO:__main__:Requesting https://www.bu.edu/research/articles/researchers-develop-acoustic-metamaterial-noise-cancellation-device/
INFO:__main__:Getting metadata for https://www.bu.edu/research/articles/researchers-develop-acoustic-metamaterial-noise-cancellation-device/
  8%|▊         | 16/209 [00:17<02:32,  1.26it/s]INFO:__main__:Requesting https://en.wikipedia.org/wiki/Fletcher%E2%80%93Munson_curves
INFO:__main__:Getting metadata for https://en.wikipedia.org/wiki/Fletcher%E2%80%93Munson_curves
  8%|▊         | 17/209 [00:18<02:32,  1.26it/s]INFO:__main__:Requesting https://www.acousticfields.com/how-do-you-stop-low-frequency-issues-in-a-small-room/
INFO:__main__:Getting metadata for https://www.acousticfields.com/how-do-you-stop-low-frequency-issues-in-a-small-room/
  9%|▊         | 18/209 [00:19<02:16,  1.39it/s]INFO:__main__:Requesting https://www.youtube.com/watch?v=Mv6sBuwzLhk
INFO:__main__:Getting metadata for https://www.youtube.com/watch?v=Mv6sBuwzLhk
  9%|▉         | 19/209 [00:20<02:27,  1.29it/s]INFO:__main__:Requesting https://www.insulationsuperstore.co.uk/product/soundboard-3-acoustic-wall-board-46db-reduction-1-2m-x-1m-x-24mm.html
INFO:__main__:Getting metadata for https://www.insulationsuperstore.co.uk/product/soundboard-3-acoustic-wall-board-46db-reduction-1-2m-x-1m-x-24mm.html
 10%|▉         | 20/209 [00:22<03:43,  1.18s/it]INFO:__main__:Requesting https://www.bu.edu/research/files/2019/02/acoustic-metamaterial-noise-cancellation-device-19-1023-SOUND-060-2.jpg
INFO:__main__:Getting metadata for https://www.bu.edu/research/files/2019/02/acoustic-metamaterial-noise-cancellation-device-19-1023-SOUND-060-2.jpg
 10%|█         | 21/209 [00:25<05:31,  1.77s/it]INFO:__main__:Requesting https://simple.wikipedia.org/wiki/Decibel
INFO:__main__:Getting metadata for https://simple.wikipedia.org/wiki/Decibel
 11%|█         | 22/209 [00:26<04:34,  1.47s/it]INFO:__main__:Requesting https://en.wikipedia.org/wiki/Decibel
INFO:__main__:Getting metadata for https://en.wikipedia.org/wiki/Decibel
 11%|█         | 23/209 [00:28<05:05,  1.64s/it]INFO:__main__:Requesting https://www.amazon.com/dp/B004U4A5RU/
INFO:__main__:Getting metadata for https://www.amazon.com/dp/B004U4A5RU/
 11%|█▏        | 24/209 [00:31<06:13,  2.02s/it]INFO:__main__:Requesting https://www.amazon.com/dp/B00RM6Q9XW/
INFO:__main__:Getting metadata for https://www.amazon.com/dp/B00RM6Q9XW/
 12%|█▏        | 25/209 [00:33<06:40,  2.18s/it]INFO:__main__:Requesting https://www.amazon.com/dp/B0015PN3W6/
INFO:__main__:Getting metadata for https://www.amazon.com/dp/B0015PN3W6/
 12%|█▏        | 26/209 [00:36<07:12,  2.36s/it]INFO:__main__:Requesting https://www.youtube.com/watch?v=5qV5j9wD5e8
INFO:__main__:Getting metadata for https://www.youtube.com/watch?v=5qV5j9wD5e8
 13%|█▎        | 27/209 [00:37<05:49,  1.92s/it]INFO:__main__:Requesting https://www.youtube.com/watch?v=TRKB5kWs7KE
INFO:__main__:Getting metadata for https://www.youtube.com/watch?v=TRKB5kWs7KE
 13%|█▎        | 28/209 [00:38<04:48,  1.59s/it]INFO:__main__:Requesting https://journals.aps.org/prb/pdf/10.1103/PhysRevB.99.024302
 14%|█▍        | 29/209 [00:38<03:36,  1.20s/it]INFO:__main__:Requesting https://www.reuters.com/article/us-netherlands-pharmaceuticals-insight-idUSKCN1QP0M4
INFO:__main__:Getting metadata for https://www.reuters.com/article/us-netherlands-pharmaceuticals-insight-idUSKCN1QP0M4
 14%|█▍        | 30/209 [00:38<02:47,  1.07it/s]INFO:__main__:Requesting http://sourceonhealthcare.org/orphan-drug-act-fostering-innovation-or-abuse/
INFO:__main__:Getting metadata for http://sourceonhealthcare.org/orphan-drug-act-fostering-innovation-or-abuse/
 15%|█▍        | 31/209 [00:39<02:50,  1.04it/s]INFO:__main__:Requesting https://philanthropynewsdigest.org/news/cystic-fibrosis-foundation-receives-3.3-billion-royalty-pay-out
INFO:__main__:Getting metadata for https://philanthropynewsdigest.org/news/cystic-fibrosis-foundation-receives-3.3-billion-royalty-pay-out
 15%|█▌        | 32/209 [00:40<02:34,  1.15it/s]INFO:__main__:Requesting https://www.oncode.nl/research/programs
ERROR:__main__:Could not reach https://www.oncode.nl/research/programs
Traceback (most recent call last):
  File "/home/travis/virtualenv/python3.6.3/lib/python3.6/site-packages/urllib3/connectionpool.py", line 600, in urlopen
    chunked=chunked)
  File "/home/travis/virtualenv/python3.6.3/lib/python3.6/site-packages/urllib3/connectionpool.py", line 343, in _make_request
    self._validate_conn(conn)
  File "/home/travis/virtualenv/python3.6.3/lib/python3.6/site-packages/urllib3/connectionpool.py", line 839, in _validate_conn
    conn.connect()
  File "/home/travis/virtualenv/python3.6.3/lib/python3.6/site-packages/urllib3/connection.py", line 344, in connect
    ssl_context=context)
  File "/home/travis/virtualenv/python3.6.3/lib/python3.6/site-packages/urllib3/util/ssl_.py", line 344, in ssl_wrap_socket
    return context.wrap_socket(sock, server_hostname=server_hostname)
  File "/opt/python/3.6.3/lib/python3.6/ssl.py", line 407, in wrap_socket
    _context=self, _session=session)
  File "/opt/python/3.6.3/lib/python3.6/ssl.py", line 814, in __init__
    self.do_handshake()
  File "/opt/python/3.6.3/lib/python3.6/ssl.py", line 1068, in do_handshake
    self._sslobj.do_handshake()
  File "/opt/python/3.6.3/lib/python3.6/ssl.py", line 689, in do_handshake
    self._sslobj.do_handshake()
ssl.SSLError: [SSL: CERTIFICATE_VERIFY_FAILED] certificate verify failed (_ssl.c:777)

During handling of the above exception, another exception occurred:

Traceback (most recent call last):
  File "/home/travis/virtualenv/python3.6.3/lib/python3.6/site-packages/requests/adapters.py", line 449, in send
    timeout=timeout
  File "/home/travis/virtualenv/python3.6.3/lib/python3.6/site-packages/urllib3/connectionpool.py", line 638, in urlopen
    _stacktrace=sys.exc_info()[2])
  File "/home/travis/virtualenv/python3.6.3/lib/python3.6/site-packages/urllib3/util/retry.py", line 398, in increment
    raise MaxRetryError(_pool, url, error or ResponseError(cause))
urllib3.exceptions.MaxRetryError: HTTPSConnectionPool(host='www.oncode.nl', port=443): Max retries exceeded with url: /research/programs (Caused by SSLError(SSLError(1, '[SSL: CERTIFICATE_VERIFY_FAILED] certificate verify failed (_ssl.c:777)'),))

During handling of the above exception, another exception occurred:

Traceback (most recent call last):
  File "../_scripts/crawler/crawler.py", line 210, in metafy_url
    response = requests.get(url, timeout=6, headers={'User-Agent': 'Mozilla/5.0'})
  File "/home/travis/virtualenv/python3.6.3/lib/python3.6/site-packages/requests/api.py", line 75, in get
    return request('get', url, params=params, **kwargs)
  File "/home/travis/virtualenv/python3.6.3/lib/python3.6/site-packages/requests/api.py", line 60, in request
    return session.request(method=method, url=url, **kwargs)
  File "/home/travis/virtualenv/python3.6.3/lib/python3.6/site-packages/requests/sessions.py", line 533, in request
    resp = self.send(prep, **send_kwargs)
  File "/home/travis/virtualenv/python3.6.3/lib/python3.6/site-packages/requests/sessions.py", line 646, in send
    r = adapter.send(request, **kwargs)
  File "/home/travis/virtualenv/python3.6.3/lib/python3.6/site-packages/requests/adapters.py", line 514, in send
    raise SSLError(e, request=request)
requests.exceptions.SSLError: HTTPSConnectionPool(host='www.oncode.nl', port=443): Max retries exceeded with url: /research/programs (Caused by SSLError(SSLError(1, '[SSL: CERTIFICATE_VERIFY_FAILED] certificate verify failed (_ssl.c:777)'),))
 16%|█▌        | 33/209 [00:40<02:06,  1.39it/s]INFO:__main__:Requesting https://en.wikipedia.org/wiki/ISDS
INFO:__main__:Getting metadata for https://en.wikipedia.org/wiki/ISDS
 16%|█▋        | 34/209 [00:42<02:43,  1.07it/s]INFO:__main__:Requesting https://www.cnn.com/travel/article/us-citizens-need-visas-to-visit-europe-in-2021/index.html
INFO:__main__:Getting metadata for https://www.cnn.com/travel/article/us-citizens-need-visas-to-visit-europe-in-2021/index.html
 17%|█▋        | 35/209 [00:42<02:02,  1.42it/s]INFO:__main__:Requesting https://www.eulisa.europa.eu/Activities/Large-Scale-It-Systems/Etias
INFO:__main__:Getting metadata for https://www.eulisa.europa.eu/Activities/Large-Scale-It-Systems/Etias
 17%|█▋        | 36/209 [00:47<05:57,  2.06s/it]INFO:__main__:Requesting https://www.youtube.com/watch?time_continue=11&v=orrBJiXAcSU
INFO:__main__:Getting metadata for https://www.youtube.com/watch?time_continue=11&v=orrBJiXAcSU
 18%|█▊        | 37/209 [00:48<04:52,  1.70s/it]INFO:__main__:Requesting https://www.mae.ro/en/node/2040
INFO:__main__:Getting metadata for https://www.mae.ro/en/node/2040
 18%|█▊        | 38/209 [00:51<06:21,  2.23s/it]INFO:__main__:Requesting https://travel.state.gov/content/travel/en/international-travel/International-Travel-Country-Information-Pages/Romania.html
INFO:__main__:Getting metadata for https://travel.state.gov/content/travel/en/international-travel/International-Travel-Country-Information-Pages/Romania.html
 19%|█▊        | 39/209 [00:53<05:44,  2.03s/it]INFO:__main__:Requesting https://travel.state.gov/content/travel/en/international-travel/International-Travel-Country-Information-Pages/Bulgaria.html
INFO:__main__:Getting metadata for https://travel.state.gov/content/travel/en/international-travel/International-Travel-Country-Information-Pages/Bulgaria.html
 19%|█▉        | 40/209 [00:54<05:08,  1.83s/it]INFO:__main__:Requesting https://etias.com/about-etias/who-needs-etias
INFO:__main__:Getting metadata for https://etias.com/about-etias/who-needs-etias
 20%|█▉        | 41/209 [00:58<06:23,  2.28s/it]INFO:__main__:Requesting https://etias.com/about-etias/etias-for-palauan-citizens
INFO:__main__:Getting metadata for https://etias.com/about-etias/etias-for-palauan-citizens
 20%|██        | 42/209 [01:01<06:55,  2.49s/it]INFO:__main__:Requesting https://en.jeffprod.com/blog/2019/web-scraping-with-electron/
INFO:__main__:Getting metadata for https://en.jeffprod.com/blog/2019/web-scraping-with-electron/
 21%|██        | 43/209 [01:02<05:41,  2.06s/it]INFO:__main__:Requesting https://scrapy.org/
INFO:__main__:Getting metadata for https://scrapy.org
 21%|██        | 44/209 [01:02<04:34,  1.66s/it]INFO:__main__:Requesting https://www.crummy.com/software/BeautifulSoup/
INFO:__main__:Getting metadata for https://www.crummy.com/software/BeautifulSoup/
 22%|██▏       | 45/209 [01:04<04:04,  1.49s/it]INFO:__main__:Requesting https://stackoverflow.com/questions/3577641/how-do-you-parse-and-process-html-xml-in-php/3577662
INFO:__main__:Getting metadata for https://stackoverflow.com/questions/3577641/how-do-you-parse-and-process-html-xml-in-php/3577662
 22%|██▏       | 46/209 [01:04<03:27,  1.27s/it]INFO:__main__:Requesting https://chromedevtools.github.io/devtools-protocol/
INFO:__main__:Getting metadata for https://chromedevtools.github.io/devtools-protocol/
 22%|██▏       | 47/209 [01:05<02:46,  1.03s/it]INFO:__main__:Requesting https://www.w3.org/TR/webdriver/
INFO:__main__:Getting metadata for https://www.w3.org/TR/webdriver/
 23%|██▎       | 48/209 [01:11<07:20,  2.74s/it]INFO:__main__:Requesting https://packages.debian.org/stretch/node-ws
INFO:__main__:Getting metadata for https://packages.debian.org/stretch/node-ws
 23%|██▎       | 49/209 [01:15<07:43,  2.89s/it]INFO:__main__:Requesting https://github.com/GoogleChrome/puppeteer/issues/238
INFO:__main__:Getting metadata for https://github.com/GoogleChrome/puppeteer/issues/238
 24%|██▍       | 50/209 [01:17<06:53,  2.60s/it]INFO:__main__:Requesting https://mathml.igalia.com/news/2019/02/12/launch-of-the-project/
INFO:__main__:Getting metadata for https://mathml.igalia.com/news/2019/02/12/launch-of-the-project/
 24%|██▍       | 51/209 [01:19<06:41,  2.54s/it]INFO:__main__:Requesting http://fred-wang.github.io/MathUI2014/demos/7-web-component.html
INFO:__main__:Getting metadata for http://fred-wang.github.io/MathUI2014/demos/7-web-component.html
 25%|██▍       | 52/209 [01:19<04:48,  1.84s/it]INFO:__main__:Requesting https://github.com/fred-wang/MathUI2014/blob/master/demos/7-web-component.html
INFO:__main__:Getting metadata for https://github.com/fred-wang/MathUI2014/blob/master/demos/7-web-component.html
 25%|██▌       | 53/209 [01:20<03:53,  1.50s/it]INFO:__main__:Requesting https://github.com/fred-wang/x-tex
INFO:__main__:Getting metadata for https://github.com/fred-wang/x-tex
 26%|██▌       | 54/209 [01:21<03:15,  1.26s/it]INFO:__main__:Requesting https://runarberg.github.io/ascii2mathml/
INFO:__main__:Getting metadata for https://runarberg.github.io/ascii2mathml/
 26%|██▋       | 55/209 [01:21<02:47,  1.09s/it]INFO:__main__:Requesting https://en.wikipedia.org/wiki/MathML#Example_and_comparison_to_other_formats
INFO:__main__:Getting metadata for https://en.wikipedia.org/wiki/MathML#Example_and_comparison_to_other_formats
 27%|██▋       | 56/209 [01:23<03:08,  1.23s/it]INFO:__main__:Requesting http://www.w3.org/1998/Math/MathML">
INFO:__main__:Requesting https://webkit.org/blog/6803/improvements-in-mathml-rendering/
INFO:__main__:Getting metadata for https://webkit.org/blog/6803/improvements-in-mathml-rendering/
 28%|██▊       | 58/209 [01:23<02:22,  1.06it/s]INFO:__main__:Requesting https://en.m.wikipedia.org/wiki/Help:Displaying_a_formula#Native_MathML
INFO:__main__:Getting metadata for https://en.m.wikipedia.org/wiki/Help:Displaying_a_formula#Native_MathML
 28%|██▊       | 59/209 [01:30<06:40,  2.67s/it]INFO:__main__:Requesting https://github.com/Microsoft/reactxp
INFO:__main__:Getting metadata for https://github.com/Microsoft/reactxp
 29%|██▊       | 60/209 [01:31<05:16,  2.13s/it]INFO:__main__:Requesting http://fred-wang.github.io/MathUI2014/demos/2-mathml-in-svg.svg
INFO:__main__:Getting metadata for http://fred-wang.github.io/MathUI2014/demos/2-mathml-in-svg.svg
 29%|██▉       | 61/209 [01:31<03:50,  1.56s/it]INFO:__main__:Requesting http://fred-wang.github.io/MathUI2014/demos/6-mathml-in-webgl.html
INFO:__main__:Getting metadata for http://fred-wang.github.io/MathUI2014/demos/6-mathml-in-webgl.html
 30%|██▉       | 62/209 [01:31<02:47,  1.14s/it]INFO:__main__:Requesting https://www.mediawiki.org/wiki/Extension:Math/advancedSettings#CSS_for_the_MathML_with_SVG_fallback_mode
INFO:__main__:Getting metadata for https://www.mediawiki.org/wiki/Extension:Math/advancedSettings#CSS_for_the_MathML_with_SVG_fallback_mode
 30%|███       | 63/209 [01:32<02:31,  1.03s/it]INFO:__main__:Requesting https://ncatlab.org/nlab/show/HomePage
INFO:__main__:Getting metadata for https://ncatlab.org/nlab/show/HomePage
 31%|███       | 64/209 [01:34<02:42,  1.12s/it]INFO:__main__:Requesting https://mdn.mozillademos.org/en-US/docs/Mozilla/MathML_Project/MathML_Torture_Test$samples/MathML_Torture_Test?revision=1449367
INFO:__main__:Getting metadata for https://mdn.mozillademos.org/en-US/docs/Mozilla/MathML_Project/MathML_Torture_Test$samples/MathML_Torture_Test?revision=1449367
 31%|███       | 65/209 [01:35<03:11,  1.33s/it]INFO:__main__:Requesting https://www.engadget.com/2019/03/09/porche-taycan-ev-20-000-reservations/
INFO:__main__:Getting metadata for https://www.engadget.com/2019/03/09/porche-taycan-ev-20-000-reservations/
 32%|███▏      | 66/209 [01:36<02:47,  1.17s/it]INFO:__main__:Requesting http://www.yosefk.com/blog/its-done-in-hardware-so-its-cheap.html
INFO:__main__:Getting metadata for http://yosefk.com/blog/its-done-in-hardware-so-its-cheap.html
 32%|███▏      | 67/209 [01:37<02:50,  1.20s/it]INFO:__main__:Requesting https://www.latimes.com/local/lanow/la-me-ln-pmmc-rescued-animals-20190308-story.html
INFO:__main__:Getting metadata for https://www.latimes.com/local/lanow/la-me-ln-pmmc-rescued-animals-20190308-story.html
 33%|███▎      | 68/209 [01:38<02:18,  1.02it/s]INFO:__main__:Requesting https://abc7news.com/health/toxic-algae-bloom-in-oaklands-lake-temescal-prompts-closure/2156561/
INFO:__main__:Getting metadata for https://abc7news.com/health/toxic-algae-bloom-in-oaklands-lake-temescal-prompts-closure/2156561/
 33%|███▎      | 69/209 [01:38<01:50,  1.27it/s]INFO:__main__:Requesting http://claycord.com/2017/08/07/contra-costa-residents-experiencing-taste-and-odor-issues-with-their-water/
INFO:__main__:Getting metadata for http://claycord.com/2017/08/07/contra-costa-residents-experiencing-taste-and-odor-issues-with-their-water/
 33%|███▎      | 70/209 [01:42<03:55,  1.69s/it]INFO:__main__:Requesting https://coastalscience.noaa.gov/news/four-different-algal-toxins-found-san-francisco-bay-mussels/
INFO:__main__:Getting metadata for https://coastalscience.noaa.gov/news/four-different-algal-toxins-found-san-francisco-bay-mussels/
 34%|███▍      | 71/209 [01:43<03:15,  1.42s/it]INFO:__main__:Requesting https://www.sfchronicle.com/bayarea/article/toxic-algae-clearlake-oaks-lake-co-cyanobacteria-13095521.php
INFO:__main__:Getting metadata for https://www.sfchronicle.com/bayarea/article/toxic-algae-clearlake-oaks-lake-co-cyanobacteria-13095521.php
 34%|███▍      | 72/209 [01:43<02:40,  1.17s/it]INFO:__main__:Requesting https://www.bridgemi.com/michigan-environment-watch/lake-eries-algae-bloom-growing-again-after-paralyzing-toledo-water-system
INFO:__main__:Getting metadata for https://www.bridgemi.com/michigan-environment-watch/lake-eries-algae-bloom-growing-again-after-paralyzing-toledo-water-system
 35%|███▍      | 73/209 [01:46<03:53,  1.72s/it]INFO:__main__:Requesting https://www.cdc.gov/mmwr/volumes/68/wr/mm6809a1.htm
INFO:__main__:Getting metadata for https://www.cdc.gov/mmwr/volumes/68/wr/mm6809a1.htm
 35%|███▌      | 74/209 [01:47<02:52,  1.28s/it]INFO:__main__:Requesting https://www.nationmaster.com/country-info/compare/Finland/United-States/Cost-of-living
INFO:__main__:Getting metadata for https://www.nationmaster.com/country-info/compare/Finland/United-States/Cost-of-living
 36%|███▌      | 75/209 [01:49<03:23,  1.52s/it]INFO:__main__:Requesting https://www.daxx.com/blog/development-trends/it-salaries-software-developer-trends-2018
INFO:__main__:Getting metadata for https://www.daxx.com/blog/development-trends/it-salaries-software-developer-trends-2018
 36%|███▋      | 76/209 [01:51<03:50,  1.73s/it]INFO:__main__:Requesting https://en.wikipedia.org/wiki/List_of_countries_by_unemployment_rate
INFO:__main__:Getting metadata for https://en.wikipedia.org/wiki/List_of_countries_by_unemployment_rate
 37%|███▋      | 77/209 [01:53<04:09,  1.89s/it]INFO:__main__:Requesting https://news.gallup.com/poll/164618/desire-children-norm.aspx
INFO:__main__:Getting metadata for https://news.gallup.com/poll/164618/desire-children-norm.aspx
 37%|███▋      | 78/209 [01:56<04:33,  2.09s/it]INFO:__main__:Requesting https://www.indystar.com/story/news/politics/2016/03/23/bill-banning-local-plastic-bag-restrictions-signed-law/82183114/
ERROR:__main__:Could not reach https://www.indystar.com/story/news/politics/2016/03/23/bill-banning-local-plastic-bag-restrictions-signed-law/82183114/
Traceback (most recent call last):
  File "/home/travis/virtualenv/python3.6.3/lib/python3.6/site-packages/urllib3/connectionpool.py", line 384, in _make_request
    six.raise_from(e, None)
  File "<string>", line 2, in raise_from
  File "/home/travis/virtualenv/python3.6.3/lib/python3.6/site-packages/urllib3/connectionpool.py", line 380, in _make_request
    httplib_response = conn.getresponse()
  File "/opt/python/3.6.3/lib/python3.6/http/client.py", line 1331, in getresponse
    response.begin()
  File "/opt/python/3.6.3/lib/python3.6/http/client.py", line 297, in begin
    version, status, reason = self._read_status()
  File "/opt/python/3.6.3/lib/python3.6/http/client.py", line 258, in _read_status
    line = str(self.fp.readline(_MAXLINE + 1), "iso-8859-1")
  File "/opt/python/3.6.3/lib/python3.6/socket.py", line 586, in readinto
    return self._sock.recv_into(b)
  File "/opt/python/3.6.3/lib/python3.6/ssl.py", line 1009, in recv_into
    return self.read(nbytes, buffer)
  File "/opt/python/3.6.3/lib/python3.6/ssl.py", line 871, in read
    return self._sslobj.read(len, buffer)
  File "/opt/python/3.6.3/lib/python3.6/ssl.py", line 631, in read
    v = self._sslobj.read(len, buffer)
socket.timeout: The read operation timed out

During handling of the above exception, another exception occurred:

Traceback (most recent call last):
  File "/home/travis/virtualenv/python3.6.3/lib/python3.6/site-packages/requests/adapters.py", line 449, in send
    timeout=timeout
  File "/home/travis/virtualenv/python3.6.3/lib/python3.6/site-packages/urllib3/connectionpool.py", line 638, in urlopen
    _stacktrace=sys.exc_info()[2])
  File "/home/travis/virtualenv/python3.6.3/lib/python3.6/site-packages/urllib3/util/retry.py", line 367, in increment
    raise six.reraise(type(error), error, _stacktrace)
  File "/home/travis/virtualenv/python3.6.3/lib/python3.6/site-packages/urllib3/packages/six.py", line 686, in reraise
    raise value
  File "/home/travis/virtualenv/python3.6.3/lib/python3.6/site-packages/urllib3/connectionpool.py", line 600, in urlopen
    chunked=chunked)
  File "/home/travis/virtualenv/python3.6.3/lib/python3.6/site-packages/urllib3/connectionpool.py", line 386, in _make_request
    self._raise_timeout(err=e, url=url, timeout_value=read_timeout)
  File "/home/travis/virtualenv/python3.6.3/lib/python3.6/site-packages/urllib3/connectionpool.py", line 306, in _raise_timeout
    raise ReadTimeoutError(self, url, "Read timed out. (read timeout=%s)" % timeout_value)
urllib3.exceptions.ReadTimeoutError: HTTPSConnectionPool(host='www.indystar.com', port=443): Read timed out. (read timeout=6)

During handling of the above exception, another exception occurred:

Traceback (most recent call last):
  File "../_scripts/crawler/crawler.py", line 210, in metafy_url
    response = requests.get(url, timeout=6, headers={'User-Agent': 'Mozilla/5.0'})
  File "/home/travis/virtualenv/python3.6.3/lib/python3.6/site-packages/requests/api.py", line 75, in get
    return request('get', url, params=params, **kwargs)
  File "/home/travis/virtualenv/python3.6.3/lib/python3.6/site-packages/requests/api.py", line 60, in request
    return session.request(method=method, url=url, **kwargs)
  File "/home/travis/virtualenv/python3.6.3/lib/python3.6/site-packages/requests/sessions.py", line 533, in request
    resp = self.send(prep, **send_kwargs)
  File "/home/travis/virtualenv/python3.6.3/lib/python3.6/site-packages/requests/sessions.py", line 646, in send
    r = adapter.send(request, **kwargs)
  File "/home/travis/virtualenv/python3.6.3/lib/python3.6/site-packages/requests/adapters.py", line 529, in send
    raise ReadTimeout(e, request=request)
requests.exceptions.ReadTimeout: HTTPSConnectionPool(host='www.indystar.com', port=443): Read timed out. (read timeout=6)
 38%|███▊      | 79/209 [02:02<07:07,  3.29s/it]INFO:__main__:Requesting https://i.imgur.com/Ct0wv5D.png
INFO:__main__:Getting metadata for https://i.imgur.com/Ct0wv5D.png
 38%|███▊      | 80/209 [02:07<08:15,  3.84s/it]INFO:__main__:Requesting https://www.dailymail.co.uk/news/article-2730947/Americans-paid-vacation-time-world-countries-enjoy-FORTY-days-year.html
INFO:__main__:Getting metadata for https://www.dailymail.co.uk/news/article-2730947/Americans-paid-vacation-time-world-countries-enjoy-FORTY-days-year.html
 39%|███▉      | 81/209 [02:08<06:38,  3.11s/it]INFO:__main__:Requesting https://github.com/pjimenezmateo/curriculum-bootloader#
INFO:__main__:Getting metadata for https://github.com/pjimenezmateo/curriculum-bootloader
 39%|███▉      | 82/209 [02:09<05:06,  2.41s/it]INFO:__main__:Requesting https://www.businessinsider.com/why-this-is-an-excellent-resume-2013-11
INFO:__main__:Getting metadata for https://www.businessinsider.com/why-this-is-an-excellent-resume-2013-11
 40%|███▉      | 83/209 [02:09<03:42,  1.77s/it]INFO:__main__:Requesting https://www.alchemistowl.org/pocorgtfo/
INFO:__main__:Getting metadata for https://www.alchemistowl.org/pocorgtfo/
 40%|████      | 84/209 [02:12<04:25,  2.13s/it]INFO:__main__:Requesting https://www.quaxio.com/bootable_cd_retro_game_tweet/
INFO:__main__:Getting metadata for https://www.quaxio.com/bootable_cd_retro_game_tweet/
 41%|████      | 85/209 [02:13<03:17,  1.59s/it]INFO:__main__:Requesting https://news.ycombinator.com/newsguidelines.html
INFO:__main__:Getting metadata for https://news.ycombinator.com/newsguidelines.html
 41%|████      | 86/209 [02:14<02:57,  1.44s/it]INFO:__main__:Requesting https://news.ycombinator.com/showhn.html
INFO:__main__:Getting metadata for https://news.ycombinator.com/showhn.html
 42%|████▏     | 87/209 [02:15<02:42,  1.34s/it]INFO:__main__:Requesting https://github.com/tlrobinson/evil.css/
INFO:__main__:Getting metadata for https://github.com/tlrobinson/evil.css/
 42%|████▏     | 88/209 [02:16<02:20,  1.16s/it]INFO:__main__:Requesting https://www.theatlantic.com/technology/archive/2019/03/ai-created-art-invades-chelsea-gallery-scene/584134/
INFO:__main__:Getting metadata for https://www.theatlantic.com/technology/archive/2019/03/ai-created-art-invades-chelsea-gallery-scene/584134/
 43%|████▎     | 89/209 [02:16<01:49,  1.09it/s]INFO:__main__:Requesting https://www.francis-bacon.com/artworks/paintings/1960s
INFO:__main__:Getting metadata for https://www.francis-bacon.com/artworks/paintings/1960s
 43%|████▎     | 90/209 [02:20<03:44,  1.89s/it]INFO:__main__:Requesting https://en.wikipedia.org/wiki/Fountain_(Duchamp)
INFO:__main__:Getting metadata for https://en.wikipedia.org/wiki/Fountain_(Duchamp)
 44%|████▎     | 91/209 [02:22<03:31,  1.80s/it]INFO:__main__:Requesting https://sysadmincasts.com/episodes/51-mechanics-of-building-a-carpooling-service-introduction
INFO:__main__:Getting metadata for https://sysadmincasts.com/episodes/51-mechanics-of-building-a-carpooling-service-introduction
 44%|████▍     | 92/209 [02:23<02:56,  1.51s/it]INFO:__main__:Requesting https://automatetheboringstuff.com/
INFO:__main__:Getting metadata for https://automatetheboringstuff.com
 44%|████▍     | 93/209 [02:24<02:35,  1.34s/it]INFO:__main__:Requesting https://www.fabfile.org/
INFO:__main__:Getting metadata for https://www.fabfile.org
 45%|████▍     | 94/209 [02:25<02:31,  1.32s/it]INFO:__main__:Requesting https://www.djangoproject.com/
INFO:__main__:Getting metadata for https://www.djangoproject.com
 45%|████▌     | 95/209 [02:26<02:17,  1.20s/it]INFO:__main__:Requesting https://github.com/themaxsandelin/todo
INFO:__main__:Getting metadata for https://github.com/themaxsandelin/todo
 46%|████▌     | 96/209 [02:26<01:57,  1.04s/it]INFO:__main__:Requesting https://rodrigohgpontes.github.io/
INFO:__main__:Getting metadata for https://rodrigohgpontes.github.io
 46%|████▋     | 97/209 [02:27<01:37,  1.14it/s]INFO:__main__:Requesting https://lambdaschool.com/
INFO:__main__:Getting metadata for https://lambdaschool.com
 47%|████▋     | 98/209 [02:29<02:13,  1.20s/it]INFO:__main__:Requesting https://projecteuler.net/
INFO:__main__:Getting metadata for https://projecteuler.net
 47%|████▋     | 99/209 [02:32<03:13,  1.76s/it]INFO:__main__:Requesting https://hello.processing.org/
INFO:__main__:Getting metadata for https://hello.processing.org
 48%|████▊     | 100/209 [02:32<02:26,  1.35s/it]INFO:__main__:Requesting https://www.railstutorial.org/book
INFO:__main__:Getting metadata for https://www.railstutorial.org/book
 48%|████▊     | 101/209 [02:35<03:05,  1.72s/it]INFO:__main__:Requesting https://yoember.com
INFO:__main__:Getting metadata for https://yoember.com
 49%|████▉     | 102/209 [02:38<03:43,  2.09s/it]INFO:__main__:Requesting https://earlymodernmedicine.com/the-man-with-an-elephants-nose/
 49%|████▉     | 103/209 [02:39<03:09,  1.78s/it]INFO:__main__:Requesting https://en.wikipedia.org/wiki/Alejandro_Jodorowsky#Psychomagic
INFO:__main__:Getting metadata for https://en.wikipedia.org/wiki/Alejandro_Jodorowsky#Psychomagic
 50%|████▉     | 104/209 [02:41<03:11,  1.83s/it]INFO:__main__:Requesting https://www.psychologytoday.com/us/articles/201707/the-mad-genius-mystery
INFO:__main__:Getting metadata for https://www.psychologytoday.com/us/articles/201707/the-mad-genius-mystery
 50%|█████     | 105/209 [02:41<02:25,  1.40s/it]INFO:__main__:Requesting https://www.mercurynews.com/2019/03/08/h-1b-outsourcing-giant-games-visa-system-to-discriminate-against-non-south-asians-in-hiring-lawsuit-claims/
INFO:__main__:Getting metadata for https://www.mercurynews.com/2019/03/08/h-1b-outsourcing-giant-games-visa-system-to-discriminate-against-non-south-asians-in-hiring-lawsuit-claims/
 51%|█████     | 106/209 [02:42<01:53,  1.10s/it]INFO:__main__:Requesting https://en.wikipedia.org/wiki/Reverse_auction
INFO:__main__:Getting metadata for https://en.wikipedia.org/wiki/Reverse_auction
 51%|█████     | 107/209 [02:43<01:46,  1.05s/it]INFO:__main__:Requesting https://m.economictimes.com/nri/visa-and-immigration/h-1b-extension-rejections-rob-indian-it-firms-of-visa-power/articleshow/68312136.cms
INFO:__main__:Getting metadata for https://economictimes.indiatimes.com/nri/visa-and-immigration/h-1b-extension-rejections-rob-indian-it-firms-of-visa-power/articleshow/68312136.cms?from=mdr
 52%|█████▏    | 108/209 [02:44<01:45,  1.05s/it]INFO:__main__:Requesting https://m.timesofindia.com/business/india-business/tcs-among-top-10-firms-to-get-foreign-labour-certification-for-h-1b-visas/articleshow/66328540.cms
INFO:__main__:Getting metadata for https://timesofindia.indiatimes.com/business/india-business/tcs-among-top-10-firms-to-get-foreign-labour-certification-for-h-1b-visas/articleshow/66328540.cms?from=mdr
 52%|█████▏    | 109/209 [02:46<02:11,  1.32s/it]INFO:__main__:Requesting https://blog.acolyer.org/2019/03/08/a-generalised-solution-to-distributed-consensus/
ERROR:__main__:Could not reach https://blog.acolyer.org/2019/03/08/a-generalised-solution-to-distributed-consensus/
Traceback (most recent call last):
  File "/home/travis/virtualenv/python3.6.3/lib/python3.6/site-packages/urllib3/connectionpool.py", line 600, in urlopen
    chunked=chunked)
  File "/home/travis/virtualenv/python3.6.3/lib/python3.6/site-packages/urllib3/connectionpool.py", line 384, in _make_request
    six.raise_from(e, None)
  File "<string>", line 2, in raise_from
  File "/home/travis/virtualenv/python3.6.3/lib/python3.6/site-packages/urllib3/connectionpool.py", line 380, in _make_request
    httplib_response = conn.getresponse()
  File "/opt/python/3.6.3/lib/python3.6/http/client.py", line 1331, in getresponse
    response.begin()
  File "/opt/python/3.6.3/lib/python3.6/http/client.py", line 297, in begin
    version, status, reason = self._read_status()
  File "/opt/python/3.6.3/lib/python3.6/http/client.py", line 266, in _read_status
    raise RemoteDisconnected("Remote end closed connection without"
http.client.RemoteDisconnected: Remote end closed connection without response

During handling of the above exception, another exception occurred:

Traceback (most recent call last):
  File "/home/travis/virtualenv/python3.6.3/lib/python3.6/site-packages/requests/adapters.py", line 449, in send
    timeout=timeout
  File "/home/travis/virtualenv/python3.6.3/lib/python3.6/site-packages/urllib3/connectionpool.py", line 638, in urlopen
    _stacktrace=sys.exc_info()[2])
  File "/home/travis/virtualenv/python3.6.3/lib/python3.6/site-packages/urllib3/util/retry.py", line 367, in increment
    raise six.reraise(type(error), error, _stacktrace)
  File "/home/travis/virtualenv/python3.6.3/lib/python3.6/site-packages/urllib3/packages/six.py", line 685, in reraise
    raise value.with_traceback(tb)
  File "/home/travis/virtualenv/python3.6.3/lib/python3.6/site-packages/urllib3/connectionpool.py", line 600, in urlopen
    chunked=chunked)
  File "/home/travis/virtualenv/python3.6.3/lib/python3.6/site-packages/urllib3/connectionpool.py", line 384, in _make_request
    six.raise_from(e, None)
  File "<string>", line 2, in raise_from
  File "/home/travis/virtualenv/python3.6.3/lib/python3.6/site-packages/urllib3/connectionpool.py", line 380, in _make_request
    httplib_response = conn.getresponse()
  File "/opt/python/3.6.3/lib/python3.6/http/client.py", line 1331, in getresponse
    response.begin()
  File "/opt/python/3.6.3/lib/python3.6/http/client.py", line 297, in begin
    version, status, reason = self._read_status()
  File "/opt/python/3.6.3/lib/python3.6/http/client.py", line 266, in _read_status
    raise RemoteDisconnected("Remote end closed connection without"
urllib3.exceptions.ProtocolError: ('Connection aborted.', RemoteDisconnected('Remote end closed connection without response',))

During handling of the above exception, another exception occurred:

Traceback (most recent call last):
  File "../_scripts/crawler/crawler.py", line 210, in metafy_url
    response = requests.get(url, timeout=6, headers={'User-Agent': 'Mozilla/5.0'})
  File "/home/travis/virtualenv/python3.6.3/lib/python3.6/site-packages/requests/api.py", line 75, in get
    return request('get', url, params=params, **kwargs)
  File "/home/travis/virtualenv/python3.6.3/lib/python3.6/site-packages/requests/api.py", line 60, in request
    return session.request(method=method, url=url, **kwargs)
  File "/home/travis/virtualenv/python3.6.3/lib/python3.6/site-packages/requests/sessions.py", line 533, in request
    resp = self.send(prep, **send_kwargs)
  File "/home/travis/virtualenv/python3.6.3/lib/python3.6/site-packages/requests/sessions.py", line 646, in send
    r = adapter.send(request, **kwargs)
  File "/home/travis/virtualenv/python3.6.3/lib/python3.6/site-packages/requests/adapters.py", line 498, in send
    raise ConnectionError(err, request=request)
requests.exceptions.ConnectionError: ('Connection aborted.', RemoteDisconnected('Remote end closed connection without response',))
 53%|█████▎    | 110/209 [02:46<01:35,  1.04it/s]INFO:__main__:Requesting http://hh360.user.srcf.net/blog/2016/08/majority-agreement-is-not-necessary/
INFO:__main__:Getting metadata for http://hh360.user.srcf.net/blog/2016/08/majority-agreement-is-not-necessary/
 53%|█████▎    | 111/209 [02:47<01:57,  1.20s/it]INFO:__main__:Requesting https://youtu.be/gYkueS5sKqo
INFO:__main__:Getting metadata for https://www.youtube.com/watch?v=gYkueS5sKqo&feature=youtu.be
 54%|█████▎    | 112/209 [02:48<01:46,  1.09s/it]INFO:__main__:Requesting https://www.brianstorti.com/raft/
INFO:__main__:Getting metadata for https://www.brianstorti.com/raft/
 54%|█████▍    | 113/209 [02:49<01:35,  1.00it/s]INFO:__main__:Requesting https://vadosware.io/post/paxosmon-gotta-concensus-them-all/
INFO:__main__:Getting metadata for https://vadosware.io/post/paxosmon-gotta-concensus-them-all/
 55%|█████▍    | 114/209 [02:51<01:47,  1.13s/it]INFO:__main__:Requesting https://en.bitcoin.it/wiki/Block_chain
INFO:__main__:Getting metadata for https://en.bitcoin.it/wiki/Block_chain
 55%|█████▌    | 115/209 [02:52<01:44,  1.12s/it]INFO:__main__:Requesting https://en.m.wikipedia.org/wiki/Byzantine_fault
INFO:__main__:Getting metadata for https://en.m.wikipedia.org/wiki/Byzantine_fault
 56%|█████▌    | 116/209 [02:53<01:40,  1.08s/it]INFO:__main__:Requesting https://github.com/pwaller/go2ll-talk
INFO:__main__:Getting metadata for https://github.com/pwaller/go2ll-talk
 56%|█████▌    | 117/209 [02:54<01:36,  1.05s/it]INFO:__main__:Requesting https://github.com/pwaller/go2ll-talk/blob/master/Makefile
INFO:__main__:Getting metadata for https://github.com/pwaller/go2ll-talk/blob/master/Makefile
 56%|█████▋    | 118/209 [02:54<01:26,  1.05it/s]INFO:__main__:Requesting https://www.scientificamerican.com/article/spacex-crew-dragon-splashes-down-after-historic-test-flight/
INFO:__main__:Getting metadata for https://www.scientificamerican.com/article/spacex-crew-dragon-splashes-down-after-historic-test-flight/
 57%|█████▋    | 119/209 [02:55<01:19,  1.13it/s]INFO:__main__:Requesting https://www.bigelowspaceops.com/
INFO:__main__:Getting metadata for https://www.bigelowspaceops.com
 57%|█████▋    | 120/209 [02:56<01:11,  1.25it/s]INFO:__main__:Requesting https://youtu.be/HuXPLtJXd14
INFO:__main__:Getting metadata for https://www.youtube.com/watch?v=HuXPLtJXd14&feature=youtu.be
 58%|█████▊    | 121/209 [02:57<01:17,  1.14it/s]INFO:__main__:Requesting https://en.wikipedia.org/wiki/Keweenaw_Rocket_Range
INFO:__main__:Getting metadata for https://en.wikipedia.org/wiki/Keweenaw_Rocket_Range
 58%|█████▊    | 122/209 [02:57<01:13,  1.18it/s]INFO:__main__:Requesting http://news.mit.edu/2015/shockwave-process-desalination-water-1112
INFO:__main__:Getting metadata for http://news.mit.edu/2015/shockwave-process-desalination-water-1112
 59%|█████▉    | 123/209 [02:59<01:32,  1.07s/it]INFO:__main__:Requesting https://www.youtube.com/watch?v=zqE-ultsWt0
INFO:__main__:Getting metadata for https://www.youtube.com/watch?v=zqE-ultsWt0
 59%|█████▉    | 124/209 [03:00<01:27,  1.03s/it]INFO:__main__:Requesting https://nuclearsecrecy.com/nukemap/
INFO:__main__:Getting metadata for https://nuclearsecrecy.com/nukemap/
 60%|█████▉    | 125/209 [03:01<01:13,  1.14it/s]INFO:__main__:Requesting https://www.youtube.com/watch?v=1B6oiLNyKKI
INFO:__main__:Getting metadata for https://www.youtube.com/watch?v=1B6oiLNyKKI
 60%|██████    | 126/209 [03:01<01:14,  1.12it/s]INFO:__main__:Requesting https://www.fueleconomy.gov/feg/contentIncludes/co2_inc.htm
INFO:__main__:Getting metadata for https://www.fueleconomy.gov/feg/contentIncludes/co2_inc.htm
 61%|██████    | 127/209 [03:03<01:17,  1.06it/s]INFO:__main__:Requesting https://www.smithsonianmag.com/science-nature/spacex-environmentally-responsible-180968098/
INFO:__main__:Getting metadata for https://www.smithsonianmag.com/science-nature/spacex-environmentally-responsible-180968098/
 61%|██████    | 128/209 [03:03<01:13,  1.11it/s]INFO:__main__:Requesting https://www.epa.gov/greenvehicles/greenhouse-gas-emissions-typical-passenger-vehicle
INFO:__main__:Getting metadata for https://www.epa.gov/greenvehicles/greenhouse-gas-emissions-typical-passenger-vehicle
 62%|██████▏   | 129/209 [03:04<00:56,  1.41it/s]INFO:__main__:Requesting https://space.stackexchange.com/questions/13082/calculate-falcon-9-co2-emissions
INFO:__main__:Getting metadata for https://space.stackexchange.com/questions/13082/calculate-falcon-9-co2-emissions
 62%|██████▏   | 130/209 [03:04<00:47,  1.66it/s]INFO:__main__:Requesting https://en.m.wikipedia.org/wiki/List_of_Falcon_9_and_Falcon_Heavy_launches
INFO:__main__:Getting metadata for https://en.m.wikipedia.org/wiki/List_of_Falcon_9_and_Falcon_Heavy_launches
 63%|██████▎   | 131/209 [03:09<02:34,  1.97s/it]INFO:__main__:Requesting https://www.reddit.com/r/spacex
INFO:__main__:Getting metadata for https://www.reddit.com/r/spacex
 63%|██████▎   | 132/209 [03:11<02:25,  1.89s/it]INFO:__main__:Requesting https://www.youtube.com/watch?v=8aAe0GWIWGI
INFO:__main__:Getting metadata for https://www.youtube.com/watch?v=8aAe0GWIWGI
 64%|██████▎   | 133/209 [03:12<02:01,  1.60s/it]INFO:__main__:Requesting https://youtu.be/8aAe0GWIWGI?t=6219
INFO:__main__:Getting metadata for https://www.youtube.com/watch?v=8aAe0GWIWGI&feature=youtu.be&t=6219
 64%|██████▍   | 134/209 [03:13<01:43,  1.39s/it]INFO:__main__:Requesting https://youtu.be/8aAe0GWIWGI?t=4303
INFO:__main__:Getting metadata for https://www.youtube.com/watch?v=8aAe0GWIWGI&feature=youtu.be&t=4303
 65%|██████▍   | 135/209 [03:14<01:33,  1.26s/it]INFO:__main__:Requesting https://www.youtube.com/watch?v=AqeJzItldSQ
INFO:__main__:Getting metadata for https://www.youtube.com/watch?v=AqeJzItldSQ
 65%|██████▌   | 136/209 [03:14<01:23,  1.14s/it]INFO:__main__:Requesting https://en.wikipedia.org/wiki/Moon_Machines
INFO:__main__:Getting metadata for https://en.wikipedia.org/wiki/Moon_Machines
 66%|██████▌   | 137/209 [03:15<01:13,  1.03s/it]INFO:__main__:Requesting https://en.wikipedia.org/wiki/Soyuz_7K-ST_No._16L
INFO:__main__:Getting metadata for https://en.wikipedia.org/wiki/Soyuz_7K-ST_No._16L
 66%|██████▌   | 138/209 [03:16<01:15,  1.07s/it]INFO:__main__:Requesting https://youtu.be/gsIkeFaC1vg
INFO:__main__:Getting metadata for https://www.youtube.com/watch?v=gsIkeFaC1vg&feature=youtu.be
 67%|██████▋   | 139/209 [03:17<01:10,  1.01s/it]INFO:__main__:Requesting https://blog.ycombinator.com/updates-from-yc/
INFO:__main__:Getting metadata for https://blog.ycombinator.com/updates-from-yc/
 67%|██████▋   | 140/209 [03:18<01:00,  1.14it/s]INFO:__main__:Requesting https://www.iasplus.com/en/standards/ifrs/ifrs9
INFO:__main__:Getting metadata for https://www.iasplus.com/en/standards/ifrs/ifrs9
 67%|██████▋   | 141/209 [03:19<01:05,  1.03it/s]INFO:__main__:Requesting https://www.mercurynews.com/2017/08/14/proposed-dumbarton-rail-bridge-could-be-first-transbay-railroad-crossing-since-bart-tube/
INFO:__main__:Getting metadata for https://www.mercurynews.com/2017/08/14/proposed-dumbarton-rail-bridge-could-be-first-transbay-railroad-crossing-since-bart-tube/
 68%|██████▊   | 142/209 [03:20<01:08,  1.02s/it]INFO:__main__:Requesting http://www.ktvu.com/news/bart-investigating-3-violent-deaths-in-the-past-week
INFO:__main__:Getting metadata for http://www.ktvu.com/news/bart-investigating-3-violent-deaths-in-the-past-week
 68%|██████▊   | 143/209 [03:23<01:47,  1.63s/it]INFO:__main__:Requesting https://www.sfchronicle.com/bayarea/article/BART-s-approval-rating-plummets-as-riders-13550578.php
INFO:__main__:Getting metadata for https://www.sfchronicle.com/bayarea/article/BART-s-approval-rating-plummets-as-riders-13550578.php
 69%|██████▉   | 144/209 [03:24<01:26,  1.33s/it]INFO:__main__:Requesting http://marketurbanism.com/2017/01/27/the-disconnect-between-liberal-aspirations-and-liberal-housing-policy-is-killing-coastal-u-s-cities/
INFO:__main__:Getting metadata for http://marketurbanism.com/2017/01/27/the-disconnect-between-liberal-aspirations-and-liberal-housing-policy-is-killing-coastal-u-s-cities/
 69%|██████▉   | 145/209 [03:24<01:06,  1.03s/it]INFO:__main__:Requesting https://imgur.com/2p9BX1b
INFO:__main__:Getting metadata for https://imgur.com/2p9BX1b
 70%|██████▉   | 146/209 [03:25<00:54,  1.15it/s]INFO:__main__:Requesting https://www.cbsnews.com/pictures/the-most-dangerous-cities-in-america/32/
INFO:__main__:Getting metadata for https://www.cbsnews.com/pictures/the-most-dangerous-cities-in-america/32/
 70%|███████   | 147/209 [03:26<01:02,  1.01s/it]INFO:__main__:Requesting https://www.areavibes.com/oakland-ca/crime/
INFO:__main__:Getting metadata for https://www.areavibes.com/oakland-ca/crime/
 71%|███████   | 148/209 [03:29<01:46,  1.75s/it]INFO:__main__:Requesting https://sfgov.org/scorecards/public-safety/violent-crime-rate-and-property-crime-rate
INFO:__main__:Getting metadata for https://sfgov.org/scorecards/public-safety/violent-crime-rate-and-property-crime-rate
 71%|███████▏  | 149/209 [03:33<02:19,  2.33s/it]INFO:__main__:Requesting https://www.areavibes.com/san+francisco-ca/crime/
INFO:__main__:Getting metadata for https://www.areavibes.com/san+francisco-ca/crime/
 72%|███████▏  | 150/209 [03:36<02:29,  2.53s/it]INFO:__main__:Requesting https://en.m.wikipedia.org/wiki/Sam_Altman
INFO:__main__:Getting metadata for https://en.m.wikipedia.org/wiki/Sam_Altman
 72%|███████▏  | 151/209 [03:37<01:57,  2.02s/it]INFO:__main__:Requesting https://techiavellian.com/the-map-to-nowhere
INFO:__main__:Getting metadata for https://techiavellian.com/the-map-to-nowhere
 73%|███████▎  | 152/209 [03:38<01:30,  1.59s/it]INFO:__main__:Requesting https://www.imdb.com/title/tt8132700/
INFO:__main__:Getting metadata for https://www.imdb.com/title/tt8132700/
 73%|███████▎  | 153/209 [03:38<01:16,  1.37s/it]INFO:__main__:Requesting https://protonmail.com/blog/eu-funding/
INFO:__main__:Getting metadata for https://protonmail.com/blog/eu-funding/
 74%|███████▎  | 154/209 [03:41<01:36,  1.76s/it]INFO:__main__:Requesting https://sme.easme-web.eu/?b=911075023
INFO:__main__:Getting metadata for https://sme.easme-web.eu/?b=911075023
 74%|███████▍  | 155/209 [03:43<01:34,  1.75s/it]INFO:__main__:Requesting https://en.wikipedia.org/wiki/Framework_Programmes_for_Research_and_Technological_Development#Horizon_2020
INFO:__main__:Getting metadata for https://en.wikipedia.org/wiki/Framework_Programmes_for_Research_and_Technological_Development#Horizon_2020
 75%|███████▍  | 156/209 [03:44<01:21,  1.54s/it]INFO:__main__:Requesting https://www.reuters.com/article/us-swiss-secrecy/era-of-bank-secrecy-ends-as-swiss-start-sharing-account-data-idUSKCN1MF13O
INFO:__main__:Getting metadata for https://www.reuters.com/article/us-swiss-secrecy/era-of-bank-secrecy-ends-as-swiss-start-sharing-account-data-idUSKCN1MF13O
 75%|███████▌  | 157/209 [03:44<01:01,  1.17s/it]INFO:__main__:Requesting https://www.theguardian.com/technology/2015/nov/05/protonmail-service-held-ransom-by-hackers
INFO:__main__:Getting metadata for https://www.theguardian.com/technology/2015/nov/05/protonmail-service-held-ransom-by-hackers
 76%|███████▌  | 158/209 [03:45<00:49,  1.03it/s]INFO:__main__:Requesting https://www.theregister.co.uk/2014/07/07/protonmail_fail_javascript/
INFO:__main__:Getting metadata for https://www.theregister.co.uk/2014/07/07/protonmail_fail_javascript/
 76%|███████▌  | 159/209 [03:45<00:41,  1.22it/s]INFO:__main__:Requesting https://motherboard.vice.com/en_us/article/qvvke7/email-provider-protonmail-says-it-hacked-back-then-walks-claim-back
INFO:__main__:Getting metadata for https://motherboard.vice.com/en_us/article/qvvke7/email-provider-protonmail-says-it-hacked-back-then-walks-claim-back
 77%|███████▋  | 160/209 [03:46<00:42,  1.15it/s]INFO:__main__:Requesting https://protonmail.com/blog/apophis-squad-arrest/
INFO:__main__:Getting metadata for https://protonmail.com/blog/apophis-squad-arrest/
 77%|███████▋  | 161/209 [03:48<01:01,  1.28s/it]INFO:__main__:Requesting https://twitter.com/conspirator0/status/1036353291662360577
INFO:__main__:Getting metadata for https://twitter.com/conspirator0/status/1036353291662360577
 78%|███████▊  | 162/209 [03:49<00:53,  1.14s/it]INFO:__main__:Requesting https://www.sbfi.admin.ch/sbfi/en/home/news/medienmitteilungen.msg-id-72251.html
INFO:__main__:Getting metadata for https://www.sbfi.admin.ch/sbfi/en/home/news/medienmitteilungen.msg-id-72251.html
 78%|███████▊  | 163/209 [03:54<01:41,  2.21s/it]INFO:__main__:Requesting https://www.cbsnews.com/news/healthcare-gov-has-already-cost-840-million-report/
INFO:__main__:Getting metadata for https://www.cbsnews.com/news/healthcare-gov-has-already-cost-840-million-report/
 78%|███████▊  | 164/209 [03:55<01:28,  1.96s/it]INFO:__main__:Requesting https://www.instagram.com/p/BuWTJlaHPOf/
INFO:__main__:Getting metadata for https://www.instagram.com/p/BuWTJlaHPOf/
 79%|███████▉  | 165/209 [03:56<01:07,  1.53s/it]INFO:__main__:Requesting https://protonmail.com/blog/diversity-in-tech-why-it-matters/
INFO:__main__:Getting metadata for https://protonmail.com/blog/diversity-in-tech-why-it-matters/
 79%|███████▉  | 166/209 [03:58<01:20,  1.87s/it]INFO:__main__:Requesting http://protondrive.com
INFO:__main__:Getting metadata for http://protondrive.com
 80%|███████▉  | 167/209 [03:59<01:01,  1.47s/it]INFO:__main__:Requesting https://github.com/vladimiry/email-securely-app
INFO:__main__:Getting metadata for https://github.com/vladimiry/email-securely-app
 80%|████████  | 168/209 [04:00<00:53,  1.31s/it]INFO:__main__:Requesting https://www.laquadrature.net/censureterro/
INFO:__main__:Getting metadata for https://www.laquadrature.net/censureterro/
 81%|████████  | 169/209 [04:03<01:10,  1.76s/it]INFO:__main__:Requesting https://en.wikipedia.org/wiki/Tax_haven
INFO:__main__:Getting metadata for https://en.wikipedia.org/wiki/Tax_haven
 81%|████████▏ | 170/209 [04:06<01:23,  2.13s/it]INFO:__main__:Requesting http://nautil.us/issue/70/variables/cloudy-with-a-chance-of-war-rp
INFO:__main__:Getting metadata for http://nautil.us/issue/70/variables/cloudy-with-a-chance-of-war-rp
 82%|████████▏ | 171/209 [04:08<01:20,  2.13s/it]INFO:__main__:Requesting https://www.nature.com/articles/nature04171
INFO:__main__:Getting metadata for https://www.nature.com/articles/nature04171
 82%|████████▏ | 172/209 [04:11<01:24,  2.29s/it]INFO:__main__:Requesting https://krebsonsecurity.com/2019/03/myequifax-com-bypasses-credit-freeze-pin/
INFO:__main__:Getting metadata for https://krebsonsecurity.com/2019/03/myequifax-com-bypasses-credit-freeze-pin/
 83%|████████▎ | 173/209 [04:11<01:06,  1.85s/it]INFO:__main__:Requesting https://www.fastcompany.com/90312551/watch-a-congresswoman-destroy-equifax-ceo-mark-begor-in-an-epic-privacy-burn
INFO:__main__:Getting metadata for https://www.fastcompany.com/90312551/watch-a-congresswoman-destroy-equifax-ceo-mark-begor-in-an-epic-privacy-burn
 83%|████████▎ | 174/209 [04:12<00:55,  1.59s/it]INFO:__main__:Requesting http://fortune.com/2018/09/07/equifax-data-breach-one-year-anniversary/
INFO:__main__:Getting metadata for http://fortune.com/2018/09/07/equifax-data-breach-one-year-anniversary/
 84%|████████▎ | 175/209 [04:13<00:40,  1.20s/it]INFO:__main__:Requesting https://www.reddit.com/r/personalfinance/comments/ay7aoy/identity_thief_is_unfreezing_my_credit_freeze/
INFO:__main__:Getting metadata for https://www.reddit.com/r/personalfinance/comments/ay7aoy/identity_thief_is_unfreezing_my_credit_freeze/
 84%|████████▍ | 176/209 [04:14<00:38,  1.17s/it]INFO:__main__:Requesting https://i.imgur.com/Mr8gOOA.jpg
INFO:__main__:Getting metadata for https://i.imgur.com/Mr8gOOA.jpg
 85%|████████▍ | 177/209 [04:15<00:34,  1.09s/it]INFO:__main__:Requesting https://fonts.adobe.com/fonts/ff-meta
INFO:__main__:Getting metadata for https://fonts.adobe.com/fonts/ff-meta
 85%|████████▌ | 178/209 [04:17<00:47,  1.52s/it]INFO:__main__:Requesting https://fonts.google.com/specimen/Lato
INFO:__main__:Getting metadata for https://fonts.google.com/specimen/Lato
 86%|████████▌ | 179/209 [04:17<00:33,  1.12s/it]INFO:__main__:Requesting https://www.occ.gov/topics/consumer-protection/depository-services/writing-check.html
INFO:__main__:Getting metadata for https://www.occ.gov/topics/consumer-protection/depository-services/writing-check.html
 86%|████████▌ | 180/209 [04:20<00:48,  1.67s/it]INFO:__main__:Requesting https://xkcd.com/936/
INFO:__main__:Getting metadata for https://xkcd.com/936/
 87%|████████▋ | 181/209 [04:21<00:35,  1.28s/it]INFO:__main__:Requesting https://krebsonsecurity.com/2016/08/united-airlines-sets-minimum-bar-on-security/
INFO:__main__:Getting metadata for https://krebsonsecurity.com/2016/08/united-airlines-sets-minimum-bar-on-security/
 87%|████████▋ | 182/209 [04:23<00:43,  1.61s/it]INFO:__main__:Requesting https://www.npr.org/sections/money/2018/03/14/593620579/episode-830-xxx-xx-xxxx
INFO:__main__:Getting metadata for https://www.npr.org/sections/money/2018/03/14/593620579/episode-830-xxx-xx-xxxx
 88%|████████▊ | 183/209 [04:23<00:32,  1.24s/it]INFO:__main__:Requesting https://www.ssa.gov/foia/html/EO9397.htm
INFO:__main__:Getting metadata for https://www.ssa.gov/foia/html/EO9397.htm
 88%|████████▊ | 184/209 [04:25<00:29,  1.20s/it]INFO:__main__:Requesting https://www.pcworld.com/article/3004654/a-tale-of-two-women-same-birthday-same-social-security-number-same-big-data-mess.html
INFO:__main__:Getting metadata for https://www.pcworld.com/article/3004654/a-tale-of-two-women-same-birthday-same-social-security-number-same-big-data-mess.html
 89%|████████▊ | 185/209 [04:25<00:21,  1.10it/s]INFO:__main__:Requesting https://krebsonsecurity.com/2013/10/experian-sold-consumer-data-to-id-theft-service/
INFO:__main__:Getting metadata for https://krebsonsecurity.com/2013/10/experian-sold-consumer-data-to-id-theft-service/
 89%|████████▉ | 186/209 [04:27<00:27,  1.19s/it]INFO:__main__:Requesting https://risk.nexis.com/AMLSolutions/help/GLBA_Permissible_Use.htm
INFO:__main__:Getting metadata for https://risk.nexis.com/AMLSolutions/help/GLBA_Permissible_Use.htm
 89%|████████▉ | 187/209 [04:28<00:28,  1.28s/it]INFO:__main__:Requesting https://medium.com/fishbrain/tensorflow-7c7b1b815bd8
INFO:__main__:Getting metadata for https://medium.com/fishbrain/tensorflow-7c7b1b815bd8
 90%|████████▉ | 188/209 [04:28<00:21,  1.02s/it]INFO:__main__:Requesting https://twitter.com/joeerl/status/1104298407231922176
INFO:__main__:Getting metadata for https://twitter.com/joeerl/status/1104298407231922176
 90%|█████████ | 189/209 [04:29<00:19,  1.03it/s]INFO:__main__:Requesting https://www.nytimes.com/2019/03/08/science/asteroids-nuclear-weapons.html
INFO:__main__:Getting metadata for https://www.nytimes.com/2019/03/08/science/asteroids-nuclear-weapons.html
 91%|█████████ | 190/209 [04:30<00:14,  1.34it/s]INFO:__main__:Requesting https://en.wikipedia.org/wiki/Gravity_tractor
INFO:__main__:Getting metadata for https://en.wikipedia.org/wiki/Gravity_tractor
 91%|█████████▏| 191/209 [04:31<00:14,  1.23it/s]INFO:__main__:Requesting https://b612foundation.org
INFO:__main__:Getting metadata for https://b612foundation.org
 92%|█████████▏| 192/209 [04:31<00:11,  1.44it/s]INFO:__main__:Requesting https://en.m.wikipedia.org/wiki/(53319)_1999_JM8
INFO:__main__:Getting metadata for https://en.m.wikipedia.org/wiki/(53319)_1999_JM8
 92%|█████████▏| 193/209 [04:32<00:11,  1.36it/s]INFO:__main__:Requesting https://triplebyte.com/blog/how-to-pass-a-programming-interview
INFO:__main__:Getting metadata for https://triplebyte.com/blog/how-to-pass-a-programming-interview
 93%|█████████▎| 194/209 [04:32<00:09,  1.51it/s]INFO:__main__:Requesting https://builttoadapt.io/the-developer-hiring-process-is-broken-672bf273c183
INFO:__main__:Getting metadata for https://builttoadapt.io/the-developer-hiring-process-is-broken-672bf273c183?gi=7a8ba6572b5b
 93%|█████████▎| 195/209 [04:34<00:13,  1.05it/s]INFO:__main__:Requesting https://blog.jonrshar.pe/2016/Dec/05/pivotal-interviews.html
INFO:__main__:Getting metadata for https://blog.jonrshar.pe/2016/Dec/05/pivotal-interviews.html
 94%|█████████▍| 196/209 [04:34<00:10,  1.27it/s]INFO:__main__:Requesting https://en.wikipedia.org/wiki/Bellman%E2%80%93Ford_algorithm
INFO:__main__:Getting metadata for https://en.wikipedia.org/wiki/Bellman%E2%80%93Ford_algorithm
 94%|█████████▍| 197/209 [04:35<00:10,  1.14it/s]INFO:__main__:Requesting https://en.wikipedia.org/wiki/A*_search_algorithm
INFO:__main__:Getting metadata for https://en.wikipedia.org/wiki/A*_search_algorithm
 95%|█████████▍| 198/209 [04:37<00:11,  1.07s/it]INFO:__main__:Requesting https://en.wikipedia.org/wiki/Approximate_string_matching
INFO:__main__:Getting metadata for https://en.wikipedia.org/wiki/Approximate_string_matching
 95%|█████████▌| 199/209 [04:38<00:10,  1.05s/it]INFO:__main__:Requesting https://en.wikipedia.org/wiki/Viterbi_algorithm
INFO:__main__:Getting metadata for https://en.wikipedia.org/wiki/Viterbi_algorithm
 96%|█████████▌| 200/209 [04:40<00:11,  1.25s/it]INFO:__main__:Requesting https://en.wikipedia.org/wiki/Earley_parser
INFO:__main__:Getting metadata for https://en.wikipedia.org/wiki/Earley_parser
 96%|█████████▌| 201/209 [04:41<00:09,  1.19s/it]INFO:__main__:Requesting https://en.wikipedia.org/wiki/Dynamic_time_warping
INFO:__main__:Getting metadata for https://en.wikipedia.org/wiki/Dynamic_time_warping
 97%|█████████▋| 202/209 [04:42<00:07,  1.14s/it]INFO:__main__:Requesting https://en.wikipedia.org/wiki/Schreier%E2%80%93Sims_algorithm
INFO:__main__:Getting metadata for https://en.wikipedia.org/wiki/Schreier%E2%80%93Sims_algorithm
 97%|█████████▋| 203/209 [04:43<00:06,  1.08s/it]INFO:__main__:Requesting https://en.m.wikipedia.org/wiki/Intelligence_quotient
INFO:__main__:Getting metadata for https://en.m.wikipedia.org/wiki/Intelligence_quotient
 98%|█████████▊| 204/209 [04:45<00:07,  1.45s/it]INFO:__main__:Requesting https://www.joelonsoftware.com/2006/09/06/finding-great-developers-2/
INFO:__main__:Getting metadata for https://www.joelonsoftware.com/2006/09/06/finding-great-developers-2/
 98%|█████████▊| 205/209 [04:46<00:05,  1.29s/it]INFO:__main__:Requesting https://www.quora.com/Why-dont-companies-give-interview-feedback
INFO:__main__:Getting metadata for https://www.quora.com/Why-dont-companies-give-interview-feedback
 99%|█████████▊| 206/209 [04:49<00:05,  1.82s/it]INFO:__main__:Requesting https://twitter.com/mxcl/status/608682016205344768?lang=en
INFO:__main__:Getting metadata for https://twitter.com/mxcl/status/608682016205344768?lang=en
 99%|█████████▉| 207/209 [04:50<00:03,  1.63s/it]INFO:__main__:Requesting https://youtu.be/tj_sBZw9nS0
INFO:__main__:Getting metadata for https://www.youtube.com/watch?v=tj_sBZw9nS0&feature=youtu.be
100%|█████████▉| 208/209 [04:51<00:01,  1.42s/it]INFO:__main__:Requesting https://userinterfacing.com/tag/algorithms
INFO:__main__:Getting metadata for https://userinterfacing.com/tag/algorithms/
100%|██████████| 209/209 [04:51<00:00,  1.13s/it]
